[ 2019-03-16T13:13:40+08:00 ] 127.0.0.1 /snackshop/index.php/myinfo.html
INFO: [ app_init ] --START--
INFO: Run Behavior\BuildLiteBehavior [ RunTime:0.000015s ]
INFO: [ app_init ] --END-- [ RunTime:0.001077s ]

[ 2019-03-16T13:13:43+08:00 ] 127.0.0.1 /snackshop/index.php/buytoday.html
INFO: [ app_init ] --START--
INFO: Run Behavior\BuildLiteBehavior [ RunTime:0.000012s ]
INFO: [ app_init ] --END-- [ RunTime:0.000457s ]

[ 2019-03-16T13:13:44+08:00 ] 127.0.0.1 /snackshop/index.php/info.html
INFO: [ app_init ] --START--
INFO: Run Behavior\BuildLiteBehavior [ RunTime:0.000010s ]
INFO: [ app_init ] --END-- [ RunTime:0.000463s ]

[ 2019-03-16T13:13:45+08:00 ] 127.0.0.1 /snackshop/index.php/commodity.html
INFO: [ app_init ] --START--
INFO: Run Behavior\BuildLiteBehavior [ RunTime:0.000009s ]
INFO: [ app_init ] --END-- [ RunTime:0.000331s ]

[ 2019-03-16T13:13:46+08:00 ] 127.0.0.1 /snackshop/index.php/annoucement.html
INFO: [ app_init ] --START--
INFO: Run Behavior\BuildLiteBehavior [ RunTime:0.000009s ]
INFO: [ app_init ] --END-- [ RunTime:0.000331s ]

[ 2019-03-16T13:13:47+08:00 ] 127.0.0.1 /snackshop/index.php/message.html
INFO: [ app_init ] --START--
INFO: Run Behavior\BuildLiteBehavior [ RunTime:0.000008s ]
INFO: [ app_init ] --END-- [ RunTime:0.000305s ]

[ 2019-03-16T13:13:49+08:00 ] 127.0.0.1 /snackshop/index.php/login.html
INFO: [ app_init ] --START--
INFO: Run Behavior\BuildLiteBehavior [ RunTime:0.000017s ]
INFO: [ app_init ] --END-- [ RunTime:0.002581s ]

[ 2019-03-16T13:13:54+08:00 ] 127.0.0.1 /snackshop/index.php/deallogin
INFO: [ app_init ] --START--
INFO: Run Behavior\BuildLiteBehavior [ RunTime:0.000008s ]
INFO: [ app_init ] --END-- [ RunTime:0.000379s ]
INFO: [ app_begin ] --START--
INFO: Run Behavior\ReadHtmlCacheBehavior [ RunTime:0.000495s ]
INFO: [ app_begin ] --END-- [ RunTime:0.000513s ]
SQL: SHOW COLUMNS FROM `t_user` [ RunTime:0.0051s ]
SQL: SELECT * FROM `t_user` WHERE `user_name` = 'xiaoxiao' AND `user_pw` = 'xiaoxiao' LIMIT 1   [ RunTime:0.0025s ]
NOTIC: [8] session_start(): A session had already been started - ignoring D:\xampp\htdocs\snackshop\Application\Home\Controller\IndexController.class.php 第 184 行.

[ 2019-03-16T13:13:58+08:00 ] 127.0.0.1 /snackshop/index.php/index.html
INFO: [ app_init ] --START--
INFO: Run Behavior\BuildLiteBehavior [ RunTime:0.000012s ]
INFO: [ app_init ] --END-- [ RunTime:0.000614s ]

[ 2019-03-16T13:14:00+08:00 ] 127.0.0.1 /snackshop/index.php/mymessage.html
INFO: [ app_init ] --START--
INFO: Run Behavior\BuildLiteBehavior [ RunTime:0.000032s ]
INFO: [ app_init ] --END-- [ RunTime:0.002342s ]

[ 2019-03-16T13:14:01+08:00 ] 127.0.0.1 /snackshop/index.php/liuyan/mymessage?page=1&limit=10
INFO: [ app_init ] --START--
INFO: Run Behavior\BuildLiteBehavior [ RunTime:0.000012s ]
INFO: [ app_init ] --END-- [ RunTime:0.000416s ]
INFO: [ app_begin ] --START--
INFO: Run Behavior\ReadHtmlCacheBehavior [ RunTime:0.000573s ]
INFO: [ app_begin ] --END-- [ RunTime:0.000596s ]
SQL: SHOW COLUMNS FROM `t_liuyan` [ RunTime:0.0064s ]
SQL: SELECT * FROM `t_liuyan` WHERE `liuyan_user` = 'xiaoxiao'  [ RunTime:0.0031s ]
SQL: SELECT * FROM `t_liuyan` WHERE `liuyan_user` = 'xiaoxiao' LIMIT 0,10   [ RunTime:0.0004s ]

[ 2019-03-16T13:14:02+08:00 ] 127.0.0.1 /snackshop/index.php/myorder.html
INFO: [ app_init ] --START--
INFO: Run Behavior\BuildLiteBehavior [ RunTime:0.000008s ]
INFO: [ app_init ] --END-- [ RunTime:0.000364s ]

[ 2019-03-16T13:14:03+08:00 ] 127.0.0.1 /snackshop/index.php/order/myorder?page=1&limit=10
INFO: [ app_init ] --START--
INFO: Run Behavior\BuildLiteBehavior [ RunTime:0.000039s ]
INFO: [ app_init ] --END-- [ RunTime:0.000636s ]
INFO: [ app_begin ] --START--
INFO: Run Behavior\ReadHtmlCacheBehavior [ RunTime:0.000899s ]
INFO: [ app_begin ] --END-- [ RunTime:0.000952s ]
SQL: SHOW COLUMNS FROM `t_order` [ RunTime:0.0083s ]
SQL: SELECT * FROM `t_order` WHERE `order_user_id` = 6  [ RunTime:0.0031s ]
SQL: SELECT * FROM `t_order` WHERE `order_user_id` = 6 LIMIT 0,10   [ RunTime:0.0005s ]

[ 2019-03-16T13:14:05+08:00 ] 127.0.0.1 /snackshop/index.php/logout.html
INFO: [ app_init ] --START--
INFO: Run Behavior\BuildLiteBehavior [ RunTime:0.000009s ]
INFO: [ app_init ] --END-- [ RunTime:0.000303s ]

[ 2019-03-16T13:14:06+08:00 ] 127.0.0.1 /snackshop/index.php/info.html
INFO: [ app_init ] --START--
INFO: Run Behavior\BuildLiteBehavior [ RunTime:0.000009s ]
INFO: [ app_init ] --END-- [ RunTime:0.000369s ]

[ 2019-03-16T13:14:07+08:00 ] 127.0.0.1 /snackshop/index.php/buytoday.html
INFO: [ app_init ] --START--
INFO: Run Behavior\BuildLiteBehavior [ RunTime:0.000017s ]
INFO: [ app_init ] --END-- [ RunTime:0.000542s ]

[ 2019-03-16T13:14:08+08:00 ] 127.0.0.1 /snackshop/index.php/annoucement.html
INFO: [ app_init ] --START--
INFO: Run Behavior\BuildLiteBehavior [ RunTime:0.000012s ]
INFO: [ app_init ] --END-- [ RunTime:0.000603s ]

[ 2019-03-16T13:14:09+08:00 ] 127.0.0.1 /snackshop/index.php/message.html
INFO: [ app_init ] --START--
INFO: Run Behavior\BuildLiteBehavior [ RunTime:0.000035s ]
INFO: [ app_init ] --END-- [ RunTime:0.003086s ]

[ 2019-03-16T13:14:14+08:00 ] 127.0.0.1 /snackshop/index.php/liuyan/add
INFO: [ app_init ] --START--
INFO: Run Behavior\BuildLiteBehavior [ RunTime:0.000009s ]
INFO: [ app_init ] --END-- [ RunTime:0.000354s ]
INFO: [ app_begin ] --START--
INFO: Run Behavior\ReadHtmlCacheBehavior [ RunTime:0.000567s ]
INFO: [ app_begin ] --END-- [ RunTime:0.000593s ]

[ 2019-03-16T13:32:33+08:00 ] 127.0.0.1 /snackshop/index.php/login.html
INFO: [ app_init ] --START--
INFO: Run Behavior\BuildLiteBehavior [ RunTime:0.000011s ]
INFO: [ app_init ] --END-- [ RunTime:0.001001s ]

[ 2019-03-16T13:32:39+08:00 ] 127.0.0.1 /snackshop/index.php/deallogin
INFO: [ app_init ] --START--
INFO: Run Behavior\BuildLiteBehavior [ RunTime:0.000007s ]
INFO: [ app_init ] --END-- [ RunTime:0.000364s ]
INFO: [ app_begin ] --START--
INFO: Run Behavior\ReadHtmlCacheBehavior [ RunTime:0.001050s ]
INFO: [ app_begin ] --END-- [ RunTime:0.001126s ]
SQL: SHOW COLUMNS FROM `t_user` [ RunTime:0.0049s ]
SQL: SELECT * FROM `t_user` WHERE `user_name` = 'zhouyue' AND `user_pw` = '123456' LIMIT 1   [ RunTime:0.0040s ]
NOTIC: [8] session_start(): A session had already been started - ignoring D:\xampp\htdocs\snackshop\Application\Home\Controller\IndexController.class.php 第 184 行.

[ 2019-03-16T13:32:42+08:00 ] 127.0.0.1 /snackshop/index.php/index.html
INFO: [ app_init ] --START--
INFO: Run Behavior\BuildLiteBehavior [ RunTime:0.000008s ]
INFO: [ app_init ] --END-- [ RunTime:0.000342s ]

[ 2019-03-16T13:32:45+08:00 ] 127.0.0.1 /snackshop/index.php/mymessage.html
INFO: [ app_init ] --START--
INFO: Run Behavior\BuildLiteBehavior [ RunTime:0.000008s ]
INFO: [ app_init ] --END-- [ RunTime:0.000321s ]

[ 2019-03-16T13:32:45+08:00 ] 127.0.0.1 /snackshop/index.php/liuyan/mymessage?page=1&limit=10
INFO: [ app_init ] --START--
INFO: Run Behavior\BuildLiteBehavior [ RunTime:0.000085s ]
INFO: [ app_init ] --END-- [ RunTime:0.001436s ]
INFO: [ app_begin ] --START--
INFO: Run Behavior\ReadHtmlCacheBehavior [ RunTime:0.001276s ]
INFO: [ app_begin ] --END-- [ RunTime:0.001352s ]
SQL: SHOW COLUMNS FROM `t_liuyan` [ RunTime:0.0068s ]
SQL: SELECT * FROM `t_liuyan` WHERE `liuyan_user` = 'zhouyue'  [ RunTime:0.0047s ]
SQL: SELECT * FROM `t_liuyan` WHERE `liuyan_user` = 'zhouyue' LIMIT 0,10   [ RunTime:0.0007s ]

[ 2019-03-16T13:34:56+08:00 ] 127.0.0.1 /snackshop/index.php/annoucement.html
INFO: [ app_init ] --START--
INFO: Run Behavior\BuildLiteBehavior [ RunTime:0.000012s ]
INFO: [ app_init ] --END-- [ RunTime:0.000649s ]

[ 2019-03-16T13:34:58+08:00 ] 127.0.0.1 /snackshop/index.php/message.html
INFO: [ app_init ] --START--
INFO: Run Behavior\BuildLiteBehavior [ RunTime:0.000011s ]
INFO: [ app_init ] --END-- [ RunTime:0.000566s ]

[ 2019-03-16T13:37:55+08:00 ] 127.0.0.1 /snackshop/index.php/liuyan/add
INFO: [ app_init ] --START--
INFO: Run Behavior\BuildLiteBehavior [ RunTime:0.000016s ]
INFO: [ app_init ] --END-- [ RunTime:0.001267s ]
INFO: [ app_begin ] --START--
INFO: Run Behavior\ReadHtmlCacheBehavior [ RunTime:0.001973s ]
INFO: [ app_begin ] --END-- [ RunTime:0.002044s ]
NOTIC: [8] Undefined variable: res D:\xampp\htdocs\snackshop\Application\Home\Controller\LiuyanController.class.php 第 60 行.

[ 2019-03-16T13:42:14+08:00 ] 127.0.0.1 /snackshop/index.php/liuyan/add
INFO: [ app_init ] --START--
INFO: Run Behavior\BuildLiteBehavior [ RunTime:0.000010s ]
INFO: [ app_init ] --END-- [ RunTime:0.000552s ]
INFO: [ app_begin ] --START--
INFO: Run Behavior\ReadHtmlCacheBehavior [ RunTime:0.000996s ]
INFO: [ app_begin ] --END-- [ RunTime:0.001035s ]
SQL: SHOW COLUMNS FROM `t_liuyan` [ RunTime:0.0065s ]
SQL: INSERT INTO `t_liuyan` (`liuyan_title`,`liuyan_content`,`liuyan_date`,`liuyan_user`) VALUES ('222','222','2019-16-03 13:42:14','zhouyue') [ RunTime:0.0096s ]

[ 2019-03-16T13:42:21+08:00 ] 127.0.0.1 /snackshop/index.php/mymessage.html
INFO: [ app_init ] --START--
INFO: Run Behavior\BuildLiteBehavior [ RunTime:0.000014s ]
INFO: [ app_init ] --END-- [ RunTime:0.000623s ]

[ 2019-03-16T13:42:22+08:00 ] 127.0.0.1 /snackshop/index.php/liuyan/mymessage?page=1&limit=10
INFO: [ app_init ] --START--
INFO: Run Behavior\BuildLiteBehavior [ RunTime:0.000015s ]
INFO: [ app_init ] --END-- [ RunTime:0.000623s ]
INFO: [ app_begin ] --START--
INFO: Run Behavior\ReadHtmlCacheBehavior [ RunTime:0.000818s ]
INFO: [ app_begin ] --END-- [ RunTime:0.000870s ]
SQL: SHOW COLUMNS FROM `t_liuyan` [ RunTime:0.0079s ]
SQL: SELECT * FROM `t_liuyan` WHERE `liuyan_user` = 'zhouyue'  [ RunTime:0.0030s ]
SQL: SELECT * FROM `t_liuyan` WHERE `liuyan_user` = 'zhouyue' LIMIT 0,10   [ RunTime:0.0005s ]

[ 2019-03-16T13:42:54+08:00 ] 127.0.0.1 /snackshop/index.php/liuyan/del
INFO: [ app_init ] --START--
INFO: Run Behavior\BuildLiteBehavior [ RunTime:0.000011s ]
INFO: [ app_init ] --END-- [ RunTime:0.000383s ]
INFO: [ app_begin ] --START--
INFO: Run Behavior\ReadHtmlCacheBehavior [ RunTime:0.000758s ]
INFO: [ app_begin ] --END-- [ RunTime:0.000792s ]
SQL: SHOW COLUMNS FROM `t_liuyan` [ RunTime:0.0065s ]
SQL: DELETE FROM `t_liuyan` WHERE `liuyan_id` = 5 [ RunTime:0.0092s ]

[ 2019-03-16T13:42:56+08:00 ] 127.0.0.1 /snackshop/index.php/mymessage.html
INFO: [ app_init ] --START--
INFO: Run Behavior\BuildLiteBehavior [ RunTime:0.000008s ]
INFO: [ app_init ] --END-- [ RunTime:0.000311s ]

[ 2019-03-16T13:42:57+08:00 ] 127.0.0.1 /snackshop/index.php/liuyan/mymessage?page=1&limit=10
INFO: [ app_init ] --START--
INFO: Run Behavior\BuildLiteBehavior [ RunTime:0.000012s ]
INFO: [ app_init ] --END-- [ RunTime:0.001195s ]
INFO: [ app_begin ] --START--
INFO: Run Behavior\ReadHtmlCacheBehavior [ RunTime:0.000975s ]
INFO: [ app_begin ] --END-- [ RunTime:0.001048s ]
SQL: SHOW COLUMNS FROM `t_liuyan` [ RunTime:0.0060s ]
SQL: SELECT * FROM `t_liuyan` WHERE `liuyan_user` = 'zhouyue'  [ RunTime:0.0044s ]
SQL: SELECT * FROM `t_liuyan` WHERE `liuyan_user` = 'zhouyue' LIMIT 0,10   [ RunTime:0.0009s ]

[ 2019-03-16T13:43:03+08:00 ] 127.0.0.1 /snackshop/index.php/annoucement.html
INFO: [ app_init ] --START--
INFO: Run Behavior\BuildLiteBehavior [ RunTime:0.000020s ]
INFO: [ app_init ] --END-- [ RunTime:0.001455s ]

[ 2019-03-16T13:43:04+08:00 ] 127.0.0.1 /snackshop/index.php/message.html
INFO: [ app_init ] --START--
INFO: Run Behavior\BuildLiteBehavior [ RunTime:0.000008s ]
INFO: [ app_init ] --END-- [ RunTime:0.000316s ]

[ 2019-03-16T13:43:13+08:00 ] 127.0.0.1 /snackshop/index.php/liuyan/add
INFO: [ app_init ] --START--
INFO: Run Behavior\BuildLiteBehavior [ RunTime:0.000010s ]
INFO: [ app_init ] --END-- [ RunTime:0.000446s ]
INFO: [ app_begin ] --START--
INFO: Run Behavior\ReadHtmlCacheBehavior [ RunTime:0.000466s ]
INFO: [ app_begin ] --END-- [ RunTime:0.000488s ]
SQL: SHOW COLUMNS FROM `t_liuyan` [ RunTime:0.0131s ]
SQL: INSERT INTO `t_liuyan` (`liuyan_title`,`liuyan_content`,`liuyan_date`,`liuyan_user`) VALUES ('test','test','2019-03-16 13:43:13','zhouyue') [ RunTime:0.0046s ]

[ 2019-03-16T13:43:17+08:00 ] 127.0.0.1 /snackshop/index.php/mymessage.html
INFO: [ app_init ] --START--
INFO: Run Behavior\BuildLiteBehavior [ RunTime:0.000008s ]
INFO: [ app_init ] --END-- [ RunTime:0.000356s ]

[ 2019-03-16T13:43:18+08:00 ] 127.0.0.1 /snackshop/index.php/liuyan/mymessage?page=1&limit=10
INFO: [ app_init ] --START--
INFO: Run Behavior\BuildLiteBehavior [ RunTime:0.000011s ]
INFO: [ app_init ] --END-- [ RunTime:0.000558s ]
INFO: [ app_begin ] --START--
INFO: Run Behavior\ReadHtmlCacheBehavior [ RunTime:0.000749s ]
INFO: [ app_begin ] --END-- [ RunTime:0.000797s ]
SQL: SHOW COLUMNS FROM `t_liuyan` [ RunTime:0.0065s ]
SQL: SELECT * FROM `t_liuyan` WHERE `liuyan_user` = 'zhouyue'  [ RunTime:0.0028s ]
SQL: SELECT * FROM `t_liuyan` WHERE `liuyan_user` = 'zhouyue' LIMIT 0,10   [ RunTime:0.0004s ]

[ 2019-03-16T13:43:37+08:00 ] 127.0.0.1 /snackshop/index.php/mymessage.html
INFO: [ app_init ] --START--
INFO: Run Behavior\BuildLiteBehavior [ RunTime:0.000018s ]
INFO: [ app_init ] --END-- [ RunTime:0.000658s ]

[ 2019-03-16T13:43:37+08:00 ] 127.0.0.1 /snackshop/index.php/liuyan/mymessage?page=1&limit=10
INFO: [ app_init ] --START--
INFO: Run Behavior\BuildLiteBehavior [ RunTime:0.000013s ]
INFO: [ app_init ] --END-- [ RunTime:0.000645s ]
INFO: [ app_begin ] --START--
INFO: Run Behavior\ReadHtmlCacheBehavior [ RunTime:0.001248s ]
INFO: [ app_begin ] --END-- [ RunTime:0.001299s ]
SQL: SHOW COLUMNS FROM `t_liuyan` [ RunTime:0.0067s ]
SQL: SELECT * FROM `t_liuyan` WHERE `liuyan_user` = 'zhouyue'  [ RunTime:0.0032s ]
SQL: SELECT * FROM `t_liuyan` WHERE `liuyan_user` = 'zhouyue' LIMIT 0,10   [ RunTime:0.0005s ]

[ 2019-03-16T13:43:59+08:00 ] 127.0.0.1 /snackshop/index.php/mymessage.html
INFO: [ app_init ] --START--
INFO: Run Behavior\BuildLiteBehavior [ RunTime:0.000009s ]
INFO: [ app_init ] --END-- [ RunTime:0.000373s ]

[ 2019-03-16T13:44:00+08:00 ] 127.0.0.1 /snackshop/index.php/liuyan/mymessage?page=1&limit=10
INFO: [ app_init ] --START--
INFO: Run Behavior\BuildLiteBehavior [ RunTime:0.000009s ]
INFO: [ app_init ] --END-- [ RunTime:0.000371s ]
INFO: [ app_begin ] --START--
INFO: Run Behavior\ReadHtmlCacheBehavior [ RunTime:0.000852s ]
INFO: [ app_begin ] --END-- [ RunTime:0.000902s ]
SQL: SHOW COLUMNS FROM `t_liuyan` [ RunTime:0.0055s ]
SQL: SELECT * FROM `t_liuyan` WHERE `liuyan_user` = 'zhouyue'  [ RunTime:0.0031s ]
SQL: SELECT * FROM `t_liuyan` WHERE `liuyan_user` = 'zhouyue' LIMIT 0,10   [ RunTime:0.0003s ]

[ 2019-03-16T13:44:02+08:00 ] 127.0.0.1 /snackshop/index.php/annoucement.html
INFO: [ app_init ] --START--
INFO: Run Behavior\BuildLiteBehavior [ RunTime:0.000008s ]
INFO: [ app_init ] --END-- [ RunTime:0.000356s ]

[ 2019-03-16T13:44:04+08:00 ] 127.0.0.1 /snackshop/index.php/message.html
INFO: [ app_init ] --START--
INFO: Run Behavior\BuildLiteBehavior [ RunTime:0.000009s ]
INFO: [ app_init ] --END-- [ RunTime:0.000380s ]

[ 2019-03-16T13:44:16+08:00 ] 127.0.0.1 /snackshop/index.php/annoucement.html
INFO: [ app_init ] --START--
INFO: Run Behavior\BuildLiteBehavior [ RunTime:0.000009s ]
INFO: [ app_init ] --END-- [ RunTime:0.000553s ]

[ 2019-03-16T13:44:19+08:00 ] 127.0.0.1 /snackshop/index.php/info.html
INFO: [ app_init ] --START--
INFO: Run Behavior\BuildLiteBehavior [ RunTime:0.000011s ]
INFO: [ app_init ] --END-- [ RunTime:0.000544s ]

[ 2019-03-16T13:44:20+08:00 ] 127.0.0.1 /snackshop/index.php/buytoday.html
INFO: [ app_init ] --START--
INFO: Run Behavior\BuildLiteBehavior [ RunTime:0.000017s ]
INFO: [ app_init ] --END-- [ RunTime:0.000771s ]

[ 2019-03-16T13:44:26+08:00 ] 127.0.0.1 /snackshop/index.php/commodity.html
INFO: [ app_init ] --START--
INFO: Run Behavior\BuildLiteBehavior [ RunTime:0.000009s ]
INFO: [ app_init ] --END-- [ RunTime:0.000400s ]

[ 2019-03-16T13:44:31+08:00 ] 127.0.0.1 /snackshop/index.php/myinfo.html
INFO: [ app_init ] --START--
INFO: Run Behavior\BuildLiteBehavior [ RunTime:0.000010s ]
INFO: [ app_init ] --END-- [ RunTime:0.000545s ]

[ 2019-03-16T13:44:38+08:00 ] 127.0.0.1 /snackshop/index.php/pwmodify
INFO: [ app_init ] --START--
INFO: Run Behavior\BuildLiteBehavior [ RunTime:0.000015s ]
INFO: [ app_init ] --END-- [ RunTime:0.000592s ]
INFO: [ app_begin ] --START--
INFO: Run Behavior\ReadHtmlCacheBehavior [ RunTime:0.000834s ]
INFO: [ app_begin ] --END-- [ RunTime:0.000888s ]
NOTIC: [8] session_start(): A session had already been started - ignoring D:\xampp\htdocs\snackshop\Application\Home\Controller\UserController.class.php 第 42 行.
SQL: SHOW COLUMNS FROM `t_user` [ RunTime:0.0046s ]
SQL: UPDATE `t_user` SET `user_pw`='123456789' WHERE `user_id` = 4 [ RunTime:0.0065s ]

[ 2019-03-16T13:44:42+08:00 ] 127.0.0.1 /snackshop/index.php/login.html
INFO: [ app_init ] --START--
INFO: Run Behavior\BuildLiteBehavior [ RunTime:0.000033s ]
INFO: [ app_init ] --END-- [ RunTime:0.002282s ]

[ 2019-03-16T13:44:52+08:00 ] 127.0.0.1 /snackshop/index.php/message.html
INFO: [ app_init ] --START--
INFO: Run Behavior\BuildLiteBehavior [ RunTime:0.000212s ]
INFO: [ app_init ] --END-- [ RunTime:0.002648s ]

[ 2019-03-16T13:45:00+08:00 ] 127.0.0.1 /snackshop/index.php/login.html
INFO: [ app_init ] --START--
INFO: Run Behavior\BuildLiteBehavior [ RunTime:0.000012s ]
INFO: [ app_init ] --END-- [ RunTime:0.000461s ]

[ 2019-03-16T13:45:06+08:00 ] 127.0.0.1 /snackshop/index.php/deallogin
INFO: [ app_init ] --START--
INFO: Run Behavior\BuildLiteBehavior [ RunTime:0.000012s ]
INFO: [ app_init ] --END-- [ RunTime:0.000468s ]
INFO: [ app_begin ] --START--
INFO: Run Behavior\ReadHtmlCacheBehavior [ RunTime:0.001029s ]
INFO: [ app_begin ] --END-- [ RunTime:0.001120s ]
SQL: SHOW COLUMNS FROM `t_user` [ RunTime:0.0079s ]
SQL: SELECT * FROM `t_user` WHERE `user_name` = 'zhouyue' AND `user_pw` = '123456789' LIMIT 1   [ RunTime:0.0028s ]
NOTIC: [8] session_start(): A session had already been started - ignoring D:\xampp\htdocs\snackshop\Application\Home\Controller\IndexController.class.php 第 184 行.

[ 2019-03-16T13:45:09+08:00 ] 127.0.0.1 /snackshop/index.php/index.html
INFO: [ app_init ] --START--
INFO: Run Behavior\BuildLiteBehavior [ RunTime:0.000008s ]
INFO: [ app_init ] --END-- [ RunTime:0.000310s ]

[ 2019-03-16T13:45:12+08:00 ] 127.0.0.1 /snackshop/index.php/info.html
INFO: [ app_init ] --START--
INFO: Run Behavior\BuildLiteBehavior [ RunTime:0.000013s ]
INFO: [ app_init ] --END-- [ RunTime:0.000810s ]

[ 2019-03-16T13:45:13+08:00 ] 127.0.0.1 /snackshop/index.php/buytoday.html
INFO: [ app_init ] --START--
INFO: Run Behavior\BuildLiteBehavior [ RunTime:0.000009s ]
INFO: [ app_init ] --END-- [ RunTime:0.000413s ]

[ 2019-03-16T13:45:16+08:00 ] 127.0.0.1 /snackshop/index.php/commodity.html
INFO: [ app_init ] --START--
INFO: Run Behavior\BuildLiteBehavior [ RunTime:0.000014s ]
INFO: [ app_init ] --END-- [ RunTime:0.000625s ]

[ 2019-03-16T13:45:18+08:00 ] 127.0.0.1 /snackshop/index.php/Index/index.html
INFO: [ app_init ] --START--
INFO: Run Behavior\BuildLiteBehavior [ RunTime:0.000015s ]
INFO: [ app_init ] --END-- [ RunTime:0.000576s ]

[ 2019-03-16T14:18:23+08:00 ] 127.0.0.1 /snackshop/index.php/shopcart.html
INFO: [ app_init ] --START--
INFO: Run Behavior\BuildLiteBehavior [ RunTime:0.000010s ]
INFO: [ app_init ] --END-- [ RunTime:0.000975s ]

[ 2019-03-16T14:18:57+08:00 ] 127.0.0.1 /snackshop/index.php/commodity.html
INFO: [ app_init ] --START--
INFO: Run Behavior\BuildLiteBehavior [ RunTime:0.000017s ]
INFO: [ app_init ] --END-- [ RunTime:0.000723s ]

[ 2019-03-16T14:18:59+08:00 ] 127.0.0.1 /snackshop/index.php/details/goods_id/1.html
INFO: [ app_init ] --START--
INFO: Run Behavior\BuildLiteBehavior [ RunTime:0.000012s ]
INFO: [ app_init ] --END-- [ RunTime:0.001537s ]

[ 2019-03-16T14:19:00+08:00 ] 127.0.0.1 /snackshop/index.php/addcart
INFO: [ app_init ] --START--
INFO: Run Behavior\BuildLiteBehavior [ RunTime:0.000012s ]
INFO: [ app_init ] --END-- [ RunTime:0.000491s ]
INFO: [ app_begin ] --START--
INFO: Run Behavior\ReadHtmlCacheBehavior [ RunTime:0.000692s ]
INFO: [ app_begin ] --END-- [ RunTime:0.000743s ]
NOTIC: [8] session_start(): A session had already been started - ignoring D:\xampp\htdocs\snackshop\Application\Home\Controller\CarController.class.php 第 21 行.
SQL: SHOW COLUMNS FROM `t_goods` [ RunTime:0.0068s ]
SQL: SELECT * FROM `t_goods` WHERE `goods_id` = 1 LIMIT 1   [ RunTime:0.0033s ]
NOTIC: [8] Array to string conversion D:\xampp\htdocs\snackshop\Application\Home\Controller\CarController.class.php 第 36 行.

[ 2019-03-16T14:19:01+08:00 ] 127.0.0.1 /snackshop/index.php/shopcart.html
INFO: [ app_init ] --START--
INFO: Run Behavior\BuildLiteBehavior [ RunTime:0.000030s ]
INFO: [ app_init ] --END-- [ RunTime:0.000586s ]

[ 2019-03-16T14:33:46+08:00 ] 127.0.0.1 /snackshop/index.php/annoucement.html
INFO: [ app_init ] --START--
INFO: Run Behavior\BuildLiteBehavior [ RunTime:0.000015s ]
INFO: [ app_init ] --END-- [ RunTime:0.001627s ]

[ 2019-03-16T14:33:47+08:00 ] 127.0.0.1 /snackshop/index.php/message.html
INFO: [ app_init ] --START--
INFO: Run Behavior\BuildLiteBehavior [ RunTime:0.000082s ]
INFO: [ app_init ] --END-- [ RunTime:0.002002s ]

[ 2019-03-16T14:33:48+08:00 ] 127.0.0.1 /snackshop/index.php/about.html
INFO: [ app_init ] --START--
INFO: Run Behavior\BuildLiteBehavior [ RunTime:0.000009s ]
INFO: [ app_init ] --END-- [ RunTime:0.000470s ]

[ 2019-03-16T14:33:49+08:00 ] 127.0.0.1 /snackshop/index.php/message.html
INFO: [ app_init ] --START--
INFO: Run Behavior\BuildLiteBehavior [ RunTime:0.000013s ]
INFO: [ app_init ] --END-- [ RunTime:0.000606s ]

[ 2019-03-16T14:33:50+08:00 ] 127.0.0.1 /snackshop/index.php/annoucement.html
INFO: [ app_init ] --START--
INFO: Run Behavior\BuildLiteBehavior [ RunTime:0.000016s ]
INFO: [ app_init ] --END-- [ RunTime:0.000613s ]

[ 2019-03-16T14:33:51+08:00 ] 127.0.0.1 /snackshop/index.php/info.html
INFO: [ app_init ] --START--
INFO: Run Behavior\BuildLiteBehavior [ RunTime:0.000008s ]
INFO: [ app_init ] --END-- [ RunTime:0.000360s ]

[ 2019-03-16T14:33:52+08:00 ] 127.0.0.1 /snackshop/index.php/buytoday.html
INFO: [ app_init ] --START--
INFO: Run Behavior\BuildLiteBehavior [ RunTime:0.000010s ]
INFO: [ app_init ] --END-- [ RunTime:0.000404s ]

[ 2019-03-16T16:33:40+08:00 ] 127.0.0.1 /snackshop/index.php/commodity.html
INFO: [ app_init ] --START--
INFO: Run Behavior\BuildLiteBehavior [ RunTime:0.000020s ]
INFO: [ app_init ] --END-- [ RunTime:0.001519s ]

[ 2019-03-16T16:33:46+08:00 ] 127.0.0.1 /snackshop/index.php/logout.html
INFO: [ app_init ] --START--
INFO: Run Behavior\BuildLiteBehavior [ RunTime:0.000013s ]
INFO: [ app_init ] --END-- [ RunTime:0.001571s ]

[ 2019-03-16T16:33:48+08:00 ] 127.0.0.1 /snackshop/index.php/buytoday.html
INFO: [ app_init ] --START--
INFO: Run Behavior\BuildLiteBehavior [ RunTime:0.000012s ]
INFO: [ app_init ] --END-- [ RunTime:0.000503s ]

[ 2019-03-16T16:33:49+08:00 ] 127.0.0.1 /snackshop/index.php/info.html
INFO: [ app_init ] --START--
INFO: Run Behavior\BuildLiteBehavior [ RunTime:0.000011s ]
INFO: [ app_init ] --END-- [ RunTime:0.000631s ]

