[ 2019-03-14T13:08:54+08:00 ] 127.0.0.1 /snackshop/index.php
INFO: [ app_init ] --START--
INFO: Run Behavior\BuildLiteBehavior [ RunTime:0.000037s ]
INFO: [ app_init ] --END-- [ RunTime:0.004618s ]

[ 2019-03-14T13:13:33+08:00 ] 127.0.0.1 /snackshop/index.php/commodity.html
INFO: [ app_init ] --START--
INFO: Run Behavior\BuildLiteBehavior [ RunTime:0.000012s ]
INFO: [ app_init ] --END-- [ RunTime:0.001740s ]

[ 2019-03-14T13:13:35+08:00 ] 127.0.0.1 /snackshop/index.php/info.html
INFO: [ app_init ] --START--
INFO: Run Behavior\BuildLiteBehavior [ RunTime:0.000009s ]
INFO: [ app_init ] --END-- [ RunTime:0.000338s ]

[ 2019-03-14T13:13:38+08:00 ] 127.0.0.1 /snackshop/index.php/annoucement.html
INFO: [ app_init ] --START--
INFO: Run Behavior\BuildLiteBehavior [ RunTime:0.000007s ]
INFO: [ app_init ] --END-- [ RunTime:0.000305s ]

[ 2019-03-14T13:14:13+08:00 ] 127.0.0.1 /snackshop/index.php/message.html
INFO: [ app_init ] --START--
INFO: Run Behavior\BuildLiteBehavior [ RunTime:0.000017s ]
INFO: [ app_init ] --END-- [ RunTime:0.001501s ]

[ 2019-03-14T13:14:24+08:00 ] 127.0.0.1 /snackshop/index.php/annoucement.html
INFO: [ app_init ] --START--
INFO: Run Behavior\BuildLiteBehavior [ RunTime:0.000008s ]
INFO: [ app_init ] --END-- [ RunTime:0.000321s ]

[ 2019-03-14T13:14:26+08:00 ] 127.0.0.1 /snackshop/index.php/login.html
INFO: [ app_init ] --START--
INFO: Run Behavior\BuildLiteBehavior [ RunTime:0.000008s ]
INFO: [ app_init ] --END-- [ RunTime:0.000373s ]

[ 2019-03-14T13:25:00+08:00 ] 127.0.0.1 /snackshop/index.php/register
INFO: [ app_init ] --START--
INFO: Run Behavior\BuildLiteBehavior [ RunTime:0.000019s ]
INFO: [ app_init ] --END-- [ RunTime:0.001069s ]

[ 2019-03-14T13:28:13+08:00 ] 127.0.0.1 /snackshop/index.php/login.html
INFO: [ app_init ] --START--
INFO: Run Behavior\BuildLiteBehavior [ RunTime:0.000012s ]
INFO: [ app_init ] --END-- [ RunTime:0.000960s ]

[ 2019-03-14T13:30:51+08:00 ] 127.0.0.1 /snackshop/index.php/login.html
INFO: [ app_init ] --START--
INFO: Run Behavior\BuildLiteBehavior [ RunTime:0.000009s ]
INFO: [ app_init ] --END-- [ RunTime:0.000375s ]

[ 2019-03-14T13:31:42+08:00 ] 127.0.0.1 /snackshop/index.php/login.html
INFO: [ app_init ] --START--
INFO: Run Behavior\BuildLiteBehavior [ RunTime:0.000015s ]
INFO: [ app_init ] --END-- [ RunTime:0.000625s ]

[ 2019-03-14T13:32:00+08:00 ] 127.0.0.1 /snackshop/index.php/login.html
INFO: [ app_init ] --START--
INFO: Run Behavior\BuildLiteBehavior [ RunTime:0.000008s ]
INFO: [ app_init ] --END-- [ RunTime:0.000307s ]

[ 2019-03-14T13:32:26+08:00 ] 127.0.0.1 /snackshop/index.php/login.html
INFO: [ app_init ] --START--
INFO: Run Behavior\BuildLiteBehavior [ RunTime:0.000011s ]
INFO: [ app_init ] --END-- [ RunTime:0.000539s ]

[ 2019-03-14T13:32:30+08:00 ] 127.0.0.1 /snackshop/index.php/register.html
INFO: [ app_init ] --START--
INFO: Run Behavior\BuildLiteBehavior [ RunTime:0.000010s ]
INFO: [ app_init ] --END-- [ RunTime:0.000338s ]

[ 2019-03-14T13:33:30+08:00 ] 127.0.0.1 /snackshop/index.php/register.html
INFO: [ app_init ] --START--
INFO: Run Behavior\BuildLiteBehavior [ RunTime:0.000010s ]
INFO: [ app_init ] --END-- [ RunTime:0.000378s ]

[ 2019-03-14T13:34:07+08:00 ] 127.0.0.1 /snackshop/index.php/register.html
INFO: [ app_init ] --START--
INFO: Run Behavior\BuildLiteBehavior [ RunTime:0.000017s ]
INFO: [ app_init ] --END-- [ RunTime:0.000614s ]

[ 2019-03-14T13:34:10+08:00 ] 127.0.0.1 /snackshop/index.php/login.html
INFO: [ app_init ] --START--
INFO: Run Behavior\BuildLiteBehavior [ RunTime:0.000009s ]
INFO: [ app_init ] --END-- [ RunTime:0.000353s ]

[ 2019-03-14T13:34:27+08:00 ] 127.0.0.1 /snackshop/index.php/login.html
INFO: [ app_init ] --START--
INFO: Run Behavior\BuildLiteBehavior [ RunTime:0.000014s ]
INFO: [ app_init ] --END-- [ RunTime:0.000647s ]

[ 2019-03-14T13:36:22+08:00 ] 127.0.0.1 /snackshop/index.php/register.html
INFO: [ app_init ] --START--
INFO: Run Behavior\BuildLiteBehavior [ RunTime:0.000016s ]
INFO: [ app_init ] --END-- [ RunTime:0.000810s ]

[ 2019-03-14T13:36:52+08:00 ] 127.0.0.1 /snackshop/index.php/register.html
INFO: [ app_init ] --START--
INFO: Run Behavior\BuildLiteBehavior [ RunTime:0.000014s ]
INFO: [ app_init ] --END-- [ RunTime:0.000620s ]

[ 2019-03-14T13:37:59+08:00 ] 127.0.0.1 /snackshop/index.php/register.html
INFO: [ app_init ] --START--
INFO: Run Behavior\BuildLiteBehavior [ RunTime:0.000011s ]
INFO: [ app_init ] --END-- [ RunTime:0.000597s ]

[ 2019-03-14T13:37:59+08:00 ] 127.0.0.1 /snackshop/frame/layui/css/layui.css
INFO: [ app_init ] --START--
INFO: Run Behavior\BuildLiteBehavior [ RunTime:0.000017s ]
INFO: [ app_init ] --END-- [ RunTime:0.000696s ]
ERR: 无法加载控制器:Frame

[ 2019-03-14T13:37:59+08:00 ] 127.0.0.1 /snackshop/frame/static/css/style.css
INFO: [ app_init ] --START--
INFO: Run Behavior\BuildLiteBehavior [ RunTime:0.000014s ]
INFO: [ app_init ] --END-- [ RunTime:0.006398s ]
ERR: 无法加载控制器:Frame

[ 2019-03-14T13:37:59+08:00 ] 127.0.0.1 /snackshop/frame/layui/layui.js
INFO: [ app_init ] --START--
INFO: Run Behavior\BuildLiteBehavior [ RunTime:0.000014s ]
INFO: [ app_init ] --END-- [ RunTime:0.000830s ]
ERR: 无法加载控制器:Frame

[ 2019-03-14T13:37:59+08:00 ] 127.0.0.1 /snackshop/frame/layui/layui.js
INFO: [ app_init ] --START--
INFO: Run Behavior\BuildLiteBehavior [ RunTime:0.000023s ]
INFO: [ app_init ] --END-- [ RunTime:0.001170s ]
ERR: 无法加载控制器:Frame

[ 2019-03-14T13:37:59+08:00 ] 127.0.0.1 /snackshop/frame/static/image/code.png
INFO: [ app_init ] --START--
INFO: Run Behavior\BuildLiteBehavior [ RunTime:0.000007s ]
INFO: [ app_init ] --END-- [ RunTime:0.000313s ]

[ 2019-03-14T13:38:10+08:00 ] 127.0.0.1 /snackshop/index.php/login.html
INFO: [ app_init ] --START--
INFO: Run Behavior\BuildLiteBehavior [ RunTime:0.000013s ]
INFO: [ app_init ] --END-- [ RunTime:0.001023s ]

[ 2019-03-14T13:40:54+08:00 ] 127.0.0.1 /snackshop/index.php/buytoday.html
INFO: [ app_init ] --START--
INFO: Run Behavior\BuildLiteBehavior [ RunTime:0.000009s ]
INFO: [ app_init ] --END-- [ RunTime:0.000378s ]

[ 2019-03-14T13:42:38+08:00 ] 127.0.0.1 /snackshop/index.php/annoucement.html
INFO: [ app_init ] --START--
INFO: Run Behavior\BuildLiteBehavior [ RunTime:0.000007s ]
INFO: [ app_init ] --END-- [ RunTime:0.000301s ]

[ 2019-03-14T13:42:39+08:00 ] 127.0.0.1 /snackshop/index.php/info.html
INFO: [ app_init ] --START--
INFO: Run Behavior\BuildLiteBehavior [ RunTime:0.000008s ]
INFO: [ app_init ] --END-- [ RunTime:0.000460s ]

[ 2019-03-14T13:42:58+08:00 ] 127.0.0.1 /snackshop/index.php/message.html
INFO: [ app_init ] --START--
INFO: Run Behavior\BuildLiteBehavior [ RunTime:0.000018s ]
INFO: [ app_init ] --END-- [ RunTime:0.000841s ]

[ 2019-03-14T13:43:00+08:00 ] 127.0.0.1 /snackshop/index.php/annoucement.html
INFO: [ app_init ] --START--
INFO: Run Behavior\BuildLiteBehavior [ RunTime:0.000007s ]
INFO: [ app_init ] --END-- [ RunTime:0.000368s ]

[ 2019-03-14T13:43:02+08:00 ] 127.0.0.1 /snackshop/index.php/message.html
INFO: [ app_init ] --START--
INFO: Run Behavior\BuildLiteBehavior [ RunTime:0.000007s ]
INFO: [ app_init ] --END-- [ RunTime:0.000378s ]

[ 2019-03-14T13:43:30+08:00 ] 127.0.0.1 /snackshop/index.php/commodity.html
INFO: [ app_init ] --START--
INFO: Run Behavior\BuildLiteBehavior [ RunTime:0.000008s ]
INFO: [ app_init ] --END-- [ RunTime:0.000367s ]

[ 2019-03-14T13:43:34+08:00 ] 127.0.0.1 /snackshop/index.php
INFO: [ app_init ] --START--
INFO: Run Behavior\BuildLiteBehavior [ RunTime:0.000008s ]
INFO: [ app_init ] --END-- [ RunTime:0.000445s ]

[ 2019-03-14T13:45:31+08:00 ] 127.0.0.1 /snackshop/index.php
INFO: [ app_init ] --START--
INFO: Run Behavior\BuildLiteBehavior [ RunTime:0.000012s ]
INFO: [ app_init ] --END-- [ RunTime:0.000524s ]

[ 2019-03-14T13:45:33+08:00 ] 127.0.0.1 /snackshop/index.php/buytoday.html
INFO: [ app_init ] --START--
INFO: Run Behavior\BuildLiteBehavior [ RunTime:0.000009s ]
INFO: [ app_init ] --END-- [ RunTime:0.000331s ]

[ 2019-03-14T13:46:29+08:00 ] 127.0.0.1 /snackshop/index.php/shopcart.html
INFO: [ app_init ] --START--
INFO: Run Behavior\BuildLiteBehavior [ RunTime:0.000008s ]
INFO: [ app_init ] --END-- [ RunTime:0.000382s ]

[ 2019-03-14T13:46:32+08:00 ] 127.0.0.1 /snackshop/index.php/login.html
INFO: [ app_init ] --START--
INFO: Run Behavior\BuildLiteBehavior [ RunTime:0.000008s ]
INFO: [ app_init ] --END-- [ RunTime:0.000318s ]

[ 2019-03-14T13:55:05+08:00 ] 127.0.0.1 /snackshop/index.php
INFO: [ app_init ] --START--
INFO: Run Behavior\BuildLiteBehavior [ RunTime:0.000010s ]
INFO: [ app_init ] --END-- [ RunTime:0.000820s ]

[ 2019-03-14T13:55:10+08:00 ] 127.0.0.1 /snackshop/index.php/buytoday.html
INFO: [ app_init ] --START--
INFO: Run Behavior\BuildLiteBehavior [ RunTime:0.000012s ]
INFO: [ app_init ] --END-- [ RunTime:0.000780s ]

[ 2019-03-14T13:55:23+08:00 ] 127.0.0.1 /snackshop/index.php/details/goods_id/20.html
INFO: [ app_init ] --START--
INFO: Run Behavior\BuildLiteBehavior [ RunTime:0.000008s ]
INFO: [ app_init ] --END-- [ RunTime:0.000456s ]

[ 2019-03-14T13:55:34+08:00 ] 127.0.0.1 /snackshop/index.php/shopcart.html
INFO: [ app_init ] --START--
INFO: Run Behavior\BuildLiteBehavior [ RunTime:0.000007s ]
INFO: [ app_init ] --END-- [ RunTime:0.000382s ]

[ 2019-03-14T13:55:36+08:00 ] 127.0.0.1 /snackshop/index.php/shopcart.html
INFO: [ app_init ] --START--
INFO: Run Behavior\BuildLiteBehavior [ RunTime:0.000014s ]
INFO: [ app_init ] --END-- [ RunTime:0.000607s ]

[ 2019-03-14T13:55:37+08:00 ] 127.0.0.1 /snackshop/index.php/login.html
INFO: [ app_init ] --START--
INFO: Run Behavior\BuildLiteBehavior [ RunTime:0.000007s ]
INFO: [ app_init ] --END-- [ RunTime:0.000432s ]

[ 2019-03-14T13:55:38+08:00 ] 127.0.0.1 /snackshop/index.php/shopcart.html
INFO: [ app_init ] --START--
INFO: Run Behavior\BuildLiteBehavior [ RunTime:0.000012s ]
INFO: [ app_init ] --END-- [ RunTime:0.000464s ]

[ 2019-03-14T13:55:40+08:00 ] 127.0.0.1 /snackshop/index.php/shopcart.html
INFO: [ app_init ] --START--
INFO: Run Behavior\BuildLiteBehavior [ RunTime:0.000007s ]
INFO: [ app_init ] --END-- [ RunTime:0.000330s ]

[ 2019-03-14T13:55:41+08:00 ] 127.0.0.1 /snackshop/index.php/shopcart.html
INFO: [ app_init ] --START--
INFO: Run Behavior\BuildLiteBehavior [ RunTime:0.000009s ]
INFO: [ app_init ] --END-- [ RunTime:0.000440s ]

[ 2019-03-14T13:55:41+08:00 ] 127.0.0.1 /snackshop/index.php/login.html
INFO: [ app_init ] --START--
INFO: Run Behavior\BuildLiteBehavior [ RunTime:0.000007s ]
INFO: [ app_init ] --END-- [ RunTime:0.000308s ]

[ 2019-03-14T13:55:44+08:00 ] 127.0.0.1 /snackshop/index.php/buytoday.html
INFO: [ app_init ] --START--
INFO: Run Behavior\BuildLiteBehavior [ RunTime:0.000007s ]
INFO: [ app_init ] --END-- [ RunTime:0.000305s ]

[ 2019-03-14T13:55:47+08:00 ] 127.0.0.1 /snackshop/index.php/shopcart.html
INFO: [ app_init ] --START--
INFO: Run Behavior\BuildLiteBehavior [ RunTime:0.000009s ]
INFO: [ app_init ] --END-- [ RunTime:0.000350s ]

[ 2019-03-14T13:56:09+08:00 ] 127.0.0.1 /snackshop/index.php/shopcart.html
INFO: [ app_init ] --START--
INFO: Run Behavior\BuildLiteBehavior [ RunTime:0.000012s ]
INFO: [ app_init ] --END-- [ RunTime:0.000447s ]

[ 2019-03-14T13:56:11+08:00 ] 127.0.0.1 /snackshop/index.php/shopcart.html
INFO: [ app_init ] --START--
INFO: Run Behavior\BuildLiteBehavior [ RunTime:0.000012s ]
INFO: [ app_init ] --END-- [ RunTime:0.000538s ]

[ 2019-03-14T13:56:13+08:00 ] 127.0.0.1 /snackshop/index.php/login.html
INFO: [ app_init ] --START--
INFO: Run Behavior\BuildLiteBehavior [ RunTime:0.000007s ]
INFO: [ app_init ] --END-- [ RunTime:0.000355s ]

[ 2019-03-14T13:56:15+08:00 ] 127.0.0.1 /snackshop/index.php/buytoday.html
INFO: [ app_init ] --START--
INFO: Run Behavior\BuildLiteBehavior [ RunTime:0.000012s ]
INFO: [ app_init ] --END-- [ RunTime:0.000503s ]

[ 2019-03-14T13:56:21+08:00 ] 127.0.0.1 /snackshop/index.php/details/goods_id/16.html
INFO: [ app_init ] --START--
INFO: Run Behavior\BuildLiteBehavior [ RunTime:0.000007s ]
INFO: [ app_init ] --END-- [ RunTime:0.000383s ]

[ 2019-03-14T13:56:22+08:00 ] 127.0.0.1 /snackshop/index.php/shopcart.html
INFO: [ app_init ] --START--
INFO: Run Behavior\BuildLiteBehavior [ RunTime:0.000008s ]
INFO: [ app_init ] --END-- [ RunTime:0.000391s ]

[ 2019-03-14T13:56:46+08:00 ] 127.0.0.1 /snackshop/index.php/buytoday.html
INFO: [ app_init ] --START--
INFO: Run Behavior\BuildLiteBehavior [ RunTime:0.000008s ]
INFO: [ app_init ] --END-- [ RunTime:0.000313s ]

[ 2019-03-14T13:56:47+08:00 ] 127.0.0.1 /snackshop/index.php/info.html
INFO: [ app_init ] --START--
INFO: Run Behavior\BuildLiteBehavior [ RunTime:0.000007s ]
INFO: [ app_init ] --END-- [ RunTime:0.000336s ]

[ 2019-03-14T13:56:48+08:00 ] 127.0.0.1 /snackshop/index.php/info.html
INFO: [ app_init ] --START--
INFO: Run Behavior\BuildLiteBehavior [ RunTime:0.000014s ]
INFO: [ app_init ] --END-- [ RunTime:0.000525s ]

[ 2019-03-14T13:56:49+08:00 ] 127.0.0.1 /snackshop/index.php/annoucement.html
INFO: [ app_init ] --START--
INFO: Run Behavior\BuildLiteBehavior [ RunTime:0.000006s ]
INFO: [ app_init ] --END-- [ RunTime:0.000288s ]

[ 2019-03-14T13:56:57+08:00 ] 127.0.0.1 /snackshop/index.php/shopcart.html
INFO: [ app_init ] --START--
INFO: Run Behavior\BuildLiteBehavior [ RunTime:0.000038s ]
INFO: [ app_init ] --END-- [ RunTime:0.000533s ]

[ 2019-03-14T13:58:13+08:00 ] 127.0.0.1 /snackshop/index.php/shopcart.html
INFO: [ app_init ] --START--
INFO: Run Behavior\BuildLiteBehavior [ RunTime:0.000017s ]
INFO: [ app_init ] --END-- [ RunTime:0.000804s ]

[ 2019-03-14T13:58:16+08:00 ] 127.0.0.1 /snackshop/index.php/login.html
INFO: [ app_init ] --START--
INFO: Run Behavior\BuildLiteBehavior [ RunTime:0.000008s ]
INFO: [ app_init ] --END-- [ RunTime:0.000348s ]

[ 2019-03-14T13:58:18+08:00 ] 127.0.0.1 /snackshop/index.php/annoucement.html
INFO: [ app_init ] --START--
INFO: Run Behavior\BuildLiteBehavior [ RunTime:0.000008s ]
INFO: [ app_init ] --END-- [ RunTime:0.000316s ]

[ 2019-03-14T13:58:19+08:00 ] 127.0.0.1 /snackshop/index.php/info.html
INFO: [ app_init ] --START--
INFO: Run Behavior\BuildLiteBehavior [ RunTime:0.000009s ]
INFO: [ app_init ] --END-- [ RunTime:0.000453s ]

[ 2019-03-14T13:58:20+08:00 ] 127.0.0.1 /snackshop/index.php/buytoday.html
INFO: [ app_init ] --START--
INFO: Run Behavior\BuildLiteBehavior [ RunTime:0.000009s ]
INFO: [ app_init ] --END-- [ RunTime:0.000350s ]

[ 2019-03-14T13:58:23+08:00 ] 127.0.0.1 /snackshop/index.php/details/goods_id/20.html
INFO: [ app_init ] --START--
INFO: Run Behavior\BuildLiteBehavior [ RunTime:0.000017s ]
INFO: [ app_init ] --END-- [ RunTime:0.001644s ]

[ 2019-03-14T13:58:24+08:00 ] 127.0.0.1 /snackshop/index.php/addcart
INFO: [ app_init ] --START--
INFO: Run Behavior\BuildLiteBehavior [ RunTime:0.000006s ]
INFO: [ app_init ] --END-- [ RunTime:0.000312s ]
INFO: [ app_begin ] --START--
INFO: Run Behavior\ReadHtmlCacheBehavior [ RunTime:0.000454s ]
INFO: [ app_begin ] --END-- [ RunTime:0.000478s ]
NOTIC: [8] session_start(): A session had already been started - ignoring D:\xampp\htdocs\snackshop\Application\Home\Controller\CarController.class.php 第 21 行.
SQL: SHOW COLUMNS FROM `t_goods` [ RunTime:0.0058s ]
SQL: SELECT * FROM `t_goods` WHERE `goods_id` = 20 LIMIT 1   [ RunTime:0.0026s ]
NOTIC: [8] Array to string conversion D:\xampp\htdocs\snackshop\Application\Home\Controller\CarController.class.php 第 36 行.

[ 2019-03-14T13:58:27+08:00 ] 127.0.0.1 /snackshop/index.php/shopcart.html
INFO: [ app_init ] --START--
INFO: Run Behavior\BuildLiteBehavior [ RunTime:0.000018s ]
INFO: [ app_init ] --END-- [ RunTime:0.000781s ]

[ 2019-03-14T13:58:29+08:00 ] 127.0.0.1 /snackshop/index.php/shopcart.html
INFO: [ app_init ] --START--
INFO: Run Behavior\BuildLiteBehavior [ RunTime:0.000009s ]
INFO: [ app_init ] --END-- [ RunTime:0.000475s ]

[ 2019-03-14T13:58:30+08:00 ] 127.0.0.1 /snackshop/index.php/login.html
INFO: [ app_init ] --START--
INFO: Run Behavior\BuildLiteBehavior [ RunTime:0.000011s ]
INFO: [ app_init ] --END-- [ RunTime:0.000472s ]

[ 2019-03-14T13:58:31+08:00 ] 127.0.0.1 /snackshop/index.php/shopcart.html
INFO: [ app_init ] --START--
INFO: Run Behavior\BuildLiteBehavior [ RunTime:0.000007s ]
INFO: [ app_init ] --END-- [ RunTime:0.000306s ]

[ 2019-03-14T14:00:12+08:00 ] 127.0.0.1 /snackshop/index.php/shopcart.html
INFO: [ app_init ] --START--
INFO: Run Behavior\BuildLiteBehavior [ RunTime:0.000013s ]
INFO: [ app_init ] --END-- [ RunTime:0.000567s ]

[ 2019-03-14T14:00:14+08:00 ] 127.0.0.1 /snackshop/index.php/commodity.html
INFO: [ app_init ] --START--
INFO: Run Behavior\BuildLiteBehavior [ RunTime:0.000008s ]
INFO: [ app_init ] --END-- [ RunTime:0.000361s ]

[ 2019-03-14T14:00:17+08:00 ] 127.0.0.1 /snackshop/index.php/info.html
INFO: [ app_init ] --START--
INFO: Run Behavior\BuildLiteBehavior [ RunTime:0.000008s ]
INFO: [ app_init ] --END-- [ RunTime:0.000395s ]

[ 2019-03-14T14:00:18+08:00 ] 127.0.0.1 /snackshop/index.php/buytoday.html
INFO: [ app_init ] --START--
INFO: Run Behavior\BuildLiteBehavior [ RunTime:0.000007s ]
INFO: [ app_init ] --END-- [ RunTime:0.000387s ]

[ 2019-03-14T14:00:21+08:00 ] 127.0.0.1 /snackshop/index.php/details/goods_id/16.html
INFO: [ app_init ] --START--
INFO: Run Behavior\BuildLiteBehavior [ RunTime:0.000012s ]
INFO: [ app_init ] --END-- [ RunTime:0.000860s ]

[ 2019-03-14T14:00:22+08:00 ] 127.0.0.1 /snackshop/index.php/addcart
INFO: [ app_init ] --START--
INFO: Run Behavior\BuildLiteBehavior [ RunTime:0.000007s ]
INFO: [ app_init ] --END-- [ RunTime:0.000395s ]
INFO: [ app_begin ] --START--
INFO: Run Behavior\ReadHtmlCacheBehavior [ RunTime:0.000634s ]
INFO: [ app_begin ] --END-- [ RunTime:0.000655s ]
NOTIC: [8] session_start(): A session had already been started - ignoring D:\xampp\htdocs\snackshop\Application\Home\Controller\CarController.class.php 第 21 行.
SQL: SHOW COLUMNS FROM `t_goods` [ RunTime:0.0042s ]
SQL: SELECT * FROM `t_goods` WHERE `goods_id` = 16 LIMIT 1   [ RunTime:0.0031s ]
NOTIC: [8] Array to string conversion D:\xampp\htdocs\snackshop\Application\Home\Controller\CarController.class.php 第 36 行.

[ 2019-03-14T14:00:23+08:00 ] 127.0.0.1 /snackshop/index.php/addcart
INFO: [ app_init ] --START--
INFO: Run Behavior\BuildLiteBehavior [ RunTime:0.000007s ]
INFO: [ app_init ] --END-- [ RunTime:0.000345s ]
INFO: [ app_begin ] --START--
INFO: Run Behavior\ReadHtmlCacheBehavior [ RunTime:0.000387s ]
INFO: [ app_begin ] --END-- [ RunTime:0.000406s ]
NOTIC: [8] session_start(): A session had already been started - ignoring D:\xampp\htdocs\snackshop\Application\Home\Controller\CarController.class.php 第 21 行.
SQL: SHOW COLUMNS FROM `t_goods` [ RunTime:0.0057s ]
SQL: SELECT * FROM `t_goods` WHERE `goods_id` = 16 LIMIT 1   [ RunTime:0.0028s ]

[ 2019-03-14T14:00:24+08:00 ] 127.0.0.1 /snackshop/index.php/shopcart.html
INFO: [ app_init ] --START--
INFO: Run Behavior\BuildLiteBehavior [ RunTime:0.000013s ]
INFO: [ app_init ] --END-- [ RunTime:0.001131s ]

[ 2019-03-14T14:00:28+08:00 ] 127.0.0.1 /snackshop/index.php/buytoday.html
INFO: [ app_init ] --START--
INFO: Run Behavior\BuildLiteBehavior [ RunTime:0.000007s ]
INFO: [ app_init ] --END-- [ RunTime:0.000364s ]

[ 2019-03-14T14:00:31+08:00 ] 127.0.0.1 /snackshop/index.php/commodity.html
INFO: [ app_init ] --START--
INFO: Run Behavior\BuildLiteBehavior [ RunTime:0.000008s ]
INFO: [ app_init ] --END-- [ RunTime:0.000373s ]

[ 2019-03-14T14:00:34+08:00 ] 127.0.0.1 /snackshop/index.php/cgoods/catelog_id/9.html
INFO: [ app_init ] --START--
INFO: Run Behavior\BuildLiteBehavior [ RunTime:0.000008s ]
INFO: [ app_init ] --END-- [ RunTime:0.000392s ]

[ 2019-03-14T14:00:37+08:00 ] 127.0.0.1 /snackshop/index.php/details/goods_id/20.html
INFO: [ app_init ] --START--
INFO: Run Behavior\BuildLiteBehavior [ RunTime:0.000008s ]
INFO: [ app_init ] --END-- [ RunTime:0.000364s ]

[ 2019-03-14T14:00:39+08:00 ] 127.0.0.1 /snackshop/index.php/addcart
INFO: [ app_init ] --START--
INFO: Run Behavior\BuildLiteBehavior [ RunTime:0.000007s ]
INFO: [ app_init ] --END-- [ RunTime:0.000311s ]
INFO: [ app_begin ] --START--
INFO: Run Behavior\ReadHtmlCacheBehavior [ RunTime:0.000434s ]
INFO: [ app_begin ] --END-- [ RunTime:0.000509s ]
NOTIC: [8] session_start(): A session had already been started - ignoring D:\xampp\htdocs\snackshop\Application\Home\Controller\CarController.class.php 第 21 行.
SQL: SHOW COLUMNS FROM `t_goods` [ RunTime:0.0046s ]
SQL: SELECT * FROM `t_goods` WHERE `goods_id` = 20 LIMIT 1   [ RunTime:0.0020s ]
NOTIC: [8] Array to string conversion D:\xampp\htdocs\snackshop\Application\Home\Controller\CarController.class.php 第 52 行.

[ 2019-03-14T14:00:40+08:00 ] 127.0.0.1 /snackshop/index.php/shopcart.html
INFO: [ app_init ] --START--
INFO: Run Behavior\BuildLiteBehavior [ RunTime:0.000009s ]
INFO: [ app_init ] --END-- [ RunTime:0.000388s ]

[ 2019-03-14T14:00:42+08:00 ] 127.0.0.1 /snackshop/index.php/buytoday.html
INFO: [ app_init ] --START--
INFO: Run Behavior\BuildLiteBehavior [ RunTime:0.000015s ]
INFO: [ app_init ] --END-- [ RunTime:0.000656s ]

[ 2019-03-14T14:00:44+08:00 ] 127.0.0.1 /snackshop/index.php/commodity.html
INFO: [ app_init ] --START--
INFO: Run Behavior\BuildLiteBehavior [ RunTime:0.000008s ]
INFO: [ app_init ] --END-- [ RunTime:0.000317s ]

[ 2019-03-14T14:00:48+08:00 ] 127.0.0.1 /snackshop/index.php/details/goods_id/1.html
INFO: [ app_init ] --START--
INFO: Run Behavior\BuildLiteBehavior [ RunTime:0.000010s ]
INFO: [ app_init ] --END-- [ RunTime:0.000374s ]

[ 2019-03-14T14:03:53+08:00 ] 127.0.0.1 /snackshop/index.php/details/goods_id/1.html
INFO: [ app_init ] --START--
INFO: Run Behavior\BuildLiteBehavior [ RunTime:0.000013s ]
INFO: [ app_init ] --END-- [ RunTime:0.000817s ]

[ 2019-03-14T14:03:54+08:00 ] 127.0.0.1 /snackshop/index.php/buytoday.html
INFO: [ app_init ] --START--
INFO: Run Behavior\BuildLiteBehavior [ RunTime:0.000008s ]
INFO: [ app_init ] --END-- [ RunTime:0.000301s ]

[ 2019-03-14T14:03:55+08:00 ] 127.0.0.1 /snackshop/index.php/info.html
INFO: [ app_init ] --START--
INFO: Run Behavior\BuildLiteBehavior [ RunTime:0.000040s ]
INFO: [ app_init ] --END-- [ RunTime:0.001396s ]

[ 2019-03-14T14:03:56+08:00 ] 127.0.0.1 /snackshop/index.php/annoucement.html
INFO: [ app_init ] --START--
INFO: Run Behavior\BuildLiteBehavior [ RunTime:0.000006s ]
INFO: [ app_init ] --END-- [ RunTime:0.000303s ]

[ 2019-03-14T14:03:57+08:00 ] 127.0.0.1 /snackshop/index.php/shopcart.html
INFO: [ app_init ] --START--
INFO: Run Behavior\BuildLiteBehavior [ RunTime:0.000007s ]
INFO: [ app_init ] --END-- [ RunTime:0.000304s ]

[ 2019-03-14T14:04:04+08:00 ] 127.0.0.1 /snackshop/index.php/login.html
INFO: [ app_init ] --START--
INFO: Run Behavior\BuildLiteBehavior [ RunTime:0.000008s ]
INFO: [ app_init ] --END-- [ RunTime:0.000452s ]

[ 2019-03-14T14:04:05+08:00 ] 127.0.0.1 /snackshop/index.php/commodity.html
INFO: [ app_init ] --START--
INFO: Run Behavior\BuildLiteBehavior [ RunTime:0.000009s ]
INFO: [ app_init ] --END-- [ RunTime:0.000488s ]

[ 2019-03-14T14:04:06+08:00 ] 127.0.0.1 /snackshop/index.php/buytoday.html
INFO: [ app_init ] --START--
INFO: Run Behavior\BuildLiteBehavior [ RunTime:0.000018s ]
INFO: [ app_init ] --END-- [ RunTime:0.000908s ]

[ 2019-03-14T14:04:07+08:00 ] 127.0.0.1 /snackshop/index.php/info.html
INFO: [ app_init ] --START--
INFO: Run Behavior\BuildLiteBehavior [ RunTime:0.000007s ]
INFO: [ app_init ] --END-- [ RunTime:0.000320s ]

[ 2019-03-14T14:04:09+08:00 ] 127.0.0.1 /snackshop/index.php/commodity.html
INFO: [ app_init ] --START--
INFO: Run Behavior\BuildLiteBehavior [ RunTime:0.000014s ]
INFO: [ app_init ] --END-- [ RunTime:0.000612s ]

[ 2019-03-14T14:04:09+08:00 ] 127.0.0.1 /snackshop/index.php/Index/index.html
INFO: [ app_init ] --START--
INFO: Run Behavior\BuildLiteBehavior [ RunTime:0.000008s ]
INFO: [ app_init ] --END-- [ RunTime:0.000373s ]

[ 2019-03-14T14:06:00+08:00 ] 127.0.0.1 /snackshop/index.php/Index/index.html
INFO: [ app_init ] --START--
INFO: Run Behavior\BuildLiteBehavior [ RunTime:0.000008s ]
INFO: [ app_init ] --END-- [ RunTime:0.000365s ]

[ 2019-03-14T14:06:08+08:00 ] 127.0.0.1 /snackshop/index.php/buytoday.html
INFO: [ app_init ] --START--
INFO: Run Behavior\BuildLiteBehavior [ RunTime:0.000008s ]
INFO: [ app_init ] --END-- [ RunTime:0.000295s ]

[ 2019-03-14T14:06:18+08:00 ] 127.0.0.1 /snackshop/index.php/details/goods_id/21.html
INFO: [ app_init ] --START--
INFO: Run Behavior\BuildLiteBehavior [ RunTime:0.000015s ]
INFO: [ app_init ] --END-- [ RunTime:0.000581s ]

[ 2019-03-14T14:07:39+08:00 ] 127.0.0.1 /snackshop/index.php/details/goods_id/21.html
INFO: [ app_init ] --START--
INFO: Run Behavior\BuildLiteBehavior [ RunTime:0.000007s ]
INFO: [ app_init ] --END-- [ RunTime:0.000428s ]

[ 2019-03-14T14:07:41+08:00 ] 127.0.0.1 /snackshop/index.php/commodity.html
INFO: [ app_init ] --START--
INFO: Run Behavior\BuildLiteBehavior [ RunTime:0.000015s ]
INFO: [ app_init ] --END-- [ RunTime:0.000668s ]

[ 2019-03-14T14:07:43+08:00 ] 127.0.0.1 /snackshop/index.php/cgoods/catelog_id/9.html
INFO: [ app_init ] --START--
INFO: Run Behavior\BuildLiteBehavior [ RunTime:0.000009s ]
INFO: [ app_init ] --END-- [ RunTime:0.000335s ]

[ 2019-03-14T14:07:53+08:00 ] 127.0.0.1 /snackshop/index.php/cgoods/catelog_id/5.html
INFO: [ app_init ] --START--
INFO: Run Behavior\BuildLiteBehavior [ RunTime:0.000008s ]
INFO: [ app_init ] --END-- [ RunTime:0.000298s ]

[ 2019-03-14T14:07:55+08:00 ] 127.0.0.1 /snackshop/index.php/details/goods_id/8.html
INFO: [ app_init ] --START--
INFO: Run Behavior\BuildLiteBehavior [ RunTime:0.000007s ]
INFO: [ app_init ] --END-- [ RunTime:0.000309s ]

[ 2019-03-14T14:07:59+08:00 ] 127.0.0.1 /snackshop/index.php/commodity.html
INFO: [ app_init ] --START--
INFO: Run Behavior\BuildLiteBehavior [ RunTime:0.000077s ]
INFO: [ app_init ] --END-- [ RunTime:0.000517s ]

[ 2019-03-14T14:08:00+08:00 ] 127.0.0.1 /snackshop/index.php/buytoday.html
INFO: [ app_init ] --START--
INFO: Run Behavior\BuildLiteBehavior [ RunTime:0.000016s ]
INFO: [ app_init ] --END-- [ RunTime:0.000750s ]

[ 2019-03-14T14:08:54+08:00 ] 127.0.0.1 /snackshop/index.php/buytoday.html
INFO: [ app_init ] --START--
INFO: Run Behavior\BuildLiteBehavior [ RunTime:0.000015s ]
INFO: [ app_init ] --END-- [ RunTime:0.000849s ]

[ 2019-03-14T14:09:02+08:00 ] 127.0.0.1 /snackshop/index.php/commodity.html
INFO: [ app_init ] --START--
INFO: Run Behavior\BuildLiteBehavior [ RunTime:0.000010s ]
INFO: [ app_init ] --END-- [ RunTime:0.000383s ]

[ 2019-03-14T14:09:05+08:00 ] 127.0.0.1 /snackshop/index.php/Good/getall/p/2.html
INFO: [ app_init ] --START--
INFO: Run Behavior\BuildLiteBehavior [ RunTime:0.000010s ]
INFO: [ app_init ] --END-- [ RunTime:0.000523s ]

[ 2019-03-14T14:09:28+08:00 ] 127.0.0.1 /snackshop/index.php/Good/getall/p/2.html
INFO: [ app_init ] --START--
INFO: Run Behavior\BuildLiteBehavior [ RunTime:0.000007s ]
INFO: [ app_init ] --END-- [ RunTime:0.000301s ]

[ 2019-03-14T14:09:31+08:00 ] 127.0.0.1 /snackshop/index.php/Good/getall/p/1.html
INFO: [ app_init ] --START--
INFO: Run Behavior\BuildLiteBehavior [ RunTime:0.000131s ]
INFO: [ app_init ] --END-- [ RunTime:0.002292s ]

[ 2019-03-14T14:15:48+08:00 ] 127.0.0.1 /snackshop/index.php/buytoday.html
INFO: [ app_init ] --START--
INFO: Run Behavior\BuildLiteBehavior [ RunTime:0.000011s ]
INFO: [ app_init ] --END-- [ RunTime:0.000931s ]

[ 2019-03-14T18:00:24+08:00 ] 127.0.0.1 /snackshop/index.php/buytoday.html
INFO: [ app_init ] --START--
INFO: Run Behavior\BuildLiteBehavior [ RunTime:0.000023s ]
INFO: [ app_init ] --END-- [ RunTime:0.002049s ]

[ 2019-03-14T18:00:27+08:00 ] 127.0.0.1 /snackshop/index.php/info.html
INFO: [ app_init ] --START--
INFO: Run Behavior\BuildLiteBehavior [ RunTime:0.000007s ]
INFO: [ app_init ] --END-- [ RunTime:0.000323s ]

[ 2019-03-14T21:06:23+08:00 ] 127.0.0.1 /snackshop/index.php/commodity.html
INFO: [ app_init ] --START--
INFO: Run Behavior\BuildLiteBehavior [ RunTime:0.000017s ]
INFO: [ app_init ] --END-- [ RunTime:0.001443s ]

[ 2019-03-14T21:06:25+08:00 ] 127.0.0.1 /snackshop/index.php/Index/index.html
INFO: [ app_init ] --START--
INFO: Run Behavior\BuildLiteBehavior [ RunTime:0.000011s ]
INFO: [ app_init ] --END-- [ RunTime:0.000538s ]

[ 2019-03-14T21:07:04+08:00 ] 127.0.0.1 /snackshop/index.php/buytoday.html
INFO: [ app_init ] --START--
INFO: Run Behavior\BuildLiteBehavior [ RunTime:0.000018s ]
INFO: [ app_init ] --END-- [ RunTime:0.001184s ]

[ 2019-03-14T21:13:22+08:00 ] 127.0.0.1 /snackshop/index.php/buytoday.html
INFO: [ app_init ] --START--
INFO: Run Behavior\BuildLiteBehavior [ RunTime:0.000010s ]
INFO: [ app_init ] --END-- [ RunTime:0.000674s ]

[ 2019-03-14T21:13:24+08:00 ] 127.0.0.1 /snackshop/index.php/buytoday.html
INFO: [ app_init ] --START--
INFO: Run Behavior\BuildLiteBehavior [ RunTime:0.000030s ]
INFO: [ app_init ] --END-- [ RunTime:0.001308s ]

[ 2019-03-14T21:14:19+08:00 ] 127.0.0.1 /snackshop/index.php/buytoday.html
INFO: [ app_init ] --START--
INFO: Run Behavior\BuildLiteBehavior [ RunTime:0.000014s ]
INFO: [ app_init ] --END-- [ RunTime:0.000774s ]

[ 2019-03-14T21:16:51+08:00 ] 127.0.0.1 /snackshop/index.php/buytoday.html
INFO: [ app_init ] --START--
INFO: Run Behavior\BuildLiteBehavior [ RunTime:0.000016s ]
INFO: [ app_init ] --END-- [ RunTime:0.000899s ]

[ 2019-03-14T21:17:10+08:00 ] 127.0.0.1 /snackshop/index.php/buytoday.html
INFO: [ app_init ] --START--
INFO: Run Behavior\BuildLiteBehavior [ RunTime:0.000027s ]
INFO: [ app_init ] --END-- [ RunTime:0.000881s ]

[ 2019-03-14T21:21:15+08:00 ] 127.0.0.1 /snackshop/index.php/buytoday.html
INFO: [ app_init ] --START--
INFO: Run Behavior\BuildLiteBehavior [ RunTime:0.000029s ]
INFO: [ app_init ] --END-- [ RunTime:0.000754s ]

[ 2019-03-14T21:21:59+08:00 ] 127.0.0.1 /snackshop/index.php/buytoday.html
INFO: [ app_init ] --START--
INFO: Run Behavior\BuildLiteBehavior [ RunTime:0.000017s ]
INFO: [ app_init ] --END-- [ RunTime:0.000902s ]

[ 2019-03-14T21:22:52+08:00 ] 127.0.0.1 /snackshop/index.php/info.html
INFO: [ app_init ] --START--
INFO: Run Behavior\BuildLiteBehavior [ RunTime:0.000016s ]
INFO: [ app_init ] --END-- [ RunTime:0.000743s ]

[ 2019-03-14T21:22:54+08:00 ] 127.0.0.1 /snackshop/index.php/buytoday.html
INFO: [ app_init ] --START--
INFO: Run Behavior\BuildLiteBehavior [ RunTime:0.000021s ]
INFO: [ app_init ] --END-- [ RunTime:0.001395s ]

[ 2019-03-14T21:23:20+08:00 ] 127.0.0.1 /snackshop/index.php/buytoday.html
INFO: [ app_init ] --START--
INFO: Run Behavior\BuildLiteBehavior [ RunTime:0.000013s ]
INFO: [ app_init ] --END-- [ RunTime:0.000523s ]

[ 2019-03-14T21:23:23+08:00 ] 127.0.0.1 /snackshop/index.php/buytoday.html
INFO: [ app_init ] --START--
INFO: Run Behavior\BuildLiteBehavior [ RunTime:0.000021s ]
INFO: [ app_init ] --END-- [ RunTime:0.001289s ]

[ 2019-03-14T21:24:16+08:00 ] 127.0.0.1 /snackshop/index.php/buytoday.html
INFO: [ app_init ] --START--
INFO: Run Behavior\BuildLiteBehavior [ RunTime:0.000019s ]
INFO: [ app_init ] --END-- [ RunTime:0.003204s ]

[ 2019-03-14T21:24:19+08:00 ] 127.0.0.1 /snackshop/index.php/commodity.html
INFO: [ app_init ] --START--
INFO: Run Behavior\BuildLiteBehavior [ RunTime:0.000009s ]
INFO: [ app_init ] --END-- [ RunTime:0.000350s ]

[ 2019-03-14T21:24:21+08:00 ] 127.0.0.1 /snackshop/index.php/buytoday.html
INFO: [ app_init ] --START--
INFO: Run Behavior\BuildLiteBehavior [ RunTime:0.000014s ]
INFO: [ app_init ] --END-- [ RunTime:0.000707s ]

[ 2019-03-14T21:26:45+08:00 ] 127.0.0.1 /snackshop/index.php/buytoday.html
INFO: [ app_init ] --START--
INFO: Run Behavior\BuildLiteBehavior [ RunTime:0.000016s ]
INFO: [ app_init ] --END-- [ RunTime:0.000706s ]

[ 2019-03-14T21:27:20+08:00 ] 127.0.0.1 /snackshop/index.php/buytoday.html
INFO: [ app_init ] --START--
INFO: Run Behavior\BuildLiteBehavior [ RunTime:0.000020s ]
INFO: [ app_init ] --END-- [ RunTime:0.000811s ]

[ 2019-03-14T21:27:29+08:00 ] 127.0.0.1 /snackshop/index.php/buytoday.html
INFO: [ app_init ] --START--
INFO: Run Behavior\BuildLiteBehavior [ RunTime:0.000016s ]
INFO: [ app_init ] --END-- [ RunTime:0.001944s ]

[ 2019-03-14T21:27:32+08:00 ] 127.0.0.1 /snackshop/index.php/info.html
INFO: [ app_init ] --START--
INFO: Run Behavior\BuildLiteBehavior [ RunTime:0.000012s ]
INFO: [ app_init ] --END-- [ RunTime:0.000438s ]

[ 2019-03-14T21:27:34+08:00 ] 127.0.0.1 /snackshop/index.php/annoucement.html
INFO: [ app_init ] --START--
INFO: Run Behavior\BuildLiteBehavior [ RunTime:0.000009s ]
INFO: [ app_init ] --END-- [ RunTime:0.000351s ]

[ 2019-03-14T21:27:35+08:00 ] 127.0.0.1 /snackshop/index.php/buytoday.html
INFO: [ app_init ] --START--
INFO: Run Behavior\BuildLiteBehavior [ RunTime:0.000015s ]
INFO: [ app_init ] --END-- [ RunTime:0.000614s ]

[ 2019-03-14T21:27:36+08:00 ] 127.0.0.1 /snackshop/index.php/annoucement.html
INFO: [ app_init ] --START--
INFO: Run Behavior\BuildLiteBehavior [ RunTime:0.000017s ]
INFO: [ app_init ] --END-- [ RunTime:0.000823s ]

[ 2019-03-14T21:27:48+08:00 ] 127.0.0.1 /snackshop/index.php/message.html
INFO: [ app_init ] --START--
INFO: Run Behavior\BuildLiteBehavior [ RunTime:0.000007s ]
INFO: [ app_init ] --END-- [ RunTime:0.000302s ]

[ 2019-03-14T21:30:02+08:00 ] 127.0.0.1 /snackshop/index.php/buytoday.html
INFO: [ app_init ] --START--
INFO: Run Behavior\BuildLiteBehavior [ RunTime:0.000011s ]
INFO: [ app_init ] --END-- [ RunTime:0.000833s ]

[ 2019-03-14T21:30:10+08:00 ] 127.0.0.1 /snackshop/index.php/buytoday.html
INFO: [ app_init ] --START--
INFO: Run Behavior\BuildLiteBehavior [ RunTime:0.000010s ]
INFO: [ app_init ] --END-- [ RunTime:0.000435s ]

[ 2019-03-14T21:30:18+08:00 ] 127.0.0.1 /snackshop/index.php/info.html
INFO: [ app_init ] --START--
INFO: Run Behavior\BuildLiteBehavior [ RunTime:0.000012s ]
INFO: [ app_init ] --END-- [ RunTime:0.000527s ]

[ 2019-03-14T21:30:19+08:00 ] 127.0.0.1 /snackshop/index.php/buytoday.html
INFO: [ app_init ] --START--
INFO: Run Behavior\BuildLiteBehavior [ RunTime:0.000008s ]
INFO: [ app_init ] --END-- [ RunTime:0.000319s ]

[ 2019-03-14T21:30:20+08:00 ] 127.0.0.1 /snackshop/index.php/commodity.html
INFO: [ app_init ] --START--
INFO: Run Behavior\BuildLiteBehavior [ RunTime:0.000008s ]
INFO: [ app_init ] --END-- [ RunTime:0.000324s ]

[ 2019-03-14T21:30:37+08:00 ] 127.0.0.1 /snackshop/index.php/buytoday.html
INFO: [ app_init ] --START--
INFO: Run Behavior\BuildLiteBehavior [ RunTime:0.000039s ]
INFO: [ app_init ] --END-- [ RunTime:0.000489s ]

[ 2019-03-14T21:30:51+08:00 ] 127.0.0.1 /snackshop/index.php/buytoday.html
INFO: [ app_init ] --START--
INFO: Run Behavior\BuildLiteBehavior [ RunTime:0.000016s ]
INFO: [ app_init ] --END-- [ RunTime:0.001151s ]

[ 2019-03-14T21:31:06+08:00 ] 127.0.0.1 /snackshop/index.php/buytoday.html
INFO: [ app_init ] --START--
INFO: Run Behavior\BuildLiteBehavior [ RunTime:0.000009s ]
INFO: [ app_init ] --END-- [ RunTime:0.000475s ]

[ 2019-03-14T21:31:25+08:00 ] 127.0.0.1 /snackshop/index.php/commodity.html
INFO: [ app_init ] --START--
INFO: Run Behavior\BuildLiteBehavior [ RunTime:0.000014s ]
INFO: [ app_init ] --END-- [ RunTime:0.000646s ]

[ 2019-03-14T21:31:28+08:00 ] 127.0.0.1 /snackshop/index.php/Index/index.html
INFO: [ app_init ] --START--
INFO: Run Behavior\BuildLiteBehavior [ RunTime:0.000009s ]
INFO: [ app_init ] --END-- [ RunTime:0.000385s ]

[ 2019-03-14T21:41:47+08:00 ] 127.0.0.1 /snackshop/index.php/Index/index.html
INFO: [ app_init ] --START--
INFO: Run Behavior\BuildLiteBehavior [ RunTime:0.000035s ]
INFO: [ app_init ] --END-- [ RunTime:0.002184s ]

[ 2019-03-14T21:41:53+08:00 ] 127.0.0.1 /snackshop/index.php/Index/index.html
INFO: [ app_init ] --START--
INFO: Run Behavior\BuildLiteBehavior [ RunTime:0.000009s ]
INFO: [ app_init ] --END-- [ RunTime:0.000464s ]

[ 2019-03-14T21:42:00+08:00 ] 127.0.0.1 /snackshop/index.php/buytoday.html
INFO: [ app_init ] --START--
INFO: Run Behavior\BuildLiteBehavior [ RunTime:0.000011s ]
INFO: [ app_init ] --END-- [ RunTime:0.000464s ]

[ 2019-03-14T21:42:03+08:00 ] 127.0.0.1 /snackshop/index.php/annoucement.html
INFO: [ app_init ] --START--
INFO: Run Behavior\BuildLiteBehavior [ RunTime:0.000019s ]
INFO: [ app_init ] --END-- [ RunTime:0.000860s ]

[ 2019-03-14T21:42:04+08:00 ] 127.0.0.1 /snackshop/index.php/info.html
INFO: [ app_init ] --START--
INFO: Run Behavior\BuildLiteBehavior [ RunTime:0.000014s ]
INFO: [ app_init ] --END-- [ RunTime:0.000497s ]

[ 2019-03-14T21:42:06+08:00 ] 127.0.0.1 /snackshop/index.php/buytoday.html
INFO: [ app_init ] --START--
INFO: Run Behavior\BuildLiteBehavior [ RunTime:0.000021s ]
INFO: [ app_init ] --END-- [ RunTime:0.001772s ]

[ 2019-03-14T21:42:08+08:00 ] 127.0.0.1 /snackshop/index.php/info.html
INFO: [ app_init ] --START--
INFO: Run Behavior\BuildLiteBehavior [ RunTime:0.000014s ]
INFO: [ app_init ] --END-- [ RunTime:0.000557s ]

[ 2019-03-14T21:42:09+08:00 ] 127.0.0.1 /snackshop/index.php/commodity.html
INFO: [ app_init ] --START--
INFO: Run Behavior\BuildLiteBehavior [ RunTime:0.000014s ]
INFO: [ app_init ] --END-- [ RunTime:0.000659s ]

[ 2019-03-14T21:42:14+08:00 ] 127.0.0.1 /snackshop/index.php/buytoday.html
INFO: [ app_init ] --START--
INFO: Run Behavior\BuildLiteBehavior [ RunTime:0.000015s ]
INFO: [ app_init ] --END-- [ RunTime:0.000711s ]

[ 2019-03-14T21:42:17+08:00 ] 127.0.0.1 /snackshop/index.php/
INFO: [ app_init ] --START--
INFO: Run Behavior\BuildLiteBehavior [ RunTime:0.000012s ]
INFO: [ app_init ] --END-- [ RunTime:0.001483s ]

[ 2019-03-14T21:44:18+08:00 ] 127.0.0.1 /snackshop/index.php/
INFO: [ app_init ] --START--
INFO: Run Behavior\BuildLiteBehavior [ RunTime:0.000016s ]
INFO: [ app_init ] --END-- [ RunTime:0.004468s ]

[ 2019-03-14T21:44:31+08:00 ] 127.0.0.1 /snackshop/index.php/
INFO: [ app_init ] --START--
INFO: Run Behavior\BuildLiteBehavior [ RunTime:0.000011s ]
INFO: [ app_init ] --END-- [ RunTime:0.000465s ]

[ 2019-03-14T21:44:38+08:00 ] 127.0.0.1 /snackshop/index.php/buytoday.html
INFO: [ app_init ] --START--
INFO: Run Behavior\BuildLiteBehavior [ RunTime:0.000018s ]
INFO: [ app_init ] --END-- [ RunTime:0.000709s ]

[ 2019-03-14T21:44:41+08:00 ] 127.0.0.1 /snackshop/index.php/annoucement.html
INFO: [ app_init ] --START--
INFO: Run Behavior\BuildLiteBehavior [ RunTime:0.000009s ]
INFO: [ app_init ] --END-- [ RunTime:0.000331s ]

[ 2019-03-14T21:44:42+08:00 ] 127.0.0.1 /snackshop/index.php/info.html
INFO: [ app_init ] --START--
INFO: Run Behavior\BuildLiteBehavior [ RunTime:0.000017s ]
INFO: [ app_init ] --END-- [ RunTime:0.000640s ]

[ 2019-03-14T21:44:43+08:00 ] 127.0.0.1 /snackshop/index.php/annoucement.html
INFO: [ app_init ] --START--
INFO: Run Behavior\BuildLiteBehavior [ RunTime:0.000010s ]
INFO: [ app_init ] --END-- [ RunTime:0.000413s ]

[ 2019-03-14T21:44:44+08:00 ] 127.0.0.1 /snackshop/index.php/message.html
INFO: [ app_init ] --START--
INFO: Run Behavior\BuildLiteBehavior [ RunTime:0.000010s ]
INFO: [ app_init ] --END-- [ RunTime:0.000387s ]

[ 2019-03-14T21:44:45+08:00 ] 127.0.0.1 /snackshop/index.php/about.html
INFO: [ app_init ] --START--
INFO: Run Behavior\BuildLiteBehavior [ RunTime:0.000009s ]
INFO: [ app_init ] --END-- [ RunTime:0.000378s ]

[ 2019-03-14T21:45:20+08:00 ] 127.0.0.1 /snackshop/index.php/login.html
INFO: [ app_init ] --START--
INFO: Run Behavior\BuildLiteBehavior [ RunTime:0.000013s ]
INFO: [ app_init ] --END-- [ RunTime:0.000645s ]

[ 2019-03-14T21:45:36+08:00 ] 127.0.0.1 /snackshop/index.php/message.html
INFO: [ app_init ] --START--
INFO: Run Behavior\BuildLiteBehavior [ RunTime:0.000009s ]
INFO: [ app_init ] --END-- [ RunTime:0.000347s ]

[ 2019-03-14T21:45:39+08:00 ] 127.0.0.1 /snackshop/index.php/info.html
INFO: [ app_init ] --START--
INFO: Run Behavior\BuildLiteBehavior [ RunTime:0.000014s ]
INFO: [ app_init ] --END-- [ RunTime:0.000482s ]

[ 2019-03-14T21:45:41+08:00 ] 127.0.0.1 /snackshop/index.php/annoucement.html
INFO: [ app_init ] --START--
INFO: Run Behavior\BuildLiteBehavior [ RunTime:0.000021s ]
INFO: [ app_init ] --END-- [ RunTime:0.002224s ]

[ 2019-03-14T21:45:42+08:00 ] 127.0.0.1 /snackshop/index.php/message.html
INFO: [ app_init ] --START--
INFO: Run Behavior\BuildLiteBehavior [ RunTime:0.000017s ]
INFO: [ app_init ] --END-- [ RunTime:0.000784s ]

[ 2019-03-14T21:46:17+08:00 ] 127.0.0.1 /snackshop/index.php/annoucement.html
INFO: [ app_init ] --START--
INFO: Run Behavior\BuildLiteBehavior [ RunTime:0.000018s ]
INFO: [ app_init ] --END-- [ RunTime:0.001860s ]

[ 2019-03-14T21:47:00+08:00 ] 127.0.0.1 /snackshop/index.php/buytoday.html
INFO: [ app_init ] --START--
INFO: Run Behavior\BuildLiteBehavior [ RunTime:0.000017s ]
INFO: [ app_init ] --END-- [ RunTime:0.000478s ]

[ 2019-03-14T21:47:02+08:00 ] 127.0.0.1 /snackshop/index.php/commodity.html
INFO: [ app_init ] --START--
INFO: Run Behavior\BuildLiteBehavior [ RunTime:0.000015s ]
INFO: [ app_init ] --END-- [ RunTime:0.000590s ]

[ 2019-03-14T21:47:07+08:00 ] 127.0.0.1 /snackshop/index.php/Good/getall/p/2.html
INFO: [ app_init ] --START--
INFO: Run Behavior\BuildLiteBehavior [ RunTime:0.000028s ]
INFO: [ app_init ] --END-- [ RunTime:0.001186s ]

[ 2019-03-14T21:47:11+08:00 ] 127.0.0.1 /snackshop/index.php/cgoods/catelog_id/4.html
INFO: [ app_init ] --START--
INFO: Run Behavior\BuildLiteBehavior [ RunTime:0.000055s ]
INFO: [ app_init ] --END-- [ RunTime:0.004717s ]

[ 2019-03-14T21:47:12+08:00 ] 127.0.0.1 /snackshop/index.php/cgoods/catelog_id/5.html
INFO: [ app_init ] --START--
INFO: Run Behavior\BuildLiteBehavior [ RunTime:0.000052s ]
INFO: [ app_init ] --END-- [ RunTime:0.000766s ]

[ 2019-03-14T21:47:14+08:00 ] 127.0.0.1 /snackshop/index.php/info.html
INFO: [ app_init ] --START--
INFO: Run Behavior\BuildLiteBehavior [ RunTime:0.000009s ]
INFO: [ app_init ] --END-- [ RunTime:0.000337s ]

[ 2019-03-14T21:47:15+08:00 ] 127.0.0.1 /snackshop/index.php/buytoday.html
INFO: [ app_init ] --START--
INFO: Run Behavior\BuildLiteBehavior [ RunTime:0.000008s ]
INFO: [ app_init ] --END-- [ RunTime:0.000389s ]

[ 2019-03-14T21:48:47+08:00 ] 127.0.0.1 /snackshop/index.php/commodity.html
INFO: [ app_init ] --START--
INFO: Run Behavior\BuildLiteBehavior [ RunTime:0.000015s ]
INFO: [ app_init ] --END-- [ RunTime:0.001869s ]

[ 2019-03-14T21:48:51+08:00 ] 127.0.0.1 /snackshop/index.php/
INFO: [ app_init ] --START--
INFO: Run Behavior\BuildLiteBehavior [ RunTime:0.000016s ]
INFO: [ app_init ] --END-- [ RunTime:0.000743s ]

[ 2019-03-14T21:52:17+08:00 ] 127.0.0.1 /snackshop/index.php/buytoday.html
INFO: [ app_init ] --START--
INFO: Run Behavior\BuildLiteBehavior [ RunTime:0.000011s ]
INFO: [ app_init ] --END-- [ RunTime:0.000724s ]

[ 2019-03-14T21:52:19+08:00 ] 127.0.0.1 /snackshop/index.php/annoucement.html
INFO: [ app_init ] --START--
INFO: Run Behavior\BuildLiteBehavior [ RunTime:0.000008s ]
INFO: [ app_init ] --END-- [ RunTime:0.000398s ]

[ 2019-03-14T21:52:20+08:00 ] 127.0.0.1 /snackshop/index.php/info.html
INFO: [ app_init ] --START--
INFO: Run Behavior\BuildLiteBehavior [ RunTime:0.000016s ]
INFO: [ app_init ] --END-- [ RunTime:0.000642s ]

[ 2019-03-14T21:52:22+08:00 ] 127.0.0.1 /snackshop/index.php/message.html
INFO: [ app_init ] --START--
INFO: Run Behavior\BuildLiteBehavior [ RunTime:0.000011s ]
INFO: [ app_init ] --END-- [ RunTime:0.000570s ]

[ 2019-03-14T21:53:19+08:00 ] 127.0.0.1 /snackshop/index.php/buytoday.html
INFO: [ app_init ] --START--
INFO: Run Behavior\BuildLiteBehavior [ RunTime:0.000014s ]
INFO: [ app_init ] --END-- [ RunTime:0.001864s ]

[ 2019-03-14T21:53:20+08:00 ] 127.0.0.1 /snackshop/index.php/commodity.html
INFO: [ app_init ] --START--
INFO: Run Behavior\BuildLiteBehavior [ RunTime:0.000009s ]
INFO: [ app_init ] --END-- [ RunTime:0.000508s ]

[ 2019-03-14T21:53:50+08:00 ] 127.0.0.1 /snackshop/index.php/
INFO: [ app_init ] --START--
INFO: Run Behavior\BuildLiteBehavior [ RunTime:0.000016s ]
INFO: [ app_init ] --END-- [ RunTime:0.000743s ]

[ 2019-03-14T21:53:54+08:00 ] 127.0.0.1 /snackshop/index.php/buytoday.html
INFO: [ app_init ] --START--
INFO: Run Behavior\BuildLiteBehavior [ RunTime:0.000014s ]
INFO: [ app_init ] --END-- [ RunTime:0.000668s ]

[ 2019-03-14T21:54:40+08:00 ] 127.0.0.1 /snackshop/index.php/buytoday.html
INFO: [ app_init ] --START--
INFO: Run Behavior\BuildLiteBehavior [ RunTime:0.000009s ]
INFO: [ app_init ] --END-- [ RunTime:0.000485s ]

[ 2019-03-14T21:54:44+08:00 ] 127.0.0.1 /snackshop/index.php/commodity.html
INFO: [ app_init ] --START--
INFO: Run Behavior\BuildLiteBehavior [ RunTime:0.000012s ]
INFO: [ app_init ] --END-- [ RunTime:0.000564s ]

[ 2019-03-14T21:54:49+08:00 ] 127.0.0.1 /snackshop/index.php/Index/index.html
INFO: [ app_init ] --START--
INFO: Run Behavior\BuildLiteBehavior [ RunTime:0.000013s ]
INFO: [ app_init ] --END-- [ RunTime:0.000554s ]

[ 2019-03-14T21:54:55+08:00 ] 127.0.0.1 /snackshop/index.php/details/goods_id/21.html
INFO: [ app_init ] --START--
INFO: Run Behavior\BuildLiteBehavior [ RunTime:0.000019s ]
INFO: [ app_init ] --END-- [ RunTime:0.000650s ]

[ 2019-03-14T21:55:30+08:00 ] 127.0.0.1 /snackshop/index.php/buytoday.html
INFO: [ app_init ] --START--
INFO: Run Behavior\BuildLiteBehavior [ RunTime:0.000007s ]
INFO: [ app_init ] --END-- [ RunTime:0.000340s ]

[ 2019-03-14T21:55:45+08:00 ] 127.0.0.1 /snackshop/index.php/info.html
INFO: [ app_init ] --START--
INFO: Run Behavior\BuildLiteBehavior [ RunTime:0.000008s ]
INFO: [ app_init ] --END-- [ RunTime:0.000433s ]

[ 2019-03-14T21:55:46+08:00 ] 127.0.0.1 /snackshop/index.php/annoucement.html
INFO: [ app_init ] --START--
INFO: Run Behavior\BuildLiteBehavior [ RunTime:0.000009s ]
INFO: [ app_init ] --END-- [ RunTime:0.000355s ]

[ 2019-03-14T21:55:47+08:00 ] 127.0.0.1 /snackshop/index.php/buytoday.html
INFO: [ app_init ] --START--
INFO: Run Behavior\BuildLiteBehavior [ RunTime:0.000014s ]
INFO: [ app_init ] --END-- [ RunTime:0.000514s ]

[ 2019-03-14T21:55:48+08:00 ] 127.0.0.1 /snackshop/index.php/annoucement.html
INFO: [ app_init ] --START--
INFO: Run Behavior\BuildLiteBehavior [ RunTime:0.000012s ]
INFO: [ app_init ] --END-- [ RunTime:0.000574s ]

[ 2019-03-14T21:56:01+08:00 ] 127.0.0.1 /snackshop/index.php/message.html
INFO: [ app_init ] --START--
INFO: Run Behavior\BuildLiteBehavior [ RunTime:0.000014s ]
INFO: [ app_init ] --END-- [ RunTime:0.000686s ]

[ 2019-03-14T22:06:21+08:00 ] 127.0.0.1 /snackshop/index.php/message.html
INFO: [ app_init ] --START--
INFO: Run Behavior\BuildLiteBehavior [ RunTime:0.000018s ]
INFO: [ app_init ] --END-- [ RunTime:0.001244s ]

[ 2019-03-14T22:06:29+08:00 ] 127.0.0.1 /snackshop/index.php/message/add
INFO: [ app_init ] --START--
INFO: Run Behavior\BuildLiteBehavior [ RunTime:0.000016s ]
INFO: [ app_init ] --END-- [ RunTime:0.000785s ]
INFO: [ app_begin ] --START--
INFO: Run Behavior\ReadHtmlCacheBehavior [ RunTime:0.000605s ]
INFO: [ app_begin ] --END-- [ RunTime:0.000679s ]
SQL: SHOW COLUMNS FROM `t_liuyan` [ RunTime:0.0069s ]
SQL: SELECT * FROM `t_liuyan` WHERE `liuyan_isOk` = 1  [ RunTime:0.0030s ]
SQL: SELECT * FROM `t_liuyan` WHERE `liuyan_isOk` = 1 LIMIT 0,10   [ RunTime:0.0007s ]
INFO: [ view_parse ] --START--
INFO: [ template_filter ] --START--
INFO: Run Behavior\ContentReplaceBehavior [ RunTime:0.000078s ]
INFO: [ template_filter ] --END-- [ RunTime:0.000128s ]
INFO: Run Behavior\ParseTemplateBehavior [ RunTime:0.013959s ]
INFO: [ view_parse ] --END-- [ RunTime:0.014027s ]
INFO: [ view_filter ] --START--
INFO: Run Behavior\WriteHtmlCacheBehavior [ RunTime:0.000474s ]
INFO: [ view_filter ] --END-- [ RunTime:0.000502s ]
INFO: [ app_end ] --START--
INFO: Run Behavior\ShowPageTraceBehavior [ RunTime:0.003969s ]
INFO: [ app_end ] --END-- [ RunTime:0.004184s ]

[ 2019-03-14T22:06:47+08:00 ] 127.0.0.1 /snackshop/index.php/message/add
INFO: [ app_init ] --START--
INFO: Run Behavior\BuildLiteBehavior [ RunTime:0.000013s ]
INFO: [ app_init ] --END-- [ RunTime:0.000609s ]

[ 2019-03-14T22:08:35+08:00 ] 127.0.0.1 /snackshop/index.php/message/add
INFO: [ app_init ] --START--
INFO: Run Behavior\BuildLiteBehavior [ RunTime:0.000013s ]
INFO: [ app_init ] --END-- [ RunTime:0.000465s ]

[ 2019-03-14T22:08:45+08:00 ] 127.0.0.1 /snackshop/index.php/liuyan/add
INFO: [ app_init ] --START--
INFO: Run Behavior\BuildLiteBehavior [ RunTime:0.000024s ]
INFO: [ app_init ] --END-- [ RunTime:0.002076s ]
INFO: [ app_begin ] --START--
INFO: Run Behavior\ReadHtmlCacheBehavior [ RunTime:0.000833s ]
INFO: [ app_begin ] --END-- [ RunTime:0.000866s ]

[ 2019-03-14T22:08:51+08:00 ] 127.0.0.1 /snackshop/index.php/liuyan/add
INFO: [ app_init ] --START--
INFO: Run Behavior\BuildLiteBehavior [ RunTime:0.000041s ]
INFO: [ app_init ] --END-- [ RunTime:0.000743s ]
INFO: [ app_begin ] --START--
INFO: Run Behavior\ReadHtmlCacheBehavior [ RunTime:0.000817s ]
INFO: [ app_begin ] --END-- [ RunTime:0.000862s ]

[ 2019-03-14T22:09:42+08:00 ] 127.0.0.1 /snackshop/index.php/liuyan/add
INFO: [ app_init ] --START--
INFO: Run Behavior\BuildLiteBehavior [ RunTime:0.000015s ]
INFO: [ app_init ] --END-- [ RunTime:0.000681s ]
INFO: [ app_begin ] --START--
INFO: Run Behavior\ReadHtmlCacheBehavior [ RunTime:0.000661s ]
INFO: [ app_begin ] --END-- [ RunTime:0.000698s ]

[ 2019-03-14T22:10:24+08:00 ] 127.0.0.1 /snackshop/index.php/message/add
INFO: [ app_init ] --START--
INFO: Run Behavior\BuildLiteBehavior [ RunTime:0.000015s ]
INFO: [ app_init ] --END-- [ RunTime:0.001705s ]

[ 2019-03-14T22:10:31+08:00 ] 127.0.0.1 /snackshop/index.php/liuyan/add
INFO: [ app_init ] --START--
INFO: Run Behavior\BuildLiteBehavior [ RunTime:0.000016s ]
INFO: [ app_init ] --END-- [ RunTime:0.001516s ]
INFO: [ app_begin ] --START--
INFO: Run Behavior\ReadHtmlCacheBehavior [ RunTime:0.001719s ]
INFO: [ app_begin ] --END-- [ RunTime:0.001854s ]

[ 2019-03-14T22:14:23+08:00 ] 127.0.0.1 /snackshop/index.php/message/add
INFO: [ app_init ] --START--
INFO: Run Behavior\BuildLiteBehavior [ RunTime:0.000017s ]
INFO: [ app_init ] --END-- [ RunTime:0.000832s ]

[ 2019-03-14T22:14:58+08:00 ] 127.0.0.1 /snackshop/index.php/message/add
INFO: [ app_init ] --START--
INFO: Run Behavior\BuildLiteBehavior [ RunTime:0.000022s ]
INFO: [ app_init ] --END-- [ RunTime:0.002088s ]

[ 2019-03-14T22:15:01+08:00 ] 127.0.0.1 /snackshop/index.php/message/add?liuyan_title=&liuyan_content=&file=
INFO: [ app_init ] --START--
INFO: Run Behavior\BuildLiteBehavior [ RunTime:0.000047s ]
INFO: [ app_init ] --END-- [ RunTime:0.001181s ]

[ 2019-03-14T22:15:32+08:00 ] 127.0.0.1 /snackshop/index.php/message/add?liuyan_title=&liuyan_content=&file=
INFO: [ app_init ] --START--
INFO: Run Behavior\BuildLiteBehavior [ RunTime:0.000013s ]
INFO: [ app_init ] --END-- [ RunTime:0.000436s ]

[ 2019-03-14T22:19:34+08:00 ] 127.0.0.1 /snackshop/index.php/buytoday.html
INFO: [ app_init ] --START--
INFO: Run Behavior\BuildLiteBehavior [ RunTime:0.000012s ]
INFO: [ app_init ] --END-- [ RunTime:0.000614s ]

[ 2019-03-14T22:19:36+08:00 ] 127.0.0.1 /snackshop/index.php/commodity.html
INFO: [ app_init ] --START--
INFO: Run Behavior\BuildLiteBehavior [ RunTime:0.000010s ]
INFO: [ app_init ] --END-- [ RunTime:0.000418s ]

[ 2019-03-14T22:40:14+08:00 ] 127.0.0.1 /snackshop/index.php/info.html
INFO: [ app_init ] --START--
INFO: Run Behavior\BuildLiteBehavior [ RunTime:0.000011s ]
INFO: [ app_init ] --END-- [ RunTime:0.000933s ]

[ 2019-03-14T22:40:15+08:00 ] 127.0.0.1 /snackshop/index.php/buytoday.html
INFO: [ app_init ] --START--
INFO: Run Behavior\BuildLiteBehavior [ RunTime:0.000015s ]
INFO: [ app_init ] --END-- [ RunTime:0.000353s ]

[ 2019-03-14T22:40:17+08:00 ] 127.0.0.1 /snackshop/index.php/about.html
INFO: [ app_init ] --START--
INFO: Run Behavior\BuildLiteBehavior [ RunTime:0.000014s ]
INFO: [ app_init ] --END-- [ RunTime:0.000679s ]

[ 2019-03-14T22:40:34+08:00 ] 127.0.0.1 /snackshop/index.php/Index/index.html
INFO: [ app_init ] --START--
INFO: Run Behavior\BuildLiteBehavior [ RunTime:0.000008s ]
INFO: [ app_init ] --END-- [ RunTime:0.000336s ]

[ 2019-03-14T22:40:45+08:00 ] 127.0.0.1 /snackshop/index.php/commodity.html
INFO: [ app_init ] --START--
INFO: Run Behavior\BuildLiteBehavior [ RunTime:0.000008s ]
INFO: [ app_init ] --END-- [ RunTime:0.000347s ]

[ 2019-03-14T22:40:46+08:00 ] 127.0.0.1 /snackshop/index.php/Index/index.html
INFO: [ app_init ] --START--
INFO: Run Behavior\BuildLiteBehavior [ RunTime:0.000020s ]
INFO: [ app_init ] --END-- [ RunTime:0.002604s ]

