[ 2019-03-26T20:12:44+08:00 ] 127.0.0.1 /api/admin.php/login
INFO: [ app_init ] --START--
INFO: Run Behavior\BuildLiteBehavior [ RunTime:0.000016s ]
INFO: [ app_init ] --END-- [ RunTime:0.001722s ]
INFO: [ app_begin ] --START--
INFO: Run Behavior\ReadHtmlCacheBehavior [ RunTime:0.001599s ]
INFO: [ app_begin ] --END-- [ RunTime:0.001674s ]
SQL: SHOW COLUMNS FROM `t_admin` [ RunTime:0.0176s ]
SQL: SELECT * FROM `t_admin` WHERE `userName` = 'admin' AND `userPw` = 'admin' LIMIT 1   [ RunTime:0.0046s ]

[ 2019-03-26T20:12:51+08:00 ] 127.0.0.1 /api/admin.php/order/list?page=1&limit=10
INFO: [ app_init ] --START--
INFO: Run Behavior\BuildLiteBehavior [ RunTime:0.000012s ]
INFO: [ app_init ] --END-- [ RunTime:0.000531s ]
INFO: [ app_begin ] --START--
INFO: Run Behavior\ReadHtmlCacheBehavior [ RunTime:0.001151s ]
INFO: [ app_begin ] --END-- [ RunTime:0.001213s ]
SQL: SHOW COLUMNS FROM `t_order` [ RunTime:0.0085s ]
SQL: SELECT * FROM `t_order`  [ RunTime:0.0030s ]
SQL: SELECT * FROM `t_order` LIMIT 0,10   [ RunTime:0.0006s ]
INFO: [ app_end ] --START--
INFO: Run Behavior\ShowPageTraceBehavior [ RunTime:0.001583s ]
INFO: [ app_end ] --END-- [ RunTime:0.001640s ]

[ 2019-03-26T20:12:55+08:00 ] 127.0.0.1 /api/admin.php/user/getuser
INFO: [ app_init ] --START--
INFO: Run Behavior\BuildLiteBehavior [ RunTime:0.000008s ]
INFO: [ app_init ] --END-- [ RunTime:0.000345s ]
INFO: [ app_begin ] --START--
INFO: Run Behavior\ReadHtmlCacheBehavior [ RunTime:0.000506s ]
INFO: [ app_begin ] --END-- [ RunTime:0.000539s ]
SQL: SHOW COLUMNS FROM `t_user` [ RunTime:0.0102s ]
SQL: SELECT * FROM `t_user` WHERE `user_id` = 1 LIMIT 1   [ RunTime:0.0043s ]

[ 2019-03-26T20:13:26+08:00 ] 127.0.0.1 /api/admin.php/order/list?page=2&limit=10
INFO: [ app_init ] --START--
INFO: Run Behavior\BuildLiteBehavior [ RunTime:0.000009s ]
INFO: [ app_init ] --END-- [ RunTime:0.001053s ]
INFO: [ app_begin ] --START--
INFO: Run Behavior\ReadHtmlCacheBehavior [ RunTime:0.000960s ]
INFO: [ app_begin ] --END-- [ RunTime:0.000990s ]
SQL: SHOW COLUMNS FROM `t_order` [ RunTime:0.0041s ]
SQL: SELECT * FROM `t_order`  [ RunTime:0.0024s ]
SQL: SELECT * FROM `t_order` LIMIT 10,10   [ RunTime:0.0004s ]
INFO: [ app_end ] --START--
INFO: Run Behavior\ShowPageTraceBehavior [ RunTime:0.001233s ]
INFO: [ app_end ] --END-- [ RunTime:0.001293s ]

[ 2019-03-26T20:13:31+08:00 ] 127.0.0.1 /api/admin.php/order/list?page=1&limit=10
INFO: [ app_init ] --START--
INFO: Run Behavior\BuildLiteBehavior [ RunTime:0.000007s ]
INFO: [ app_init ] --END-- [ RunTime:0.000359s ]
INFO: [ app_begin ] --START--
INFO: Run Behavior\ReadHtmlCacheBehavior [ RunTime:0.000447s ]
INFO: [ app_begin ] --END-- [ RunTime:0.000464s ]
SQL: SHOW COLUMNS FROM `t_order` [ RunTime:0.0048s ]
SQL: SELECT * FROM `t_order`  [ RunTime:0.0020s ]
SQL: SELECT * FROM `t_order` LIMIT 0,10   [ RunTime:0.0004s ]
INFO: [ app_end ] --START--
INFO: Run Behavior\ShowPageTraceBehavior [ RunTime:0.000675s ]
INFO: [ app_end ] --END-- [ RunTime:0.000697s ]

[ 2019-03-26T20:13:50+08:00 ] 127.0.0.1 /api/admin.php/user/getuser
INFO: [ app_init ] --START--
INFO: Run Behavior\BuildLiteBehavior [ RunTime:0.000016s ]
INFO: [ app_init ] --END-- [ RunTime:0.001096s ]
INFO: [ app_begin ] --START--
INFO: Run Behavior\ReadHtmlCacheBehavior [ RunTime:0.000878s ]
INFO: [ app_begin ] --END-- [ RunTime:0.000935s ]
SQL: SHOW COLUMNS FROM `t_user` [ RunTime:0.0065s ]
SQL: SELECT * FROM `t_user` WHERE `user_id` = 2 LIMIT 1   [ RunTime:0.0053s ]

[ 2019-03-26T20:14:04+08:00 ] 127.0.0.1 /api/admin.php/order/list?page=2&limit=10
INFO: [ app_init ] --START--
INFO: Run Behavior\BuildLiteBehavior [ RunTime:0.000007s ]
INFO: [ app_init ] --END-- [ RunTime:0.000324s ]
INFO: [ app_begin ] --START--
INFO: Run Behavior\ReadHtmlCacheBehavior [ RunTime:0.000410s ]
INFO: [ app_begin ] --END-- [ RunTime:0.000428s ]
SQL: SHOW COLUMNS FROM `t_order` [ RunTime:0.0058s ]
SQL: SELECT * FROM `t_order`  [ RunTime:0.0021s ]
SQL: SELECT * FROM `t_order` LIMIT 10,10   [ RunTime:0.0004s ]
INFO: [ app_end ] --START--
INFO: Run Behavior\ShowPageTraceBehavior [ RunTime:0.001024s ]
INFO: [ app_end ] --END-- [ RunTime:0.001059s ]

[ 2019-03-26T20:14:11+08:00 ] 127.0.0.1 /api/admin.php/order/list?page=1&limit=10
INFO: [ app_init ] --START--
INFO: Run Behavior\BuildLiteBehavior [ RunTime:0.000009s ]
INFO: [ app_init ] --END-- [ RunTime:0.000525s ]
INFO: [ app_begin ] --START--
INFO: Run Behavior\ReadHtmlCacheBehavior [ RunTime:0.000779s ]
INFO: [ app_begin ] --END-- [ RunTime:0.000831s ]
SQL: SHOW COLUMNS FROM `t_order` [ RunTime:0.0060s ]
SQL: SELECT * FROM `t_order`  [ RunTime:0.0029s ]
SQL: SELECT * FROM `t_order` LIMIT 0,10   [ RunTime:0.0003s ]
INFO: [ app_end ] --START--
INFO: Run Behavior\ShowPageTraceBehavior [ RunTime:0.001043s ]
INFO: [ app_end ] --END-- [ RunTime:0.001100s ]

[ 2019-03-26T20:15:55+08:00 ] 127.0.0.1 /api/admin.php/user/getuser
INFO: [ app_init ] --START--
INFO: Run Behavior\BuildLiteBehavior [ RunTime:0.000013s ]
INFO: [ app_init ] --END-- [ RunTime:0.000701s ]
INFO: [ app_begin ] --START--
INFO: Run Behavior\ReadHtmlCacheBehavior [ RunTime:0.001326s ]
INFO: [ app_begin ] --END-- [ RunTime:0.001395s ]
SQL: SHOW COLUMNS FROM `t_user` [ RunTime:0.0114s ]
SQL: SELECT * FROM `t_user` WHERE `user_id` = 1 LIMIT 1   [ RunTime:0.0032s ]

[ 2019-03-26T20:15:56+08:00 ] 127.0.0.1 /api/admin.php/user/getuser
INFO: [ app_init ] --START--
INFO: Run Behavior\BuildLiteBehavior [ RunTime:0.000018s ]
INFO: [ app_init ] --END-- [ RunTime:0.000833s ]
INFO: [ app_begin ] --START--
INFO: Run Behavior\ReadHtmlCacheBehavior [ RunTime:0.000789s ]
INFO: [ app_begin ] --END-- [ RunTime:0.000840s ]
SQL: SHOW COLUMNS FROM `t_user` [ RunTime:0.0067s ]
SQL: SELECT * FROM `t_user` WHERE `user_id` = 2 LIMIT 1   [ RunTime:0.0026s ]

[ 2019-03-26T20:15:59+08:00 ] 127.0.0.1 /api/admin.php/order/list?page=2&limit=10
INFO: [ app_init ] --START--
INFO: Run Behavior\BuildLiteBehavior [ RunTime:0.000011s ]
INFO: [ app_init ] --END-- [ RunTime:0.000421s ]
INFO: [ app_begin ] --START--
INFO: Run Behavior\ReadHtmlCacheBehavior [ RunTime:0.000633s ]
INFO: [ app_begin ] --END-- [ RunTime:0.000661s ]
SQL: SHOW COLUMNS FROM `t_order` [ RunTime:0.0044s ]
SQL: SELECT * FROM `t_order`  [ RunTime:0.0022s ]
SQL: SELECT * FROM `t_order` LIMIT 10,10   [ RunTime:0.0003s ]
INFO: [ app_end ] --START--
INFO: Run Behavior\ShowPageTraceBehavior [ RunTime:0.000806s ]
INFO: [ app_end ] --END-- [ RunTime:0.000828s ]

[ 2019-03-26T20:16:00+08:00 ] 127.0.0.1 /api/admin.php/user/getuser
INFO: [ app_init ] --START--
INFO: Run Behavior\BuildLiteBehavior [ RunTime:0.000009s ]
INFO: [ app_init ] --END-- [ RunTime:0.000465s ]
INFO: [ app_begin ] --START--
INFO: Run Behavior\ReadHtmlCacheBehavior [ RunTime:0.000652s ]
INFO: [ app_begin ] --END-- [ RunTime:0.000690s ]
SQL: SHOW COLUMNS FROM `t_user` [ RunTime:0.0100s ]
SQL: SELECT * FROM `t_user` WHERE `user_id` = 1 LIMIT 1   [ RunTime:0.0033s ]

[ 2019-03-26T20:16:11+08:00 ] 127.0.0.1 /api/admin.php/user/list?page=1&limit=5
INFO: [ app_init ] --START--
INFO: Run Behavior\BuildLiteBehavior [ RunTime:0.000017s ]
INFO: [ app_init ] --END-- [ RunTime:0.000873s ]
INFO: [ app_begin ] --START--
INFO: Run Behavior\ReadHtmlCacheBehavior [ RunTime:0.000925s ]
INFO: [ app_begin ] --END-- [ RunTime:0.000984s ]
SQL: SHOW COLUMNS FROM `t_user` [ RunTime:0.0077s ]
SQL: SELECT * FROM `t_user` WHERE `user_del` = 'no'  [ RunTime:0.0038s ]
SQL: SELECT * FROM `t_user` WHERE `user_del` = 'no' LIMIT 0,5   [ RunTime:0.0005s ]

[ 2019-03-26T20:17:07+08:00 ] 127.0.0.1 /api/admin.php/user/list?page=1&limit=5
INFO: [ app_init ] --START--
INFO: Run Behavior\BuildLiteBehavior [ RunTime:0.000011s ]
INFO: [ app_init ] --END-- [ RunTime:0.000488s ]
INFO: [ app_begin ] --START--
INFO: Run Behavior\ReadHtmlCacheBehavior [ RunTime:0.000724s ]
INFO: [ app_begin ] --END-- [ RunTime:0.000767s ]
SQL: SHOW COLUMNS FROM `t_user` [ RunTime:0.0065s ]
SQL: SELECT * FROM `t_user` WHERE `user_del` = 'no'  [ RunTime:0.0030s ]
SQL: SELECT * FROM `t_user` WHERE `user_del` = 'no' LIMIT 0,5   [ RunTime:0.0003s ]

[ 2019-03-26T20:17:26+08:00 ] 127.0.0.1 /api/admin.php/user/list?page=1&limit=5
INFO: [ app_init ] --START--
INFO: Run Behavior\BuildLiteBehavior [ RunTime:0.000019s ]
INFO: [ app_init ] --END-- [ RunTime:0.001379s ]
INFO: [ app_begin ] --START--
INFO: Run Behavior\ReadHtmlCacheBehavior [ RunTime:0.001352s ]
INFO: [ app_begin ] --END-- [ RunTime:0.001417s ]
SQL: SHOW COLUMNS FROM `t_user` [ RunTime:0.0059s ]
SQL: SELECT * FROM `t_user` WHERE `user_del` = 'no'  [ RunTime:0.0022s ]
SQL: SELECT * FROM `t_user` WHERE `user_del` = 'no' LIMIT 0,5   [ RunTime:0.0006s ]

[ 2019-03-26T20:17:58+08:00 ] 127.0.0.1 /api/admin.php/user/list?page=1&limit=5
INFO: [ app_init ] --START--
INFO: Run Behavior\BuildLiteBehavior [ RunTime:0.000015s ]
INFO: [ app_init ] --END-- [ RunTime:0.000593s ]
INFO: [ app_begin ] --START--
INFO: Run Behavior\ReadHtmlCacheBehavior [ RunTime:0.000892s ]
INFO: [ app_begin ] --END-- [ RunTime:0.000945s ]
SQL: SHOW COLUMNS FROM `t_user` [ RunTime:0.0072s ]
SQL: SELECT * FROM `t_user` WHERE `user_del` = 'no'  [ RunTime:0.0036s ]
SQL: SELECT * FROM `t_user` WHERE `user_del` = 'no' LIMIT 0,5   [ RunTime:0.0008s ]

[ 2019-03-26T20:18:00+08:00 ] 127.0.0.1 /api/admin.php/cate/list?page=1&limit=10
INFO: [ app_init ] --START--
INFO: Run Behavior\BuildLiteBehavior [ RunTime:0.000012s ]
INFO: [ app_init ] --END-- [ RunTime:0.000587s ]
INFO: [ app_begin ] --START--
INFO: Run Behavior\ReadHtmlCacheBehavior [ RunTime:0.000822s ]
INFO: [ app_begin ] --END-- [ RunTime:0.000875s ]
SQL: SHOW COLUMNS FROM `t_catelog` [ RunTime:0.0088s ]
SQL: SELECT * FROM `t_catelog` WHERE `catelog_del` = 'no'  [ RunTime:0.0036s ]
SQL: SELECT * FROM `t_catelog` WHERE `catelog_del` = 'no' LIMIT 0,10   [ RunTime:0.0005s ]
INFO: [ app_end ] --START--
INFO: Run Behavior\ShowPageTraceBehavior [ RunTime:0.001676s ]
INFO: [ app_end ] --END-- [ RunTime:0.001732s ]

[ 2019-03-26T20:18:03+08:00 ] 127.0.0.1 /api/admin.php/good/sort
INFO: [ app_init ] --START--
INFO: Run Behavior\BuildLiteBehavior [ RunTime:0.000016s ]
INFO: [ app_init ] --END-- [ RunTime:0.000650s ]
INFO: [ app_begin ] --START--
INFO: Run Behavior\ReadHtmlCacheBehavior [ RunTime:0.000948s ]
INFO: [ app_begin ] --END-- [ RunTime:0.001017s ]
SQL: SHOW COLUMNS FROM `t_catelog` [ RunTime:0.0045s ]
SQL: SELECT * FROM `t_catelog` WHERE `catelog_del` = 'no'  [ RunTime:0.0021s ]

[ 2019-03-26T20:18:04+08:00 ] 127.0.0.1 /api/admin.php/good/list?page=1&limit=10
INFO: [ app_init ] --START--
INFO: Run Behavior\BuildLiteBehavior [ RunTime:0.000011s ]
INFO: [ app_init ] --END-- [ RunTime:0.000571s ]
INFO: [ app_begin ] --START--
INFO: Run Behavior\ReadHtmlCacheBehavior [ RunTime:0.000964s ]
INFO: [ app_begin ] --END-- [ RunTime:0.001019s ]
SQL: SHOW COLUMNS FROM `t_goods` [ RunTime:0.0082s ]
SQL: SHOW COLUMNS FROM `t_catelog` [ RunTime:0.0082s ]
SQL: SELECT * FROM `t_catelog`  [ RunTime:0.0122s ]
SQL: SELECT * FROM `t_goods`  [ RunTime:0.0009s ]
SQL: SELECT * FROM `t_goods` LIMIT 0,10   [ RunTime:0.0006s ]
INFO: [ app_end ] --START--
INFO: Run Behavior\ShowPageTraceBehavior [ RunTime:0.001155s ]
INFO: [ app_end ] --END-- [ RunTime:0.001355s ]

[ 2019-03-26T20:18:05+08:00 ] 127.0.0.1 /api/admin.php/information/list?page=1&limit=10
INFO: [ app_init ] --START--
INFO: Run Behavior\BuildLiteBehavior [ RunTime:0.000015s ]
INFO: [ app_init ] --END-- [ RunTime:0.000614s ]
INFO: [ app_begin ] --START--
INFO: Run Behavior\ReadHtmlCacheBehavior [ RunTime:0.000981s ]
INFO: [ app_begin ] --END-- [ RunTime:0.001031s ]
SQL: SHOW COLUMNS FROM `t_information` [ RunTime:0.0121s ]
SQL: SELECT * FROM `t_information`  [ RunTime:0.0031s ]
SQL: SELECT * FROM `t_information` LIMIT 0,10   [ RunTime:0.0004s ]

[ 2019-03-26T20:18:08+08:00 ] 127.0.0.1 /api/admin.php/order/list?page=1&limit=10
INFO: [ app_init ] --START--
INFO: Run Behavior\BuildLiteBehavior [ RunTime:0.000113s ]
INFO: [ app_init ] --END-- [ RunTime:0.001397s ]
INFO: [ app_begin ] --START--
INFO: Run Behavior\ReadHtmlCacheBehavior [ RunTime:0.001105s ]
INFO: [ app_begin ] --END-- [ RunTime:0.001161s ]
SQL: SHOW COLUMNS FROM `t_order` [ RunTime:0.0062s ]
SQL: SELECT * FROM `t_order`  [ RunTime:0.0032s ]
SQL: SELECT * FROM `t_order` LIMIT 0,10   [ RunTime:0.0005s ]
INFO: [ app_end ] --START--
INFO: Run Behavior\ShowPageTraceBehavior [ RunTime:0.001365s ]
INFO: [ app_end ] --END-- [ RunTime:0.001423s ]

[ 2019-03-26T20:18:09+08:00 ] 127.0.0.1 /api/admin.php/liuyan/list?page=1&limit=10
INFO: [ app_init ] --START--
INFO: Run Behavior\BuildLiteBehavior [ RunTime:0.000015s ]
INFO: [ app_init ] --END-- [ RunTime:0.000617s ]
INFO: [ app_begin ] --START--
INFO: Run Behavior\ReadHtmlCacheBehavior [ RunTime:0.001373s ]
INFO: [ app_begin ] --END-- [ RunTime:0.001423s ]
SQL: SHOW COLUMNS FROM `t_liuyan` [ RunTime:0.0082s ]
SQL: SELECT * FROM `t_liuyan`  [ RunTime:0.0031s ]
SQL: SELECT * FROM `t_liuyan` LIMIT 0,10   [ RunTime:0.0005s ]
INFO: [ app_end ] --START--
INFO: Run Behavior\ShowPageTraceBehavior [ RunTime:0.001063s ]
INFO: [ app_end ] --END-- [ RunTime:0.001122s ]

[ 2019-03-26T20:18:14+08:00 ] 127.0.0.1 /api/admin.php/liuyan/list?page=1&limit=10
INFO: [ app_init ] --START--
INFO: Run Behavior\BuildLiteBehavior [ RunTime:0.000013s ]
INFO: [ app_init ] --END-- [ RunTime:0.000626s ]
INFO: [ app_begin ] --START--
INFO: Run Behavior\ReadHtmlCacheBehavior [ RunTime:0.000868s ]
INFO: [ app_begin ] --END-- [ RunTime:0.000922s ]
SQL: SHOW COLUMNS FROM `t_liuyan` [ RunTime:0.0092s ]
SQL: SELECT * FROM `t_liuyan`  [ RunTime:0.0033s ]
SQL: SELECT * FROM `t_liuyan` LIMIT 0,10   [ RunTime:0.0006s ]
INFO: [ app_end ] --START--
INFO: Run Behavior\ShowPageTraceBehavior [ RunTime:0.001103s ]
INFO: [ app_end ] --END-- [ RunTime:0.001158s ]

[ 2019-03-26T21:24:51+08:00 ] 127.0.0.1 /api/admin.php/order/list?page=1&limit=10
INFO: [ app_init ] --START--
INFO: Run Behavior\BuildLiteBehavior [ RunTime:0.000011s ]
INFO: [ app_init ] --END-- [ RunTime:0.001083s ]
INFO: [ app_begin ] --START--
INFO: Run Behavior\ReadHtmlCacheBehavior [ RunTime:0.001373s ]
INFO: [ app_begin ] --END-- [ RunTime:0.001446s ]
SQL: SHOW COLUMNS FROM `t_order` [ RunTime:0.0059s ]
SQL: SELECT * FROM `t_order`  [ RunTime:0.0032s ]
SQL: SELECT * FROM `t_order` LIMIT 0,10   [ RunTime:0.0005s ]
INFO: [ app_end ] --START--
INFO: Run Behavior\ShowPageTraceBehavior [ RunTime:0.002889s ]
INFO: [ app_end ] --END-- [ RunTime:0.002958s ]

[ 2019-03-26T21:24:53+08:00 ] 127.0.0.1 /api/admin.php/order/list?page=2&limit=10
INFO: [ app_init ] --START--
INFO: Run Behavior\BuildLiteBehavior [ RunTime:0.000015s ]
INFO: [ app_init ] --END-- [ RunTime:0.000614s ]
INFO: [ app_begin ] --START--
INFO: Run Behavior\ReadHtmlCacheBehavior [ RunTime:0.000731s ]
INFO: [ app_begin ] --END-- [ RunTime:0.000773s ]
SQL: SHOW COLUMNS FROM `t_order` [ RunTime:0.0041s ]
SQL: SELECT * FROM `t_order`  [ RunTime:0.0021s ]
SQL: SELECT * FROM `t_order` LIMIT 10,10   [ RunTime:0.0003s ]
INFO: [ app_end ] --START--
INFO: Run Behavior\ShowPageTraceBehavior [ RunTime:0.000803s ]
INFO: [ app_end ] --END-- [ RunTime:0.000835s ]

[ 2019-03-26T21:25:03+08:00 ] 127.0.0.1 /api/admin.php/user/getuser
INFO: [ app_init ] --START--
INFO: Run Behavior\BuildLiteBehavior [ RunTime:0.000012s ]
INFO: [ app_init ] --END-- [ RunTime:0.000544s ]
INFO: [ app_begin ] --START--
INFO: Run Behavior\ReadHtmlCacheBehavior [ RunTime:0.000530s ]
INFO: [ app_begin ] --END-- [ RunTime:0.000562s ]
SQL: SHOW COLUMNS FROM `t_user` [ RunTime:0.0052s ]
SQL: SELECT * FROM `t_user` WHERE `user_id` = 0 LIMIT 1   [ RunTime:0.0021s ]

[ 2019-03-26T21:25:16+08:00 ] 127.0.0.1 /api/admin.php/user/getuser
INFO: [ app_init ] --START--
INFO: Run Behavior\BuildLiteBehavior [ RunTime:0.000038s ]
INFO: [ app_init ] --END-- [ RunTime:0.002106s ]
INFO: [ app_begin ] --START--
INFO: Run Behavior\ReadHtmlCacheBehavior [ RunTime:0.000587s ]
INFO: [ app_begin ] --END-- [ RunTime:0.000638s ]
SQL: SHOW COLUMNS FROM `t_user` [ RunTime:0.0064s ]
SQL: SELECT * FROM `t_user` WHERE `user_id` = 1 LIMIT 1   [ RunTime:0.0025s ]

[ 2019-03-26T21:25:24+08:00 ] 127.0.0.1 /api/admin.php/order/list?page=1&limit=10
INFO: [ app_init ] --START--
INFO: Run Behavior\BuildLiteBehavior [ RunTime:0.000009s ]
INFO: [ app_init ] --END-- [ RunTime:0.000493s ]
INFO: [ app_begin ] --START--
INFO: Run Behavior\ReadHtmlCacheBehavior [ RunTime:0.000466s ]
INFO: [ app_begin ] --END-- [ RunTime:0.000485s ]
SQL: SHOW COLUMNS FROM `t_order` [ RunTime:0.0038s ]
SQL: SELECT * FROM `t_order`  [ RunTime:0.0019s ]
SQL: SELECT * FROM `t_order` LIMIT 0,10   [ RunTime:0.0003s ]
INFO: [ app_end ] --START--
INFO: Run Behavior\ShowPageTraceBehavior [ RunTime:0.000644s ]
INFO: [ app_end ] --END-- [ RunTime:0.000665s ]

[ 2019-03-26T21:25:26+08:00 ] 127.0.0.1 /api/admin.php/order/list?page=2&limit=10
INFO: [ app_init ] --START--
INFO: Run Behavior\BuildLiteBehavior [ RunTime:0.000011s ]
INFO: [ app_init ] --END-- [ RunTime:0.000575s ]
INFO: [ app_begin ] --START--
INFO: Run Behavior\ReadHtmlCacheBehavior [ RunTime:0.000731s ]
INFO: [ app_begin ] --END-- [ RunTime:0.000770s ]
SQL: SHOW COLUMNS FROM `t_order` [ RunTime:0.0048s ]
SQL: SELECT * FROM `t_order`  [ RunTime:0.0027s ]
SQL: SELECT * FROM `t_order` LIMIT 10,10   [ RunTime:0.0004s ]
INFO: [ app_end ] --START--
INFO: Run Behavior\ShowPageTraceBehavior [ RunTime:0.000956s ]
INFO: [ app_end ] --END-- [ RunTime:0.000996s ]

[ 2019-03-26T21:25:27+08:00 ] 127.0.0.1 /api/admin.php/user/getuser
INFO: [ app_init ] --START--
INFO: Run Behavior\BuildLiteBehavior [ RunTime:0.000020s ]
INFO: [ app_init ] --END-- [ RunTime:0.000922s ]
INFO: [ app_begin ] --START--
INFO: Run Behavior\ReadHtmlCacheBehavior [ RunTime:0.001122s ]
INFO: [ app_begin ] --END-- [ RunTime:0.001214s ]
SQL: SHOW COLUMNS FROM `t_user` [ RunTime:0.0092s ]
SQL: SELECT * FROM `t_user` WHERE `user_id` = 0 LIMIT 1   [ RunTime:0.0026s ]

[ 2019-03-26T21:25:35+08:00 ] 127.0.0.1 /api/admin.php/order/list?page=1&limit=10
INFO: [ app_init ] --START--
INFO: Run Behavior\BuildLiteBehavior [ RunTime:0.000063s ]
INFO: [ app_init ] --END-- [ RunTime:0.002494s ]
INFO: [ app_begin ] --START--
INFO: Run Behavior\ReadHtmlCacheBehavior [ RunTime:0.001243s ]
INFO: [ app_begin ] --END-- [ RunTime:0.001298s ]
SQL: SHOW COLUMNS FROM `t_order` [ RunTime:0.0057s ]
SQL: SELECT * FROM `t_order`  [ RunTime:0.0040s ]
SQL: SELECT * FROM `t_order` LIMIT 0,10   [ RunTime:0.0004s ]
INFO: [ app_end ] --START--
INFO: Run Behavior\ShowPageTraceBehavior [ RunTime:0.001133s ]
INFO: [ app_end ] --END-- [ RunTime:0.001173s ]

[ 2019-03-26T21:25:38+08:00 ] 127.0.0.1 /api/admin.php/order/list?page=2&limit=10
INFO: [ app_init ] --START--
INFO: Run Behavior\BuildLiteBehavior [ RunTime:0.000012s ]
INFO: [ app_init ] --END-- [ RunTime:0.000489s ]
INFO: [ app_begin ] --START--
INFO: Run Behavior\ReadHtmlCacheBehavior [ RunTime:0.000809s ]
INFO: [ app_begin ] --END-- [ RunTime:0.000857s ]
SQL: SHOW COLUMNS FROM `t_order` [ RunTime:0.0055s ]
SQL: SELECT * FROM `t_order`  [ RunTime:0.0028s ]
SQL: SELECT * FROM `t_order` LIMIT 10,10   [ RunTime:0.0004s ]
INFO: [ app_end ] --START--
INFO: Run Behavior\ShowPageTraceBehavior [ RunTime:0.001049s ]
INFO: [ app_end ] --END-- [ RunTime:0.001092s ]

[ 2019-03-26T21:25:39+08:00 ] 127.0.0.1 /api/admin.php/user/getuser
INFO: [ app_init ] --START--
INFO: Run Behavior\BuildLiteBehavior [ RunTime:0.000022s ]
INFO: [ app_init ] --END-- [ RunTime:0.000850s ]
INFO: [ app_begin ] --START--
INFO: Run Behavior\ReadHtmlCacheBehavior [ RunTime:0.001029s ]
INFO: [ app_begin ] --END-- [ RunTime:0.001092s ]
SQL: SHOW COLUMNS FROM `t_user` [ RunTime:0.0113s ]
SQL: SELECT * FROM `t_user` WHERE `user_id` = 0 LIMIT 1   [ RunTime:0.0036s ]

[ 2019-03-26T21:25:56+08:00 ] 127.0.0.1 /api/admin.php/user/getuser
INFO: [ app_init ] --START--
INFO: Run Behavior\BuildLiteBehavior [ RunTime:0.000033s ]
INFO: [ app_init ] --END-- [ RunTime:0.000852s ]
INFO: [ app_begin ] --START--
INFO: Run Behavior\ReadHtmlCacheBehavior [ RunTime:0.000801s ]
INFO: [ app_begin ] --END-- [ RunTime:0.000853s ]
SQL: SHOW COLUMNS FROM `t_user` [ RunTime:0.0074s ]
SQL: SELECT * FROM `t_user` WHERE `user_id` = 1 LIMIT 1   [ RunTime:0.0036s ]

[ 2019-03-26T21:26:06+08:00 ] 127.0.0.1 /api/admin.php/order/list?page=1&limit=10
INFO: [ app_init ] --START--
INFO: Run Behavior\BuildLiteBehavior [ RunTime:0.000012s ]
INFO: [ app_init ] --END-- [ RunTime:0.000541s ]
INFO: [ app_begin ] --START--
INFO: Run Behavior\ReadHtmlCacheBehavior [ RunTime:0.000773s ]
INFO: [ app_begin ] --END-- [ RunTime:0.000816s ]
SQL: SHOW COLUMNS FROM `t_order` [ RunTime:0.0052s ]
SQL: SELECT * FROM `t_order`  [ RunTime:0.0030s ]
SQL: SELECT * FROM `t_order` LIMIT 0,10   [ RunTime:0.0005s ]
INFO: [ app_end ] --START--
INFO: Run Behavior\ShowPageTraceBehavior [ RunTime:0.001027s ]
INFO: [ app_end ] --END-- [ RunTime:0.001062s ]

[ 2019-03-26T21:26:25+08:00 ] 127.0.0.1 /api/admin.php/order/list?page=2&limit=10
INFO: [ app_init ] --START--
INFO: Run Behavior\BuildLiteBehavior [ RunTime:0.000014s ]
INFO: [ app_init ] --END-- [ RunTime:0.000626s ]
INFO: [ app_begin ] --START--
INFO: Run Behavior\ReadHtmlCacheBehavior [ RunTime:0.000911s ]
INFO: [ app_begin ] --END-- [ RunTime:0.000969s ]
SQL: SHOW COLUMNS FROM `t_order` [ RunTime:0.0067s ]
SQL: SELECT * FROM `t_order`  [ RunTime:0.0030s ]
SQL: SELECT * FROM `t_order` LIMIT 10,10   [ RunTime:0.0007s ]
INFO: [ app_end ] --START--
INFO: Run Behavior\ShowPageTraceBehavior [ RunTime:0.001171s ]
INFO: [ app_end ] --END-- [ RunTime:0.001227s ]

[ 2019-03-26T21:28:56+08:00 ] 127.0.0.1 /api/admin.php/order/list?page=1&limit=10
INFO: [ app_init ] --START--
INFO: Run Behavior\BuildLiteBehavior [ RunTime:0.000014s ]
INFO: [ app_init ] --END-- [ RunTime:0.001206s ]
INFO: [ app_begin ] --START--
INFO: Run Behavior\ReadHtmlCacheBehavior [ RunTime:0.000984s ]
INFO: [ app_begin ] --END-- [ RunTime:0.001038s ]
SQL: SHOW COLUMNS FROM `t_order` [ RunTime:0.0064s ]
SQL: SELECT * FROM `t_order`  [ RunTime:0.0029s ]
SQL: SELECT * FROM `t_order` LIMIT 0,10   [ RunTime:0.0004s ]
INFO: [ app_end ] --START--
INFO: Run Behavior\ShowPageTraceBehavior [ RunTime:0.002716s ]
INFO: [ app_end ] --END-- [ RunTime:0.002807s ]

[ 2019-03-26T21:28:58+08:00 ] 127.0.0.1 /api/admin.php/order/list?page=2&limit=10
INFO: [ app_init ] --START--
INFO: Run Behavior\BuildLiteBehavior [ RunTime:0.000012s ]
INFO: [ app_init ] --END-- [ RunTime:0.000472s ]
INFO: [ app_begin ] --START--
INFO: Run Behavior\ReadHtmlCacheBehavior [ RunTime:0.000991s ]
INFO: [ app_begin ] --END-- [ RunTime:0.001080s ]
SQL: SHOW COLUMNS FROM `t_order` [ RunTime:0.0061s ]
SQL: SELECT * FROM `t_order`  [ RunTime:0.0030s ]
SQL: SELECT * FROM `t_order` LIMIT 10,10   [ RunTime:0.0005s ]
INFO: [ app_end ] --START--
INFO: Run Behavior\ShowPageTraceBehavior [ RunTime:0.001250s ]
INFO: [ app_end ] --END-- [ RunTime:0.001319s ]

[ 2019-03-26T21:31:21+08:00 ] 127.0.0.1 /api/admin.php/order/list?page=1&limit=10
INFO: [ app_init ] --START--
INFO: Run Behavior\BuildLiteBehavior [ RunTime:0.000018s ]
INFO: [ app_init ] --END-- [ RunTime:0.000846s ]
INFO: [ app_begin ] --START--
INFO: Run Behavior\ReadHtmlCacheBehavior [ RunTime:0.004615s ]
INFO: [ app_begin ] --END-- [ RunTime:0.004898s ]
SQL: SHOW COLUMNS FROM `t_order` [ RunTime:0.0104s ]
SQL: SELECT * FROM `t_order`  [ RunTime:0.0034s ]
SQL: SELECT * FROM `t_order` LIMIT 0,10   [ RunTime:0.0006s ]
INFO: [ app_end ] --START--
INFO: Run Behavior\ShowPageTraceBehavior [ RunTime:0.001379s ]
INFO: [ app_end ] --END-- [ RunTime:0.001431s ]

[ 2019-03-26T21:31:23+08:00 ] 127.0.0.1 /api/admin.php/order/list?page=2&limit=10
INFO: [ app_init ] --START--
INFO: Run Behavior\BuildLiteBehavior [ RunTime:0.000009s ]
INFO: [ app_init ] --END-- [ RunTime:0.000371s ]
INFO: [ app_begin ] --START--
INFO: Run Behavior\ReadHtmlCacheBehavior [ RunTime:0.000425s ]
INFO: [ app_begin ] --END-- [ RunTime:0.000445s ]
SQL: SHOW COLUMNS FROM `t_order` [ RunTime:0.0059s ]
SQL: SELECT * FROM `t_order`  [ RunTime:0.0024s ]
SQL: SELECT * FROM `t_order` LIMIT 10,10   [ RunTime:0.0003s ]
INFO: [ app_end ] --START--
INFO: Run Behavior\ShowPageTraceBehavior [ RunTime:0.000883s ]
INFO: [ app_end ] --END-- [ RunTime:0.000935s ]

[ 2019-03-26T21:31:27+08:00 ] 127.0.0.1 /api/admin.php/order/list?page=1&limit=60
INFO: [ app_init ] --START--
INFO: Run Behavior\BuildLiteBehavior [ RunTime:0.000008s ]
INFO: [ app_init ] --END-- [ RunTime:0.000362s ]
INFO: [ app_begin ] --START--
INFO: Run Behavior\ReadHtmlCacheBehavior [ RunTime:0.001034s ]
INFO: [ app_begin ] --END-- [ RunTime:0.001078s ]
SQL: SHOW COLUMNS FROM `t_order` [ RunTime:0.0047s ]
SQL: SELECT * FROM `t_order`  [ RunTime:0.0021s ]
SQL: SELECT * FROM `t_order` LIMIT 0,60   [ RunTime:0.0004s ]
INFO: [ app_end ] --START--
INFO: Run Behavior\ShowPageTraceBehavior [ RunTime:0.002754s ]
INFO: [ app_end ] --END-- [ RunTime:0.002801s ]

[ 2019-03-26T21:31:47+08:00 ] 127.0.0.1 /api/admin.php/user/getuser
INFO: [ app_init ] --START--
INFO: Run Behavior\BuildLiteBehavior [ RunTime:0.000015s ]
INFO: [ app_init ] --END-- [ RunTime:0.000705s ]
INFO: [ app_begin ] --START--
INFO: Run Behavior\ReadHtmlCacheBehavior [ RunTime:0.000843s ]
INFO: [ app_begin ] --END-- [ RunTime:0.000898s ]
SQL: SHOW COLUMNS FROM `t_user` [ RunTime:0.0066s ]
SQL: SELECT * FROM `t_user` WHERE `user_id` = 1 LIMIT 1   [ RunTime:0.0023s ]

[ 2019-03-26T21:31:49+08:00 ] 127.0.0.1 /api/admin.php/user/getuser
INFO: [ app_init ] --START--
INFO: Run Behavior\BuildLiteBehavior [ RunTime:0.000019s ]
INFO: [ app_init ] --END-- [ RunTime:0.000772s ]
INFO: [ app_begin ] --START--
INFO: Run Behavior\ReadHtmlCacheBehavior [ RunTime:0.000900s ]
INFO: [ app_begin ] --END-- [ RunTime:0.000952s ]
SQL: SHOW COLUMNS FROM `t_user` [ RunTime:0.0069s ]
SQL: SELECT * FROM `t_user` WHERE `user_id` = 1 LIMIT 1   [ RunTime:0.0028s ]

[ 2019-03-26T21:31:51+08:00 ] 127.0.0.1 /api/admin.php/user/getuser
INFO: [ app_init ] --START--
INFO: Run Behavior\BuildLiteBehavior [ RunTime:0.000012s ]
INFO: [ app_init ] --END-- [ RunTime:0.000572s ]
INFO: [ app_begin ] --START--
INFO: Run Behavior\ReadHtmlCacheBehavior [ RunTime:0.000753s ]
INFO: [ app_begin ] --END-- [ RunTime:0.000802s ]
SQL: SHOW COLUMNS FROM `t_user` [ RunTime:0.0085s ]
SQL: SELECT * FROM `t_user` WHERE `user_id` = 1 LIMIT 1   [ RunTime:0.0033s ]

[ 2019-03-26T21:47:28+08:00 ] 127.0.0.1 /api/admin.php/information/list?page=1&limit=10
INFO: [ app_init ] --START--
INFO: Run Behavior\BuildLiteBehavior [ RunTime:0.000020s ]
INFO: [ app_init ] --END-- [ RunTime:0.002518s ]
INFO: [ app_begin ] --START--
INFO: Run Behavior\ReadHtmlCacheBehavior [ RunTime:0.001127s ]
INFO: [ app_begin ] --END-- [ RunTime:0.001172s ]
SQL: SHOW COLUMNS FROM `t_information` [ RunTime:0.0076s ]
SQL: SELECT * FROM `t_information`  [ RunTime:0.0046s ]
SQL: SELECT * FROM `t_information` LIMIT 0,10   [ RunTime:0.0005s ]

[ 2019-03-26T21:47:30+08:00 ] 127.0.0.1 /api/admin.php/good/sort
INFO: [ app_init ] --START--
INFO: Run Behavior\BuildLiteBehavior [ RunTime:0.000010s ]
INFO: [ app_init ] --END-- [ RunTime:0.000452s ]
INFO: [ app_begin ] --START--
INFO: Run Behavior\ReadHtmlCacheBehavior [ RunTime:0.000864s ]
INFO: [ app_begin ] --END-- [ RunTime:0.000930s ]
SQL: SHOW COLUMNS FROM `t_catelog` [ RunTime:0.0068s ]
SQL: SELECT * FROM `t_catelog` WHERE `catelog_del` = 'no'  [ RunTime:0.0028s ]

[ 2019-03-26T21:47:31+08:00 ] 127.0.0.1 /api/admin.php/order/list?page=1&limit=10
INFO: [ app_init ] --START--
INFO: Run Behavior\BuildLiteBehavior [ RunTime:0.000016s ]
INFO: [ app_init ] --END-- [ RunTime:0.000679s ]
INFO: [ app_begin ] --START--
INFO: Run Behavior\ReadHtmlCacheBehavior [ RunTime:0.000970s ]
INFO: [ app_begin ] --END-- [ RunTime:0.001017s ]
SQL: SHOW COLUMNS FROM `t_order` [ RunTime:0.0061s ]
SQL: SELECT * FROM `t_order`  [ RunTime:0.0039s ]
SQL: SELECT * FROM `t_order` LIMIT 0,10   [ RunTime:0.0009s ]
INFO: [ app_end ] --START--
INFO: Run Behavior\ShowPageTraceBehavior [ RunTime:0.002397s ]
INFO: [ app_end ] --END-- [ RunTime:0.002454s ]

[ 2019-03-26T21:47:33+08:00 ] 127.0.0.1 /api/admin.php/order/list?page=2&limit=10
INFO: [ app_init ] --START--
INFO: Run Behavior\BuildLiteBehavior [ RunTime:0.000017s ]
INFO: [ app_init ] --END-- [ RunTime:0.000455s ]
INFO: [ app_begin ] --START--
INFO: Run Behavior\ReadHtmlCacheBehavior [ RunTime:0.000912s ]
INFO: [ app_begin ] --END-- [ RunTime:0.000976s ]
SQL: SHOW COLUMNS FROM `t_order` [ RunTime:0.0054s ]
SQL: SELECT * FROM `t_order`  [ RunTime:0.0031s ]
SQL: SELECT * FROM `t_order` LIMIT 10,10   [ RunTime:0.0005s ]
INFO: [ app_end ] --START--
INFO: Run Behavior\ShowPageTraceBehavior [ RunTime:0.001193s ]
INFO: [ app_end ] --END-- [ RunTime:0.001245s ]

[ 2019-03-26T21:47:36+08:00 ] 127.0.0.1 /api/admin.php/order/del
INFO: [ app_init ] --START--
INFO: Run Behavior\BuildLiteBehavior [ RunTime:0.000014s ]
INFO: [ app_init ] --END-- [ RunTime:0.000536s ]
INFO: [ app_begin ] --START--
INFO: Run Behavior\ReadHtmlCacheBehavior [ RunTime:0.000767s ]
INFO: [ app_begin ] --END-- [ RunTime:0.000816s ]
ERR: 非法操作:del

[ 2019-03-26T21:47:37+08:00 ] 127.0.0.1 /api/admin.php/order/del
INFO: [ app_init ] --START--
INFO: Run Behavior\BuildLiteBehavior [ RunTime:0.000008s ]
INFO: [ app_init ] --END-- [ RunTime:0.000363s ]
INFO: [ app_begin ] --START--
INFO: Run Behavior\ReadHtmlCacheBehavior [ RunTime:0.000510s ]
INFO: [ app_begin ] --END-- [ RunTime:0.000531s ]
ERR: 非法操作:del

[ 2019-03-26T21:47:38+08:00 ] 127.0.0.1 /api/admin.php/order/del
INFO: [ app_init ] --START--
INFO: Run Behavior\BuildLiteBehavior [ RunTime:0.000008s ]
INFO: [ app_init ] --END-- [ RunTime:0.000311s ]
INFO: [ app_begin ] --START--
INFO: Run Behavior\ReadHtmlCacheBehavior [ RunTime:0.000409s ]
INFO: [ app_begin ] --END-- [ RunTime:0.000441s ]
ERR: 非法操作:del

[ 2019-03-26T21:47:39+08:00 ] 127.0.0.1 /api/admin.php/order/del
INFO: [ app_init ] --START--
INFO: Run Behavior\BuildLiteBehavior [ RunTime:0.000008s ]
INFO: [ app_init ] --END-- [ RunTime:0.000350s ]
INFO: [ app_begin ] --START--
INFO: Run Behavior\ReadHtmlCacheBehavior [ RunTime:0.000404s ]
INFO: [ app_begin ] --END-- [ RunTime:0.000423s ]
ERR: 非法操作:del

[ 2019-03-26T21:47:39+08:00 ] 127.0.0.1 /api/admin.php/order/del
INFO: [ app_init ] --START--
INFO: Run Behavior\BuildLiteBehavior [ RunTime:0.000012s ]
INFO: [ app_init ] --END-- [ RunTime:0.000528s ]
INFO: [ app_begin ] --START--
INFO: Run Behavior\ReadHtmlCacheBehavior [ RunTime:0.000701s ]
INFO: [ app_begin ] --END-- [ RunTime:0.000749s ]
ERR: 非法操作:del

[ 2019-03-26T21:47:53+08:00 ] 127.0.0.1 /api/admin.php/order/list?page=1&limit=10
INFO: [ app_init ] --START--
INFO: Run Behavior\BuildLiteBehavior [ RunTime:0.000012s ]
INFO: [ app_init ] --END-- [ RunTime:0.000640s ]
INFO: [ app_begin ] --START--
INFO: Run Behavior\ReadHtmlCacheBehavior [ RunTime:0.001056s ]
INFO: [ app_begin ] --END-- [ RunTime:0.001108s ]
SQL: SHOW COLUMNS FROM `t_order` [ RunTime:0.0056s ]
SQL: SELECT * FROM `t_order`  [ RunTime:0.0025s ]
SQL: SELECT * FROM `t_order` LIMIT 0,10   [ RunTime:0.0005s ]
INFO: [ app_end ] --START--
INFO: Run Behavior\ShowPageTraceBehavior [ RunTime:0.001044s ]
INFO: [ app_end ] --END-- [ RunTime:0.001098s ]

[ 2019-03-26T21:47:55+08:00 ] 127.0.0.1 /api/admin.php/order/list?page=2&limit=10
INFO: [ app_init ] --START--
INFO: Run Behavior\BuildLiteBehavior [ RunTime:0.000011s ]
INFO: [ app_init ] --END-- [ RunTime:0.000519s ]
INFO: [ app_begin ] --START--
INFO: Run Behavior\ReadHtmlCacheBehavior [ RunTime:0.000482s ]
INFO: [ app_begin ] --END-- [ RunTime:0.000508s ]
SQL: SHOW COLUMNS FROM `t_order` [ RunTime:0.0061s ]
SQL: SELECT * FROM `t_order`  [ RunTime:0.0033s ]
SQL: SELECT * FROM `t_order` LIMIT 10,10   [ RunTime:0.0005s ]
INFO: [ app_end ] --START--
INFO: Run Behavior\ShowPageTraceBehavior [ RunTime:0.002669s ]
INFO: [ app_end ] --END-- [ RunTime:0.002743s ]

[ 2019-03-26T21:47:58+08:00 ] 127.0.0.1 /api/admin.php/order/del
INFO: [ app_init ] --START--
INFO: Run Behavior\BuildLiteBehavior [ RunTime:0.000010s ]
INFO: [ app_init ] --END-- [ RunTime:0.000417s ]
INFO: [ app_begin ] --START--
INFO: Run Behavior\ReadHtmlCacheBehavior [ RunTime:0.000744s ]
INFO: [ app_begin ] --END-- [ RunTime:0.000787s ]
ERR: 非法操作:del

[ 2019-03-26T21:47:59+08:00 ] 127.0.0.1 /api/admin.php/order/del
INFO: [ app_init ] --START--
INFO: Run Behavior\BuildLiteBehavior [ RunTime:0.000007s ]
INFO: [ app_init ] --END-- [ RunTime:0.000320s ]
INFO: [ app_begin ] --START--
INFO: Run Behavior\ReadHtmlCacheBehavior [ RunTime:0.000457s ]
INFO: [ app_begin ] --END-- [ RunTime:0.000490s ]
ERR: 非法操作:del

[ 2019-03-26T21:48:00+08:00 ] 127.0.0.1 /api/admin.php/order/list?page=1&limit=10
INFO: [ app_init ] --START--
INFO: Run Behavior\BuildLiteBehavior [ RunTime:0.000017s ]
INFO: [ app_init ] --END-- [ RunTime:0.000679s ]
INFO: [ app_begin ] --START--
INFO: Run Behavior\ReadHtmlCacheBehavior [ RunTime:0.000765s ]
INFO: [ app_begin ] --END-- [ RunTime:0.000811s ]
SQL: SHOW COLUMNS FROM `t_order` [ RunTime:0.0069s ]
SQL: SELECT * FROM `t_order`  [ RunTime:0.0021s ]
SQL: SELECT * FROM `t_order` LIMIT 0,10   [ RunTime:0.0006s ]
INFO: [ app_end ] --START--
INFO: Run Behavior\ShowPageTraceBehavior [ RunTime:0.001184s ]
INFO: [ app_end ] --END-- [ RunTime:0.001246s ]

[ 2019-03-26T21:52:35+08:00 ] 127.0.0.1 /api/admin.php/information/list?page=1&limit=10
INFO: [ app_init ] --START--
INFO: Run Behavior\BuildLiteBehavior [ RunTime:0.000020s ]
INFO: [ app_init ] --END-- [ RunTime:0.004560s ]
INFO: [ app_begin ] --START--
INFO: Run Behavior\ReadHtmlCacheBehavior [ RunTime:0.002884s ]
INFO: [ app_begin ] --END-- [ RunTime:0.002951s ]
SQL: SHOW COLUMNS FROM `t_information` [ RunTime:0.0062s ]
SQL: SELECT * FROM `t_information`  [ RunTime:0.0026s ]
SQL: SELECT * FROM `t_information` LIMIT 0,10   [ RunTime:0.0004s ]

[ 2019-03-26T21:52:37+08:00 ] 127.0.0.1 /api/admin.php/order/list?page=1&limit=10
INFO: [ app_init ] --START--
INFO: Run Behavior\BuildLiteBehavior [ RunTime:0.000040s ]
INFO: [ app_init ] --END-- [ RunTime:0.000683s ]
INFO: [ app_begin ] --START--
INFO: Run Behavior\ReadHtmlCacheBehavior [ RunTime:0.000819s ]
INFO: [ app_begin ] --END-- [ RunTime:0.000889s ]
SQL: SHOW COLUMNS FROM `t_order` [ RunTime:0.0068s ]
SQL: SELECT * FROM `t_order`  [ RunTime:0.0027s ]
SQL: SELECT * FROM `t_order` LIMIT 0,10   [ RunTime:0.0006s ]
INFO: [ app_end ] --START--
INFO: Run Behavior\ShowPageTraceBehavior [ RunTime:0.001771s ]
INFO: [ app_end ] --END-- [ RunTime:0.001833s ]

[ 2019-03-26T21:52:38+08:00 ] 127.0.0.1 /api/admin.php/order/list?page=2&limit=10
INFO: [ app_init ] --START--
INFO: Run Behavior\BuildLiteBehavior [ RunTime:0.000014s ]
INFO: [ app_init ] --END-- [ RunTime:0.000580s ]
INFO: [ app_begin ] --START--
INFO: Run Behavior\ReadHtmlCacheBehavior [ RunTime:0.000965s ]
INFO: [ app_begin ] --END-- [ RunTime:0.001024s ]
SQL: SHOW COLUMNS FROM `t_order` [ RunTime:0.0053s ]
SQL: SELECT * FROM `t_order`  [ RunTime:0.0032s ]
SQL: SELECT * FROM `t_order` LIMIT 10,10   [ RunTime:0.0005s ]
INFO: [ app_end ] --START--
INFO: Run Behavior\ShowPageTraceBehavior [ RunTime:0.001114s ]
INFO: [ app_end ] --END-- [ RunTime:0.001169s ]

[ 2019-03-26T21:55:35+08:00 ] 127.0.0.1 /api/admin.php/user/list?page=1&limit=5
INFO: [ app_init ] --START--
INFO: Run Behavior\BuildLiteBehavior [ RunTime:0.000016s ]
INFO: [ app_init ] --END-- [ RunTime:0.001702s ]
INFO: [ app_begin ] --START--
INFO: Run Behavior\ReadHtmlCacheBehavior [ RunTime:0.002422s ]
INFO: [ app_begin ] --END-- [ RunTime:0.002504s ]
SQL: SHOW COLUMNS FROM `t_user` [ RunTime:0.0135s ]
SQL: SELECT * FROM `t_user` WHERE `user_del` = 'no'  [ RunTime:0.0020s ]
SQL: SELECT * FROM `t_user` WHERE `user_del` = 'no' LIMIT 0,5   [ RunTime:0.0008s ]

[ 2019-03-26T21:55:39+08:00 ] 127.0.0.1 /api/admin.php/user/list?page=2&limit=5
INFO: [ app_init ] --START--
INFO: Run Behavior\BuildLiteBehavior [ RunTime:0.000011s ]
INFO: [ app_init ] --END-- [ RunTime:0.000552s ]
INFO: [ app_begin ] --START--
INFO: Run Behavior\ReadHtmlCacheBehavior [ RunTime:0.000454s ]
INFO: [ app_begin ] --END-- [ RunTime:0.000480s ]
SQL: SHOW COLUMNS FROM `t_user` [ RunTime:0.0042s ]
SQL: SELECT * FROM `t_user` WHERE `user_del` = 'no'  [ RunTime:0.0020s ]
SQL: SELECT * FROM `t_user` WHERE `user_del` = 'no' LIMIT 5,5   [ RunTime:0.0004s ]

[ 2019-03-26T21:58:16+08:00 ] 127.0.0.1 /api/admin.php/order/list?page=1&limit=10
INFO: [ app_init ] --START--
INFO: Run Behavior\BuildLiteBehavior [ RunTime:0.000017s ]
INFO: [ app_init ] --END-- [ RunTime:0.001050s ]
INFO: [ app_begin ] --START--
INFO: Run Behavior\ReadHtmlCacheBehavior [ RunTime:0.002309s ]
INFO: [ app_begin ] --END-- [ RunTime:0.002400s ]
SQL: SHOW COLUMNS FROM `t_order` [ RunTime:0.0082s ]
SQL: SELECT * FROM `t_order`  [ RunTime:0.0035s ]
SQL: SELECT * FROM `t_order` LIMIT 0,10   [ RunTime:0.0007s ]
INFO: [ app_end ] --START--
INFO: Run Behavior\ShowPageTraceBehavior [ RunTime:0.001939s ]
INFO: [ app_end ] --END-- [ RunTime:0.001998s ]

[ 2019-03-26T21:58:17+08:00 ] 127.0.0.1 /api/admin.php/order/list?page=2&limit=10
INFO: [ app_init ] --START--
INFO: Run Behavior\BuildLiteBehavior [ RunTime:0.000015s ]
INFO: [ app_init ] --END-- [ RunTime:0.000476s ]
INFO: [ app_begin ] --START--
INFO: Run Behavior\ReadHtmlCacheBehavior [ RunTime:0.000833s ]
INFO: [ app_begin ] --END-- [ RunTime:0.000880s ]
SQL: SHOW COLUMNS FROM `t_order` [ RunTime:0.0042s ]
SQL: SELECT * FROM `t_order`  [ RunTime:0.0017s ]
SQL: SELECT * FROM `t_order` LIMIT 10,10   [ RunTime:0.0003s ]
INFO: [ app_end ] --START--
INFO: Run Behavior\ShowPageTraceBehavior [ RunTime:0.000674s ]
INFO: [ app_end ] --END-- [ RunTime:0.000694s ]

[ 2019-03-26T21:58:23+08:00 ] 127.0.0.1 /api/admin.php/order/modify
INFO: [ app_init ] --START--
INFO: Run Behavior\BuildLiteBehavior [ RunTime:0.000013s ]
INFO: [ app_init ] --END-- [ RunTime:0.000505s ]
INFO: [ app_begin ] --START--
INFO: Run Behavior\ReadHtmlCacheBehavior [ RunTime:0.000534s ]
INFO: [ app_begin ] --END-- [ RunTime:0.000559s ]
SQL: SHOW COLUMNS FROM `t_order` [ RunTime:0.0058s ]
SQL: UPDATE `t_order` SET `order_zhuangtai`='yes' WHERE `order_id` = 14 [ RunTime:0.0063s ]
INFO: [ app_end ] --START--
INFO: Run Behavior\ShowPageTraceBehavior [ RunTime:0.000973s ]
INFO: [ app_end ] --END-- [ RunTime:0.001021s ]

[ 2019-03-26T21:58:24+08:00 ] 127.0.0.1 /api/admin.php/order/list?page=1&limit=10
INFO: [ app_init ] --START--
INFO: Run Behavior\BuildLiteBehavior [ RunTime:0.000015s ]
INFO: [ app_init ] --END-- [ RunTime:0.000674s ]
INFO: [ app_begin ] --START--
INFO: Run Behavior\ReadHtmlCacheBehavior [ RunTime:0.000920s ]
INFO: [ app_begin ] --END-- [ RunTime:0.000978s ]
SQL: SHOW COLUMNS FROM `t_order` [ RunTime:0.0059s ]
SQL: SELECT * FROM `t_order`  [ RunTime:0.0028s ]
SQL: SELECT * FROM `t_order` LIMIT 0,10   [ RunTime:0.0007s ]
INFO: [ app_end ] --START--
INFO: Run Behavior\ShowPageTraceBehavior [ RunTime:0.000959s ]
INFO: [ app_end ] --END-- [ RunTime:0.001009s ]

[ 2019-03-26T21:58:26+08:00 ] 127.0.0.1 /api/admin.php/order/list?page=2&limit=10
INFO: [ app_init ] --START--
INFO: Run Behavior\BuildLiteBehavior [ RunTime:0.000015s ]
INFO: [ app_init ] --END-- [ RunTime:0.000583s ]
INFO: [ app_begin ] --START--
INFO: Run Behavior\ReadHtmlCacheBehavior [ RunTime:0.000841s ]
INFO: [ app_begin ] --END-- [ RunTime:0.000887s ]
SQL: SHOW COLUMNS FROM `t_order` [ RunTime:0.0054s ]
SQL: SELECT * FROM `t_order`  [ RunTime:0.0020s ]
SQL: SELECT * FROM `t_order` LIMIT 10,10   [ RunTime:0.0003s ]
INFO: [ app_end ] --START--
INFO: Run Behavior\ShowPageTraceBehavior [ RunTime:0.000639s ]
INFO: [ app_end ] --END-- [ RunTime:0.000658s ]

[ 2019-03-26T22:10:54+08:00 ] 127.0.0.1 /api/admin.php/cate/list?page=1&limit=10
INFO: [ app_init ] --START--
INFO: Run Behavior\BuildLiteBehavior [ RunTime:0.000021s ]
INFO: [ app_init ] --END-- [ RunTime:0.001544s ]
INFO: [ app_begin ] --START--
INFO: Run Behavior\ReadHtmlCacheBehavior [ RunTime:0.001520s ]
INFO: [ app_begin ] --END-- [ RunTime:0.001580s ]
SQL: SHOW COLUMNS FROM `t_catelog` [ RunTime:0.0066s ]
SQL: SELECT * FROM `t_catelog` WHERE `catelog_del` = 'no'  [ RunTime:0.0026s ]
SQL: SELECT * FROM `t_catelog` WHERE `catelog_del` = 'no' LIMIT 0,10   [ RunTime:0.0005s ]
INFO: [ app_end ] --START--
INFO: Run Behavior\ShowPageTraceBehavior [ RunTime:0.001819s ]
INFO: [ app_end ] --END-- [ RunTime:0.001874s ]

[ 2019-03-26T23:15:11+08:00 ] 127.0.0.1 /api/admin.php/data/sales
INFO: [ app_init ] --START--
INFO: Run Behavior\BuildLiteBehavior [ RunTime:0.000020s ]
INFO: [ app_init ] --END-- [ RunTime:0.001236s ]
INFO: [ app_begin ] --START--
INFO: Run Behavior\ReadHtmlCacheBehavior [ RunTime:0.001518s ]
INFO: [ app_begin ] --END-- [ RunTime:0.001578s ]
SQL: SHOW COLUMNS FROM `t_sales` [ RunTime:0.0088s ]
SQL: SELECT * FROM `t_sales`  [ RunTime:0.0037s ]

[ 2019-03-26T23:19:53+08:00 ] 127.0.0.1 /api/admin.php/data/sales
INFO: [ app_init ] --START--
INFO: Run Behavior\BuildLiteBehavior [ RunTime:0.000021s ]
INFO: [ app_init ] --END-- [ RunTime:0.004167s ]
INFO: [ app_begin ] --START--
INFO: Run Behavior\ReadHtmlCacheBehavior [ RunTime:0.001852s ]
INFO: [ app_begin ] --END-- [ RunTime:0.001919s ]
SQL: SHOW COLUMNS FROM `t_sales` [ RunTime:0.0086s ]
SQL: SHOW COLUMNS FROM `t_catelog` [ RunTime:0.0108s ]
SQL: SELECT * FROM `t_catelog` WHERE `catelog_del` = 'no'  [ RunTime:0.0040s ]

