[ 2019-03-16T13:14:38+08:00 ] 127.0.0.1 /api/admin.php/login
INFO: [ app_init ] --START--
INFO: Run Behavior\BuildLiteBehavior [ RunTime:0.000025s ]
INFO: [ app_init ] --END-- [ RunTime:0.000587s ]
INFO: [ app_begin ] --START--
INFO: Run Behavior\ReadHtmlCacheBehavior [ RunTime:0.001558s ]
INFO: [ app_begin ] --END-- [ RunTime:0.001675s ]
SQL: SHOW COLUMNS FROM `t_admin` [ RunTime:0.0083s ]
SQL: SELECT * FROM `t_admin` WHERE `userName` = 'admin' AND `userPw` = 'admin' LIMIT 1   [ RunTime:0.0035s ]

[ 2019-03-16T13:14:56+08:00 ] 127.0.0.1 /api/admin.php/good/list?page=1&limit=10
INFO: [ app_init ] --START--
INFO: Run Behavior\BuildLiteBehavior [ RunTime:0.000017s ]
INFO: [ app_init ] --END-- [ RunTime:0.000575s ]
INFO: [ app_begin ] --START--
INFO: Run Behavior\ReadHtmlCacheBehavior [ RunTime:0.000946s ]
INFO: [ app_begin ] --END-- [ RunTime:0.001001s ]
SQL: SHOW COLUMNS FROM `t_goods` [ RunTime:0.0046s ]
SQL: SHOW COLUMNS FROM `t_catelog` [ RunTime:0.0062s ]
SQL: SELECT * FROM `t_catelog`  [ RunTime:0.0045s ]
SQL: SELECT * FROM `t_goods`  [ RunTime:0.0007s ]
SQL: SELECT * FROM `t_goods` LIMIT 0,10   [ RunTime:0.0006s ]
INFO: [ app_end ] --START--
INFO: Run Behavior\ShowPageTraceBehavior [ RunTime:0.003976s ]
INFO: [ app_end ] --END-- [ RunTime:0.004072s ]

[ 2019-03-16T13:14:57+08:00 ] 127.0.0.1 /api/admin.php/good/sort
INFO: [ app_init ] --START--
INFO: Run Behavior\BuildLiteBehavior [ RunTime:0.000016s ]
INFO: [ app_init ] --END-- [ RunTime:0.000631s ]
INFO: [ app_begin ] --START--
INFO: Run Behavior\ReadHtmlCacheBehavior [ RunTime:0.000752s ]
INFO: [ app_begin ] --END-- [ RunTime:0.000793s ]
SQL: SHOW COLUMNS FROM `t_catelog` [ RunTime:0.0087s ]
SQL: SELECT * FROM `t_catelog` WHERE `catelog_del` = 'no'  [ RunTime:0.0015s ]

[ 2019-03-16T13:14:58+08:00 ] 127.0.0.1 /api/admin.php/good/sort
INFO: [ app_init ] --START--
INFO: Run Behavior\BuildLiteBehavior [ RunTime:0.000016s ]
INFO: [ app_init ] --END-- [ RunTime:0.000590s ]
INFO: [ app_begin ] --START--
INFO: Run Behavior\ReadHtmlCacheBehavior [ RunTime:0.000799s ]
INFO: [ app_begin ] --END-- [ RunTime:0.000846s ]
SQL: SHOW COLUMNS FROM `t_catelog` [ RunTime:0.0061s ]
SQL: SELECT * FROM `t_catelog` WHERE `catelog_del` = 'no'  [ RunTime:0.0029s ]

[ 2019-03-16T13:15:00+08:00 ] 127.0.0.1 /api/admin.php/liuyan/list?page=1&limit=10
INFO: [ app_init ] --START--
INFO: Run Behavior\BuildLiteBehavior [ RunTime:0.000015s ]
INFO: [ app_init ] --END-- [ RunTime:0.000496s ]
INFO: [ app_begin ] --START--
INFO: Run Behavior\ReadHtmlCacheBehavior [ RunTime:0.000795s ]
INFO: [ app_begin ] --END-- [ RunTime:0.000838s ]
SQL: SHOW COLUMNS FROM `t_liuyan` [ RunTime:0.0064s ]
SQL: SELECT * FROM `t_liuyan`  [ RunTime:0.0031s ]
SQL: SELECT * FROM `t_liuyan` LIMIT 0,10   [ RunTime:0.0006s ]
INFO: [ app_end ] --START--
INFO: Run Behavior\ShowPageTraceBehavior [ RunTime:0.001150s ]
INFO: [ app_end ] --END-- [ RunTime:0.001224s ]

[ 2019-03-16T13:28:01+08:00 ] 127.0.0.1 /api/admin.php/liuyan/list?page=1&limit=10
INFO: [ app_init ] --START--
INFO: Run Behavior\BuildLiteBehavior [ RunTime:0.000019s ]
INFO: [ app_init ] --END-- [ RunTime:0.003261s ]
INFO: [ app_begin ] --START--
INFO: Run Behavior\ReadHtmlCacheBehavior [ RunTime:0.002913s ]
INFO: [ app_begin ] --END-- [ RunTime:0.002974s ]
SQL: SHOW COLUMNS FROM `t_liuyan` [ RunTime:0.0120s ]
SQL: SELECT * FROM `t_liuyan`  [ RunTime:0.0033s ]
SQL: SELECT * FROM `t_liuyan` LIMIT 0,10   [ RunTime:0.0004s ]
INFO: [ app_end ] --START--
INFO: Run Behavior\ShowPageTraceBehavior [ RunTime:0.001553s ]
INFO: [ app_end ] --END-- [ RunTime:0.001611s ]

[ 2019-03-16T13:28:05+08:00 ] 127.0.0.1 /api/admin.php/liuyan/list?page=1&limit=10
INFO: [ app_init ] --START--
INFO: Run Behavior\BuildLiteBehavior [ RunTime:0.000015s ]
INFO: [ app_init ] --END-- [ RunTime:0.000630s ]
INFO: [ app_begin ] --START--
INFO: Run Behavior\ReadHtmlCacheBehavior [ RunTime:0.001991s ]
INFO: [ app_begin ] --END-- [ RunTime:0.002059s ]
SQL: SHOW COLUMNS FROM `t_liuyan` [ RunTime:0.0061s ]
SQL: SELECT * FROM `t_liuyan`  [ RunTime:0.0052s ]
SQL: SELECT * FROM `t_liuyan` LIMIT 0,10   [ RunTime:0.0010s ]
INFO: [ app_end ] --START--
INFO: Run Behavior\ShowPageTraceBehavior [ RunTime:0.001088s ]
INFO: [ app_end ] --END-- [ RunTime:0.001169s ]

[ 2019-03-16T13:28:17+08:00 ] 127.0.0.1 /api/admin.php/liuyan/list?page=1&limit=10
INFO: [ app_init ] --START--
INFO: Run Behavior\BuildLiteBehavior [ RunTime:0.000017s ]
INFO: [ app_init ] --END-- [ RunTime:0.000840s ]
INFO: [ app_begin ] --START--
INFO: Run Behavior\ReadHtmlCacheBehavior [ RunTime:0.000953s ]
INFO: [ app_begin ] --END-- [ RunTime:0.001011s ]
SQL: SHOW COLUMNS FROM `t_liuyan` [ RunTime:0.0058s ]
SQL: SELECT * FROM `t_liuyan`  [ RunTime:0.0043s ]
SQL: SELECT * FROM `t_liuyan` LIMIT 0,10   [ RunTime:0.0005s ]
INFO: [ app_end ] --START--
INFO: Run Behavior\ShowPageTraceBehavior [ RunTime:0.001070s ]
INFO: [ app_end ] --END-- [ RunTime:0.001126s ]

[ 2019-03-16T13:28:36+08:00 ] 127.0.0.1 /api/admin.php/liuyan/list?page=1&limit=10
INFO: [ app_init ] --START--
INFO: Run Behavior\BuildLiteBehavior [ RunTime:0.000019s ]
INFO: [ app_init ] --END-- [ RunTime:0.002024s ]
INFO: [ app_begin ] --START--
INFO: Run Behavior\ReadHtmlCacheBehavior [ RunTime:0.005769s ]
INFO: [ app_begin ] --END-- [ RunTime:0.005840s ]
SQL: SHOW COLUMNS FROM `t_liuyan` [ RunTime:0.0090s ]
SQL: SELECT * FROM `t_liuyan`  [ RunTime:0.0043s ]
SQL: SELECT * FROM `t_liuyan` LIMIT 0,10   [ RunTime:0.0009s ]
INFO: [ app_end ] --START--
INFO: Run Behavior\ShowPageTraceBehavior [ RunTime:0.001599s ]
INFO: [ app_end ] --END-- [ RunTime:0.001659s ]

[ 2019-03-16T13:28:41+08:00 ] 127.0.0.1 /api/admin.php/liuyan/list?page=1&limit=10
INFO: [ app_init ] --START--
INFO: Run Behavior\BuildLiteBehavior [ RunTime:0.000019s ]
INFO: [ app_init ] --END-- [ RunTime:0.003185s ]
INFO: [ app_begin ] --START--
INFO: Run Behavior\ReadHtmlCacheBehavior [ RunTime:0.001021s ]
INFO: [ app_begin ] --END-- [ RunTime:0.001077s ]
SQL: SHOW COLUMNS FROM `t_liuyan` [ RunTime:0.0095s ]
SQL: SELECT * FROM `t_liuyan`  [ RunTime:0.0041s ]
SQL: SELECT * FROM `t_liuyan` LIMIT 0,10   [ RunTime:0.0006s ]
INFO: [ app_end ] --START--
INFO: Run Behavior\ShowPageTraceBehavior [ RunTime:0.001094s ]
INFO: [ app_end ] --END-- [ RunTime:0.001150s ]

[ 2019-03-16T13:29:03+08:00 ] 127.0.0.1 /api/admin.php/order/list?page=1&limit=10
INFO: [ app_init ] --START--
INFO: Run Behavior\BuildLiteBehavior [ RunTime:0.000020s ]
INFO: [ app_init ] --END-- [ RunTime:0.001050s ]
INFO: [ app_begin ] --START--
INFO: Run Behavior\ReadHtmlCacheBehavior [ RunTime:0.003979s ]
INFO: [ app_begin ] --END-- [ RunTime:0.004030s ]
SQL: SHOW COLUMNS FROM `t_order` [ RunTime:0.0079s ]
SQL: SELECT * FROM `t_order`  [ RunTime:0.0024s ]
SQL: SELECT * FROM `t_order` LIMIT 0,10   [ RunTime:0.0006s ]
INFO: [ app_end ] --START--
INFO: Run Behavior\ShowPageTraceBehavior [ RunTime:0.014226s ]
INFO: [ app_end ] --END-- [ RunTime:0.014269s ]

[ 2019-03-16T13:29:05+08:00 ] 127.0.0.1 /api/admin.php/liuyan/list?page=1&limit=10
INFO: [ app_init ] --START--
INFO: Run Behavior\BuildLiteBehavior [ RunTime:0.000018s ]
INFO: [ app_init ] --END-- [ RunTime:0.001628s ]
INFO: [ app_begin ] --START--
INFO: Run Behavior\ReadHtmlCacheBehavior [ RunTime:0.000716s ]
INFO: [ app_begin ] --END-- [ RunTime:0.000755s ]
SQL: SHOW COLUMNS FROM `t_liuyan` [ RunTime:0.0060s ]
SQL: SELECT * FROM `t_liuyan`  [ RunTime:0.0074s ]
SQL: SELECT * FROM `t_liuyan` LIMIT 0,10   [ RunTime:0.0006s ]
INFO: [ app_end ] --START--
INFO: Run Behavior\ShowPageTraceBehavior [ RunTime:0.000942s ]
INFO: [ app_end ] --END-- [ RunTime:0.001005s ]

[ 2019-03-16T13:29:37+08:00 ] 127.0.0.1 /api/admin.php/liuyan/list?page=1&limit=10
INFO: [ app_init ] --START--
INFO: Run Behavior\BuildLiteBehavior [ RunTime:0.000015s ]
INFO: [ app_init ] --END-- [ RunTime:0.000477s ]
INFO: [ app_begin ] --START--
INFO: Run Behavior\ReadHtmlCacheBehavior [ RunTime:0.000641s ]
INFO: [ app_begin ] --END-- [ RunTime:0.000679s ]
SQL: SHOW COLUMNS FROM `t_liuyan` [ RunTime:0.0085s ]
SQL: SELECT * FROM `t_liuyan`  [ RunTime:0.0046s ]
SQL: SELECT * FROM `t_liuyan` LIMIT 0,10   [ RunTime:0.0004s ]
INFO: [ app_end ] --START--
INFO: Run Behavior\ShowPageTraceBehavior [ RunTime:0.001223s ]
INFO: [ app_end ] --END-- [ RunTime:0.001290s ]

[ 2019-03-16T13:29:41+08:00 ] 127.0.0.1 /api/admin.php/liuyan/confirm
INFO: [ app_init ] --START--
INFO: Run Behavior\BuildLiteBehavior [ RunTime:0.000010s ]
INFO: [ app_init ] --END-- [ RunTime:0.000422s ]
INFO: [ app_begin ] --START--
INFO: Run Behavior\ReadHtmlCacheBehavior [ RunTime:0.000516s ]
INFO: [ app_begin ] --END-- [ RunTime:0.000542s ]
SQL: SHOW COLUMNS FROM `t_liuyan` [ RunTime:0.0056s ]
SQL: UPDATE `t_liuyan` SET `liuyan_isOk`='1' WHERE `liuyan_id` = 2 [ RunTime:0.0128s ]
INFO: [ app_end ] --START--
INFO: Run Behavior\ShowPageTraceBehavior [ RunTime:0.000887s ]
INFO: [ app_end ] --END-- [ RunTime:0.000941s ]

[ 2019-03-16T13:29:53+08:00 ] 127.0.0.1 /api/admin.php/liuyan/confirm
INFO: [ app_init ] --START--
INFO: Run Behavior\BuildLiteBehavior [ RunTime:0.000203s ]
INFO: [ app_init ] --END-- [ RunTime:0.000676s ]
INFO: [ app_begin ] --START--
INFO: Run Behavior\ReadHtmlCacheBehavior [ RunTime:0.000758s ]
INFO: [ app_begin ] --END-- [ RunTime:0.000798s ]
SQL: SHOW COLUMNS FROM `t_liuyan` [ RunTime:0.0062s ]
NOTIC: [8] Undefined variable: data D:\xampp\htdocs\api\Application\Admin\Controller\LiuyanController.class.php 第 45 行.
ERR: 非法数据对象！

[ 2019-03-16T13:29:54+08:00 ] 127.0.0.1 /api/admin.php/liuyan/confirm
INFO: [ app_init ] --START--
INFO: Run Behavior\BuildLiteBehavior [ RunTime:0.000009s ]
INFO: [ app_init ] --END-- [ RunTime:0.000383s ]
INFO: [ app_begin ] --START--
INFO: Run Behavior\ReadHtmlCacheBehavior [ RunTime:0.000509s ]
INFO: [ app_begin ] --END-- [ RunTime:0.000534s ]
SQL: SHOW COLUMNS FROM `t_liuyan` [ RunTime:0.0044s ]
NOTIC: [8] Undefined variable: data D:\xampp\htdocs\api\Application\Admin\Controller\LiuyanController.class.php 第 45 行.
ERR: 非法数据对象！

[ 2019-03-16T13:29:55+08:00 ] 127.0.0.1 /api/admin.php/liuyan/confirm
INFO: [ app_init ] --START--
INFO: Run Behavior\BuildLiteBehavior [ RunTime:0.000011s ]
INFO: [ app_init ] --END-- [ RunTime:0.000388s ]
INFO: [ app_begin ] --START--
INFO: Run Behavior\ReadHtmlCacheBehavior [ RunTime:0.000665s ]
INFO: [ app_begin ] --END-- [ RunTime:0.000702s ]
SQL: SHOW COLUMNS FROM `t_liuyan` [ RunTime:0.0059s ]
NOTIC: [8] Undefined variable: data D:\xampp\htdocs\api\Application\Admin\Controller\LiuyanController.class.php 第 45 行.
ERR: 非法数据对象！

[ 2019-03-16T13:29:55+08:00 ] 127.0.0.1 /api/admin.php/liuyan/confirm
INFO: [ app_init ] --START--
INFO: Run Behavior\BuildLiteBehavior [ RunTime:0.000016s ]
INFO: [ app_init ] --END-- [ RunTime:0.000576s ]
INFO: [ app_begin ] --START--
INFO: Run Behavior\ReadHtmlCacheBehavior [ RunTime:0.001234s ]
INFO: [ app_begin ] --END-- [ RunTime:0.001355s ]
SQL: SHOW COLUMNS FROM `t_liuyan` [ RunTime:0.0047s ]
NOTIC: [8] Undefined variable: data D:\xampp\htdocs\api\Application\Admin\Controller\LiuyanController.class.php 第 45 行.
ERR: 非法数据对象！

[ 2019-03-16T13:29:56+08:00 ] 127.0.0.1 /api/admin.php/liuyan/confirm
INFO: [ app_init ] --START--
INFO: Run Behavior\BuildLiteBehavior [ RunTime:0.000015s ]
INFO: [ app_init ] --END-- [ RunTime:0.000620s ]
INFO: [ app_begin ] --START--
INFO: Run Behavior\ReadHtmlCacheBehavior [ RunTime:0.000693s ]
INFO: [ app_begin ] --END-- [ RunTime:0.000736s ]
SQL: SHOW COLUMNS FROM `t_liuyan` [ RunTime:0.0049s ]
NOTIC: [8] Undefined variable: data D:\xampp\htdocs\api\Application\Admin\Controller\LiuyanController.class.php 第 45 行.
ERR: 非法数据对象！

[ 2019-03-16T13:29:56+08:00 ] 127.0.0.1 /api/admin.php/liuyan/confirm
INFO: [ app_init ] --START--
INFO: Run Behavior\BuildLiteBehavior [ RunTime:0.000010s ]
INFO: [ app_init ] --END-- [ RunTime:0.000590s ]
INFO: [ app_begin ] --START--
INFO: Run Behavior\ReadHtmlCacheBehavior [ RunTime:0.001320s ]
INFO: [ app_begin ] --END-- [ RunTime:0.001382s ]
SQL: SHOW COLUMNS FROM `t_liuyan` [ RunTime:0.0059s ]
NOTIC: [8] Undefined variable: data D:\xampp\htdocs\api\Application\Admin\Controller\LiuyanController.class.php 第 45 行.
ERR: 非法数据对象！

[ 2019-03-16T13:30:27+08:00 ] 127.0.0.1 /api/admin.php/liuyan/confirm
INFO: [ app_init ] --START--
INFO: Run Behavior\BuildLiteBehavior [ RunTime:0.000019s ]
INFO: [ app_init ] --END-- [ RunTime:0.006011s ]
ERR: 非法数据对象！

[ 2019-03-16T13:31:13+08:00 ] 127.0.0.1 /api/admin.php/liuyan/confirm
INFO: [ app_init ] --START--
INFO: Run Behavior\BuildLiteBehavior [ RunTime:0.000019s ]
INFO: [ app_init ] --END-- [ RunTime:0.000873s ]
INFO: [ app_begin ] --START--
INFO: Run Behavior\ReadHtmlCacheBehavior [ RunTime:0.001041s ]
INFO: [ app_begin ] --END-- [ RunTime:0.001076s ]

[ 2019-03-16T13:31:50+08:00 ] 127.0.0.1 /api/admin.php/liuyan/list?page=1&limit=10
INFO: [ app_init ] --START--
INFO: Run Behavior\BuildLiteBehavior [ RunTime:0.000018s ]
INFO: [ app_init ] --END-- [ RunTime:0.001053s ]
INFO: [ app_begin ] --START--
INFO: Run Behavior\ReadHtmlCacheBehavior [ RunTime:0.001105s ]
INFO: [ app_begin ] --END-- [ RunTime:0.001155s ]
SQL: SHOW COLUMNS FROM `t_liuyan` [ RunTime:0.0064s ]
SQL: SELECT * FROM `t_liuyan`  [ RunTime:0.0036s ]
SQL: SELECT * FROM `t_liuyan` LIMIT 0,10   [ RunTime:0.0005s ]
INFO: [ app_end ] --START--
INFO: Run Behavior\ShowPageTraceBehavior [ RunTime:0.001562s ]
INFO: [ app_end ] --END-- [ RunTime:0.001650s ]

[ 2019-03-16T13:31:52+08:00 ] 127.0.0.1 /api/admin.php/liuyan/confirm
INFO: [ app_init ] --START--
INFO: Run Behavior\BuildLiteBehavior [ RunTime:0.000015s ]
INFO: [ app_init ] --END-- [ RunTime:0.000650s ]
INFO: [ app_begin ] --START--
INFO: Run Behavior\ReadHtmlCacheBehavior [ RunTime:0.000726s ]
INFO: [ app_begin ] --END-- [ RunTime:0.000771s ]

[ 2019-03-16T13:32:06+08:00 ] 127.0.0.1 /api/admin.php/liuyan/confirm
INFO: [ app_init ] --START--
INFO: Run Behavior\BuildLiteBehavior [ RunTime:0.000016s ]
INFO: [ app_init ] --END-- [ RunTime:0.000923s ]
INFO: [ app_begin ] --START--
INFO: Run Behavior\ReadHtmlCacheBehavior [ RunTime:0.002584s ]
INFO: [ app_begin ] --END-- [ RunTime:0.003330s ]
SQL: SHOW COLUMNS FROM `t_liuyan` [ RunTime:0.0055s ]
SQL: UPDATE `t_liuyan` SET `liuyan_isOk`='2' WHERE `liuyan_id` = 3 [ RunTime:0.0075s ]
INFO: [ app_end ] --START--
INFO: Run Behavior\ShowPageTraceBehavior [ RunTime:0.001010s ]
INFO: [ app_end ] --END-- [ RunTime:0.001083s ]

[ 2019-03-16T13:32:11+08:00 ] 127.0.0.1 /api/admin.php/liuyan/list?page=1&limit=10
INFO: [ app_init ] --START--
INFO: Run Behavior\BuildLiteBehavior [ RunTime:0.000017s ]
INFO: [ app_init ] --END-- [ RunTime:0.000695s ]
INFO: [ app_begin ] --START--
INFO: Run Behavior\ReadHtmlCacheBehavior [ RunTime:0.001210s ]
INFO: [ app_begin ] --END-- [ RunTime:0.001262s ]
SQL: SHOW COLUMNS FROM `t_liuyan` [ RunTime:0.0101s ]
SQL: SELECT * FROM `t_liuyan`  [ RunTime:0.0035s ]
SQL: SELECT * FROM `t_liuyan` LIMIT 0,10   [ RunTime:0.0004s ]
INFO: [ app_end ] --START--
INFO: Run Behavior\ShowPageTraceBehavior [ RunTime:0.001142s ]
INFO: [ app_end ] --END-- [ RunTime:0.001200s ]

[ 2019-03-16T13:32:29+08:00 ] 127.0.0.1 /api/admin.php/user/list?page=1&limit=5
INFO: [ app_init ] --START--
INFO: Run Behavior\BuildLiteBehavior [ RunTime:0.000037s ]
INFO: [ app_init ] --END-- [ RunTime:0.001514s ]
INFO: [ app_begin ] --START--
INFO: Run Behavior\ReadHtmlCacheBehavior [ RunTime:0.001137s ]
INFO: [ app_begin ] --END-- [ RunTime:0.001190s ]
SQL: SHOW COLUMNS FROM `t_user` [ RunTime:0.0105s ]
SQL: SELECT * FROM `t_user` WHERE `user_del` = 'no'  [ RunTime:0.0052s ]
SQL: SELECT * FROM `t_user` WHERE `user_del` = 'no' LIMIT 0,5   [ RunTime:0.0009s ]
INFO: [ app_end ] --START--
INFO: Run Behavior\ShowPageTraceBehavior [ RunTime:0.001100s ]
INFO: [ app_end ] --END-- [ RunTime:0.001159s ]

[ 2019-03-16T13:34:09+08:00 ] 127.0.0.1 /api/admin.php/liuyan/confirm
INFO: [ app_init ] --START--
INFO: Run Behavior\BuildLiteBehavior [ RunTime:0.000027s ]
INFO: [ app_init ] --END-- [ RunTime:0.000816s ]
ERR: 非法数据对象！

[ 2019-03-16T13:34:16+08:00 ] 127.0.0.1 /api/admin.php/liuyan/list?page=1&limit=10
INFO: [ app_init ] --START--
INFO: Run Behavior\BuildLiteBehavior [ RunTime:0.000025s ]
INFO: [ app_init ] --END-- [ RunTime:0.001831s ]
INFO: [ app_begin ] --START--
INFO: Run Behavior\ReadHtmlCacheBehavior [ RunTime:0.002700s ]
INFO: [ app_begin ] --END-- [ RunTime:0.002782s ]
SQL: SHOW COLUMNS FROM `t_liuyan` [ RunTime:0.0081s ]
SQL: SELECT * FROM `t_liuyan`  [ RunTime:0.0027s ]
SQL: SELECT * FROM `t_liuyan` LIMIT 0,10   [ RunTime:0.0004s ]
INFO: [ app_end ] --START--
INFO: Run Behavior\ShowPageTraceBehavior [ RunTime:0.001408s ]
INFO: [ app_end ] --END-- [ RunTime:0.001465s ]

[ 2019-03-16T13:43:43+08:00 ] 127.0.0.1 /api/admin.php/liuyan/list?page=1&limit=10
INFO: [ app_init ] --START--
INFO: Run Behavior\BuildLiteBehavior [ RunTime:0.000017s ]
INFO: [ app_init ] --END-- [ RunTime:0.001497s ]
INFO: [ app_begin ] --START--
INFO: Run Behavior\ReadHtmlCacheBehavior [ RunTime:0.002267s ]
INFO: [ app_begin ] --END-- [ RunTime:0.002320s ]
SQL: SHOW COLUMNS FROM `t_liuyan` [ RunTime:0.0082s ]
SQL: SELECT * FROM `t_liuyan`  [ RunTime:0.0029s ]
SQL: SELECT * FROM `t_liuyan` LIMIT 0,10   [ RunTime:0.0004s ]
INFO: [ app_end ] --START--
INFO: Run Behavior\ShowPageTraceBehavior [ RunTime:0.001420s ]
INFO: [ app_end ] --END-- [ RunTime:0.001464s ]

[ 2019-03-16T13:43:50+08:00 ] 127.0.0.1 /api/admin.php/liuyan/confirm
INFO: [ app_init ] --START--
INFO: Run Behavior\BuildLiteBehavior [ RunTime:0.000013s ]
INFO: [ app_init ] --END-- [ RunTime:0.000672s ]
INFO: [ app_begin ] --START--
INFO: Run Behavior\ReadHtmlCacheBehavior [ RunTime:0.001092s ]
INFO: [ app_begin ] --END-- [ RunTime:0.001138s ]
SQL: SHOW COLUMNS FROM `t_liuyan` [ RunTime:0.0136s ]
SQL: UPDATE `t_liuyan` SET `liuyan_isOk`='1' WHERE `liuyan_id` = 6 [ RunTime:0.0485s ]
INFO: [ app_end ] --START--
INFO: Run Behavior\ShowPageTraceBehavior [ RunTime:0.001254s ]
INFO: [ app_end ] --END-- [ RunTime:0.001305s ]

[ 2019-03-16T13:43:54+08:00 ] 127.0.0.1 /api/admin.php/liuyan/list?page=1&limit=10
INFO: [ app_init ] --START--
INFO: Run Behavior\BuildLiteBehavior [ RunTime:0.000015s ]
INFO: [ app_init ] --END-- [ RunTime:0.000673s ]
INFO: [ app_begin ] --START--
INFO: Run Behavior\ReadHtmlCacheBehavior [ RunTime:0.001019s ]
INFO: [ app_begin ] --END-- [ RunTime:0.001074s ]
SQL: SHOW COLUMNS FROM `t_liuyan` [ RunTime:0.0087s ]
SQL: SELECT * FROM `t_liuyan`  [ RunTime:0.0030s ]
SQL: SELECT * FROM `t_liuyan` LIMIT 0,10   [ RunTime:0.0004s ]
INFO: [ app_end ] --START--
INFO: Run Behavior\ShowPageTraceBehavior [ RunTime:0.003554s ]
INFO: [ app_end ] --END-- [ RunTime:0.003642s ]

[ 2019-03-16T13:46:07+08:00 ] 127.0.0.1 /api/admin.php/liuyan/list?page=1&limit=10
INFO: [ app_init ] --START--
INFO: Run Behavior\BuildLiteBehavior [ RunTime:0.000021s ]
INFO: [ app_init ] --END-- [ RunTime:0.000900s ]
INFO: [ app_begin ] --START--
INFO: Run Behavior\ReadHtmlCacheBehavior [ RunTime:0.001450s ]
INFO: [ app_begin ] --END-- [ RunTime:0.001504s ]
SQL: SHOW COLUMNS FROM `t_liuyan` [ RunTime:0.0073s ]
SQL: SELECT * FROM `t_liuyan`  [ RunTime:0.0039s ]
SQL: SELECT * FROM `t_liuyan` LIMIT 0,10   [ RunTime:0.0009s ]
INFO: [ app_end ] --START--
INFO: Run Behavior\ShowPageTraceBehavior [ RunTime:0.003507s ]
INFO: [ app_end ] --END-- [ RunTime:0.003565s ]

[ 2019-03-16T13:50:04+08:00 ] 127.0.0.1 /api/admin.php/order/list?page=1&limit=10
INFO: [ app_init ] --START--
INFO: Run Behavior\BuildLiteBehavior [ RunTime:0.000016s ]
INFO: [ app_init ] --END-- [ RunTime:0.001161s ]
INFO: [ app_begin ] --START--
INFO: Run Behavior\ReadHtmlCacheBehavior [ RunTime:0.005118s ]
INFO: [ app_begin ] --END-- [ RunTime:0.005180s ]
SQL: SHOW COLUMNS FROM `t_order` [ RunTime:0.0087s ]
SQL: SELECT * FROM `t_order`  [ RunTime:0.0076s ]
SQL: SELECT * FROM `t_order` LIMIT 0,10   [ RunTime:0.0017s ]
INFO: [ app_end ] --START--
INFO: Run Behavior\ShowPageTraceBehavior [ RunTime:0.001783s ]
INFO: [ app_end ] --END-- [ RunTime:0.001838s ]

[ 2019-03-16T13:52:04+08:00 ] 127.0.0.1 /api/admin.php/user/list?page=1&limit=5
INFO: [ app_init ] --START--
INFO: Run Behavior\BuildLiteBehavior [ RunTime:0.000015s ]
INFO: [ app_init ] --END-- [ RunTime:0.001065s ]
INFO: [ app_begin ] --START--
INFO: Run Behavior\ReadHtmlCacheBehavior [ RunTime:0.033030s ]
INFO: [ app_begin ] --END-- [ RunTime:0.033127s ]
SQL: SHOW COLUMNS FROM `t_user` [ RunTime:0.0082s ]
SQL: SELECT * FROM `t_user` WHERE `user_del` = 'no'  [ RunTime:0.0041s ]
SQL: SELECT * FROM `t_user` WHERE `user_del` = 'no' LIMIT 0,5   [ RunTime:0.0007s ]
INFO: [ app_end ] --START--
INFO: Run Behavior\ShowPageTraceBehavior [ RunTime:0.000996s ]
INFO: [ app_end ] --END-- [ RunTime:0.001040s ]

[ 2019-03-16T14:06:21+08:00 ] 127.0.0.1 /api/admin.php/order/list?page=1&limit=10
INFO: [ app_init ] --START--
INFO: Run Behavior\BuildLiteBehavior [ RunTime:0.000014s ]
INFO: [ app_init ] --END-- [ RunTime:0.001224s ]
INFO: [ app_begin ] --START--
INFO: Run Behavior\ReadHtmlCacheBehavior [ RunTime:0.001322s ]
INFO: [ app_begin ] --END-- [ RunTime:0.001370s ]
SQL: SHOW COLUMNS FROM `t_order` [ RunTime:0.0072s ]
SQL: SELECT * FROM `t_order`  [ RunTime:0.0014s ]
SQL: SELECT * FROM `t_order` LIMIT 0,10   [ RunTime:0.0003s ]
INFO: [ app_end ] --START--
INFO: Run Behavior\ShowPageTraceBehavior [ RunTime:0.001277s ]
INFO: [ app_end ] --END-- [ RunTime:0.001329s ]

[ 2019-03-16T14:06:46+08:00 ] 127.0.0.1 /api/admin.php/order/list?page=1&limit=10
INFO: [ app_init ] --START--
INFO: Run Behavior\BuildLiteBehavior [ RunTime:0.000018s ]
INFO: [ app_init ] --END-- [ RunTime:0.001028s ]
INFO: [ app_begin ] --START--
INFO: Run Behavior\ReadHtmlCacheBehavior [ RunTime:0.001243s ]
INFO: [ app_begin ] --END-- [ RunTime:0.001292s ]
SQL: SHOW COLUMNS FROM `t_order` [ RunTime:0.0049s ]
SQL: SELECT * FROM `t_order`  [ RunTime:0.0022s ]
SQL: SELECT * FROM `t_order` LIMIT 0,10   [ RunTime:0.0005s ]
INFO: [ app_end ] --START--
INFO: Run Behavior\ShowPageTraceBehavior [ RunTime:0.002251s ]
INFO: [ app_end ] --END-- [ RunTime:0.002316s ]

[ 2019-03-16T14:08:02+08:00 ] 127.0.0.1 /api/admin.php/order/list?page=1&limit=10
INFO: [ app_init ] --START--
INFO: Run Behavior\BuildLiteBehavior [ RunTime:0.000035s ]
INFO: [ app_init ] --END-- [ RunTime:0.002453s ]
INFO: [ app_begin ] --START--
INFO: Run Behavior\ReadHtmlCacheBehavior [ RunTime:0.001215s ]
INFO: [ app_begin ] --END-- [ RunTime:0.001268s ]
SQL: SHOW COLUMNS FROM `t_order` [ RunTime:0.0050s ]
SQL: SELECT * FROM `t_order`  [ RunTime:0.0023s ]
SQL: SELECT * FROM `t_order` LIMIT 0,10   [ RunTime:0.0003s ]
INFO: [ app_end ] --START--
INFO: Run Behavior\ShowPageTraceBehavior [ RunTime:0.000938s ]
INFO: [ app_end ] --END-- [ RunTime:0.000966s ]

[ 2019-03-16T14:08:04+08:00 ] 127.0.0.1 /api/admin.php/user/getuser
INFO: [ app_init ] --START--
INFO: Run Behavior\BuildLiteBehavior [ RunTime:0.000016s ]
INFO: [ app_init ] --END-- [ RunTime:0.000656s ]
INFO: [ app_begin ] --START--
INFO: Run Behavior\ReadHtmlCacheBehavior [ RunTime:0.000822s ]
INFO: [ app_begin ] --END-- [ RunTime:0.000872s ]
SQL: SHOW COLUMNS FROM `t_user` [ RunTime:0.0079s ]
SQL: SELECT * FROM `t_user` WHERE `user_id` = 2 LIMIT 1   [ RunTime:0.0073s ]

[ 2019-03-16T14:08:07+08:00 ] 127.0.0.1 /api/admin.php/user/getuser
INFO: [ app_init ] --START--
INFO: Run Behavior\BuildLiteBehavior [ RunTime:0.000013s ]
INFO: [ app_init ] --END-- [ RunTime:0.000639s ]
INFO: [ app_begin ] --START--
INFO: Run Behavior\ReadHtmlCacheBehavior [ RunTime:0.000781s ]
INFO: [ app_begin ] --END-- [ RunTime:0.000834s ]
SQL: SHOW COLUMNS FROM `t_user` [ RunTime:0.0071s ]
SQL: SELECT * FROM `t_user` WHERE `user_id` = 5 LIMIT 1   [ RunTime:0.0033s ]

[ 2019-03-16T14:08:11+08:00 ] 127.0.0.1 /api/admin.php/user/getuser
INFO: [ app_init ] --START--
INFO: Run Behavior\BuildLiteBehavior [ RunTime:0.000018s ]
INFO: [ app_init ] --END-- [ RunTime:0.000712s ]
INFO: [ app_begin ] --START--
INFO: Run Behavior\ReadHtmlCacheBehavior [ RunTime:0.001120s ]
INFO: [ app_begin ] --END-- [ RunTime:0.001262s ]
SQL: SHOW COLUMNS FROM `t_user` [ RunTime:0.0068s ]
SQL: SELECT * FROM `t_user` WHERE `user_id` = 2 LIMIT 1   [ RunTime:0.0034s ]

[ 2019-03-16T14:08:54+08:00 ] 127.0.0.1 /api/admin.php/order/list?page=1&limit=10
INFO: [ app_init ] --START--
INFO: Run Behavior\BuildLiteBehavior [ RunTime:0.000017s ]
INFO: [ app_init ] --END-- [ RunTime:0.000807s ]
INFO: [ app_begin ] --START--
INFO: Run Behavior\ReadHtmlCacheBehavior [ RunTime:0.001488s ]
INFO: [ app_begin ] --END-- [ RunTime:0.001630s ]
SQL: SHOW COLUMNS FROM `t_order` [ RunTime:0.0065s ]
SQL: SELECT * FROM `t_order`  [ RunTime:0.0039s ]
SQL: SELECT * FROM `t_order` LIMIT 0,10   [ RunTime:0.0005s ]
INFO: [ app_end ] --START--
INFO: Run Behavior\ShowPageTraceBehavior [ RunTime:0.001653s ]
INFO: [ app_end ] --END-- [ RunTime:0.001728s ]

[ 2019-03-16T14:08:55+08:00 ] 127.0.0.1 /api/admin.php/user/getuser
INFO: [ app_init ] --START--
INFO: Run Behavior\BuildLiteBehavior [ RunTime:0.000012s ]
INFO: [ app_init ] --END-- [ RunTime:0.000510s ]
INFO: [ app_begin ] --START--
INFO: Run Behavior\ReadHtmlCacheBehavior [ RunTime:0.000619s ]
INFO: [ app_begin ] --END-- [ RunTime:0.000654s ]
SQL: SHOW COLUMNS FROM `t_user` [ RunTime:0.0062s ]
SQL: SELECT * FROM `t_user` WHERE `user_id` = 2 LIMIT 1   [ RunTime:0.0035s ]

[ 2019-03-16T14:08:59+08:00 ] 127.0.0.1 /api/admin.php/user/getuser
INFO: [ app_init ] --START--
INFO: Run Behavior\BuildLiteBehavior [ RunTime:0.000405s ]
INFO: [ app_init ] --END-- [ RunTime:0.002351s ]
INFO: [ app_begin ] --START--
INFO: Run Behavior\ReadHtmlCacheBehavior [ RunTime:0.001302s ]
INFO: [ app_begin ] --END-- [ RunTime:0.001359s ]
SQL: SHOW COLUMNS FROM `t_user` [ RunTime:0.0052s ]
SQL: SELECT * FROM `t_user` WHERE `user_id` = 1 LIMIT 1   [ RunTime:0.0040s ]

[ 2019-03-16T14:09:03+08:00 ] 127.0.0.1 /api/admin.php/user/getuser
INFO: [ app_init ] --START--
INFO: Run Behavior\BuildLiteBehavior [ RunTime:0.000015s ]
INFO: [ app_init ] --END-- [ RunTime:0.000630s ]
INFO: [ app_begin ] --START--
INFO: Run Behavior\ReadHtmlCacheBehavior [ RunTime:0.000970s ]
INFO: [ app_begin ] --END-- [ RunTime:0.001024s ]
SQL: SHOW COLUMNS FROM `t_user` [ RunTime:0.0077s ]
SQL: SELECT * FROM `t_user` WHERE `user_id` = 1 LIMIT 1   [ RunTime:0.0039s ]

[ 2019-03-16T14:09:36+08:00 ] 127.0.0.1 /api/admin.php/user/getuser
INFO: [ app_init ] --START--
INFO: Run Behavior\BuildLiteBehavior [ RunTime:0.000014s ]
INFO: [ app_init ] --END-- [ RunTime:0.000560s ]
INFO: [ app_begin ] --START--
INFO: Run Behavior\ReadHtmlCacheBehavior [ RunTime:0.000774s ]
INFO: [ app_begin ] --END-- [ RunTime:0.000836s ]
SQL: SHOW COLUMNS FROM `t_user` [ RunTime:0.0075s ]
SQL: SELECT * FROM `t_user` WHERE `user_id` = 3 LIMIT 1   [ RunTime:0.0040s ]

[ 2019-03-16T14:11:55+08:00 ] 127.0.0.1 /api/admin.php/order/list?page=1&limit=10
INFO: [ app_init ] --START--
INFO: Run Behavior\BuildLiteBehavior [ RunTime:0.000020s ]
INFO: [ app_init ] --END-- [ RunTime:0.002020s ]
INFO: [ app_begin ] --START--
INFO: Run Behavior\ReadHtmlCacheBehavior [ RunTime:0.001363s ]
INFO: [ app_begin ] --END-- [ RunTime:0.001419s ]
SQL: SHOW COLUMNS FROM `t_order` [ RunTime:0.0068s ]
SQL: SELECT * FROM `t_order`  [ RunTime:0.0034s ]
SQL: SELECT * FROM `t_order` LIMIT 0,10   [ RunTime:0.0005s ]
INFO: [ app_end ] --START--
INFO: Run Behavior\ShowPageTraceBehavior [ RunTime:0.001707s ]
INFO: [ app_end ] --END-- [ RunTime:0.001761s ]

[ 2019-03-16T14:11:57+08:00 ] 127.0.0.1 /api/admin.php/user/getuser
INFO: [ app_init ] --START--
INFO: Run Behavior\BuildLiteBehavior [ RunTime:0.000016s ]
INFO: [ app_init ] --END-- [ RunTime:0.000533s ]
INFO: [ app_begin ] --START--
INFO: Run Behavior\ReadHtmlCacheBehavior [ RunTime:0.000476s ]
INFO: [ app_begin ] --END-- [ RunTime:0.000503s ]
SQL: SHOW COLUMNS FROM `t_user` [ RunTime:0.0068s ]
SQL: SELECT * FROM `t_user` WHERE `user_id` = 2 LIMIT 1   [ RunTime:0.0029s ]

[ 2019-03-16T14:12:20+08:00 ] 127.0.0.1 /api/admin.php/order/list?page=1&limit=10
INFO: [ app_init ] --START--
INFO: Run Behavior\BuildLiteBehavior [ RunTime:0.000018s ]
INFO: [ app_init ] --END-- [ RunTime:0.000856s ]
INFO: [ app_begin ] --START--
INFO: Run Behavior\ReadHtmlCacheBehavior [ RunTime:0.001292s ]
INFO: [ app_begin ] --END-- [ RunTime:0.001365s ]
SQL: SHOW COLUMNS FROM `t_order` [ RunTime:0.0050s ]
SQL: SELECT * FROM `t_order`  [ RunTime:0.0024s ]
SQL: SELECT * FROM `t_order` LIMIT 0,10   [ RunTime:0.0003s ]
INFO: [ app_end ] --START--
INFO: Run Behavior\ShowPageTraceBehavior [ RunTime:0.000956s ]
INFO: [ app_end ] --END-- [ RunTime:0.000986s ]

[ 2019-03-16T14:12:21+08:00 ] 127.0.0.1 /api/admin.php/user/getuser
INFO: [ app_init ] --START--
INFO: Run Behavior\BuildLiteBehavior [ RunTime:0.000012s ]
INFO: [ app_init ] --END-- [ RunTime:0.000590s ]
INFO: [ app_begin ] --START--
INFO: Run Behavior\ReadHtmlCacheBehavior [ RunTime:0.000636s ]
INFO: [ app_begin ] --END-- [ RunTime:0.000671s ]
SQL: SHOW COLUMNS FROM `t_user` [ RunTime:0.0061s ]
SQL: SELECT * FROM `t_user` WHERE `user_id` = 2 LIMIT 1   [ RunTime:0.0026s ]

[ 2019-03-16T14:12:23+08:00 ] 127.0.0.1 /api/admin.php/user/getuser
INFO: [ app_init ] --START--
INFO: Run Behavior\BuildLiteBehavior [ RunTime:0.000016s ]
INFO: [ app_init ] --END-- [ RunTime:0.000740s ]
INFO: [ app_begin ] --START--
INFO: Run Behavior\ReadHtmlCacheBehavior [ RunTime:0.000633s ]
INFO: [ app_begin ] --END-- [ RunTime:0.000670s ]
SQL: SHOW COLUMNS FROM `t_user` [ RunTime:0.0081s ]
SQL: SELECT * FROM `t_user` WHERE `user_id` = 5 LIMIT 1   [ RunTime:0.0030s ]

[ 2019-03-16T14:12:25+08:00 ] 127.0.0.1 /api/admin.php/user/getuser
INFO: [ app_init ] --START--
INFO: Run Behavior\BuildLiteBehavior [ RunTime:0.000017s ]
INFO: [ app_init ] --END-- [ RunTime:0.000935s ]
INFO: [ app_begin ] --START--
INFO: Run Behavior\ReadHtmlCacheBehavior [ RunTime:0.001979s ]
INFO: [ app_begin ] --END-- [ RunTime:0.002067s ]
SQL: SHOW COLUMNS FROM `t_user` [ RunTime:0.0079s ]
SQL: SELECT * FROM `t_user` WHERE `user_id` = 2 LIMIT 1   [ RunTime:0.0028s ]

[ 2019-03-16T14:12:45+08:00 ] 127.0.0.1 /api/admin.php/liuyan/list?page=1&limit=10
INFO: [ app_init ] --START--
INFO: Run Behavior\BuildLiteBehavior [ RunTime:0.000017s ]
INFO: [ app_init ] --END-- [ RunTime:0.000686s ]
INFO: [ app_begin ] --START--
INFO: Run Behavior\ReadHtmlCacheBehavior [ RunTime:0.000879s ]
INFO: [ app_begin ] --END-- [ RunTime:0.000933s ]
SQL: SHOW COLUMNS FROM `t_liuyan` [ RunTime:0.0114s ]
SQL: SELECT * FROM `t_liuyan`  [ RunTime:0.0042s ]
SQL: SELECT * FROM `t_liuyan` LIMIT 0,10   [ RunTime:0.0005s ]
INFO: [ app_end ] --START--
INFO: Run Behavior\ShowPageTraceBehavior [ RunTime:0.001173s ]
INFO: [ app_end ] --END-- [ RunTime:0.001244s ]

[ 2019-03-16T14:12:46+08:00 ] 127.0.0.1 /api/admin.php/order/list?page=1&limit=10
INFO: [ app_init ] --START--
INFO: Run Behavior\BuildLiteBehavior [ RunTime:0.000016s ]
INFO: [ app_init ] --END-- [ RunTime:0.000660s ]
INFO: [ app_begin ] --START--
INFO: Run Behavior\ReadHtmlCacheBehavior [ RunTime:0.000902s ]
INFO: [ app_begin ] --END-- [ RunTime:0.000949s ]
SQL: SHOW COLUMNS FROM `t_order` [ RunTime:0.0067s ]
SQL: SELECT * FROM `t_order`  [ RunTime:0.0033s ]
SQL: SELECT * FROM `t_order` LIMIT 0,10   [ RunTime:0.0005s ]
INFO: [ app_end ] --START--
INFO: Run Behavior\ShowPageTraceBehavior [ RunTime:0.001060s ]
INFO: [ app_end ] --END-- [ RunTime:0.001121s ]

[ 2019-03-16T14:12:48+08:00 ] 127.0.0.1 /api/admin.php/user/getuser
INFO: [ app_init ] --START--
INFO: Run Behavior\BuildLiteBehavior [ RunTime:0.000011s ]
INFO: [ app_init ] --END-- [ RunTime:0.000422s ]
INFO: [ app_begin ] --START--
INFO: Run Behavior\ReadHtmlCacheBehavior [ RunTime:0.000510s ]
INFO: [ app_begin ] --END-- [ RunTime:0.000536s ]
SQL: SHOW COLUMNS FROM `t_user` [ RunTime:0.0064s ]
SQL: SELECT * FROM `t_user` WHERE `user_id` = 3 LIMIT 1   [ RunTime:0.0033s ]

[ 2019-03-16T14:18:14+08:00 ] 127.0.0.1 /api/admin.php/user/getuser
INFO: [ app_init ] --START--
INFO: Run Behavior\BuildLiteBehavior [ RunTime:0.000019s ]
INFO: [ app_init ] --END-- [ RunTime:0.001647s ]
INFO: [ app_begin ] --START--
INFO: Run Behavior\ReadHtmlCacheBehavior [ RunTime:0.001571s ]
INFO: [ app_begin ] --END-- [ RunTime:0.001637s ]
SQL: SHOW COLUMNS FROM `t_user` [ RunTime:0.0086s ]
SQL: SELECT * FROM `t_user` WHERE `user_id` = 1 LIMIT 1   [ RunTime:0.0033s ]

[ 2019-03-16T14:27:55+08:00 ] 127.0.0.1 /api/admin.php/order/list?page=1&limit=10
INFO: [ app_init ] --START--
INFO: Run Behavior\BuildLiteBehavior [ RunTime:0.000027s ]
INFO: [ app_init ] --END-- [ RunTime:0.003204s ]
INFO: [ app_begin ] --START--
INFO: Run Behavior\ReadHtmlCacheBehavior [ RunTime:0.002246s ]
INFO: [ app_begin ] --END-- [ RunTime:0.002295s ]
SQL: SHOW COLUMNS FROM `t_order` [ RunTime:0.0158s ]
SQL: SELECT * FROM `t_order`  [ RunTime:0.0052s ]
SQL: SELECT * FROM `t_order` LIMIT 0,10   [ RunTime:0.0006s ]
INFO: [ app_end ] --START--
INFO: Run Behavior\ShowPageTraceBehavior [ RunTime:0.001620s ]
INFO: [ app_end ] --END-- [ RunTime:0.001678s ]

[ 2019-03-16T14:27:57+08:00 ] 127.0.0.1 /api/admin.php/user/getuser
INFO: [ app_init ] --START--
INFO: Run Behavior\BuildLiteBehavior [ RunTime:0.000014s ]
INFO: [ app_init ] --END-- [ RunTime:0.000532s ]
INFO: [ app_begin ] --START--
INFO: Run Behavior\ReadHtmlCacheBehavior [ RunTime:0.000882s ]
INFO: [ app_begin ] --END-- [ RunTime:0.000932s ]
SQL: SHOW COLUMNS FROM `t_user` [ RunTime:0.0080s ]
SQL: SELECT * FROM `t_user` WHERE `user_id` = 0 LIMIT 1   [ RunTime:0.0042s ]

[ 2019-03-16T14:32:41+08:00 ] 127.0.0.1 /api/admin.php/order/list?page=1&limit=10
INFO: [ app_init ] --START--
INFO: Run Behavior\BuildLiteBehavior [ RunTime:0.000016s ]
INFO: [ app_init ] --END-- [ RunTime:0.001745s ]
INFO: [ app_begin ] --START--
INFO: Run Behavior\ReadHtmlCacheBehavior [ RunTime:0.002229s ]
INFO: [ app_begin ] --END-- [ RunTime:0.002304s ]
SQL: SHOW COLUMNS FROM `t_order` [ RunTime:0.0066s ]
SQL: SELECT * FROM `t_order`  [ RunTime:0.0036s ]
SQL: SELECT * FROM `t_order` LIMIT 0,10   [ RunTime:0.0005s ]
INFO: [ app_end ] --START--
INFO: Run Behavior\ShowPageTraceBehavior [ RunTime:0.009184s ]
INFO: [ app_end ] --END-- [ RunTime:0.009226s ]

[ 2019-03-16T14:32:43+08:00 ] 127.0.0.1 /api/admin.php/user/getuser
INFO: [ app_init ] --START--
INFO: Run Behavior\BuildLiteBehavior [ RunTime:0.000017s ]
INFO: [ app_init ] --END-- [ RunTime:0.000743s ]
INFO: [ app_begin ] --START--
INFO: Run Behavior\ReadHtmlCacheBehavior [ RunTime:0.001382s ]
INFO: [ app_begin ] --END-- [ RunTime:0.001441s ]
SQL: SHOW COLUMNS FROM `t_user` [ RunTime:0.0060s ]
SQL: SELECT * FROM `t_user` WHERE `user_id` = 0 LIMIT 1   [ RunTime:0.0033s ]

[ 2019-03-16T14:32:48+08:00 ] 127.0.0.1 /api/admin.php/order/list?page=1&limit=10
INFO: [ app_init ] --START--
INFO: Run Behavior\BuildLiteBehavior [ RunTime:0.000034s ]
INFO: [ app_init ] --END-- [ RunTime:0.000763s ]
INFO: [ app_begin ] --START--
INFO: Run Behavior\ReadHtmlCacheBehavior [ RunTime:0.001549s ]
INFO: [ app_begin ] --END-- [ RunTime:0.001621s ]
SQL: SHOW COLUMNS FROM `t_order` [ RunTime:0.0072s ]
SQL: SELECT * FROM `t_order`  [ RunTime:0.0030s ]
SQL: SELECT * FROM `t_order` LIMIT 0,10   [ RunTime:0.0005s ]
INFO: [ app_end ] --START--
INFO: Run Behavior\ShowPageTraceBehavior [ RunTime:0.002277s ]
INFO: [ app_end ] --END-- [ RunTime:0.002338s ]

[ 2019-03-16T14:32:50+08:00 ] 127.0.0.1 /api/admin.php/user/getuser
INFO: [ app_init ] --START--
INFO: Run Behavior\BuildLiteBehavior [ RunTime:0.000017s ]
INFO: [ app_init ] --END-- [ RunTime:0.000598s ]
INFO: [ app_begin ] --START--
INFO: Run Behavior\ReadHtmlCacheBehavior [ RunTime:0.000530s ]
INFO: [ app_begin ] --END-- [ RunTime:0.000560s ]
SQL: SHOW COLUMNS FROM `t_user` [ RunTime:0.0077s ]
SQL: SELECT * FROM `t_user` WHERE `user_id` = 2 LIMIT 1   [ RunTime:0.0037s ]

[ 2019-03-16T14:34:22+08:00 ] 127.0.0.1 /api/admin.php/user/getuser
INFO: [ app_init ] --START--
INFO: Run Behavior\BuildLiteBehavior [ RunTime:0.000026s ]
INFO: [ app_init ] --END-- [ RunTime:0.000747s ]
INFO: [ app_begin ] --START--
INFO: Run Behavior\ReadHtmlCacheBehavior [ RunTime:0.001778s ]
INFO: [ app_begin ] --END-- [ RunTime:0.002171s ]
SQL: SHOW COLUMNS FROM `t_user` [ RunTime:0.0057s ]
SQL: SELECT * FROM `t_user` WHERE `user_id` = 0 LIMIT 1   [ RunTime:0.0024s ]

[ 2019-03-16T14:35:30+08:00 ] 127.0.0.1 /api/admin.php/good/list?page=1&limit=10
INFO: [ app_init ] --START--
INFO: Run Behavior\BuildLiteBehavior [ RunTime:0.000047s ]
INFO: [ app_init ] --END-- [ RunTime:0.000921s ]
INFO: [ app_begin ] --START--
INFO: Run Behavior\ReadHtmlCacheBehavior [ RunTime:0.000635s ]
INFO: [ app_begin ] --END-- [ RunTime:0.000673s ]
SQL: SHOW COLUMNS FROM `t_goods` [ RunTime:0.0065s ]
SQL: SHOW COLUMNS FROM `t_catelog` [ RunTime:0.0089s ]
SQL: SELECT * FROM `t_catelog`  [ RunTime:0.0033s ]
SQL: SELECT * FROM `t_goods`  [ RunTime:0.0008s ]
SQL: SELECT * FROM `t_goods` LIMIT 0,10   [ RunTime:0.0006s ]
INFO: [ app_end ] --START--
INFO: Run Behavior\ShowPageTraceBehavior [ RunTime:0.001425s ]
INFO: [ app_end ] --END-- [ RunTime:0.001491s ]

[ 2019-03-16T14:35:32+08:00 ] 127.0.0.1 /api/admin.php/good/sort
INFO: [ app_init ] --START--
INFO: Run Behavior\BuildLiteBehavior [ RunTime:0.000016s ]
INFO: [ app_init ] --END-- [ RunTime:0.000772s ]
INFO: [ app_begin ] --START--
INFO: Run Behavior\ReadHtmlCacheBehavior [ RunTime:0.001121s ]
INFO: [ app_begin ] --END-- [ RunTime:0.001173s ]
SQL: SHOW COLUMNS FROM `t_catelog` [ RunTime:0.0059s ]
SQL: SELECT * FROM `t_catelog` WHERE `catelog_del` = 'no'  [ RunTime:0.0031s ]

[ 2019-03-16T14:35:35+08:00 ] 127.0.0.1 /api/admin.php/liuyan/list?page=1&limit=10
INFO: [ app_init ] --START--
INFO: Run Behavior\BuildLiteBehavior [ RunTime:0.000015s ]
INFO: [ app_init ] --END-- [ RunTime:0.000583s ]
INFO: [ app_begin ] --START--
INFO: Run Behavior\ReadHtmlCacheBehavior [ RunTime:0.000809s ]
INFO: [ app_begin ] --END-- [ RunTime:0.000858s ]
SQL: SHOW COLUMNS FROM `t_liuyan` [ RunTime:0.0067s ]
SQL: SELECT * FROM `t_liuyan`  [ RunTime:0.0029s ]
SQL: SELECT * FROM `t_liuyan` LIMIT 0,10   [ RunTime:0.0005s ]
INFO: [ app_end ] --START--
INFO: Run Behavior\ShowPageTraceBehavior [ RunTime:0.001634s ]
INFO: [ app_end ] --END-- [ RunTime:0.001697s ]

[ 2019-03-16T14:35:38+08:00 ] 127.0.0.1 /api/admin.php/gonggao/list?page=1&limit=10
INFO: [ app_init ] --START--
INFO: Run Behavior\BuildLiteBehavior [ RunTime:0.000016s ]
INFO: [ app_init ] --END-- [ RunTime:0.000810s ]
INFO: [ app_begin ] --START--
INFO: Run Behavior\ReadHtmlCacheBehavior [ RunTime:0.000864s ]
INFO: [ app_begin ] --END-- [ RunTime:0.000919s ]
SQL: SHOW COLUMNS FROM `t_gonggao` [ RunTime:0.0070s ]
SQL: SELECT * FROM `t_gonggao` WHERE `gonggao_del` = 'no'  [ RunTime:0.0029s ]
SQL: SELECT * FROM `t_gonggao` WHERE `gonggao_del` = 'no' LIMIT 0,10   [ RunTime:0.0005s ]
INFO: [ app_end ] --START--
INFO: Run Behavior\ShowPageTraceBehavior [ RunTime:0.002142s ]
INFO: [ app_end ] --END-- [ RunTime:0.002203s ]

[ 2019-03-16T14:35:42+08:00 ] 127.0.0.1 /api/admin.php/order/list?page=1&limit=10
INFO: [ app_init ] --START--
INFO: Run Behavior\BuildLiteBehavior [ RunTime:0.000015s ]
INFO: [ app_init ] --END-- [ RunTime:0.000690s ]
INFO: [ app_begin ] --START--
INFO: Run Behavior\ReadHtmlCacheBehavior [ RunTime:0.001447s ]
INFO: [ app_begin ] --END-- [ RunTime:0.001522s ]
SQL: SHOW COLUMNS FROM `t_order` [ RunTime:0.0061s ]
SQL: SELECT * FROM `t_order`  [ RunTime:0.0033s ]
SQL: SELECT * FROM `t_order` LIMIT 0,10   [ RunTime:0.0006s ]
INFO: [ app_end ] --START--
INFO: Run Behavior\ShowPageTraceBehavior [ RunTime:0.001293s ]
INFO: [ app_end ] --END-- [ RunTime:0.001486s ]

[ 2019-03-16T14:35:44+08:00 ] 127.0.0.1 /api/admin.php/good/list?page=1&limit=10
INFO: [ app_init ] --START--
INFO: Run Behavior\BuildLiteBehavior [ RunTime:0.000015s ]
INFO: [ app_init ] --END-- [ RunTime:0.000543s ]
INFO: [ app_begin ] --START--
INFO: Run Behavior\ReadHtmlCacheBehavior [ RunTime:0.001006s ]
INFO: [ app_begin ] --END-- [ RunTime:0.001126s ]
SQL: SHOW COLUMNS FROM `t_goods` [ RunTime:0.0063s ]
SQL: SHOW COLUMNS FROM `t_catelog` [ RunTime:0.0078s ]
SQL: SELECT * FROM `t_catelog`  [ RunTime:0.0029s ]
SQL: SELECT * FROM `t_goods`  [ RunTime:0.0007s ]
SQL: SELECT * FROM `t_goods` LIMIT 0,10   [ RunTime:0.0006s ]
INFO: [ app_end ] --START--
INFO: Run Behavior\ShowPageTraceBehavior [ RunTime:0.001112s ]
INFO: [ app_end ] --END-- [ RunTime:0.001175s ]

[ 2019-03-16T14:35:45+08:00 ] 127.0.0.1 /api/admin.php/good/sort
INFO: [ app_init ] --START--
INFO: Run Behavior\BuildLiteBehavior [ RunTime:0.000016s ]
INFO: [ app_init ] --END-- [ RunTime:0.000644s ]
INFO: [ app_begin ] --START--
INFO: Run Behavior\ReadHtmlCacheBehavior [ RunTime:0.000918s ]
INFO: [ app_begin ] --END-- [ RunTime:0.000972s ]
SQL: SHOW COLUMNS FROM `t_catelog` [ RunTime:0.0070s ]
SQL: SELECT * FROM `t_catelog` WHERE `catelog_del` = 'no'  [ RunTime:0.0035s ]

[ 2019-03-16T14:35:46+08:00 ] 127.0.0.1 /api/admin.php/cate/list?page=1&limit=10
INFO: [ app_init ] --START--
INFO: Run Behavior\BuildLiteBehavior [ RunTime:0.000018s ]
INFO: [ app_init ] --END-- [ RunTime:0.001357s ]
INFO: [ app_begin ] --START--
INFO: Run Behavior\ReadHtmlCacheBehavior [ RunTime:0.000804s ]
INFO: [ app_begin ] --END-- [ RunTime:0.000850s ]
SQL: SHOW COLUMNS FROM `t_catelog` [ RunTime:0.0061s ]
SQL: SELECT * FROM `t_catelog` WHERE `catelog_del` = 'no'  [ RunTime:0.0031s ]
SQL: SELECT * FROM `t_catelog` WHERE `catelog_del` = 'no' LIMIT 0,10   [ RunTime:0.0005s ]
INFO: [ app_end ] --START--
INFO: Run Behavior\ShowPageTraceBehavior [ RunTime:0.001052s ]
INFO: [ app_end ] --END-- [ RunTime:0.001105s ]

[ 2019-03-16T14:36:30+08:00 ] 127.0.0.1 /api/admin.php/cate/list?page=1&limit=10
INFO: [ app_init ] --START--
INFO: Run Behavior\BuildLiteBehavior [ RunTime:0.000018s ]
INFO: [ app_init ] --END-- [ RunTime:0.000861s ]
INFO: [ app_begin ] --START--
INFO: Run Behavior\ReadHtmlCacheBehavior [ RunTime:0.001047s ]
INFO: [ app_begin ] --END-- [ RunTime:0.001100s ]
SQL: SHOW COLUMNS FROM `t_catelog` [ RunTime:0.0066s ]
SQL: SELECT * FROM `t_catelog` WHERE `catelog_del` = 'no'  [ RunTime:0.0054s ]
SQL: SELECT * FROM `t_catelog` WHERE `catelog_del` = 'no' LIMIT 0,10   [ RunTime:0.0010s ]
INFO: [ app_end ] --START--
INFO: Run Behavior\ShowPageTraceBehavior [ RunTime:0.001545s ]
INFO: [ app_end ] --END-- [ RunTime:0.001595s ]

[ 2019-03-16T14:36:32+08:00 ] 127.0.0.1 /api/admin.php/information/list?page=1&limit=10
INFO: [ app_init ] --START--
INFO: Run Behavior\BuildLiteBehavior [ RunTime:0.000014s ]
INFO: [ app_init ] --END-- [ RunTime:0.000678s ]
INFO: [ app_begin ] --START--
INFO: Run Behavior\ReadHtmlCacheBehavior [ RunTime:0.000753s ]
INFO: [ app_begin ] --END-- [ RunTime:0.000797s ]
SQL: SHOW COLUMNS FROM `t_information` [ RunTime:0.0060s ]
SQL: SELECT * FROM `t_information`  [ RunTime:0.0035s ]
SQL: SELECT * FROM `t_information` LIMIT 0,10   [ RunTime:0.0005s ]

[ 2019-03-16T14:36:34+08:00 ] 127.0.0.1 /api/admin.php/information/list?page=1&limit=10
INFO: [ app_init ] --START--
INFO: Run Behavior\BuildLiteBehavior [ RunTime:0.000016s ]
INFO: [ app_init ] --END-- [ RunTime:0.000722s ]
INFO: [ app_begin ] --START--
INFO: Run Behavior\ReadHtmlCacheBehavior [ RunTime:0.002572s ]
INFO: [ app_begin ] --END-- [ RunTime:0.002661s ]
SQL: SHOW COLUMNS FROM `t_information` [ RunTime:0.0078s ]
SQL: SELECT * FROM `t_information`  [ RunTime:0.0299s ]
SQL: SELECT * FROM `t_information` LIMIT 0,10   [ RunTime:0.0004s ]

[ 2019-03-16T14:36:42+08:00 ] 127.0.0.1 /api/admin.php/order/list?page=1&limit=10
INFO: [ app_init ] --START--
INFO: Run Behavior\BuildLiteBehavior [ RunTime:0.000024s ]
INFO: [ app_init ] --END-- [ RunTime:0.002516s ]
INFO: [ app_begin ] --START--
INFO: Run Behavior\ReadHtmlCacheBehavior [ RunTime:0.001050s ]
INFO: [ app_begin ] --END-- [ RunTime:0.001132s ]
SQL: SHOW COLUMNS FROM `t_order` [ RunTime:0.0066s ]
SQL: SELECT * FROM `t_order`  [ RunTime:0.0034s ]
SQL: SELECT * FROM `t_order` LIMIT 0,10   [ RunTime:0.0005s ]
INFO: [ app_end ] --START--
INFO: Run Behavior\ShowPageTraceBehavior [ RunTime:0.001010s ]
INFO: [ app_end ] --END-- [ RunTime:0.001053s ]

[ 2019-03-16T14:36:43+08:00 ] 127.0.0.1 /api/admin.php/liuyan/list?page=1&limit=10
INFO: [ app_init ] --START--
INFO: Run Behavior\BuildLiteBehavior [ RunTime:0.000017s ]
INFO: [ app_init ] --END-- [ RunTime:0.000691s ]
INFO: [ app_begin ] --START--
INFO: Run Behavior\ReadHtmlCacheBehavior [ RunTime:0.000852s ]
INFO: [ app_begin ] --END-- [ RunTime:0.000909s ]
SQL: SHOW COLUMNS FROM `t_liuyan` [ RunTime:0.0067s ]
SQL: SELECT * FROM `t_liuyan`  [ RunTime:0.0031s ]
SQL: SELECT * FROM `t_liuyan` LIMIT 0,10   [ RunTime:0.0005s ]
INFO: [ app_end ] --START--
INFO: Run Behavior\ShowPageTraceBehavior [ RunTime:0.003579s ]
INFO: [ app_end ] --END-- [ RunTime:0.003637s ]

[ 2019-03-16T14:36:45+08:00 ] 127.0.0.1 /api/admin.php/gonggao/list?page=1&limit=10
INFO: [ app_init ] --START--
INFO: Run Behavior\BuildLiteBehavior [ RunTime:0.000016s ]
INFO: [ app_init ] --END-- [ RunTime:0.000655s ]
INFO: [ app_begin ] --START--
INFO: Run Behavior\ReadHtmlCacheBehavior [ RunTime:0.001029s ]
INFO: [ app_begin ] --END-- [ RunTime:0.001081s ]
SQL: SHOW COLUMNS FROM `t_gonggao` [ RunTime:0.0067s ]
SQL: SELECT * FROM `t_gonggao` WHERE `gonggao_del` = 'no'  [ RunTime:0.0050s ]
SQL: SELECT * FROM `t_gonggao` WHERE `gonggao_del` = 'no' LIMIT 0,10   [ RunTime:0.0005s ]
INFO: [ app_end ] --START--
INFO: Run Behavior\ShowPageTraceBehavior [ RunTime:0.001064s ]
INFO: [ app_end ] --END-- [ RunTime:0.001111s ]

[ 2019-03-16T14:36:46+08:00 ] 127.0.0.1 /api/admin.php/cate/list?page=1&limit=10
INFO: [ app_init ] --START--
INFO: Run Behavior\BuildLiteBehavior [ RunTime:0.000078s ]
INFO: [ app_init ] --END-- [ RunTime:0.042089s ]
INFO: [ app_begin ] --START--
INFO: Run Behavior\ReadHtmlCacheBehavior [ RunTime:0.001403s ]
INFO: [ app_begin ] --END-- [ RunTime:0.002432s ]
SQL: SHOW COLUMNS FROM `t_catelog` [ RunTime:0.0075s ]
SQL: SELECT * FROM `t_catelog` WHERE `catelog_del` = 'no'  [ RunTime:0.0034s ]
SQL: SELECT * FROM `t_catelog` WHERE `catelog_del` = 'no' LIMIT 0,10   [ RunTime:0.0005s ]
INFO: [ app_end ] --START--
INFO: Run Behavior\ShowPageTraceBehavior [ RunTime:0.001292s ]
INFO: [ app_end ] --END-- [ RunTime:0.001374s ]

[ 2019-03-16T14:36:48+08:00 ] 127.0.0.1 /api/admin.php/good/sort
INFO: [ app_init ] --START--
INFO: Run Behavior\BuildLiteBehavior [ RunTime:0.000014s ]
INFO: [ app_init ] --END-- [ RunTime:0.000536s ]
INFO: [ app_begin ] --START--
INFO: Run Behavior\ReadHtmlCacheBehavior [ RunTime:0.001003s ]
INFO: [ app_begin ] --END-- [ RunTime:0.001050s ]
SQL: SHOW COLUMNS FROM `t_catelog` [ RunTime:0.0056s ]
SQL: SELECT * FROM `t_catelog` WHERE `catelog_del` = 'no'  [ RunTime:0.0029s ]

[ 2019-03-16T14:36:49+08:00 ] 127.0.0.1 /api/admin.php/good/list?page=1&limit=10
INFO: [ app_init ] --START--
INFO: Run Behavior\BuildLiteBehavior [ RunTime:0.000013s ]
INFO: [ app_init ] --END-- [ RunTime:0.000604s ]
INFO: [ app_begin ] --START--
INFO: Run Behavior\ReadHtmlCacheBehavior [ RunTime:0.000784s ]
INFO: [ app_begin ] --END-- [ RunTime:0.000831s ]
SQL: SHOW COLUMNS FROM `t_goods` [ RunTime:0.0075s ]
SQL: SHOW COLUMNS FROM `t_catelog` [ RunTime:0.0090s ]
SQL: SELECT * FROM `t_catelog`  [ RunTime:0.0031s ]
SQL: SELECT * FROM `t_goods`  [ RunTime:0.0007s ]
SQL: SELECT * FROM `t_goods` LIMIT 0,10   [ RunTime:0.0006s ]
INFO: [ app_end ] --START--
INFO: Run Behavior\ShowPageTraceBehavior [ RunTime:0.013232s ]
INFO: [ app_end ] --END-- [ RunTime:0.013297s ]

[ 2019-03-16T14:58:37+08:00 ] 127.0.0.1 /api/admin.php/user/list?page=1&limit=5
INFO: [ app_init ] --START--
INFO: Run Behavior\BuildLiteBehavior [ RunTime:0.000049s ]
INFO: [ app_init ] --END-- [ RunTime:0.002423s ]
INFO: [ app_begin ] --START--
INFO: Run Behavior\ReadHtmlCacheBehavior [ RunTime:0.001636s ]
INFO: [ app_begin ] --END-- [ RunTime:0.002059s ]
SQL: SHOW COLUMNS FROM `t_user` [ RunTime:0.0124s ]
SQL: SELECT * FROM `t_user` WHERE `user_del` = 'no'  [ RunTime:0.0056s ]
SQL: SELECT * FROM `t_user` WHERE `user_del` = 'no' LIMIT 0,5   [ RunTime:0.0007s ]
INFO: [ app_end ] --START--
INFO: Run Behavior\ShowPageTraceBehavior [ RunTime:0.001547s ]
INFO: [ app_end ] --END-- [ RunTime:0.001602s ]

[ 2019-03-16T15:57:16+08:00 ] 127.0.0.1 /api/admin.php/good/list?page=1&limit=10
INFO: [ app_init ] --START--
INFO: Run Behavior\BuildLiteBehavior [ RunTime:0.000023s ]
INFO: [ app_init ] --END-- [ RunTime:0.003218s ]
INFO: [ app_begin ] --START--
INFO: Run Behavior\ReadHtmlCacheBehavior [ RunTime:0.001034s ]
INFO: [ app_begin ] --END-- [ RunTime:0.001065s ]
SQL: SHOW COLUMNS FROM `t_goods` [ RunTime:0.0195s ]
SQL: SHOW COLUMNS FROM `t_catelog` [ RunTime:0.0053s ]
SQL: SELECT * FROM `t_catelog`  [ RunTime:0.0031s ]
SQL: SELECT * FROM `t_goods`  [ RunTime:0.0012s ]
SQL: SELECT * FROM `t_goods` LIMIT 0,10   [ RunTime:0.0004s ]
INFO: [ app_end ] --START--
INFO: Run Behavior\ShowPageTraceBehavior [ RunTime:0.002657s ]
INFO: [ app_end ] --END-- [ RunTime:0.002713s ]

[ 2019-03-16T15:57:18+08:00 ] 127.0.0.1 /api/admin.php/good/sort
INFO: [ app_init ] --START--
INFO: Run Behavior\BuildLiteBehavior [ RunTime:0.000012s ]
INFO: [ app_init ] --END-- [ RunTime:0.000539s ]
INFO: [ app_begin ] --START--
INFO: Run Behavior\ReadHtmlCacheBehavior [ RunTime:0.000727s ]
INFO: [ app_begin ] --END-- [ RunTime:0.000765s ]
SQL: SHOW COLUMNS FROM `t_catelog` [ RunTime:0.0062s ]
SQL: SELECT * FROM `t_catelog` WHERE `catelog_del` = 'no'  [ RunTime:0.0046s ]

[ 2019-03-16T15:58:25+08:00 ] 127.0.0.1 /api/admin.php/logo/list?page=1&limit=5
INFO: [ app_init ] --START--
INFO: Run Behavior\BuildLiteBehavior [ RunTime:0.000017s ]
INFO: [ app_init ] --END-- [ RunTime:0.001046s ]
INFO: [ app_begin ] --START--
INFO: Run Behavior\ReadHtmlCacheBehavior [ RunTime:0.001692s ]
INFO: [ app_begin ] --END-- [ RunTime:0.001756s ]
SQL: SHOW COLUMNS FROM `t_logo` [ RunTime:0.0093s ]
SQL: SELECT * FROM `t_logo` WHERE `logo_isDel` = 'no'  [ RunTime:0.0032s ]
SQL: SELECT * FROM `t_logo` WHERE `logo_isDel` = 'no' LIMIT 0,5   [ RunTime:0.0004s ]

[ 2019-03-16T15:58:27+08:00 ] 127.0.0.1 /api/admin.php/banner1/list?page=1&limit=10
INFO: [ app_init ] --START--
INFO: Run Behavior\BuildLiteBehavior [ RunTime:0.000016s ]
INFO: [ app_init ] --END-- [ RunTime:0.000598s ]
INFO: [ app_begin ] --START--
INFO: Run Behavior\ReadHtmlCacheBehavior [ RunTime:0.000857s ]
INFO: [ app_begin ] --END-- [ RunTime:0.000904s ]
SQL: SHOW COLUMNS FROM `t_onebanner` [ RunTime:0.0074s ]
SQL: SELECT * FROM `t_onebanner` WHERE `one_banner_isDel` = 'no'  [ RunTime:0.0042s ]
SQL: SELECT * FROM `t_onebanner` WHERE `one_banner_isDel` = 'no' LIMIT 0,10   [ RunTime:0.0005s ]

[ 2019-03-16T15:58:28+08:00 ] 127.0.0.1 /api/admin.php/banner2/list?page=1&limit=5
INFO: [ app_init ] --START--
INFO: Run Behavior\BuildLiteBehavior [ RunTime:0.000015s ]
INFO: [ app_init ] --END-- [ RunTime:0.000662s ]
INFO: [ app_begin ] --START--
INFO: Run Behavior\ReadHtmlCacheBehavior [ RunTime:0.000822s ]
INFO: [ app_begin ] --END-- [ RunTime:0.000870s ]
SQL: SHOW COLUMNS FROM `t_twobanner` [ RunTime:0.0076s ]
SQL: SELECT * FROM `t_twobanner` WHERE `two_banner_isDel` = 'no'  [ RunTime:0.0048s ]
SQL: SELECT * FROM `t_twobanner` WHERE `two_banner_isDel` = 'no' LIMIT 0,5   [ RunTime:0.0005s ]

[ 2019-03-16T15:58:28+08:00 ] 127.0.0.1 /api/admin.php/banner3/list?page=1&limit=5
INFO: [ app_init ] --START--
INFO: Run Behavior\BuildLiteBehavior [ RunTime:0.000051s ]
INFO: [ app_init ] --END-- [ RunTime:0.000694s ]
INFO: [ app_begin ] --START--
INFO: Run Behavior\ReadHtmlCacheBehavior [ RunTime:0.001092s ]
INFO: [ app_begin ] --END-- [ RunTime:0.001164s ]
SQL: SHOW COLUMNS FROM `t_threebanner` [ RunTime:0.0068s ]
SQL: SELECT * FROM `t_threebanner` WHERE `three_banner_isDel` = 'no'  [ RunTime:0.0032s ]
SQL: SELECT * FROM `t_threebanner` WHERE `three_banner_isDel` = 'no' LIMIT 0,5   [ RunTime:0.0009s ]

[ 2019-03-16T15:58:30+08:00 ] 127.0.0.1 /api/admin.php/banner3/list?page=1&limit=5
INFO: [ app_init ] --START--
INFO: Run Behavior\BuildLiteBehavior [ RunTime:0.000017s ]
INFO: [ app_init ] --END-- [ RunTime:0.000674s ]
INFO: [ app_begin ] --START--
INFO: Run Behavior\ReadHtmlCacheBehavior [ RunTime:0.000903s ]
INFO: [ app_begin ] --END-- [ RunTime:0.000969s ]
SQL: SHOW COLUMNS FROM `t_threebanner` [ RunTime:0.0080s ]
SQL: SELECT * FROM `t_threebanner` WHERE `three_banner_isDel` = 'no'  [ RunTime:0.0054s ]
SQL: SELECT * FROM `t_threebanner` WHERE `three_banner_isDel` = 'no' LIMIT 0,5   [ RunTime:0.0005s ]

[ 2019-03-16T15:58:33+08:00 ] 127.0.0.1 /api/admin.php/recbanner/list?page=1&limit=5
INFO: [ app_init ] --START--
INFO: Run Behavior\BuildLiteBehavior [ RunTime:0.000016s ]
INFO: [ app_init ] --END-- [ RunTime:0.000716s ]
INFO: [ app_begin ] --START--
INFO: Run Behavior\ReadHtmlCacheBehavior [ RunTime:0.000893s ]
INFO: [ app_begin ] --END-- [ RunTime:0.000943s ]
SQL: SHOW COLUMNS FROM `t_fourbanner` [ RunTime:0.0076s ]
SQL: SELECT * FROM `t_fourbanner` WHERE `four_banner_isDel` = 'no'  [ RunTime:0.0036s ]
SQL: SELECT * FROM `t_fourbanner` WHERE `four_banner_isDel` = 'no' LIMIT 0,5   [ RunTime:0.0009s ]

[ 2019-03-16T16:23:47+08:00 ] 127.0.0.1 /api/admin.php/liuyan/list?page=1&limit=10
INFO: [ app_init ] --START--
INFO: Run Behavior\BuildLiteBehavior [ RunTime:0.000027s ]
INFO: [ app_init ] --END-- [ RunTime:0.002045s ]
INFO: [ app_begin ] --START--
INFO: Run Behavior\ReadHtmlCacheBehavior [ RunTime:0.002439s ]
INFO: [ app_begin ] --END-- [ RunTime:0.002495s ]
SQL: SHOW COLUMNS FROM `t_liuyan` [ RunTime:0.0126s ]
SQL: SELECT * FROM `t_liuyan`  [ RunTime:0.0039s ]
SQL: SELECT * FROM `t_liuyan` LIMIT 0,10   [ RunTime:0.0003s ]
INFO: [ app_end ] --START--
INFO: Run Behavior\ShowPageTraceBehavior [ RunTime:0.001227s ]
INFO: [ app_end ] --END-- [ RunTime:0.001276s ]

[ 2019-03-16T16:24:00+08:00 ] 127.0.0.1 /api/admin.php/liuyan/confirm
INFO: [ app_init ] --START--
INFO: Run Behavior\BuildLiteBehavior [ RunTime:0.000009s ]
INFO: [ app_init ] --END-- [ RunTime:0.000316s ]
INFO: [ app_begin ] --START--
INFO: Run Behavior\ReadHtmlCacheBehavior [ RunTime:0.000412s ]
INFO: [ app_begin ] --END-- [ RunTime:0.000470s ]
SQL: SHOW COLUMNS FROM `t_liuyan` [ RunTime:0.0060s ]
SQL: UPDATE `t_liuyan` SET `liuyan_isOk`='1' WHERE `liuyan_id` = 6 [ RunTime:0.0142s ]
INFO: [ app_end ] --START--
INFO: Run Behavior\ShowPageTraceBehavior [ RunTime:0.003349s ]
INFO: [ app_end ] --END-- [ RunTime:0.003493s ]

[ 2019-03-16T16:24:05+08:00 ] 127.0.0.1 /api/admin.php/liuyan/confirm
INFO: [ app_init ] --START--
INFO: Run Behavior\BuildLiteBehavior [ RunTime:0.000008s ]
INFO: [ app_init ] --END-- [ RunTime:0.000342s ]
INFO: [ app_begin ] --START--
INFO: Run Behavior\ReadHtmlCacheBehavior [ RunTime:0.000468s ]
INFO: [ app_begin ] --END-- [ RunTime:0.000504s ]
SQL: SHOW COLUMNS FROM `t_liuyan` [ RunTime:0.0070s ]
SQL: UPDATE `t_liuyan` SET `liuyan_isOk`='2' WHERE `liuyan_id` = 6 [ RunTime:0.0072s ]
INFO: [ app_end ] --START--
INFO: Run Behavior\ShowPageTraceBehavior [ RunTime:0.000966s ]
INFO: [ app_end ] --END-- [ RunTime:0.001014s ]

[ 2019-03-16T16:24:09+08:00 ] 127.0.0.1 /api/admin.php/liuyan/list?page=1&limit=10
INFO: [ app_init ] --START--
INFO: Run Behavior\BuildLiteBehavior [ RunTime:0.000014s ]
INFO: [ app_init ] --END-- [ RunTime:0.000612s ]
INFO: [ app_begin ] --START--
INFO: Run Behavior\ReadHtmlCacheBehavior [ RunTime:0.000942s ]
INFO: [ app_begin ] --END-- [ RunTime:0.000992s ]
SQL: SHOW COLUMNS FROM `t_liuyan` [ RunTime:0.0060s ]
SQL: SELECT * FROM `t_liuyan`  [ RunTime:0.0033s ]
SQL: SELECT * FROM `t_liuyan` LIMIT 0,10   [ RunTime:0.0005s ]
INFO: [ app_end ] --START--
INFO: Run Behavior\ShowPageTraceBehavior [ RunTime:0.001058s ]
INFO: [ app_end ] --END-- [ RunTime:0.001111s ]

[ 2019-03-16T16:24:12+08:00 ] 127.0.0.1 /api/admin.php/liuyan/confirm
INFO: [ app_init ] --START--
INFO: Run Behavior\BuildLiteBehavior [ RunTime:0.000007s ]
INFO: [ app_init ] --END-- [ RunTime:0.000295s ]
INFO: [ app_begin ] --START--
INFO: Run Behavior\ReadHtmlCacheBehavior [ RunTime:0.000392s ]
INFO: [ app_begin ] --END-- [ RunTime:0.000428s ]
SQL: SHOW COLUMNS FROM `t_liuyan` [ RunTime:0.0053s ]
SQL: UPDATE `t_liuyan` SET `liuyan_isOk`='1' WHERE `liuyan_id` = 6 [ RunTime:0.0061s ]
INFO: [ app_end ] --START--
INFO: Run Behavior\ShowPageTraceBehavior [ RunTime:0.000716s ]
INFO: [ app_end ] --END-- [ RunTime:0.000739s ]

[ 2019-03-16T16:24:16+08:00 ] 127.0.0.1 /api/admin.php/liuyan/list?page=1&limit=10
INFO: [ app_init ] --START--
INFO: Run Behavior\BuildLiteBehavior [ RunTime:0.000014s ]
INFO: [ app_init ] --END-- [ RunTime:0.000653s ]
INFO: [ app_begin ] --START--
INFO: Run Behavior\ReadHtmlCacheBehavior [ RunTime:0.000870s ]
INFO: [ app_begin ] --END-- [ RunTime:0.000993s ]
SQL: SHOW COLUMNS FROM `t_liuyan` [ RunTime:0.0058s ]
SQL: SELECT * FROM `t_liuyan`  [ RunTime:0.0033s ]
SQL: SELECT * FROM `t_liuyan` LIMIT 0,10   [ RunTime:0.0004s ]
INFO: [ app_end ] --START--
INFO: Run Behavior\ShowPageTraceBehavior [ RunTime:0.001065s ]
INFO: [ app_end ] --END-- [ RunTime:0.001120s ]

[ 2019-03-16T16:24:22+08:00 ] 127.0.0.1 /api/admin.php/order/list?page=1&limit=10
INFO: [ app_init ] --START--
INFO: Run Behavior\BuildLiteBehavior [ RunTime:0.000015s ]
INFO: [ app_init ] --END-- [ RunTime:0.000658s ]
INFO: [ app_begin ] --START--
INFO: Run Behavior\ReadHtmlCacheBehavior [ RunTime:0.000998s ]
INFO: [ app_begin ] --END-- [ RunTime:0.001050s ]
SQL: SHOW COLUMNS FROM `t_order` [ RunTime:0.0071s ]
SQL: SELECT * FROM `t_order`  [ RunTime:0.0039s ]
SQL: SELECT * FROM `t_order` LIMIT 0,10   [ RunTime:0.0006s ]
INFO: [ app_end ] --START--
INFO: Run Behavior\ShowPageTraceBehavior [ RunTime:0.001154s ]
INFO: [ app_end ] --END-- [ RunTime:0.001214s ]

[ 2019-03-16T16:24:27+08:00 ] 127.0.0.1 /api/admin.php/good/list?page=1&limit=10
INFO: [ app_init ] --START--
INFO: Run Behavior\BuildLiteBehavior [ RunTime:0.000015s ]
INFO: [ app_init ] --END-- [ RunTime:0.000640s ]
INFO: [ app_begin ] --START--
INFO: Run Behavior\ReadHtmlCacheBehavior [ RunTime:0.000937s ]
INFO: [ app_begin ] --END-- [ RunTime:0.001031s ]
SQL: SHOW COLUMNS FROM `t_goods` [ RunTime:0.0068s ]
SQL: SHOW COLUMNS FROM `t_catelog` [ RunTime:0.0089s ]
SQL: SELECT * FROM `t_catelog`  [ RunTime:0.0032s ]
SQL: SELECT * FROM `t_goods`  [ RunTime:0.0010s ]
SQL: SELECT * FROM `t_goods` LIMIT 0,10   [ RunTime:0.0006s ]
INFO: [ app_end ] --START--
INFO: Run Behavior\ShowPageTraceBehavior [ RunTime:0.001102s ]
INFO: [ app_end ] --END-- [ RunTime:0.001178s ]

[ 2019-03-16T16:24:28+08:00 ] 127.0.0.1 /api/admin.php/good/sort
INFO: [ app_init ] --START--
INFO: Run Behavior\BuildLiteBehavior [ RunTime:0.000012s ]
INFO: [ app_init ] --END-- [ RunTime:0.000577s ]
INFO: [ app_begin ] --START--
INFO: Run Behavior\ReadHtmlCacheBehavior [ RunTime:0.000818s ]
INFO: [ app_begin ] --END-- [ RunTime:0.000870s ]
SQL: SHOW COLUMNS FROM `t_catelog` [ RunTime:0.0055s ]
SQL: SELECT * FROM `t_catelog` WHERE `catelog_del` = 'no'  [ RunTime:0.0029s ]

[ 2019-03-16T16:24:30+08:00 ] 127.0.0.1 /api/admin.php/information/list?page=1&limit=10
INFO: [ app_init ] --START--
INFO: Run Behavior\BuildLiteBehavior [ RunTime:0.000017s ]
INFO: [ app_init ] --END-- [ RunTime:0.001183s ]
INFO: [ app_begin ] --START--
INFO: Run Behavior\ReadHtmlCacheBehavior [ RunTime:0.000868s ]
INFO: [ app_begin ] --END-- [ RunTime:0.000915s ]
SQL: SHOW COLUMNS FROM `t_information` [ RunTime:0.0075s ]
SQL: SELECT * FROM `t_information`  [ RunTime:0.0035s ]
SQL: SELECT * FROM `t_information` LIMIT 0,10   [ RunTime:0.0004s ]

[ 2019-03-16T16:24:34+08:00 ] 127.0.0.1 /api/admin.php/logo/list?page=1&limit=5
INFO: [ app_init ] --START--
INFO: Run Behavior\BuildLiteBehavior [ RunTime:0.000016s ]
INFO: [ app_init ] --END-- [ RunTime:0.000850s ]
INFO: [ app_begin ] --START--
INFO: Run Behavior\ReadHtmlCacheBehavior [ RunTime:0.001979s ]
INFO: [ app_begin ] --END-- [ RunTime:0.002041s ]
SQL: SHOW COLUMNS FROM `t_logo` [ RunTime:0.0077s ]
SQL: SELECT * FROM `t_logo` WHERE `logo_isDel` = 'no'  [ RunTime:0.0033s ]
SQL: SELECT * FROM `t_logo` WHERE `logo_isDel` = 'no' LIMIT 0,5   [ RunTime:0.0005s ]

[ 2019-03-16T16:24:35+08:00 ] 127.0.0.1 /api/admin.php/banner1/list?page=1&limit=10
INFO: [ app_init ] --START--
INFO: Run Behavior\BuildLiteBehavior [ RunTime:0.000015s ]
INFO: [ app_init ] --END-- [ RunTime:0.000684s ]
INFO: [ app_begin ] --START--
INFO: Run Behavior\ReadHtmlCacheBehavior [ RunTime:0.002290s ]
INFO: [ app_begin ] --END-- [ RunTime:0.002418s ]
SQL: SHOW COLUMNS FROM `t_onebanner` [ RunTime:0.0073s ]
SQL: SELECT * FROM `t_onebanner` WHERE `one_banner_isDel` = 'no'  [ RunTime:0.0083s ]
SQL: SELECT * FROM `t_onebanner` WHERE `one_banner_isDel` = 'no' LIMIT 0,10   [ RunTime:0.0039s ]

[ 2019-03-16T16:24:36+08:00 ] 127.0.0.1 /api/admin.php/banner2/list?page=1&limit=5
INFO: [ app_init ] --START--
INFO: Run Behavior\BuildLiteBehavior [ RunTime:0.000012s ]
INFO: [ app_init ] --END-- [ RunTime:0.000574s ]
INFO: [ app_begin ] --START--
INFO: Run Behavior\ReadHtmlCacheBehavior [ RunTime:0.000754s ]
INFO: [ app_begin ] --END-- [ RunTime:0.000796s ]
SQL: SHOW COLUMNS FROM `t_twobanner` [ RunTime:0.0065s ]
SQL: SELECT * FROM `t_twobanner` WHERE `two_banner_isDel` = 'no'  [ RunTime:0.0040s ]
SQL: SELECT * FROM `t_twobanner` WHERE `two_banner_isDel` = 'no' LIMIT 0,5   [ RunTime:0.0006s ]

[ 2019-03-16T16:24:36+08:00 ] 127.0.0.1 /api/admin.php/banner3/list?page=1&limit=5
INFO: [ app_init ] --START--
INFO: Run Behavior\BuildLiteBehavior [ RunTime:0.000019s ]
INFO: [ app_init ] --END-- [ RunTime:0.000781s ]
INFO: [ app_begin ] --START--
INFO: Run Behavior\ReadHtmlCacheBehavior [ RunTime:0.001207s ]
INFO: [ app_begin ] --END-- [ RunTime:0.001266s ]
SQL: SHOW COLUMNS FROM `t_threebanner` [ RunTime:0.0071s ]
SQL: SELECT * FROM `t_threebanner` WHERE `three_banner_isDel` = 'no'  [ RunTime:0.0032s ]
SQL: SELECT * FROM `t_threebanner` WHERE `three_banner_isDel` = 'no' LIMIT 0,5   [ RunTime:0.0006s ]

[ 2019-03-16T16:24:37+08:00 ] 127.0.0.1 /api/admin.php/banner2/list?page=1&limit=5
INFO: [ app_init ] --START--
INFO: Run Behavior\BuildLiteBehavior [ RunTime:0.000010s ]
INFO: [ app_init ] --END-- [ RunTime:0.000585s ]
INFO: [ app_begin ] --START--
INFO: Run Behavior\ReadHtmlCacheBehavior [ RunTime:0.000851s ]
INFO: [ app_begin ] --END-- [ RunTime:0.000899s ]
SQL: SHOW COLUMNS FROM `t_twobanner` [ RunTime:0.0060s ]
SQL: SELECT * FROM `t_twobanner` WHERE `two_banner_isDel` = 'no'  [ RunTime:0.0031s ]
SQL: SELECT * FROM `t_twobanner` WHERE `two_banner_isDel` = 'no' LIMIT 0,5   [ RunTime:0.0005s ]

[ 2019-03-16T16:24:38+08:00 ] 127.0.0.1 /api/admin.php/banner1/list?page=1&limit=10
INFO: [ app_init ] --START--
INFO: Run Behavior\BuildLiteBehavior [ RunTime:0.000014s ]
INFO: [ app_init ] --END-- [ RunTime:0.000646s ]
INFO: [ app_begin ] --START--
INFO: Run Behavior\ReadHtmlCacheBehavior [ RunTime:0.000787s ]
INFO: [ app_begin ] --END-- [ RunTime:0.000835s ]
SQL: SHOW COLUMNS FROM `t_onebanner` [ RunTime:0.0069s ]
SQL: SELECT * FROM `t_onebanner` WHERE `one_banner_isDel` = 'no'  [ RunTime:0.0033s ]
SQL: SELECT * FROM `t_onebanner` WHERE `one_banner_isDel` = 'no' LIMIT 0,10   [ RunTime:0.0005s ]

[ 2019-03-16T16:24:41+08:00 ] 127.0.0.1 /api/admin.php/banner1/modify
INFO: [ app_init ] --START--
INFO: Run Behavior\BuildLiteBehavior [ RunTime:0.000015s ]
INFO: [ app_init ] --END-- [ RunTime:0.000760s ]
INFO: [ app_begin ] --START--
INFO: Run Behavior\ReadHtmlCacheBehavior [ RunTime:0.000544s ]
INFO: [ app_begin ] --END-- [ RunTime:0.000579s ]
SQL: SHOW COLUMNS FROM `t_onebanner` [ RunTime:0.0055s ]
SQL: SELECT * FROM `t_onebanner` WHERE `one_banner_isDel` = 'no'  [ RunTime:0.0026s ]
SQL: UPDATE `t_onebanner` SET `one_banner_isInstead`='yes' WHERE `one_banner_isDel` = 'no' AND `one_banner_id` = 10 [ RunTime:0.0057s ]
SQL: UPDATE `t_onebanner` SET `one_banner_isInstead`='no' WHERE `one_banner_isDel` = 'no' AND `one_banner_id` = 11 [ RunTime:0.0037s ]

[ 2019-03-16T16:24:44+08:00 ] 127.0.0.1 /api/admin.php/banner2/list?page=1&limit=5
INFO: [ app_init ] --START--
INFO: Run Behavior\BuildLiteBehavior [ RunTime:0.000013s ]
INFO: [ app_init ] --END-- [ RunTime:0.000613s ]
INFO: [ app_begin ] --START--
INFO: Run Behavior\ReadHtmlCacheBehavior [ RunTime:0.000826s ]
INFO: [ app_begin ] --END-- [ RunTime:0.000874s ]
SQL: SHOW COLUMNS FROM `t_twobanner` [ RunTime:0.0059s ]
SQL: SELECT * FROM `t_twobanner` WHERE `two_banner_isDel` = 'no'  [ RunTime:0.0034s ]
SQL: SELECT * FROM `t_twobanner` WHERE `two_banner_isDel` = 'no' LIMIT 0,5   [ RunTime:0.0005s ]

[ 2019-03-16T16:24:47+08:00 ] 127.0.0.1 /api/admin.php/banner2/modify
INFO: [ app_init ] --START--
INFO: Run Behavior\BuildLiteBehavior [ RunTime:0.000008s ]
INFO: [ app_init ] --END-- [ RunTime:0.000402s ]
INFO: [ app_begin ] --START--
INFO: Run Behavior\ReadHtmlCacheBehavior [ RunTime:0.000441s ]
INFO: [ app_begin ] --END-- [ RunTime:0.000461s ]
SQL: SHOW COLUMNS FROM `t_twobanner` [ RunTime:0.0042s ]
SQL: SELECT * FROM `t_twobanner` WHERE `two_banner_isDel` = 'no'  [ RunTime:0.0022s ]
SQL: UPDATE `t_twobanner` SET `two_banner_isInstead`='yes' WHERE `two_banner_isDel` = 'no' AND `two_banner_id` = 6 [ RunTime:0.0050s ]

[ 2019-03-16T16:25:26+08:00 ] 127.0.0.1 /api/admin.php/banner3/list?page=1&limit=5
INFO: [ app_init ] --START--
INFO: Run Behavior\BuildLiteBehavior [ RunTime:0.000015s ]
INFO: [ app_init ] --END-- [ RunTime:0.000989s ]
INFO: [ app_begin ] --START--
INFO: Run Behavior\ReadHtmlCacheBehavior [ RunTime:0.000904s ]
INFO: [ app_begin ] --END-- [ RunTime:0.000952s ]
SQL: SHOW COLUMNS FROM `t_threebanner` [ RunTime:0.0060s ]
SQL: SELECT * FROM `t_threebanner` WHERE `three_banner_isDel` = 'no'  [ RunTime:0.0034s ]
SQL: SELECT * FROM `t_threebanner` WHERE `three_banner_isDel` = 'no' LIMIT 0,5   [ RunTime:0.0005s ]

[ 2019-03-16T16:25:28+08:00 ] 127.0.0.1 /api/admin.php/banner1/list?page=1&limit=10
INFO: [ app_init ] --START--
INFO: Run Behavior\BuildLiteBehavior [ RunTime:0.000014s ]
INFO: [ app_init ] --END-- [ RunTime:0.000579s ]
INFO: [ app_begin ] --START--
INFO: Run Behavior\ReadHtmlCacheBehavior [ RunTime:0.000943s ]
INFO: [ app_begin ] --END-- [ RunTime:0.000997s ]
SQL: SHOW COLUMNS FROM `t_onebanner` [ RunTime:0.0065s ]
SQL: SELECT * FROM `t_onebanner` WHERE `one_banner_isDel` = 'no'  [ RunTime:0.0035s ]
SQL: SELECT * FROM `t_onebanner` WHERE `one_banner_isDel` = 'no' LIMIT 0,10   [ RunTime:0.0005s ]

[ 2019-03-16T21:02:05+08:00 ] 127.0.0.1 /api/admin.php/logo/list?page=1&limit=5
INFO: [ app_init ] --START--
INFO: Run Behavior\BuildLiteBehavior [ RunTime:0.000017s ]
INFO: [ app_init ] --END-- [ RunTime:0.003010s ]
INFO: [ app_begin ] --START--
INFO: Run Behavior\ReadHtmlCacheBehavior [ RunTime:0.001552s ]
INFO: [ app_begin ] --END-- [ RunTime:0.001616s ]
SQL: SHOW COLUMNS FROM `t_logo` [ RunTime:0.0154s ]
SQL: SELECT * FROM `t_logo` WHERE `logo_isDel` = 'no'  [ RunTime:0.0038s ]
SQL: SELECT * FROM `t_logo` WHERE `logo_isDel` = 'no' LIMIT 0,5   [ RunTime:0.0005s ]

[ 2019-03-16T22:57:27+08:00 ] 127.0.0.1 /api/admin.php/banner3/list?page=1&limit=5
INFO: [ app_init ] --START--
INFO: Run Behavior\BuildLiteBehavior [ RunTime:0.000029s ]
INFO: [ app_init ] --END-- [ RunTime:0.001800s ]
INFO: [ app_begin ] --START--
INFO: Run Behavior\ReadHtmlCacheBehavior [ RunTime:0.002580s ]
INFO: [ app_begin ] --END-- [ RunTime:0.002726s ]
SQL: SHOW COLUMNS FROM `t_threebanner` [ RunTime:0.0105s ]
SQL: SELECT * FROM `t_threebanner` WHERE `three_banner_isDel` = 'no'  [ RunTime:0.0043s ]
SQL: SELECT * FROM `t_threebanner` WHERE `three_banner_isDel` = 'no' LIMIT 0,5   [ RunTime:0.0025s ]

[ 2019-03-16T22:57:27+08:00 ] 127.0.0.1 /api/admin.php/banner2/list?page=1&limit=5
INFO: [ app_init ] --START--
INFO: Run Behavior\BuildLiteBehavior [ RunTime:0.000016s ]
INFO: [ app_init ] --END-- [ RunTime:0.000651s ]
INFO: [ app_begin ] --START--
INFO: Run Behavior\ReadHtmlCacheBehavior [ RunTime:0.000845s ]
INFO: [ app_begin ] --END-- [ RunTime:0.000896s ]
SQL: SHOW COLUMNS FROM `t_twobanner` [ RunTime:0.0071s ]
SQL: SELECT * FROM `t_twobanner` WHERE `two_banner_isDel` = 'no'  [ RunTime:0.0018s ]
SQL: SELECT * FROM `t_twobanner` WHERE `two_banner_isDel` = 'no' LIMIT 0,5   [ RunTime:0.0005s ]

[ 2019-03-16T22:57:31+08:00 ] 127.0.0.1 /api/admin.php/cate/list?page=1&limit=10
INFO: [ app_init ] --START--
INFO: Run Behavior\BuildLiteBehavior [ RunTime:0.000018s ]
INFO: [ app_init ] --END-- [ RunTime:0.000851s ]
INFO: [ app_begin ] --START--
INFO: Run Behavior\ReadHtmlCacheBehavior [ RunTime:0.001285s ]
INFO: [ app_begin ] --END-- [ RunTime:0.001353s ]
SQL: SHOW COLUMNS FROM `t_catelog` [ RunTime:0.0076s ]
SQL: SELECT * FROM `t_catelog` WHERE `catelog_del` = 'no'  [ RunTime:0.0034s ]
SQL: SELECT * FROM `t_catelog` WHERE `catelog_del` = 'no' LIMIT 0,10   [ RunTime:0.0005s ]
INFO: [ app_end ] --START--
INFO: Run Behavior\ShowPageTraceBehavior [ RunTime:0.001633s ]
INFO: [ app_end ] --END-- [ RunTime:0.001682s ]

[ 2019-03-16T22:57:33+08:00 ] 127.0.0.1 /api/admin.php/user/list?page=1&limit=5
INFO: [ app_init ] --START--
INFO: Run Behavior\BuildLiteBehavior [ RunTime:0.000021s ]
INFO: [ app_init ] --END-- [ RunTime:0.000773s ]
INFO: [ app_begin ] --START--
INFO: Run Behavior\ReadHtmlCacheBehavior [ RunTime:0.001068s ]
INFO: [ app_begin ] --END-- [ RunTime:0.001122s ]
SQL: SHOW COLUMNS FROM `t_user` [ RunTime:0.0105s ]
SQL: SELECT * FROM `t_user` WHERE `user_del` = 'no'  [ RunTime:0.0032s ]
SQL: SELECT * FROM `t_user` WHERE `user_del` = 'no' LIMIT 0,5   [ RunTime:0.0007s ]
INFO: [ app_end ] --START--
INFO: Run Behavior\ShowPageTraceBehavior [ RunTime:0.000993s ]
INFO: [ app_end ] --END-- [ RunTime:0.001048s ]

