[ 2019-03-18T10:25:56+08:00 ] 127.0.0.1 /api/admin.php/login
INFO: [ app_init ] --START--
INFO: Run Behavior\BuildLiteBehavior [ RunTime:0.000025s ]
INFO: [ app_init ] --END-- [ RunTime:0.003333s ]
INFO: [ app_begin ] --START--
INFO: Run Behavior\ReadHtmlCacheBehavior [ RunTime:0.002122s ]
INFO: [ app_begin ] --END-- [ RunTime:0.002337s ]
SQL: SHOW COLUMNS FROM `t_admin` [ RunTime:0.0230s ]
SQL: SELECT * FROM `t_admin` WHERE `userName` = 'admin' AND `userPw` = 'amdin' LIMIT 1   [ RunTime:0.0093s ]

[ 2019-03-18T10:26:00+08:00 ] 127.0.0.1 /api/admin.php/login
INFO: [ app_init ] --START--
INFO: Run Behavior\BuildLiteBehavior [ RunTime:0.000039s ]
INFO: [ app_init ] --END-- [ RunTime:0.001599s ]
INFO: [ app_begin ] --START--
INFO: Run Behavior\ReadHtmlCacheBehavior [ RunTime:0.001209s ]
INFO: [ app_begin ] --END-- [ RunTime:0.001282s ]
SQL: SHOW COLUMNS FROM `t_admin` [ RunTime:0.0094s ]
SQL: SELECT * FROM `t_admin` WHERE `userName` = 'admin' AND `userPw` = 'admin' LIMIT 1   [ RunTime:0.0031s ]

[ 2019-03-18T10:26:05+08:00 ] 127.0.0.1 /api/admin.php/banner1/list?page=1&limit=10
INFO: [ app_init ] --START--
INFO: Run Behavior\BuildLiteBehavior [ RunTime:0.000008s ]
INFO: [ app_init ] --END-- [ RunTime:0.000389s ]
INFO: [ app_begin ] --START--
INFO: Run Behavior\ReadHtmlCacheBehavior [ RunTime:0.000700s ]
INFO: [ app_begin ] --END-- [ RunTime:0.000752s ]
SQL: SHOW COLUMNS FROM `t_onebanner` [ RunTime:0.0086s ]
SQL: SELECT * FROM `t_onebanner` WHERE `one_banner_isDel` = 'no'  [ RunTime:0.0018s ]
SQL: SELECT * FROM `t_onebanner` WHERE `one_banner_isDel` = 'no' LIMIT 0,10   [ RunTime:0.0005s ]

[ 2019-03-18T10:26:06+08:00 ] 127.0.0.1 /api/admin.php/banner2/list?page=1&limit=5
INFO: [ app_init ] --START--
INFO: Run Behavior\BuildLiteBehavior [ RunTime:0.000020s ]
INFO: [ app_init ] --END-- [ RunTime:0.000842s ]
INFO: [ app_begin ] --START--
INFO: Run Behavior\ReadHtmlCacheBehavior [ RunTime:0.000906s ]
INFO: [ app_begin ] --END-- [ RunTime:0.000953s ]
SQL: SHOW COLUMNS FROM `t_twobanner` [ RunTime:0.0063s ]
SQL: SELECT * FROM `t_twobanner` WHERE `two_banner_isDel` = 'no'  [ RunTime:0.0029s ]
SQL: SELECT * FROM `t_twobanner` WHERE `two_banner_isDel` = 'no' LIMIT 0,5   [ RunTime:0.0006s ]

[ 2019-03-18T12:15:20+08:00 ] 127.0.0.1 /api/admin.php/logo/list?page=1&limit=5
INFO: [ app_init ] --START--
INFO: Run Behavior\BuildLiteBehavior [ RunTime:0.000019s ]
INFO: [ app_init ] --END-- [ RunTime:0.001461s ]
INFO: [ app_begin ] --START--
INFO: Run Behavior\ReadHtmlCacheBehavior [ RunTime:0.001247s ]
INFO: [ app_begin ] --END-- [ RunTime:0.001309s ]
SQL: SHOW COLUMNS FROM `t_logo` [ RunTime:0.0160s ]
SQL: SELECT * FROM `t_logo` WHERE `logo_isDel` = 'no'  [ RunTime:0.0071s ]
SQL: SELECT * FROM `t_logo` WHERE `logo_isDel` = 'no' LIMIT 0,5   [ RunTime:0.0005s ]

[ 2019-03-18T12:27:21+08:00 ] 127.0.0.1 /api/admin.php/logo/modify
INFO: [ app_init ] --START--
INFO: Run Behavior\BuildLiteBehavior [ RunTime:0.000011s ]
INFO: [ app_init ] --END-- [ RunTime:0.000832s ]
INFO: [ app_begin ] --START--
INFO: Run Behavior\ReadHtmlCacheBehavior [ RunTime:0.000980s ]
INFO: [ app_begin ] --END-- [ RunTime:0.001040s ]
SQL: SHOW COLUMNS FROM `t_logo` [ RunTime:0.0053s ]
SQL: SELECT * FROM `t_logo` WHERE `logo_isDel` = 'no'  [ RunTime:0.0029s ]
SQL: UPDATE `t_logo` SET `logo_isInstead`='yes' WHERE `logo_isDel` = 'no' AND `logo_id` = 2 [ RunTime:0.0105s ]

[ 2019-03-18T12:32:32+08:00 ] 127.0.0.1 /api/admin.php/logo/list?page=1&limit=5
INFO: [ app_init ] --START--
INFO: Run Behavior\BuildLiteBehavior [ RunTime:0.000021s ]
INFO: [ app_init ] --END-- [ RunTime:0.000997s ]
INFO: [ app_begin ] --START--
INFO: Run Behavior\ReadHtmlCacheBehavior [ RunTime:0.001157s ]
INFO: [ app_begin ] --END-- [ RunTime:0.001209s ]
SQL: SHOW COLUMNS FROM `t_logo` [ RunTime:0.0074s ]
SQL: SELECT * FROM `t_logo` WHERE `logo_isDel` = 'no'  [ RunTime:0.0028s ]
SQL: SELECT * FROM `t_logo` WHERE `logo_isDel` = 'no' LIMIT 0,5   [ RunTime:0.0002s ]

[ 2019-03-18T12:32:34+08:00 ] 127.0.0.1 /api/admin.php/logo/modify
INFO: [ app_init ] --START--
INFO: Run Behavior\BuildLiteBehavior [ RunTime:0.000011s ]
INFO: [ app_init ] --END-- [ RunTime:0.000614s ]
INFO: [ app_begin ] --START--
INFO: Run Behavior\ReadHtmlCacheBehavior [ RunTime:0.000919s ]
INFO: [ app_begin ] --END-- [ RunTime:0.000972s ]
SQL: SHOW COLUMNS FROM `t_logo` [ RunTime:0.0050s ]
SQL: SELECT * FROM `t_logo` WHERE `logo_isDel` = 'no'  [ RunTime:0.0031s ]
SQL: UPDATE `t_logo` SET `logo_isInstead`='yes' WHERE `logo_isDel` = 'no' AND `logo_id` = 2 [ RunTime:0.0046s ]

[ 2019-03-18T12:32:38+08:00 ] 127.0.0.1 /api/admin.php/logo/del
INFO: [ app_init ] --START--
INFO: Run Behavior\BuildLiteBehavior [ RunTime:0.000011s ]
INFO: [ app_init ] --END-- [ RunTime:0.000581s ]
INFO: [ app_begin ] --START--
INFO: Run Behavior\ReadHtmlCacheBehavior [ RunTime:0.000567s ]
INFO: [ app_begin ] --END-- [ RunTime:0.000599s ]
SQL: SHOW COLUMNS FROM `t_logo` [ RunTime:0.0150s ]
SQL: SELECT * FROM `t_logo` WHERE `logo_id` = 2 LIMIT 1   [ RunTime:0.0048s ]

[ 2019-03-18T12:33:12+08:00 ] 127.0.0.1 /api/admin.php/logo/list?page=1&limit=5
INFO: [ app_init ] --START--
INFO: Run Behavior\BuildLiteBehavior [ RunTime:0.000020s ]
INFO: [ app_init ] --END-- [ RunTime:0.001101s ]
INFO: [ app_begin ] --START--
INFO: Run Behavior\ReadHtmlCacheBehavior [ RunTime:0.002970s ]
INFO: [ app_begin ] --END-- [ RunTime:0.003028s ]
SQL: SHOW COLUMNS FROM `t_logo` [ RunTime:0.0053s ]
SQL: SELECT * FROM `t_logo` WHERE `logo_isDel` = 'no'  [ RunTime:0.0032s ]
SQL: SELECT * FROM `t_logo` WHERE `logo_isDel` = 'no' LIMIT 0,5   [ RunTime:0.0003s ]

[ 2019-03-18T12:33:14+08:00 ] 127.0.0.1 /api/admin.php/logo/modify
INFO: [ app_init ] --START--
INFO: Run Behavior\BuildLiteBehavior [ RunTime:0.000007s ]
INFO: [ app_init ] --END-- [ RunTime:0.000321s ]
INFO: [ app_begin ] --START--
INFO: Run Behavior\ReadHtmlCacheBehavior [ RunTime:0.000463s ]
INFO: [ app_begin ] --END-- [ RunTime:0.000486s ]
SQL: SHOW COLUMNS FROM `t_logo` [ RunTime:0.0052s ]
SQL: SELECT * FROM `t_logo` WHERE `logo_isDel` = 'no'  [ RunTime:0.0026s ]
SQL: UPDATE `t_logo` SET `logo_isInstead`='yes' WHERE `logo_isDel` = 'no' AND `logo_id` = 2 [ RunTime:0.0062s ]

[ 2019-03-18T12:33:19+08:00 ] 127.0.0.1 /api/admin.php/logo/del
INFO: [ app_init ] --START--
INFO: Run Behavior\BuildLiteBehavior [ RunTime:0.000007s ]
INFO: [ app_init ] --END-- [ RunTime:0.000333s ]
INFO: [ app_begin ] --START--
INFO: Run Behavior\ReadHtmlCacheBehavior [ RunTime:0.000518s ]
INFO: [ app_begin ] --END-- [ RunTime:0.000541s ]
SQL: SHOW COLUMNS FROM `t_logo` [ RunTime:0.0045s ]
SQL: SELECT * FROM `t_logo` WHERE `logo_id` = 2 LIMIT 1   [ RunTime:0.0027s ]

[ 2019-03-18T12:33:25+08:00 ] 127.0.0.1 /api/admin.php/banner1/list?page=1&limit=10
INFO: [ app_init ] --START--
INFO: Run Behavior\BuildLiteBehavior [ RunTime:0.000013s ]
INFO: [ app_init ] --END-- [ RunTime:0.000640s ]
INFO: [ app_begin ] --START--
INFO: Run Behavior\ReadHtmlCacheBehavior [ RunTime:0.001126s ]
INFO: [ app_begin ] --END-- [ RunTime:0.001185s ]
SQL: SHOW COLUMNS FROM `t_onebanner` [ RunTime:0.0081s ]
SQL: SELECT * FROM `t_onebanner` WHERE `one_banner_isDel` = 'no'  [ RunTime:0.0043s ]
SQL: SELECT * FROM `t_onebanner` WHERE `one_banner_isDel` = 'no' LIMIT 0,10   [ RunTime:0.0005s ]

[ 2019-03-18T12:33:29+08:00 ] 127.0.0.1 /api/admin.php/banner1/modify
INFO: [ app_init ] --START--
INFO: Run Behavior\BuildLiteBehavior [ RunTime:0.000013s ]
INFO: [ app_init ] --END-- [ RunTime:0.000646s ]
INFO: [ app_begin ] --START--
INFO: Run Behavior\ReadHtmlCacheBehavior [ RunTime:0.000741s ]
INFO: [ app_begin ] --END-- [ RunTime:0.000770s ]
SQL: SHOW COLUMNS FROM `t_onebanner` [ RunTime:0.0043s ]
SQL: SELECT * FROM `t_onebanner` WHERE `one_banner_isDel` = 'no'  [ RunTime:0.0033s ]
SQL: UPDATE `t_onebanner` SET `one_banner_isInstead`='yes' WHERE `one_banner_isDel` = 'no' AND `one_banner_id` = 10 [ RunTime:0.0047s ]
SQL: UPDATE `t_onebanner` SET `one_banner_isInstead`='no' WHERE `one_banner_isDel` = 'no' AND `one_banner_id` = 11 [ RunTime:0.0040s ]

[ 2019-03-18T12:33:33+08:00 ] 127.0.0.1 /api/admin.php/banner1/modify
INFO: [ app_init ] --START--
INFO: Run Behavior\BuildLiteBehavior [ RunTime:0.000007s ]
INFO: [ app_init ] --END-- [ RunTime:0.000421s ]
INFO: [ app_begin ] --START--
INFO: Run Behavior\ReadHtmlCacheBehavior [ RunTime:0.000515s ]
INFO: [ app_begin ] --END-- [ RunTime:0.000534s ]
SQL: SHOW COLUMNS FROM `t_onebanner` [ RunTime:0.0047s ]
SQL: SELECT * FROM `t_onebanner` WHERE `one_banner_isDel` = 'no'  [ RunTime:0.0027s ]
SQL: UPDATE `t_onebanner` SET `one_banner_isInstead`='no' WHERE `one_banner_isDel` = 'no' AND `one_banner_id` = 10 [ RunTime:0.0055s ]
SQL: UPDATE `t_onebanner` SET `one_banner_isInstead`='yes' WHERE `one_banner_isDel` = 'no' AND `one_banner_id` = 11 [ RunTime:0.0041s ]

[ 2019-03-18T12:33:38+08:00 ] 127.0.0.1 /api/admin.php/banner1/modify
INFO: [ app_init ] --START--
INFO: Run Behavior\BuildLiteBehavior [ RunTime:0.000009s ]
INFO: [ app_init ] --END-- [ RunTime:0.000429s ]
INFO: [ app_begin ] --START--
INFO: Run Behavior\ReadHtmlCacheBehavior [ RunTime:0.000489s ]
INFO: [ app_begin ] --END-- [ RunTime:0.000514s ]
SQL: SHOW COLUMNS FROM `t_onebanner` [ RunTime:0.0046s ]
SQL: SELECT * FROM `t_onebanner` WHERE `one_banner_isDel` = 'no'  [ RunTime:0.0029s ]
SQL: UPDATE `t_onebanner` SET `one_banner_isInstead`='yes' WHERE `one_banner_isDel` = 'no' AND `one_banner_id` = 10 [ RunTime:0.0044s ]
SQL: UPDATE `t_onebanner` SET `one_banner_isInstead`='no' WHERE `one_banner_isDel` = 'no' AND `one_banner_id` = 11 [ RunTime:0.0040s ]

[ 2019-03-18T12:33:42+08:00 ] 127.0.0.1 /api/admin.php/banner1/list?page=1&limit=10
INFO: [ app_init ] --START--
INFO: Run Behavior\BuildLiteBehavior [ RunTime:0.000015s ]
INFO: [ app_init ] --END-- [ RunTime:0.000591s ]
INFO: [ app_begin ] --START--
INFO: Run Behavior\ReadHtmlCacheBehavior [ RunTime:0.000851s ]
INFO: [ app_begin ] --END-- [ RunTime:0.000903s ]
SQL: SHOW COLUMNS FROM `t_onebanner` [ RunTime:0.0068s ]
SQL: SELECT * FROM `t_onebanner` WHERE `one_banner_isDel` = 'no'  [ RunTime:0.0037s ]
SQL: SELECT * FROM `t_onebanner` WHERE `one_banner_isDel` = 'no' LIMIT 0,10   [ RunTime:0.0005s ]

[ 2019-03-18T12:34:09+08:00 ] 127.0.0.1 /api/admin.php/liuyan/list?page=1&limit=10
INFO: [ app_init ] --START--
INFO: Run Behavior\BuildLiteBehavior [ RunTime:0.000016s ]
INFO: [ app_init ] --END-- [ RunTime:0.000661s ]
INFO: [ app_begin ] --START--
INFO: Run Behavior\ReadHtmlCacheBehavior [ RunTime:0.000883s ]
INFO: [ app_begin ] --END-- [ RunTime:0.000935s ]
SQL: SHOW COLUMNS FROM `t_liuyan` [ RunTime:0.0066s ]
SQL: SELECT * FROM `t_liuyan`  [ RunTime:0.0040s ]
SQL: SELECT * FROM `t_liuyan` LIMIT 0,10   [ RunTime:0.0004s ]
INFO: [ app_end ] --START--
INFO: Run Behavior\ShowPageTraceBehavior [ RunTime:0.001980s ]
INFO: [ app_end ] --END-- [ RunTime:0.002034s ]

[ 2019-03-18T12:34:13+08:00 ] 127.0.0.1 /api/admin.php/liuyan/confirm
INFO: [ app_init ] --START--
INFO: Run Behavior\BuildLiteBehavior [ RunTime:0.000014s ]
INFO: [ app_init ] --END-- [ RunTime:0.000806s ]
INFO: [ app_begin ] --START--
INFO: Run Behavior\ReadHtmlCacheBehavior [ RunTime:0.000664s ]
INFO: [ app_begin ] --END-- [ RunTime:0.000705s ]
SQL: SHOW COLUMNS FROM `t_liuyan` [ RunTime:0.0044s ]
SQL: UPDATE `t_liuyan` SET `liuyan_isOk`='2' WHERE `liuyan_id` = 3 [ RunTime:0.0072s ]
INFO: [ app_end ] --START--
INFO: Run Behavior\ShowPageTraceBehavior [ RunTime:0.004931s ]
INFO: [ app_end ] --END-- [ RunTime:0.004998s ]

[ 2019-03-18T12:34:53+08:00 ] 127.0.0.1 /api/admin.php/logo/list?page=1&limit=5
INFO: [ app_init ] --START--
INFO: Run Behavior\BuildLiteBehavior [ RunTime:0.000010s ]
INFO: [ app_init ] --END-- [ RunTime:0.000354s ]
INFO: [ app_begin ] --START--
INFO: Run Behavior\ReadHtmlCacheBehavior [ RunTime:0.000527s ]
INFO: [ app_begin ] --END-- [ RunTime:0.000556s ]
SQL: SHOW COLUMNS FROM `t_logo` [ RunTime:0.0053s ]
SQL: SELECT * FROM `t_logo` WHERE `logo_isDel` = 'no'  [ RunTime:0.0046s ]
SQL: SELECT * FROM `t_logo` WHERE `logo_isDel` = 'no' LIMIT 0,5   [ RunTime:0.0004s ]

[ 2019-03-18T12:34:56+08:00 ] 127.0.0.1 /api/admin.php/logo/modify
INFO: [ app_init ] --START--
INFO: Run Behavior\BuildLiteBehavior [ RunTime:0.000009s ]
INFO: [ app_init ] --END-- [ RunTime:0.000390s ]
INFO: [ app_begin ] --START--
INFO: Run Behavior\ReadHtmlCacheBehavior [ RunTime:0.000436s ]
INFO: [ app_begin ] --END-- [ RunTime:0.000456s ]
SQL: SHOW COLUMNS FROM `t_logo` [ RunTime:0.0043s ]
SQL: SELECT * FROM `t_logo` WHERE `logo_isDel` = 'no'  [ RunTime:0.0024s ]
SQL: UPDATE `t_logo` SET `logo_isInstead`='yes' WHERE `logo_isDel` = 'no' AND `logo_id` = 2 [ RunTime:0.0050s ]

[ 2019-03-18T12:35:08+08:00 ] 127.0.0.1 /api/admin.php/banner2/list?page=1&limit=5
INFO: [ app_init ] --START--
INFO: Run Behavior\BuildLiteBehavior [ RunTime:0.000012s ]
INFO: [ app_init ] --END-- [ RunTime:0.000548s ]
INFO: [ app_begin ] --START--
INFO: Run Behavior\ReadHtmlCacheBehavior [ RunTime:0.001188s ]
INFO: [ app_begin ] --END-- [ RunTime:0.001244s ]
SQL: SHOW COLUMNS FROM `t_twobanner` [ RunTime:0.0072s ]
SQL: SELECT * FROM `t_twobanner` WHERE `two_banner_isDel` = 'no'  [ RunTime:0.0046s ]
SQL: SELECT * FROM `t_twobanner` WHERE `two_banner_isDel` = 'no' LIMIT 0,5   [ RunTime:0.0005s ]

[ 2019-03-18T12:35:09+08:00 ] 127.0.0.1 /api/admin.php/banner3/list?page=1&limit=5
INFO: [ app_init ] --START--
INFO: Run Behavior\BuildLiteBehavior [ RunTime:0.000016s ]
INFO: [ app_init ] --END-- [ RunTime:0.000725s ]
INFO: [ app_begin ] --START--
INFO: Run Behavior\ReadHtmlCacheBehavior [ RunTime:0.000855s ]
INFO: [ app_begin ] --END-- [ RunTime:0.000909s ]
SQL: SHOW COLUMNS FROM `t_threebanner` [ RunTime:0.0068s ]
SQL: SELECT * FROM `t_threebanner` WHERE `three_banner_isDel` = 'no'  [ RunTime:0.0041s ]
SQL: SELECT * FROM `t_threebanner` WHERE `three_banner_isDel` = 'no' LIMIT 0,5   [ RunTime:0.0006s ]

[ 2019-03-18T12:35:10+08:00 ] 127.0.0.1 /api/admin.php/banner1/list?page=1&limit=10
INFO: [ app_init ] --START--
INFO: Run Behavior\BuildLiteBehavior [ RunTime:0.000014s ]
INFO: [ app_init ] --END-- [ RunTime:0.000688s ]
INFO: [ app_begin ] --START--
INFO: Run Behavior\ReadHtmlCacheBehavior [ RunTime:0.000896s ]
INFO: [ app_begin ] --END-- [ RunTime:0.000948s ]
SQL: SHOW COLUMNS FROM `t_onebanner` [ RunTime:0.0064s ]
SQL: SELECT * FROM `t_onebanner` WHERE `one_banner_isDel` = 'no'  [ RunTime:0.0039s ]
SQL: SELECT * FROM `t_onebanner` WHERE `one_banner_isDel` = 'no' LIMIT 0,10   [ RunTime:0.0005s ]

[ 2019-03-18T12:38:09+08:00 ] 127.0.0.1 /api/admin.php/recbanner/list?page=1&limit=5
INFO: [ app_init ] --START--
INFO: Run Behavior\BuildLiteBehavior [ RunTime:0.000018s ]
INFO: [ app_init ] --END-- [ RunTime:0.001817s ]
INFO: [ app_begin ] --START--
INFO: Run Behavior\ReadHtmlCacheBehavior [ RunTime:0.001476s ]
INFO: [ app_begin ] --END-- [ RunTime:0.001532s ]
SQL: SHOW COLUMNS FROM `t_fourbanner` [ RunTime:0.0092s ]
SQL: SELECT * FROM `t_fourbanner` WHERE `four_banner_isDel` = 'no'  [ RunTime:0.0040s ]
SQL: SELECT * FROM `t_fourbanner` WHERE `four_banner_isDel` = 'no' LIMIT 0,5   [ RunTime:0.0005s ]

[ 2019-03-18T12:39:43+08:00 ] 127.0.0.1 /api/admin.php/user/list?page=1&limit=5
INFO: [ app_init ] --START--
INFO: Run Behavior\BuildLiteBehavior [ RunTime:0.000018s ]
INFO: [ app_init ] --END-- [ RunTime:0.001126s ]
INFO: [ app_begin ] --START--
INFO: Run Behavior\ReadHtmlCacheBehavior [ RunTime:0.002789s ]
INFO: [ app_begin ] --END-- [ RunTime:0.002852s ]
SQL: SHOW COLUMNS FROM `t_user` [ RunTime:0.0111s ]
SQL: SELECT * FROM `t_user` WHERE `user_del` = 'no'  [ RunTime:0.0060s ]
SQL: SELECT * FROM `t_user` WHERE `user_del` = 'no' LIMIT 0,5   [ RunTime:0.0014s ]
INFO: [ app_end ] --START--
INFO: Run Behavior\ShowPageTraceBehavior [ RunTime:0.001577s ]
INFO: [ app_end ] --END-- [ RunTime:0.001630s ]

[ 2019-03-18T12:39:46+08:00 ] 127.0.0.1 /api/admin.php/user/list?page=2&limit=5
INFO: [ app_init ] --START--
INFO: Run Behavior\BuildLiteBehavior [ RunTime:0.000018s ]
INFO: [ app_init ] --END-- [ RunTime:0.000786s ]
INFO: [ app_begin ] --START--
INFO: Run Behavior\ReadHtmlCacheBehavior [ RunTime:0.000774s ]
INFO: [ app_begin ] --END-- [ RunTime:0.000816s ]
SQL: SHOW COLUMNS FROM `t_user` [ RunTime:0.0061s ]
SQL: SELECT * FROM `t_user` WHERE `user_del` = 'no'  [ RunTime:0.0044s ]
SQL: SELECT * FROM `t_user` WHERE `user_del` = 'no' LIMIT 5,5   [ RunTime:0.0007s ]
INFO: [ app_end ] --START--
INFO: Run Behavior\ShowPageTraceBehavior [ RunTime:0.001108s ]
INFO: [ app_end ] --END-- [ RunTime:0.001243s ]

[ 2019-03-18T12:39:48+08:00 ] 127.0.0.1 /api/admin.php/user/list?page=1&limit=5
INFO: [ app_init ] --START--
INFO: Run Behavior\BuildLiteBehavior [ RunTime:0.000017s ]
INFO: [ app_init ] --END-- [ RunTime:0.000742s ]
INFO: [ app_begin ] --START--
INFO: Run Behavior\ReadHtmlCacheBehavior [ RunTime:0.000881s ]
INFO: [ app_begin ] --END-- [ RunTime:0.000928s ]
SQL: SHOW COLUMNS FROM `t_user` [ RunTime:0.0061s ]
SQL: SELECT * FROM `t_user` WHERE `user_del` = 'no'  [ RunTime:0.0030s ]
SQL: SELECT * FROM `t_user` WHERE `user_del` = 'no' LIMIT 0,5   [ RunTime:0.0004s ]
INFO: [ app_end ] --START--
INFO: Run Behavior\ShowPageTraceBehavior [ RunTime:0.000722s ]
INFO: [ app_end ] --END-- [ RunTime:0.000750s ]

[ 2019-03-18T13:57:24+08:00 ] 127.0.0.1 /api/admin.php/logo/list?page=1&limit=5
INFO: [ app_init ] --START--
INFO: Run Behavior\BuildLiteBehavior [ RunTime:0.000103s ]
INFO: [ app_init ] --END-- [ RunTime:0.001443s ]
INFO: [ app_begin ] --START--
INFO: Run Behavior\ReadHtmlCacheBehavior [ RunTime:0.003109s ]
INFO: [ app_begin ] --END-- [ RunTime:0.003223s ]
SQL: SHOW COLUMNS FROM `t_logo` [ RunTime:0.0057s ]
SQL: SELECT * FROM `t_logo` WHERE `logo_isDel` = 'no'  [ RunTime:0.0034s ]
SQL: SELECT * FROM `t_logo` WHERE `logo_isDel` = 'no' LIMIT 0,5   [ RunTime:0.0005s ]

[ 2019-03-18T13:57:24+08:00 ] 127.0.0.1 /api/admin.php/banner1/list?page=1&limit=10
INFO: [ app_init ] --START--
INFO: Run Behavior\BuildLiteBehavior [ RunTime:0.000012s ]
INFO: [ app_init ] --END-- [ RunTime:0.000512s ]
INFO: [ app_begin ] --START--
INFO: Run Behavior\ReadHtmlCacheBehavior [ RunTime:0.000729s ]
INFO: [ app_begin ] --END-- [ RunTime:0.000771s ]
SQL: SHOW COLUMNS FROM `t_onebanner` [ RunTime:0.0069s ]
SQL: SELECT * FROM `t_onebanner` WHERE `one_banner_isDel` = 'no'  [ RunTime:0.0033s ]
SQL: SELECT * FROM `t_onebanner` WHERE `one_banner_isDel` = 'no' LIMIT 0,10   [ RunTime:0.0004s ]

[ 2019-03-18T13:57:25+08:00 ] 127.0.0.1 /api/admin.php/banner2/list?page=1&limit=5
INFO: [ app_init ] --START--
INFO: Run Behavior\BuildLiteBehavior [ RunTime:0.000017s ]
INFO: [ app_init ] --END-- [ RunTime:0.022017s ]
INFO: [ app_begin ] --START--
INFO: Run Behavior\ReadHtmlCacheBehavior [ RunTime:0.001245s ]
INFO: [ app_begin ] --END-- [ RunTime:0.001318s ]
SQL: SHOW COLUMNS FROM `t_twobanner` [ RunTime:0.0070s ]
SQL: SELECT * FROM `t_twobanner` WHERE `two_banner_isDel` = 'no'  [ RunTime:0.0028s ]
SQL: SELECT * FROM `t_twobanner` WHERE `two_banner_isDel` = 'no' LIMIT 0,5   [ RunTime:0.0003s ]

[ 2019-03-18T13:57:26+08:00 ] 127.0.0.1 /api/admin.php/banner3/list?page=1&limit=5
INFO: [ app_init ] --START--
INFO: Run Behavior\BuildLiteBehavior [ RunTime:0.000014s ]
INFO: [ app_init ] --END-- [ RunTime:0.000639s ]
INFO: [ app_begin ] --START--
INFO: Run Behavior\ReadHtmlCacheBehavior [ RunTime:0.000902s ]
INFO: [ app_begin ] --END-- [ RunTime:0.000953s ]
SQL: SHOW COLUMNS FROM `t_threebanner` [ RunTime:0.0068s ]
SQL: SELECT * FROM `t_threebanner` WHERE `three_banner_isDel` = 'no'  [ RunTime:0.0332s ]
SQL: SELECT * FROM `t_threebanner` WHERE `three_banner_isDel` = 'no' LIMIT 0,5   [ RunTime:0.0005s ]

[ 2019-03-18T13:57:27+08:00 ] 127.0.0.1 /api/admin.php/banner2/list?page=1&limit=5
INFO: [ app_init ] --START--
INFO: Run Behavior\BuildLiteBehavior [ RunTime:0.000014s ]
INFO: [ app_init ] --END-- [ RunTime:0.000655s ]
INFO: [ app_begin ] --START--
INFO: Run Behavior\ReadHtmlCacheBehavior [ RunTime:0.000818s ]
INFO: [ app_begin ] --END-- [ RunTime:0.000867s ]
SQL: SHOW COLUMNS FROM `t_twobanner` [ RunTime:0.0075s ]
SQL: SELECT * FROM `t_twobanner` WHERE `two_banner_isDel` = 'no'  [ RunTime:0.0034s ]
SQL: SELECT * FROM `t_twobanner` WHERE `two_banner_isDel` = 'no' LIMIT 0,5   [ RunTime:0.0004s ]

[ 2019-03-18T13:57:29+08:00 ] 127.0.0.1 /api/admin.php/recbanner/list?page=1&limit=5
INFO: [ app_init ] --START--
INFO: Run Behavior\BuildLiteBehavior [ RunTime:0.000014s ]
INFO: [ app_init ] --END-- [ RunTime:0.000628s ]
INFO: [ app_begin ] --START--
INFO: Run Behavior\ReadHtmlCacheBehavior [ RunTime:0.000984s ]
INFO: [ app_begin ] --END-- [ RunTime:0.001033s ]
SQL: SHOW COLUMNS FROM `t_fourbanner` [ RunTime:0.0066s ]
SQL: SELECT * FROM `t_fourbanner` WHERE `four_banner_isDel` = 'no'  [ RunTime:0.0047s ]
SQL: SELECT * FROM `t_fourbanner` WHERE `four_banner_isDel` = 'no' LIMIT 0,5   [ RunTime:0.0005s ]

[ 2019-03-18T13:57:32+08:00 ] 127.0.0.1 /api/admin.php/recbanner/modify
INFO: [ app_init ] --START--
INFO: Run Behavior\BuildLiteBehavior [ RunTime:0.000009s ]
INFO: [ app_init ] --END-- [ RunTime:0.000399s ]
INFO: [ app_begin ] --START--
INFO: Run Behavior\ReadHtmlCacheBehavior [ RunTime:0.000448s ]
INFO: [ app_begin ] --END-- [ RunTime:0.000473s ]
SQL: SHOW COLUMNS FROM `t_fourbanner` [ RunTime:0.0046s ]
SQL: SELECT * FROM `t_fourbanner` WHERE `four_banner_isDel` = 'no'  [ RunTime:0.0025s ]
SQL: UPDATE `t_fourbanner` SET `four_banner_isInstead`='no' WHERE `four_banner_isDel` = 'no' AND `four_banner_id` = 3 [ RunTime:0.0150s ]
SQL: UPDATE `t_fourbanner` SET `four_banner_isInstead`='yes' WHERE `four_banner_isDel` = 'no' AND `four_banner_id` = 4 [ RunTime:0.0044s ]

[ 2019-03-18T13:57:45+08:00 ] 127.0.0.1 /api/admin.php/recbanner/modify
INFO: [ app_init ] --START--
INFO: Run Behavior\BuildLiteBehavior [ RunTime:0.000010s ]
INFO: [ app_init ] --END-- [ RunTime:0.000580s ]
INFO: [ app_begin ] --START--
INFO: Run Behavior\ReadHtmlCacheBehavior [ RunTime:0.001866s ]
INFO: [ app_begin ] --END-- [ RunTime:0.001906s ]
SQL: SHOW COLUMNS FROM `t_fourbanner` [ RunTime:0.0059s ]
SQL: SELECT * FROM `t_fourbanner` WHERE `four_banner_isDel` = 'no'  [ RunTime:0.0025s ]
SQL: UPDATE `t_fourbanner` SET `four_banner_isInstead`='yes' WHERE `four_banner_isDel` = 'no' AND `four_banner_id` = 3 [ RunTime:0.0046s ]
SQL: UPDATE `t_fourbanner` SET `four_banner_isInstead`='no' WHERE `four_banner_isDel` = 'no' AND `four_banner_id` = 4 [ RunTime:0.0040s ]

[ 2019-03-18T13:57:46+08:00 ] 127.0.0.1 /api/admin.php/recbanner/list?page=1&limit=5
INFO: [ app_init ] --START--
INFO: Run Behavior\BuildLiteBehavior [ RunTime:0.000016s ]
INFO: [ app_init ] --END-- [ RunTime:0.000693s ]
INFO: [ app_begin ] --START--
INFO: Run Behavior\ReadHtmlCacheBehavior [ RunTime:0.000868s ]
INFO: [ app_begin ] --END-- [ RunTime:0.000926s ]
SQL: SHOW COLUMNS FROM `t_fourbanner` [ RunTime:0.0059s ]
SQL: SELECT * FROM `t_fourbanner` WHERE `four_banner_isDel` = 'no'  [ RunTime:0.0034s ]
SQL: SELECT * FROM `t_fourbanner` WHERE `four_banner_isDel` = 'no' LIMIT 0,5   [ RunTime:0.0006s ]

[ 2019-03-18T14:26:24+08:00 ] 127.0.0.1 /api/admin.php/user/list?page=1&limit=5
INFO: [ app_init ] --START--
INFO: Run Behavior\BuildLiteBehavior [ RunTime:0.000019s ]
INFO: [ app_init ] --END-- [ RunTime:0.001568s ]
INFO: [ app_begin ] --START--
INFO: Run Behavior\ReadHtmlCacheBehavior [ RunTime:0.007716s ]
INFO: [ app_begin ] --END-- [ RunTime:0.007789s ]
SQL: SHOW COLUMNS FROM `t_user` [ RunTime:0.0095s ]
SQL: SELECT * FROM `t_user` WHERE `user_del` = 'no'  [ RunTime:0.0022s ]
SQL: SELECT * FROM `t_user` WHERE `user_del` = 'no' LIMIT 0,5   [ RunTime:0.0011s ]
INFO: [ app_end ] --START--
INFO: Run Behavior\ShowPageTraceBehavior [ RunTime:0.001932s ]
INFO: [ app_end ] --END-- [ RunTime:0.001989s ]

[ 2019-03-18T14:26:30+08:00 ] 127.0.0.1 /api/admin.php/user/list?page=2&limit=5
INFO: [ app_init ] --START--
INFO: Run Behavior\BuildLiteBehavior [ RunTime:0.000009s ]
INFO: [ app_init ] --END-- [ RunTime:0.000378s ]
INFO: [ app_begin ] --START--
INFO: Run Behavior\ReadHtmlCacheBehavior [ RunTime:0.000478s ]
INFO: [ app_begin ] --END-- [ RunTime:0.000496s ]
SQL: SHOW COLUMNS FROM `t_user` [ RunTime:0.0075s ]
SQL: SELECT * FROM `t_user` WHERE `user_del` = 'no'  [ RunTime:0.0026s ]
SQL: SELECT * FROM `t_user` WHERE `user_del` = 'no' LIMIT 5,5   [ RunTime:0.0004s ]
INFO: [ app_end ] --START--
INFO: Run Behavior\ShowPageTraceBehavior [ RunTime:0.006061s ]
INFO: [ app_end ] --END-- [ RunTime:0.006107s ]

[ 2019-03-18T14:26:32+08:00 ] 127.0.0.1 /api/admin.php/user/list?page=1&limit=5
INFO: [ app_init ] --START--
INFO: Run Behavior\BuildLiteBehavior [ RunTime:0.000007s ]
INFO: [ app_init ] --END-- [ RunTime:0.000300s ]
INFO: [ app_begin ] --START--
INFO: Run Behavior\ReadHtmlCacheBehavior [ RunTime:0.000641s ]
INFO: [ app_begin ] --END-- [ RunTime:0.000678s ]
SQL: SHOW COLUMNS FROM `t_user` [ RunTime:0.0085s ]
SQL: SELECT * FROM `t_user` WHERE `user_del` = 'no'  [ RunTime:0.0029s ]
SQL: SELECT * FROM `t_user` WHERE `user_del` = 'no' LIMIT 0,5   [ RunTime:0.0004s ]
INFO: [ app_end ] --START--
INFO: Run Behavior\ShowPageTraceBehavior [ RunTime:0.004765s ]
INFO: [ app_end ] --END-- [ RunTime:0.004814s ]

