[ 2019-03-13T10:32:23+08:00 ] 127.0.0.1 /api/admin.php/login
INFO: [ app_init ] --START--
INFO: Run Behavior\BuildLiteBehavior [ RunTime:0.000019s ]
INFO: [ app_init ] --END-- [ RunTime:0.001236s ]
INFO: [ app_begin ] --START--
INFO: Run Behavior\ReadHtmlCacheBehavior [ RunTime:0.001974s ]
INFO: [ app_begin ] --END-- [ RunTime:0.002032s ]
SQL: SHOW COLUMNS FROM `t_admin` [ RunTime:0.0195s ]
SQL: SELECT * FROM `t_admin` WHERE `userName` = 'admin' AND `userPw` = 'admin' LIMIT 1   [ RunTime:0.0053s ]

[ 2019-03-13T10:32:25+08:00 ] 127.0.0.1 /api/admin.php/gonggao/list?page=1&limit=10
INFO: [ app_init ] --START--
INFO: Run Behavior\BuildLiteBehavior [ RunTime:0.000018s ]
INFO: [ app_init ] --END-- [ RunTime:0.001987s ]
INFO: [ app_begin ] --START--
INFO: Run Behavior\ReadHtmlCacheBehavior [ RunTime:0.001232s ]
INFO: [ app_begin ] --END-- [ RunTime:0.001296s ]
SQL: SHOW COLUMNS FROM `t_gonggao` [ RunTime:0.0084s ]
SQL: SELECT * FROM `t_gonggao` WHERE `gonggao_del` = 'no'  [ RunTime:0.0041s ]
SQL: SELECT * FROM `t_gonggao` WHERE `gonggao_del` = 'no' LIMIT 0,10   [ RunTime:0.0015s ]
INFO: [ app_end ] --START--
INFO: Run Behavior\ShowPageTraceBehavior [ RunTime:0.002821s ]
INFO: [ app_end ] --END-- [ RunTime:0.002876s ]

[ 2019-03-13T10:32:26+08:00 ] 127.0.0.1 /api/admin.php/user/list?page=1&limit=5
INFO: [ app_init ] --START--
INFO: Run Behavior\BuildLiteBehavior [ RunTime:0.000020s ]
INFO: [ app_init ] --END-- [ RunTime:0.000985s ]
INFO: [ app_begin ] --START--
INFO: Run Behavior\ReadHtmlCacheBehavior [ RunTime:0.000934s ]
INFO: [ app_begin ] --END-- [ RunTime:0.000988s ]
SQL: SHOW COLUMNS FROM `t_user` [ RunTime:0.0082s ]
SQL: SELECT * FROM `t_user` WHERE `user_del` = 'no'  [ RunTime:0.0052s ]
SQL: SELECT * FROM `t_user` WHERE `user_del` = 'no' LIMIT 0,5   [ RunTime:0.0007s ]
INFO: [ app_end ] --START--
INFO: Run Behavior\ShowPageTraceBehavior [ RunTime:0.001104s ]
INFO: [ app_end ] --END-- [ RunTime:0.001160s ]

[ 2019-03-13T10:32:28+08:00 ] 127.0.0.1 /api/admin.php/good/sort
INFO: [ app_init ] --START--
INFO: Run Behavior\BuildLiteBehavior [ RunTime:0.000013s ]
INFO: [ app_init ] --END-- [ RunTime:0.000540s ]
INFO: [ app_begin ] --START--
INFO: Run Behavior\ReadHtmlCacheBehavior [ RunTime:0.000832s ]
INFO: [ app_begin ] --END-- [ RunTime:0.000889s ]
SQL: SHOW COLUMNS FROM `t_catelog` [ RunTime:0.0066s ]
SQL: SELECT * FROM `t_catelog` WHERE `catelog_del` = 'no'  [ RunTime:0.0034s ]

[ 2019-03-13T10:32:29+08:00 ] 127.0.0.1 /api/admin.php/good/list?page=1&limit=10
INFO: [ app_init ] --START--
INFO: Run Behavior\BuildLiteBehavior [ RunTime:0.000036s ]
INFO: [ app_init ] --END-- [ RunTime:0.000757s ]
INFO: [ app_begin ] --START--
INFO: Run Behavior\ReadHtmlCacheBehavior [ RunTime:0.000864s ]
INFO: [ app_begin ] --END-- [ RunTime:0.000916s ]
SQL: SHOW COLUMNS FROM `t_goods` [ RunTime:0.0067s ]
SQL: SHOW COLUMNS FROM `t_catelog` [ RunTime:0.0088s ]
SQL: SELECT * FROM `t_catelog`  [ RunTime:0.0032s ]
SQL: SELECT * FROM `t_goods`  [ RunTime:0.0013s ]
SQL: SELECT * FROM `t_goods` LIMIT 0,10   [ RunTime:0.0006s ]
INFO: [ app_end ] --START--
INFO: Run Behavior\ShowPageTraceBehavior [ RunTime:0.001236s ]
INFO: [ app_end ] --END-- [ RunTime:0.001302s ]

[ 2019-03-13T10:32:31+08:00 ] 127.0.0.1 /api/admin.php/information/list?page=1&limit=10
INFO: [ app_init ] --START--
INFO: Run Behavior\BuildLiteBehavior [ RunTime:0.000016s ]
INFO: [ app_init ] --END-- [ RunTime:0.000615s ]
INFO: [ app_begin ] --START--
INFO: Run Behavior\ReadHtmlCacheBehavior [ RunTime:0.000927s ]
INFO: [ app_begin ] --END-- [ RunTime:0.000978s ]
SQL: SHOW COLUMNS FROM `t_information` [ RunTime:0.0066s ]
SQL: SELECT * FROM `t_information`  [ RunTime:0.0028s ]
SQL: SELECT * FROM `t_information` LIMIT 0,10   [ RunTime:0.0005s ]

[ 2019-03-13T10:33:02+08:00 ] 127.0.0.1 /api/admin.php/order/list?page=1&limit=10
INFO: [ app_init ] --START--
INFO: Run Behavior\BuildLiteBehavior [ RunTime:0.000017s ]
INFO: [ app_init ] --END-- [ RunTime:0.000662s ]
INFO: [ app_begin ] --START--
INFO: Run Behavior\ReadHtmlCacheBehavior [ RunTime:0.000973s ]
INFO: [ app_begin ] --END-- [ RunTime:0.001025s ]
SQL: SHOW COLUMNS FROM `t_order` [ RunTime:0.0085s ]
SQL: SELECT * FROM `t_order`  [ RunTime:0.0034s ]
SQL: SELECT * FROM `t_order` LIMIT 0,10   [ RunTime:0.0007s ]
INFO: [ app_end ] --START--
INFO: Run Behavior\ShowPageTraceBehavior [ RunTime:0.000949s ]
INFO: [ app_end ] --END-- [ RunTime:0.001109s ]

[ 2019-03-13T10:33:05+08:00 ] 127.0.0.1 /api/admin.php/liuyan/list?page=1&limit=10
INFO: [ app_init ] --START--
INFO: Run Behavior\BuildLiteBehavior [ RunTime:0.000016s ]
INFO: [ app_init ] --END-- [ RunTime:0.000732s ]
INFO: [ app_begin ] --START--
INFO: Run Behavior\ReadHtmlCacheBehavior [ RunTime:0.000931s ]
INFO: [ app_begin ] --END-- [ RunTime:0.001003s ]
SQL: SHOW COLUMNS FROM `t_liuyan` [ RunTime:0.0067s ]
SQL: SELECT * FROM `t_liuyan`  [ RunTime:0.0033s ]
SQL: SELECT * FROM `t_liuyan` LIMIT 0,10   [ RunTime:0.0005s ]
INFO: [ app_end ] --START--
INFO: Run Behavior\ShowPageTraceBehavior [ RunTime:0.001341s ]
INFO: [ app_end ] --END-- [ RunTime:0.001393s ]

[ 2019-03-13T10:33:10+08:00 ] 127.0.0.1 /api/admin.php/liuyan/confirm
INFO: [ app_init ] --START--
INFO: Run Behavior\BuildLiteBehavior [ RunTime:0.000007s ]
INFO: [ app_init ] --END-- [ RunTime:0.000296s ]
INFO: [ app_begin ] --START--
INFO: Run Behavior\ReadHtmlCacheBehavior [ RunTime:0.000718s ]
INFO: [ app_begin ] --END-- [ RunTime:0.000758s ]
SQL: SHOW COLUMNS FROM `t_liuyan` [ RunTime:0.0060s ]
SQL: UPDATE `t_liuyan` SET `liuyan_isOk`='1' WHERE `liuyan_id` = 4 [ RunTime:0.0124s ]
INFO: [ app_end ] --START--
INFO: Run Behavior\ShowPageTraceBehavior [ RunTime:0.000942s ]
INFO: [ app_end ] --END-- [ RunTime:0.001004s ]

[ 2019-03-13T10:33:13+08:00 ] 127.0.0.1 /api/admin.php/liuyan/list?page=1&limit=10
INFO: [ app_init ] --START--
INFO: Run Behavior\BuildLiteBehavior [ RunTime:0.000015s ]
INFO: [ app_init ] --END-- [ RunTime:0.000603s ]
INFO: [ app_begin ] --START--
INFO: Run Behavior\ReadHtmlCacheBehavior [ RunTime:0.000884s ]
INFO: [ app_begin ] --END-- [ RunTime:0.000979s ]
SQL: SHOW COLUMNS FROM `t_liuyan` [ RunTime:0.0070s ]
SQL: SELECT * FROM `t_liuyan`  [ RunTime:0.0033s ]
SQL: SELECT * FROM `t_liuyan` LIMIT 0,10   [ RunTime:0.0004s ]
INFO: [ app_end ] --START--
INFO: Run Behavior\ShowPageTraceBehavior [ RunTime:0.001203s ]
INFO: [ app_end ] --END-- [ RunTime:0.001257s ]

[ 2019-03-13T10:48:52+08:00 ] 127.0.0.1 /api/admin.php/cate/list?page=1&limit=10
INFO: [ app_init ] --START--
INFO: Run Behavior\BuildLiteBehavior [ RunTime:0.000354s ]
INFO: [ app_init ] --END-- [ RunTime:0.003818s ]
INFO: [ app_begin ] --START--
INFO: Run Behavior\ReadHtmlCacheBehavior [ RunTime:0.000859s ]
INFO: [ app_begin ] --END-- [ RunTime:0.000899s ]
SQL: SHOW COLUMNS FROM `t_catelog` [ RunTime:0.0117s ]
SQL: SELECT * FROM `t_catelog` WHERE `catelog_del` = 'no'  [ RunTime:0.0038s ]
SQL: SELECT * FROM `t_catelog` WHERE `catelog_del` = 'no' LIMIT 0,10   [ RunTime:0.0003s ]
INFO: [ app_end ] --START--
INFO: Run Behavior\ShowPageTraceBehavior [ RunTime:0.001474s ]
INFO: [ app_end ] --END-- [ RunTime:0.001512s ]

[ 2019-03-13T10:49:00+08:00 ] 127.0.0.1 /api/admin.php/order/list?page=1&limit=10
INFO: [ app_init ] --START--
INFO: Run Behavior\BuildLiteBehavior [ RunTime:0.000014s ]
INFO: [ app_init ] --END-- [ RunTime:0.001700s ]
INFO: [ app_begin ] --START--
INFO: Run Behavior\ReadHtmlCacheBehavior [ RunTime:0.000883s ]
INFO: [ app_begin ] --END-- [ RunTime:0.000928s ]
SQL: SHOW COLUMNS FROM `t_order` [ RunTime:0.0100s ]
SQL: SELECT * FROM `t_order`  [ RunTime:0.0033s ]
SQL: SELECT * FROM `t_order` LIMIT 0,10   [ RunTime:0.0006s ]
INFO: [ app_end ] --START--
INFO: Run Behavior\ShowPageTraceBehavior [ RunTime:0.004983s ]
INFO: [ app_end ] --END-- [ RunTime:0.005038s ]

[ 2019-03-13T10:49:01+08:00 ] 127.0.0.1 /api/admin.php/liuyan/list?page=1&limit=10
INFO: [ app_init ] --START--
INFO: Run Behavior\BuildLiteBehavior [ RunTime:0.000011s ]
INFO: [ app_init ] --END-- [ RunTime:0.000549s ]
INFO: [ app_begin ] --START--
INFO: Run Behavior\ReadHtmlCacheBehavior [ RunTime:0.001673s ]
INFO: [ app_begin ] --END-- [ RunTime:0.001730s ]
SQL: SHOW COLUMNS FROM `t_liuyan` [ RunTime:0.0068s ]
SQL: SELECT * FROM `t_liuyan`  [ RunTime:0.0154s ]
SQL: SELECT * FROM `t_liuyan` LIMIT 0,10   [ RunTime:0.0006s ]
INFO: [ app_end ] --START--
INFO: Run Behavior\ShowPageTraceBehavior [ RunTime:0.000946s ]
INFO: [ app_end ] --END-- [ RunTime:0.001012s ]

[ 2019-03-13T10:49:02+08:00 ] 127.0.0.1 /api/admin.php/gonggao/list?page=1&limit=10
INFO: [ app_init ] --START--
INFO: Run Behavior\BuildLiteBehavior [ RunTime:0.000014s ]
INFO: [ app_init ] --END-- [ RunTime:0.000631s ]
INFO: [ app_begin ] --START--
INFO: Run Behavior\ReadHtmlCacheBehavior [ RunTime:0.000788s ]
INFO: [ app_begin ] --END-- [ RunTime:0.000840s ]
SQL: SHOW COLUMNS FROM `t_gonggao` [ RunTime:0.0069s ]
SQL: SELECT * FROM `t_gonggao` WHERE `gonggao_del` = 'no'  [ RunTime:0.0036s ]
SQL: SELECT * FROM `t_gonggao` WHERE `gonggao_del` = 'no' LIMIT 0,10   [ RunTime:0.0007s ]
INFO: [ app_end ] --START--
INFO: Run Behavior\ShowPageTraceBehavior [ RunTime:0.006674s ]
INFO: [ app_end ] --END-- [ RunTime:0.006744s ]

[ 2019-03-13T10:49:07+08:00 ] 127.0.0.1 /api/admin.php/information/list?page=1&limit=10
INFO: [ app_init ] --START--
INFO: Run Behavior\BuildLiteBehavior [ RunTime:0.000016s ]
INFO: [ app_init ] --END-- [ RunTime:0.000644s ]
INFO: [ app_begin ] --START--
INFO: Run Behavior\ReadHtmlCacheBehavior [ RunTime:0.001285s ]
INFO: [ app_begin ] --END-- [ RunTime:0.001335s ]
SQL: SHOW COLUMNS FROM `t_information` [ RunTime:0.0063s ]
SQL: SELECT * FROM `t_information`  [ RunTime:0.0026s ]
SQL: SELECT * FROM `t_information` LIMIT 0,10   [ RunTime:0.0007s ]

[ 2019-03-13T12:57:16+08:00 ] 127.0.0.1 /api/admin.php/good/list?page=1&limit=10
INFO: [ app_init ] --START--
INFO: Run Behavior\BuildLiteBehavior [ RunTime:0.000026s ]
INFO: [ app_init ] --END-- [ RunTime:0.015943s ]
INFO: [ app_begin ] --START--
INFO: Run Behavior\ReadHtmlCacheBehavior [ RunTime:0.001815s ]
INFO: [ app_begin ] --END-- [ RunTime:0.001903s ]
SQL: SHOW COLUMNS FROM `t_goods` [ RunTime:0.0286s ]
SQL: SHOW COLUMNS FROM `t_catelog` [ RunTime:0.0109s ]
SQL: SELECT * FROM `t_catelog`  [ RunTime:0.0050s ]
SQL: SELECT * FROM `t_goods`  [ RunTime:0.0010s ]
SQL: SELECT * FROM `t_goods` LIMIT 0,10   [ RunTime:0.0025s ]
INFO: [ app_end ] --START--
INFO: Run Behavior\ShowPageTraceBehavior [ RunTime:0.002455s ]
INFO: [ app_end ] --END-- [ RunTime:0.002566s ]

[ 2019-03-13T12:57:17+08:00 ] 127.0.0.1 /api/admin.php/good/sort
INFO: [ app_init ] --START--
INFO: Run Behavior\BuildLiteBehavior [ RunTime:0.000015s ]
INFO: [ app_init ] --END-- [ RunTime:0.000607s ]
INFO: [ app_begin ] --START--
INFO: Run Behavior\ReadHtmlCacheBehavior [ RunTime:0.000956s ]
INFO: [ app_begin ] --END-- [ RunTime:0.012163s ]
SQL: SHOW COLUMNS FROM `t_catelog` [ RunTime:0.0059s ]
SQL: SELECT * FROM `t_catelog` WHERE `catelog_del` = 'no'  [ RunTime:0.0039s ]

[ 2019-03-13T12:57:26+08:00 ] 127.0.0.1 /api/admin.php/good/list?page=2&limit=10
INFO: [ app_init ] --START--
INFO: Run Behavior\BuildLiteBehavior [ RunTime:0.000012s ]
INFO: [ app_init ] --END-- [ RunTime:0.000753s ]
INFO: [ app_begin ] --START--
INFO: Run Behavior\ReadHtmlCacheBehavior [ RunTime:0.003643s ]
INFO: [ app_begin ] --END-- [ RunTime:0.003785s ]
SQL: SHOW COLUMNS FROM `t_goods` [ RunTime:0.0043s ]
SQL: SHOW COLUMNS FROM `t_catelog` [ RunTime:0.0055s ]
SQL: SELECT * FROM `t_catelog`  [ RunTime:0.0025s ]
SQL: SELECT * FROM `t_goods`  [ RunTime:0.0007s ]
SQL: SELECT * FROM `t_goods` LIMIT 10,10   [ RunTime:0.0005s ]
INFO: [ app_end ] --START--
INFO: Run Behavior\ShowPageTraceBehavior [ RunTime:0.001445s ]
INFO: [ app_end ] --END-- [ RunTime:0.001521s ]

[ 2019-03-13T12:57:30+08:00 ] 127.0.0.1 /api/admin.php/user/list?page=1&limit=5
INFO: [ app_init ] --START--
INFO: Run Behavior\BuildLiteBehavior [ RunTime:0.000018s ]
INFO: [ app_init ] --END-- [ RunTime:0.000815s ]
INFO: [ app_begin ] --START--
INFO: Run Behavior\ReadHtmlCacheBehavior [ RunTime:0.002201s ]
INFO: [ app_begin ] --END-- [ RunTime:0.002257s ]
SQL: SHOW COLUMNS FROM `t_user` [ RunTime:0.0088s ]
SQL: SELECT * FROM `t_user` WHERE `user_del` = 'no'  [ RunTime:0.0037s ]
SQL: SELECT * FROM `t_user` WHERE `user_del` = 'no' LIMIT 0,5   [ RunTime:0.0009s ]
INFO: [ app_end ] --START--
INFO: Run Behavior\ShowPageTraceBehavior [ RunTime:0.001376s ]
INFO: [ app_end ] --END-- [ RunTime:0.001429s ]

[ 2019-03-13T12:57:45+08:00 ] 127.0.0.1 /api/admin.php/user/list?page=1&limit=5
INFO: [ app_init ] --START--
INFO: Run Behavior\BuildLiteBehavior [ RunTime:0.000015s ]
INFO: [ app_init ] --END-- [ RunTime:0.000631s ]
INFO: [ app_begin ] --START--
INFO: Run Behavior\ReadHtmlCacheBehavior [ RunTime:0.000519s ]
INFO: [ app_begin ] --END-- [ RunTime:0.000546s ]
SQL: SHOW COLUMNS FROM `t_user` [ RunTime:0.0049s ]
SQL: SELECT * FROM `t_user` WHERE `user_del` = 'no'  [ RunTime:0.0035s ]
SQL: SELECT * FROM `t_user` WHERE `user_del` = 'no' LIMIT 0,5   [ RunTime:0.0004s ]
INFO: [ app_end ] --START--
INFO: Run Behavior\ShowPageTraceBehavior [ RunTime:0.002425s ]
INFO: [ app_end ] --END-- [ RunTime:0.002654s ]

[ 2019-03-13T12:57:55+08:00 ] 127.0.0.1 /api/admin.php/user/modify
INFO: [ app_init ] --START--
INFO: Run Behavior\BuildLiteBehavior [ RunTime:0.000011s ]
INFO: [ app_init ] --END-- [ RunTime:0.000497s ]
INFO: [ app_begin ] --START--
INFO: Run Behavior\ReadHtmlCacheBehavior [ RunTime:0.000515s ]
INFO: [ app_begin ] --END-- [ RunTime:0.000544s ]
SQL: SHOW COLUMNS FROM `t_user` [ RunTime:0.0072s ]
SQL: UPDATE `t_user` SET `user_name`='lnyxb',`user_pw`='123456',`user_realname`='于小明',`user_sex`='女',`user_tel`='13488854454',`user_qq`='3983928883',`user_address`='中华路25号' WHERE `user_id` = 2 [ RunTime:0.0204s ]
INFO: [ app_end ] --START--
INFO: Run Behavior\ShowPageTraceBehavior [ RunTime:0.000939s ]
INFO: [ app_end ] --END-- [ RunTime:0.000992s ]

[ 2019-03-13T12:58:03+08:00 ] 127.0.0.1 /api/admin.php/user/list?page=1&limit=5
INFO: [ app_init ] --START--
INFO: Run Behavior\BuildLiteBehavior [ RunTime:0.000016s ]
INFO: [ app_init ] --END-- [ RunTime:0.001390s ]
INFO: [ app_begin ] --START--
INFO: Run Behavior\ReadHtmlCacheBehavior [ RunTime:0.000831s ]
INFO: [ app_begin ] --END-- [ RunTime:0.000876s ]
SQL: SHOW COLUMNS FROM `t_user` [ RunTime:0.0069s ]
SQL: SELECT * FROM `t_user` WHERE `user_del` = 'no'  [ RunTime:0.0035s ]
SQL: SELECT * FROM `t_user` WHERE `user_del` = 'no' LIMIT 0,5   [ RunTime:0.0006s ]
INFO: [ app_end ] --START--
INFO: Run Behavior\ShowPageTraceBehavior [ RunTime:0.007237s ]
INFO: [ app_end ] --END-- [ RunTime:0.007294s ]

[ 2019-03-13T12:58:07+08:00 ] 127.0.0.1 /api/admin.php/user/modify
INFO: [ app_init ] --START--
INFO: Run Behavior\BuildLiteBehavior [ RunTime:0.000010s ]
INFO: [ app_init ] --END-- [ RunTime:0.000540s ]
INFO: [ app_begin ] --START--
INFO: Run Behavior\ReadHtmlCacheBehavior [ RunTime:0.000963s ]
INFO: [ app_begin ] --END-- [ RunTime:0.001034s ]
SQL: SHOW COLUMNS FROM `t_user` [ RunTime:0.0086s ]
SQL: UPDATE `t_user` SET `user_name`='lnyxb',`user_pw`='123456',`user_realname`='于小明',`user_sex`='男',`user_tel`='13488854454',`user_qq`='3983928883',`user_address`='中华路25号' WHERE `user_id` = 2 [ RunTime:0.0071s ]
INFO: [ app_end ] --START--
INFO: Run Behavior\ShowPageTraceBehavior [ RunTime:0.001041s ]
INFO: [ app_end ] --END-- [ RunTime:0.001104s ]

[ 2019-03-13T12:58:10+08:00 ] 127.0.0.1 /api/admin.php/user/list?page=1&limit=5
INFO: [ app_init ] --START--
INFO: Run Behavior\BuildLiteBehavior [ RunTime:0.000016s ]
INFO: [ app_init ] --END-- [ RunTime:0.001254s ]
INFO: [ app_begin ] --START--
INFO: Run Behavior\ReadHtmlCacheBehavior [ RunTime:0.000903s ]
INFO: [ app_begin ] --END-- [ RunTime:0.000947s ]
SQL: SHOW COLUMNS FROM `t_user` [ RunTime:0.0070s ]
SQL: SELECT * FROM `t_user` WHERE `user_del` = 'no'  [ RunTime:0.0036s ]
SQL: SELECT * FROM `t_user` WHERE `user_del` = 'no' LIMIT 0,5   [ RunTime:0.0006s ]
INFO: [ app_end ] --START--
INFO: Run Behavior\ShowPageTraceBehavior [ RunTime:0.001144s ]
INFO: [ app_end ] --END-- [ RunTime:0.001194s ]

[ 2019-03-13T14:21:21+08:00 ] 127.0.0.1 /api/admin.php/information/list?page=1&limit=10
INFO: [ app_init ] --START--
INFO: Run Behavior\BuildLiteBehavior [ RunTime:0.000022s ]
INFO: [ app_init ] --END-- [ RunTime:0.001752s ]
INFO: [ app_begin ] --START--
INFO: Run Behavior\ReadHtmlCacheBehavior [ RunTime:0.001351s ]
INFO: [ app_begin ] --END-- [ RunTime:0.001397s ]
SQL: SHOW COLUMNS FROM `t_information` [ RunTime:0.0139s ]
SQL: SELECT * FROM `t_information`  [ RunTime:0.0034s ]
SQL: SELECT * FROM `t_information` LIMIT 0,10   [ RunTime:0.0004s ]

[ 2019-03-13T14:21:24+08:00 ] 127.0.0.1 /api/admin.php/user/list?page=1&limit=5
INFO: [ app_init ] --START--
INFO: Run Behavior\BuildLiteBehavior [ RunTime:0.000016s ]
INFO: [ app_init ] --END-- [ RunTime:0.000599s ]
INFO: [ app_begin ] --START--
INFO: Run Behavior\ReadHtmlCacheBehavior [ RunTime:0.001446s ]
INFO: [ app_begin ] --END-- [ RunTime:0.001513s ]
SQL: SHOW COLUMNS FROM `t_user` [ RunTime:0.0119s ]
SQL: SELECT * FROM `t_user` WHERE `user_del` = 'no'  [ RunTime:0.0046s ]
SQL: SELECT * FROM `t_user` WHERE `user_del` = 'no' LIMIT 0,5   [ RunTime:0.0007s ]
INFO: [ app_end ] --START--
INFO: Run Behavior\ShowPageTraceBehavior [ RunTime:0.001624s ]
INFO: [ app_end ] --END-- [ RunTime:0.001683s ]

[ 2019-03-13T14:21:28+08:00 ] 127.0.0.1 /api/admin.php/cate/list?page=1&limit=10
INFO: [ app_init ] --START--
INFO: Run Behavior\BuildLiteBehavior [ RunTime:0.000014s ]
INFO: [ app_init ] --END-- [ RunTime:0.000646s ]
INFO: [ app_begin ] --START--
INFO: Run Behavior\ReadHtmlCacheBehavior [ RunTime:0.000747s ]
INFO: [ app_begin ] --END-- [ RunTime:0.000794s ]
SQL: SHOW COLUMNS FROM `t_catelog` [ RunTime:0.0075s ]
SQL: SELECT * FROM `t_catelog` WHERE `catelog_del` = 'no'  [ RunTime:0.0035s ]
SQL: SELECT * FROM `t_catelog` WHERE `catelog_del` = 'no' LIMIT 0,10   [ RunTime:0.0006s ]
INFO: [ app_end ] --START--
INFO: Run Behavior\ShowPageTraceBehavior [ RunTime:0.001171s ]
INFO: [ app_end ] --END-- [ RunTime:0.001227s ]

[ 2019-03-13T14:21:30+08:00 ] 127.0.0.1 /api/admin.php/good/list?page=1&limit=10
INFO: [ app_init ] --START--
INFO: Run Behavior\BuildLiteBehavior [ RunTime:0.000014s ]
INFO: [ app_init ] --END-- [ RunTime:0.000591s ]
INFO: [ app_begin ] --START--
INFO: Run Behavior\ReadHtmlCacheBehavior [ RunTime:0.000864s ]
INFO: [ app_begin ] --END-- [ RunTime:0.000909s ]
SQL: SHOW COLUMNS FROM `t_goods` [ RunTime:0.0096s ]
SQL: SHOW COLUMNS FROM `t_catelog` [ RunTime:0.0087s ]
SQL: SELECT * FROM `t_catelog`  [ RunTime:0.0044s ]
SQL: SELECT * FROM `t_goods`  [ RunTime:0.0020s ]
SQL: SELECT * FROM `t_goods` LIMIT 0,10   [ RunTime:0.0006s ]
INFO: [ app_end ] --START--
INFO: Run Behavior\ShowPageTraceBehavior [ RunTime:0.002152s ]
INFO: [ app_end ] --END-- [ RunTime:0.002227s ]

[ 2019-03-13T14:21:37+08:00 ] 127.0.0.1 /api/admin.php/order/list?page=1&limit=10
INFO: [ app_init ] --START--
INFO: Run Behavior\BuildLiteBehavior [ RunTime:0.000015s ]
INFO: [ app_init ] --END-- [ RunTime:0.001397s ]
INFO: [ app_begin ] --START--
INFO: Run Behavior\ReadHtmlCacheBehavior [ RunTime:0.000997s ]
INFO: [ app_begin ] --END-- [ RunTime:0.001046s ]
SQL: SHOW COLUMNS FROM `t_order` [ RunTime:0.0106s ]
SQL: SELECT * FROM `t_order`  [ RunTime:0.0041s ]
SQL: SELECT * FROM `t_order` LIMIT 0,10   [ RunTime:0.0005s ]
INFO: [ app_end ] --START--
INFO: Run Behavior\ShowPageTraceBehavior [ RunTime:0.001290s ]
INFO: [ app_end ] --END-- [ RunTime:0.001346s ]

[ 2019-03-13T14:21:39+08:00 ] 127.0.0.1 /api/admin.php/liuyan/list?page=1&limit=10
INFO: [ app_init ] --START--
INFO: Run Behavior\BuildLiteBehavior [ RunTime:0.000016s ]
INFO: [ app_init ] --END-- [ RunTime:0.000688s ]
INFO: [ app_begin ] --START--
INFO: Run Behavior\ReadHtmlCacheBehavior [ RunTime:0.000948s ]
INFO: [ app_begin ] --END-- [ RunTime:0.001004s ]
SQL: SHOW COLUMNS FROM `t_liuyan` [ RunTime:0.0065s ]
SQL: SELECT * FROM `t_liuyan`  [ RunTime:0.0045s ]
SQL: SELECT * FROM `t_liuyan` LIMIT 0,10   [ RunTime:0.0005s ]
INFO: [ app_end ] --START--
INFO: Run Behavior\ShowPageTraceBehavior [ RunTime:0.001002s ]
INFO: [ app_end ] --END-- [ RunTime:0.001071s ]

[ 2019-03-13T14:21:40+08:00 ] 127.0.0.1 /api/admin.php/gonggao/list?page=1&limit=10
INFO: [ app_init ] --START--
INFO: Run Behavior\BuildLiteBehavior [ RunTime:0.000015s ]
INFO: [ app_init ] --END-- [ RunTime:0.000731s ]
INFO: [ app_begin ] --START--
INFO: Run Behavior\ReadHtmlCacheBehavior [ RunTime:0.000950s ]
INFO: [ app_begin ] --END-- [ RunTime:0.001005s ]
SQL: SHOW COLUMNS FROM `t_gonggao` [ RunTime:0.0074s ]
SQL: SELECT * FROM `t_gonggao` WHERE `gonggao_del` = 'no'  [ RunTime:0.0036s ]
SQL: SELECT * FROM `t_gonggao` WHERE `gonggao_del` = 'no' LIMIT 0,10   [ RunTime:0.0006s ]
INFO: [ app_end ] --START--
INFO: Run Behavior\ShowPageTraceBehavior [ RunTime:0.003344s ]
INFO: [ app_end ] --END-- [ RunTime:0.003403s ]

[ 2019-03-13T14:21:41+08:00 ] 127.0.0.1 /api/admin.php/order/list?page=1&limit=10
INFO: [ app_init ] --START--
INFO: Run Behavior\BuildLiteBehavior [ RunTime:0.000014s ]
INFO: [ app_init ] --END-- [ RunTime:0.000638s ]
INFO: [ app_begin ] --START--
INFO: Run Behavior\ReadHtmlCacheBehavior [ RunTime:0.000765s ]
INFO: [ app_begin ] --END-- [ RunTime:0.000831s ]
SQL: SHOW COLUMNS FROM `t_order` [ RunTime:0.0060s ]
SQL: SELECT * FROM `t_order`  [ RunTime:0.0031s ]
SQL: SELECT * FROM `t_order` LIMIT 0,10   [ RunTime:0.0005s ]
INFO: [ app_end ] --START--
INFO: Run Behavior\ShowPageTraceBehavior [ RunTime:0.001007s ]
INFO: [ app_end ] --END-- [ RunTime:0.001081s ]

[ 2019-03-13T14:21:48+08:00 ] 127.0.0.1 /api/admin.php/information/list?page=1&limit=10
INFO: [ app_init ] --START--
INFO: Run Behavior\BuildLiteBehavior [ RunTime:0.000019s ]
INFO: [ app_init ] --END-- [ RunTime:0.001055s ]
INFO: [ app_begin ] --START--
INFO: Run Behavior\ReadHtmlCacheBehavior [ RunTime:0.001364s ]
INFO: [ app_begin ] --END-- [ RunTime:0.001425s ]
SQL: SHOW COLUMNS FROM `t_information` [ RunTime:0.0063s ]
SQL: SELECT * FROM `t_information`  [ RunTime:0.0058s ]
SQL: SELECT * FROM `t_information` LIMIT 0,10   [ RunTime:0.0005s ]

[ 2019-03-13T14:21:52+08:00 ] 127.0.0.1 /api/admin.php/good/list?page=1&limit=10
INFO: [ app_init ] --START--
INFO: Run Behavior\BuildLiteBehavior [ RunTime:0.000011s ]
INFO: [ app_init ] --END-- [ RunTime:0.000509s ]
INFO: [ app_begin ] --START--
INFO: Run Behavior\ReadHtmlCacheBehavior [ RunTime:0.000984s ]
INFO: [ app_begin ] --END-- [ RunTime:0.001054s ]
SQL: SHOW COLUMNS FROM `t_goods` [ RunTime:0.0070s ]
SQL: SHOW COLUMNS FROM `t_catelog` [ RunTime:0.0081s ]
SQL: SELECT * FROM `t_catelog`  [ RunTime:0.0032s ]
SQL: SELECT * FROM `t_goods`  [ RunTime:0.0013s ]
SQL: SELECT * FROM `t_goods` LIMIT 0,10   [ RunTime:0.0006s ]
INFO: [ app_end ] --START--
INFO: Run Behavior\ShowPageTraceBehavior [ RunTime:0.001033s ]
INFO: [ app_end ] --END-- [ RunTime:0.001104s ]

[ 2019-03-13T14:21:53+08:00 ] 127.0.0.1 /api/admin.php/good/sort
INFO: [ app_init ] --START--
INFO: Run Behavior\BuildLiteBehavior [ RunTime:0.000017s ]
INFO: [ app_init ] --END-- [ RunTime:0.000745s ]
INFO: [ app_begin ] --START--
INFO: Run Behavior\ReadHtmlCacheBehavior [ RunTime:0.001320s ]
INFO: [ app_begin ] --END-- [ RunTime:0.001376s ]
SQL: SHOW COLUMNS FROM `t_catelog` [ RunTime:0.0058s ]
SQL: SELECT * FROM `t_catelog` WHERE `catelog_del` = 'no'  [ RunTime:0.0032s ]

[ 2019-03-13T14:22:29+08:00 ] 127.0.0.1 /api/admin.php/gonggao/list?page=1&limit=10
INFO: [ app_init ] --START--
INFO: Run Behavior\BuildLiteBehavior [ RunTime:0.000017s ]
INFO: [ app_init ] --END-- [ RunTime:0.001134s ]
INFO: [ app_begin ] --START--
INFO: Run Behavior\ReadHtmlCacheBehavior [ RunTime:0.001421s ]
INFO: [ app_begin ] --END-- [ RunTime:0.001560s ]
SQL: SHOW COLUMNS FROM `t_gonggao` [ RunTime:0.0069s ]
SQL: SELECT * FROM `t_gonggao` WHERE `gonggao_del` = 'no'  [ RunTime:0.0038s ]
SQL: SELECT * FROM `t_gonggao` WHERE `gonggao_del` = 'no' LIMIT 0,10   [ RunTime:0.0006s ]
INFO: [ app_end ] --START--
INFO: Run Behavior\ShowPageTraceBehavior [ RunTime:0.001344s ]
INFO: [ app_end ] --END-- [ RunTime:0.001410s ]

[ 2019-03-13T14:23:55+08:00 ] 127.0.0.1 /api/admin.php/user/list?page=1&limit=5
INFO: [ app_init ] --START--
INFO: Run Behavior\BuildLiteBehavior [ RunTime:0.000018s ]
INFO: [ app_init ] --END-- [ RunTime:0.001010s ]
INFO: [ app_begin ] --START--
INFO: Run Behavior\ReadHtmlCacheBehavior [ RunTime:0.002031s ]
INFO: [ app_begin ] --END-- [ RunTime:0.002096s ]
SQL: SHOW COLUMNS FROM `t_user` [ RunTime:0.0061s ]
SQL: SELECT * FROM `t_user` WHERE `user_del` = 'no'  [ RunTime:0.0034s ]
SQL: SELECT * FROM `t_user` WHERE `user_del` = 'no' LIMIT 0,5   [ RunTime:0.0006s ]
INFO: [ app_end ] --START--
INFO: Run Behavior\ShowPageTraceBehavior [ RunTime:0.001319s ]
INFO: [ app_end ] --END-- [ RunTime:0.001367s ]

[ 2019-03-13T14:23:58+08:00 ] 127.0.0.1 /api/admin.php/information/list?page=1&limit=10
INFO: [ app_init ] --START--
INFO: Run Behavior\BuildLiteBehavior [ RunTime:0.000018s ]
INFO: [ app_init ] --END-- [ RunTime:0.000857s ]
INFO: [ app_begin ] --START--
INFO: Run Behavior\ReadHtmlCacheBehavior [ RunTime:0.000994s ]
INFO: [ app_begin ] --END-- [ RunTime:0.001048s ]
SQL: SHOW COLUMNS FROM `t_information` [ RunTime:0.0066s ]
SQL: SELECT * FROM `t_information`  [ RunTime:0.0039s ]
SQL: SELECT * FROM `t_information` LIMIT 0,10   [ RunTime:0.0005s ]

[ 2019-03-13T14:24:21+08:00 ] 127.0.0.1 /api/admin.php/information/list?page=1&limit=10
INFO: [ app_init ] --START--
INFO: Run Behavior\BuildLiteBehavior [ RunTime:0.000016s ]
INFO: [ app_init ] --END-- [ RunTime:0.000710s ]
INFO: [ app_begin ] --START--
INFO: Run Behavior\ReadHtmlCacheBehavior [ RunTime:0.012218s ]
INFO: [ app_begin ] --END-- [ RunTime:0.012511s ]
SQL: SHOW COLUMNS FROM `t_information` [ RunTime:0.0090s ]
SQL: SELECT * FROM `t_information`  [ RunTime:0.0073s ]
SQL: SELECT * FROM `t_information` LIMIT 0,10   [ RunTime:0.0007s ]

[ 2019-03-13T14:24:24+08:00 ] 127.0.0.1 /api/admin.php/information/del
INFO: [ app_init ] --START--
INFO: Run Behavior\BuildLiteBehavior [ RunTime:0.000007s ]
INFO: [ app_init ] --END-- [ RunTime:0.000311s ]
INFO: [ app_begin ] --START--
INFO: Run Behavior\ReadHtmlCacheBehavior [ RunTime:0.000418s ]
INFO: [ app_begin ] --END-- [ RunTime:0.000438s ]
SQL: SHOW COLUMNS FROM `t_information` [ RunTime:0.0040s ]
SQL: UPDATE `t_information` SET `information_isShow`='0' WHERE `information_id` = 1 [ RunTime:0.0153s ]

[ 2019-03-13T14:24:32+08:00 ] 127.0.0.1 /api/admin.php/order/list?page=1&limit=10
INFO: [ app_init ] --START--
INFO: Run Behavior\BuildLiteBehavior [ RunTime:0.000014s ]
INFO: [ app_init ] --END-- [ RunTime:0.000812s ]
INFO: [ app_begin ] --START--
INFO: Run Behavior\ReadHtmlCacheBehavior [ RunTime:0.000827s ]
INFO: [ app_begin ] --END-- [ RunTime:0.000880s ]
SQL: SHOW COLUMNS FROM `t_order` [ RunTime:0.0058s ]
SQL: SELECT * FROM `t_order`  [ RunTime:0.0035s ]
SQL: SELECT * FROM `t_order` LIMIT 0,10   [ RunTime:0.0006s ]
INFO: [ app_end ] --START--
INFO: Run Behavior\ShowPageTraceBehavior [ RunTime:0.004351s ]
INFO: [ app_end ] --END-- [ RunTime:0.004402s ]

[ 2019-03-13T14:24:33+08:00 ] 127.0.0.1 /api/admin.php/information/list?page=1&limit=10
INFO: [ app_init ] --START--
INFO: Run Behavior\BuildLiteBehavior [ RunTime:0.000012s ]
INFO: [ app_init ] --END-- [ RunTime:0.000630s ]
INFO: [ app_begin ] --START--
INFO: Run Behavior\ReadHtmlCacheBehavior [ RunTime:0.000900s ]
INFO: [ app_begin ] --END-- [ RunTime:0.000953s ]
SQL: SHOW COLUMNS FROM `t_information` [ RunTime:0.0067s ]
SQL: SELECT * FROM `t_information`  [ RunTime:0.0527s ]
SQL: SELECT * FROM `t_information` LIMIT 0,10   [ RunTime:0.0004s ]

[ 2019-03-13T14:24:49+08:00 ] 127.0.0.1 /api/admin.php/liuyan/list?page=1&limit=10
INFO: [ app_init ] --START--
INFO: Run Behavior\BuildLiteBehavior [ RunTime:0.000016s ]
INFO: [ app_init ] --END-- [ RunTime:0.000571s ]
INFO: [ app_begin ] --START--
INFO: Run Behavior\ReadHtmlCacheBehavior [ RunTime:0.000999s ]
INFO: [ app_begin ] --END-- [ RunTime:0.001069s ]
SQL: SHOW COLUMNS FROM `t_liuyan` [ RunTime:0.0060s ]
SQL: SELECT * FROM `t_liuyan`  [ RunTime:0.0133s ]
SQL: SELECT * FROM `t_liuyan` LIMIT 0,10   [ RunTime:0.0005s ]
INFO: [ app_end ] --START--
INFO: Run Behavior\ShowPageTraceBehavior [ RunTime:0.000998s ]
INFO: [ app_end ] --END-- [ RunTime:0.001059s ]

[ 2019-03-13T14:31:27+08:00 ] 127.0.0.1 /api/admin.php/good/list?page=1&limit=10
INFO: [ app_init ] --START--
INFO: Run Behavior\BuildLiteBehavior [ RunTime:0.000040s ]
INFO: [ app_init ] --END-- [ RunTime:0.000915s ]
INFO: [ app_begin ] --START--
INFO: Run Behavior\ReadHtmlCacheBehavior [ RunTime:0.001062s ]
INFO: [ app_begin ] --END-- [ RunTime:0.001116s ]
SQL: SHOW COLUMNS FROM `t_goods` [ RunTime:0.0062s ]
SQL: SHOW COLUMNS FROM `t_catelog` [ RunTime:0.0100s ]
SQL: SELECT * FROM `t_catelog`  [ RunTime:0.0037s ]
SQL: SELECT * FROM `t_goods`  [ RunTime:0.0009s ]
SQL: SELECT * FROM `t_goods` LIMIT 0,10   [ RunTime:0.0007s ]
INFO: [ app_end ] --START--
INFO: Run Behavior\ShowPageTraceBehavior [ RunTime:0.001523s ]
INFO: [ app_end ] --END-- [ RunTime:0.001591s ]

[ 2019-03-13T14:43:38+08:00 ] 127.0.0.1 /api/admin.php/gonggao/list?page=1&limit=10
INFO: [ app_init ] --START--
INFO: Run Behavior\BuildLiteBehavior [ RunTime:0.000020s ]
INFO: [ app_init ] --END-- [ RunTime:0.002323s ]
INFO: [ app_begin ] --START--
INFO: Run Behavior\ReadHtmlCacheBehavior [ RunTime:0.001780s ]
INFO: [ app_begin ] --END-- [ RunTime:0.001836s ]
SQL: SHOW COLUMNS FROM `t_gonggao` [ RunTime:0.0096s ]
SQL: SELECT * FROM `t_gonggao` WHERE `gonggao_del` = 'no'  [ RunTime:0.0045s ]
SQL: SELECT * FROM `t_gonggao` WHERE `gonggao_del` = 'no' LIMIT 0,10   [ RunTime:0.0006s ]
INFO: [ app_end ] --START--
INFO: Run Behavior\ShowPageTraceBehavior [ RunTime:0.001463s ]
INFO: [ app_end ] --END-- [ RunTime:0.001524s ]

[ 2019-03-13T14:43:39+08:00 ] 127.0.0.1 /api/admin.php/liuyan/list?page=1&limit=10
INFO: [ app_init ] --START--
INFO: Run Behavior\BuildLiteBehavior [ RunTime:0.000015s ]
INFO: [ app_init ] --END-- [ RunTime:0.000768s ]
INFO: [ app_begin ] --START--
INFO: Run Behavior\ReadHtmlCacheBehavior [ RunTime:0.000879s ]
INFO: [ app_begin ] --END-- [ RunTime:0.000931s ]
SQL: SHOW COLUMNS FROM `t_liuyan` [ RunTime:0.0073s ]
SQL: SELECT * FROM `t_liuyan`  [ RunTime:0.0064s ]
SQL: SELECT * FROM `t_liuyan` LIMIT 0,10   [ RunTime:0.0006s ]
INFO: [ app_end ] --START--
INFO: Run Behavior\ShowPageTraceBehavior [ RunTime:0.001189s ]
INFO: [ app_end ] --END-- [ RunTime:0.001250s ]

[ 2019-03-13T14:43:41+08:00 ] 127.0.0.1 /api/admin.php/order/list?page=1&limit=10
INFO: [ app_init ] --START--
INFO: Run Behavior\BuildLiteBehavior [ RunTime:0.000018s ]
INFO: [ app_init ] --END-- [ RunTime:0.000656s ]
INFO: [ app_begin ] --START--
INFO: Run Behavior\ReadHtmlCacheBehavior [ RunTime:0.000853s ]
INFO: [ app_begin ] --END-- [ RunTime:0.000902s ]
SQL: SHOW COLUMNS FROM `t_order` [ RunTime:0.0067s ]
SQL: SELECT * FROM `t_order`  [ RunTime:0.0031s ]
SQL: SELECT * FROM `t_order` LIMIT 0,10   [ RunTime:0.0005s ]
INFO: [ app_end ] --START--
INFO: Run Behavior\ShowPageTraceBehavior [ RunTime:0.001041s ]
INFO: [ app_end ] --END-- [ RunTime:0.001083s ]

[ 2019-03-13T14:43:42+08:00 ] 127.0.0.1 /api/admin.php/user/list?page=1&limit=5
INFO: [ app_init ] --START--
INFO: Run Behavior\BuildLiteBehavior [ RunTime:0.000016s ]
INFO: [ app_init ] --END-- [ RunTime:0.000656s ]
INFO: [ app_begin ] --START--
INFO: Run Behavior\ReadHtmlCacheBehavior [ RunTime:0.000832s ]
INFO: [ app_begin ] --END-- [ RunTime:0.000878s ]
SQL: SHOW COLUMNS FROM `t_user` [ RunTime:0.0090s ]
SQL: SELECT * FROM `t_user` WHERE `user_del` = 'no'  [ RunTime:0.0039s ]
SQL: SELECT * FROM `t_user` WHERE `user_del` = 'no' LIMIT 0,5   [ RunTime:0.0008s ]
INFO: [ app_end ] --START--
INFO: Run Behavior\ShowPageTraceBehavior [ RunTime:0.001330s ]
INFO: [ app_end ] --END-- [ RunTime:0.001389s ]

[ 2019-03-13T14:43:45+08:00 ] 127.0.0.1 /api/admin.php/information/list?page=1&limit=10
INFO: [ app_init ] --START--
INFO: Run Behavior\BuildLiteBehavior [ RunTime:0.000013s ]
INFO: [ app_init ] --END-- [ RunTime:0.000585s ]
INFO: [ app_begin ] --START--
INFO: Run Behavior\ReadHtmlCacheBehavior [ RunTime:0.000787s ]
INFO: [ app_begin ] --END-- [ RunTime:0.000834s ]
SQL: SHOW COLUMNS FROM `t_information` [ RunTime:0.0056s ]
SQL: SELECT * FROM `t_information`  [ RunTime:0.0032s ]
SQL: SELECT * FROM `t_information` LIMIT 0,10   [ RunTime:0.0003s ]

[ 2019-03-13T14:43:47+08:00 ] 127.0.0.1 /api/admin.php/good/list?page=1&limit=10
INFO: [ app_init ] --START--
INFO: Run Behavior\BuildLiteBehavior [ RunTime:0.000025s ]
INFO: [ app_init ] --END-- [ RunTime:0.000683s ]
INFO: [ app_begin ] --START--
INFO: Run Behavior\ReadHtmlCacheBehavior [ RunTime:0.000831s ]
INFO: [ app_begin ] --END-- [ RunTime:0.000878s ]
SQL: SHOW COLUMNS FROM `t_goods` [ RunTime:0.0065s ]
SQL: SHOW COLUMNS FROM `t_catelog` [ RunTime:0.0086s ]
SQL: SELECT * FROM `t_catelog`  [ RunTime:0.0033s ]
SQL: SELECT * FROM `t_goods`  [ RunTime:0.0010s ]
SQL: SELECT * FROM `t_goods` LIMIT 0,10   [ RunTime:0.0008s ]
INFO: [ app_end ] --START--
INFO: Run Behavior\ShowPageTraceBehavior [ RunTime:0.001187s ]
INFO: [ app_end ] --END-- [ RunTime:0.001254s ]

[ 2019-03-13T14:43:48+08:00 ] 127.0.0.1 /api/admin.php/good/sort
INFO: [ app_init ] --START--
INFO: Run Behavior\BuildLiteBehavior [ RunTime:0.000017s ]
INFO: [ app_init ] --END-- [ RunTime:0.002261s ]
INFO: [ app_begin ] --START--
INFO: Run Behavior\ReadHtmlCacheBehavior [ RunTime:0.001109s ]
INFO: [ app_begin ] --END-- [ RunTime:0.001173s ]
SQL: SHOW COLUMNS FROM `t_catelog` [ RunTime:0.0058s ]
SQL: SELECT * FROM `t_catelog` WHERE `catelog_del` = 'no'  [ RunTime:0.0186s ]

[ 2019-03-13T14:43:51+08:00 ] 127.0.0.1 /api/admin.php/cate/list?page=1&limit=10
INFO: [ app_init ] --START--
INFO: Run Behavior\BuildLiteBehavior [ RunTime:0.000014s ]
INFO: [ app_init ] --END-- [ RunTime:0.000621s ]
INFO: [ app_begin ] --START--
INFO: Run Behavior\ReadHtmlCacheBehavior [ RunTime:0.000832s ]
INFO: [ app_begin ] --END-- [ RunTime:0.000890s ]
SQL: SHOW COLUMNS FROM `t_catelog` [ RunTime:0.0070s ]
SQL: SELECT * FROM `t_catelog` WHERE `catelog_del` = 'no'  [ RunTime:0.0036s ]
SQL: SELECT * FROM `t_catelog` WHERE `catelog_del` = 'no' LIMIT 0,10   [ RunTime:0.0005s ]
INFO: [ app_end ] --START--
INFO: Run Behavior\ShowPageTraceBehavior [ RunTime:0.001167s ]
INFO: [ app_end ] --END-- [ RunTime:0.001216s ]

[ 2019-03-13T14:44:01+08:00 ] 127.0.0.1 /api/admin.php/cate/list?page=1&limit=10
INFO: [ app_init ] --START--
INFO: Run Behavior\BuildLiteBehavior [ RunTime:0.000138s ]
INFO: [ app_init ] --END-- [ RunTime:0.004267s ]
INFO: [ app_begin ] --START--
INFO: Run Behavior\ReadHtmlCacheBehavior [ RunTime:0.001067s ]
INFO: [ app_begin ] --END-- [ RunTime:0.001124s ]
SQL: SHOW COLUMNS FROM `t_catelog` [ RunTime:0.0058s ]
SQL: SELECT * FROM `t_catelog` WHERE `catelog_del` = 'no'  [ RunTime:0.0022s ]
SQL: SELECT * FROM `t_catelog` WHERE `catelog_del` = 'no' LIMIT 0,10   [ RunTime:0.0004s ]
INFO: [ app_end ] --START--
INFO: Run Behavior\ShowPageTraceBehavior [ RunTime:0.000765s ]
INFO: [ app_end ] --END-- [ RunTime:0.000791s ]

[ 2019-03-13T14:51:12+08:00 ] 127.0.0.1 /api/admin.php/gonggao/list?page=1&limit=10
INFO: [ app_init ] --START--
INFO: Run Behavior\BuildLiteBehavior [ RunTime:0.000019s ]
INFO: [ app_init ] --END-- [ RunTime:0.000874s ]
INFO: [ app_begin ] --START--
INFO: Run Behavior\ReadHtmlCacheBehavior [ RunTime:0.002403s ]
INFO: [ app_begin ] --END-- [ RunTime:0.002505s ]
SQL: SHOW COLUMNS FROM `t_gonggao` [ RunTime:0.0059s ]
SQL: SELECT * FROM `t_gonggao` WHERE `gonggao_del` = 'no'  [ RunTime:0.0060s ]
SQL: SELECT * FROM `t_gonggao` WHERE `gonggao_del` = 'no' LIMIT 0,10   [ RunTime:0.0006s ]
INFO: [ app_end ] --START--
INFO: Run Behavior\ShowPageTraceBehavior [ RunTime:0.001041s ]
INFO: [ app_end ] --END-- [ RunTime:0.001089s ]

[ 2019-03-13T14:51:13+08:00 ] 127.0.0.1 /api/admin.php/liuyan/list?page=1&limit=10
INFO: [ app_init ] --START--
INFO: Run Behavior\BuildLiteBehavior [ RunTime:0.000014s ]
INFO: [ app_init ] --END-- [ RunTime:0.000611s ]
INFO: [ app_begin ] --START--
INFO: Run Behavior\ReadHtmlCacheBehavior [ RunTime:0.000880s ]
INFO: [ app_begin ] --END-- [ RunTime:0.000928s ]
SQL: SHOW COLUMNS FROM `t_liuyan` [ RunTime:0.0069s ]
SQL: SELECT * FROM `t_liuyan`  [ RunTime:0.0050s ]
SQL: SELECT * FROM `t_liuyan` LIMIT 0,10   [ RunTime:0.0005s ]
INFO: [ app_end ] --START--
INFO: Run Behavior\ShowPageTraceBehavior [ RunTime:0.001041s ]
INFO: [ app_end ] --END-- [ RunTime:0.001094s ]

[ 2019-03-13T17:57:23+08:00 ] 127.0.0.1 /api/admin.php/login
INFO: [ app_init ] --START--
INFO: Run Behavior\BuildLiteBehavior [ RunTime:0.000022s ]
INFO: [ app_init ] --END-- [ RunTime:0.002166s ]
INFO: [ app_begin ] --START--
INFO: Run Behavior\ReadHtmlCacheBehavior [ RunTime:0.001611s ]
INFO: [ app_begin ] --END-- [ RunTime:0.001682s ]
SQL: SHOW COLUMNS FROM `t_admin` [ RunTime:0.0281s ]
SQL: SELECT * FROM `t_admin` WHERE `userName` = 'admin' AND `userPw` = 'AMDIN' LIMIT 1   [ RunTime:0.0087s ]

[ 2019-03-13T17:57:30+08:00 ] 127.0.0.1 /api/admin.php/login
INFO: [ app_init ] --START--
INFO: Run Behavior\BuildLiteBehavior [ RunTime:0.000011s ]
INFO: [ app_init ] --END-- [ RunTime:0.000522s ]
INFO: [ app_begin ] --START--
INFO: Run Behavior\ReadHtmlCacheBehavior [ RunTime:0.000714s ]
INFO: [ app_begin ] --END-- [ RunTime:0.000753s ]
SQL: SHOW COLUMNS FROM `t_admin` [ RunTime:0.0119s ]
SQL: SELECT * FROM `t_admin` WHERE `userName` = 'admin' AND `userPw` = 'admin' LIMIT 1   [ RunTime:0.0041s ]

[ 2019-03-13T17:57:36+08:00 ] 127.0.0.1 /api/admin.php/user/list?page=1&limit=5
INFO: [ app_init ] --START--
INFO: Run Behavior\BuildLiteBehavior [ RunTime:0.000015s ]
INFO: [ app_init ] --END-- [ RunTime:0.000595s ]
INFO: [ app_begin ] --START--
INFO: Run Behavior\ReadHtmlCacheBehavior [ RunTime:0.000902s ]
INFO: [ app_begin ] --END-- [ RunTime:0.000967s ]
SQL: SHOW COLUMNS FROM `t_user` [ RunTime:0.0087s ]
SQL: SELECT * FROM `t_user` WHERE `user_del` = 'no'  [ RunTime:0.0032s ]
SQL: SELECT * FROM `t_user` WHERE `user_del` = 'no' LIMIT 0,5   [ RunTime:0.0007s ]
INFO: [ app_end ] --START--
INFO: Run Behavior\ShowPageTraceBehavior [ RunTime:0.001763s ]
INFO: [ app_end ] --END-- [ RunTime:0.001824s ]

[ 2019-03-13T17:57:37+08:00 ] 127.0.0.1 /api/admin.php/good/list?page=1&limit=10
INFO: [ app_init ] --START--
INFO: Run Behavior\BuildLiteBehavior [ RunTime:0.000013s ]
INFO: [ app_init ] --END-- [ RunTime:0.000603s ]
INFO: [ app_begin ] --START--
INFO: Run Behavior\ReadHtmlCacheBehavior [ RunTime:0.001008s ]
INFO: [ app_begin ] --END-- [ RunTime:0.001058s ]
SQL: SHOW COLUMNS FROM `t_goods` [ RunTime:0.0118s ]
SQL: SHOW COLUMNS FROM `t_catelog` [ RunTime:0.0084s ]
SQL: SELECT * FROM `t_catelog`  [ RunTime:0.0032s ]
SQL: SELECT * FROM `t_goods`  [ RunTime:0.0014s ]
SQL: SELECT * FROM `t_goods` LIMIT 0,10   [ RunTime:0.0006s ]
INFO: [ app_end ] --START--
INFO: Run Behavior\ShowPageTraceBehavior [ RunTime:0.001050s ]
INFO: [ app_end ] --END-- [ RunTime:0.001101s ]

[ 2019-03-13T17:57:40+08:00 ] 127.0.0.1 /api/admin.php/information/list?page=1&limit=10
INFO: [ app_init ] --START--
INFO: Run Behavior\BuildLiteBehavior [ RunTime:0.000018s ]
INFO: [ app_init ] --END-- [ RunTime:0.000854s ]
INFO: [ app_begin ] --START--
INFO: Run Behavior\ReadHtmlCacheBehavior [ RunTime:0.001020s ]
INFO: [ app_begin ] --END-- [ RunTime:0.001108s ]
SQL: SHOW COLUMNS FROM `t_information` [ RunTime:0.0071s ]
SQL: SELECT * FROM `t_information`  [ RunTime:0.0041s ]
SQL: SELECT * FROM `t_information` LIMIT 0,10   [ RunTime:0.0005s ]

[ 2019-03-13T17:57:42+08:00 ] 127.0.0.1 /api/admin.php/information/list?page=1&limit=10
INFO: [ app_init ] --START--
INFO: Run Behavior\BuildLiteBehavior [ RunTime:0.000015s ]
INFO: [ app_init ] --END-- [ RunTime:0.000925s ]
INFO: [ app_begin ] --START--
INFO: Run Behavior\ReadHtmlCacheBehavior [ RunTime:0.001424s ]
INFO: [ app_begin ] --END-- [ RunTime:0.001511s ]
SQL: SHOW COLUMNS FROM `t_information` [ RunTime:0.0067s ]
SQL: SELECT * FROM `t_information`  [ RunTime:0.0028s ]
SQL: SELECT * FROM `t_information` LIMIT 0,10   [ RunTime:0.0004s ]

[ 2019-03-13T17:58:29+08:00 ] 127.0.0.1 /api/admin.php/user/list?page=1&limit=5
INFO: [ app_init ] --START--
INFO: Run Behavior\BuildLiteBehavior [ RunTime:0.000015s ]
INFO: [ app_init ] --END-- [ RunTime:0.000678s ]
INFO: [ app_begin ] --START--
INFO: Run Behavior\ReadHtmlCacheBehavior [ RunTime:0.001043s ]
INFO: [ app_begin ] --END-- [ RunTime:0.001100s ]
SQL: SHOW COLUMNS FROM `t_user` [ RunTime:0.0075s ]
SQL: SELECT * FROM `t_user` WHERE `user_del` = 'no'  [ RunTime:0.0033s ]
SQL: SELECT * FROM `t_user` WHERE `user_del` = 'no' LIMIT 0,5   [ RunTime:0.0005s ]
INFO: [ app_end ] --START--
INFO: Run Behavior\ShowPageTraceBehavior [ RunTime:0.001366s ]
INFO: [ app_end ] --END-- [ RunTime:0.001419s ]

[ 2019-03-13T17:58:31+08:00 ] 127.0.0.1 /api/admin.php/good/sort
INFO: [ app_init ] --START--
INFO: Run Behavior\BuildLiteBehavior [ RunTime:0.000019s ]
INFO: [ app_init ] --END-- [ RunTime:0.000925s ]
INFO: [ app_begin ] --START--
INFO: Run Behavior\ReadHtmlCacheBehavior [ RunTime:0.000852s ]
INFO: [ app_begin ] --END-- [ RunTime:0.000908s ]
SQL: SHOW COLUMNS FROM `t_catelog` [ RunTime:0.0064s ]
SQL: SELECT * FROM `t_catelog` WHERE `catelog_del` = 'no'  [ RunTime:0.0038s ]

[ 2019-03-13T17:58:32+08:00 ] 127.0.0.1 /api/admin.php/good/list?page=1&limit=10
INFO: [ app_init ] --START--
INFO: Run Behavior\BuildLiteBehavior [ RunTime:0.000017s ]
INFO: [ app_init ] --END-- [ RunTime:0.000670s ]
INFO: [ app_begin ] --START--
INFO: Run Behavior\ReadHtmlCacheBehavior [ RunTime:0.000905s ]
INFO: [ app_begin ] --END-- [ RunTime:0.000969s ]
SQL: SHOW COLUMNS FROM `t_goods` [ RunTime:0.0064s ]
SQL: SHOW COLUMNS FROM `t_catelog` [ RunTime:0.0167s ]
SQL: SELECT * FROM `t_catelog`  [ RunTime:0.0035s ]
SQL: SELECT * FROM `t_goods`  [ RunTime:0.0019s ]
SQL: SELECT * FROM `t_goods` LIMIT 0,10   [ RunTime:0.0006s ]
INFO: [ app_end ] --START--
INFO: Run Behavior\ShowPageTraceBehavior [ RunTime:0.001085s ]
INFO: [ app_end ] --END-- [ RunTime:0.001137s ]

[ 2019-03-13T17:58:34+08:00 ] 127.0.0.1 /api/admin.php/information/list?page=1&limit=10
INFO: [ app_init ] --START--
INFO: Run Behavior\BuildLiteBehavior [ RunTime:0.000016s ]
INFO: [ app_init ] --END-- [ RunTime:0.001611s ]
INFO: [ app_begin ] --START--
INFO: Run Behavior\ReadHtmlCacheBehavior [ RunTime:0.004496s ]
INFO: [ app_begin ] --END-- [ RunTime:0.004551s ]
SQL: SHOW COLUMNS FROM `t_information` [ RunTime:0.0074s ]
SQL: SELECT * FROM `t_information`  [ RunTime:0.0056s ]
SQL: SELECT * FROM `t_information` LIMIT 0,10   [ RunTime:0.0005s ]

[ 2019-03-13T17:58:37+08:00 ] 127.0.0.1 /api/admin.php/liuyan/list?page=1&limit=10
INFO: [ app_init ] --START--
INFO: Run Behavior\BuildLiteBehavior [ RunTime:0.000029s ]
INFO: [ app_init ] --END-- [ RunTime:0.000490s ]
INFO: [ app_begin ] --START--
INFO: Run Behavior\ReadHtmlCacheBehavior [ RunTime:0.000740s ]
INFO: [ app_begin ] --END-- [ RunTime:0.000781s ]
SQL: SHOW COLUMNS FROM `t_liuyan` [ RunTime:0.0081s ]
SQL: SELECT * FROM `t_liuyan`  [ RunTime:0.0039s ]
SQL: SELECT * FROM `t_liuyan` LIMIT 0,10   [ RunTime:0.0006s ]
INFO: [ app_end ] --START--
INFO: Run Behavior\ShowPageTraceBehavior [ RunTime:0.001123s ]
INFO: [ app_end ] --END-- [ RunTime:0.001177s ]

[ 2019-03-13T17:58:38+08:00 ] 127.0.0.1 /api/admin.php/order/list?page=1&limit=10
INFO: [ app_init ] --START--
INFO: Run Behavior\BuildLiteBehavior [ RunTime:0.000032s ]
INFO: [ app_init ] --END-- [ RunTime:0.001108s ]
INFO: [ app_begin ] --START--
INFO: Run Behavior\ReadHtmlCacheBehavior [ RunTime:0.000978s ]
INFO: [ app_begin ] --END-- [ RunTime:0.001031s ]
SQL: SHOW COLUMNS FROM `t_order` [ RunTime:0.0085s ]
SQL: SELECT * FROM `t_order`  [ RunTime:0.0036s ]
SQL: SELECT * FROM `t_order` LIMIT 0,10   [ RunTime:0.0005s ]
INFO: [ app_end ] --START--
INFO: Run Behavior\ShowPageTraceBehavior [ RunTime:0.001096s ]
INFO: [ app_end ] --END-- [ RunTime:0.001148s ]

[ 2019-03-13T17:58:39+08:00 ] 127.0.0.1 /api/admin.php/cate/list?page=1&limit=10
INFO: [ app_init ] --START--
INFO: Run Behavior\BuildLiteBehavior [ RunTime:0.000017s ]
INFO: [ app_init ] --END-- [ RunTime:0.000631s ]
INFO: [ app_begin ] --START--
INFO: Run Behavior\ReadHtmlCacheBehavior [ RunTime:0.000843s ]
INFO: [ app_begin ] --END-- [ RunTime:0.000898s ]
SQL: SHOW COLUMNS FROM `t_catelog` [ RunTime:0.0072s ]
SQL: SELECT * FROM `t_catelog` WHERE `catelog_del` = 'no'  [ RunTime:0.0032s ]
SQL: SELECT * FROM `t_catelog` WHERE `catelog_del` = 'no' LIMIT 0,10   [ RunTime:0.0005s ]
INFO: [ app_end ] --START--
INFO: Run Behavior\ShowPageTraceBehavior [ RunTime:0.001064s ]
INFO: [ app_end ] --END-- [ RunTime:0.001115s ]

[ 2019-03-13T17:58:43+08:00 ] 127.0.0.1 /api/admin.php/information/modify
INFO: [ app_init ] --START--
INFO: Run Behavior\BuildLiteBehavior [ RunTime:0.000010s ]
INFO: [ app_init ] --END-- [ RunTime:0.000499s ]
INFO: [ app_begin ] --START--
INFO: Run Behavior\ReadHtmlCacheBehavior [ RunTime:0.000705s ]
INFO: [ app_begin ] --END-- [ RunTime:0.000745s ]
SQL: SHOW COLUMNS FROM `t_information` [ RunTime:0.0053s ]
SQL: UPDATE `t_information` SET `information_isShow`='1' WHERE `information_id` = 1 [ RunTime:0.0111s ]

[ 2019-03-13T17:58:56+08:00 ] 127.0.0.1 /api/admin.php/liuyan/list?page=1&limit=10
INFO: [ app_init ] --START--
INFO: Run Behavior\BuildLiteBehavior [ RunTime:0.000016s ]
INFO: [ app_init ] --END-- [ RunTime:0.000642s ]
INFO: [ app_begin ] --START--
INFO: Run Behavior\ReadHtmlCacheBehavior [ RunTime:0.001067s ]
INFO: [ app_begin ] --END-- [ RunTime:0.001132s ]
SQL: SHOW COLUMNS FROM `t_liuyan` [ RunTime:0.0063s ]
SQL: SELECT * FROM `t_liuyan`  [ RunTime:0.0034s ]
SQL: SELECT * FROM `t_liuyan` LIMIT 0,10   [ RunTime:0.0005s ]
INFO: [ app_end ] --START--
INFO: Run Behavior\ShowPageTraceBehavior [ RunTime:0.001045s ]
INFO: [ app_end ] --END-- [ RunTime:0.001101s ]

[ 2019-03-13T17:59:00+08:00 ] 127.0.0.1 /api/admin.php/gonggao/list?page=1&limit=10
INFO: [ app_init ] --START--
INFO: Run Behavior\BuildLiteBehavior [ RunTime:0.000015s ]
INFO: [ app_init ] --END-- [ RunTime:0.002027s ]
INFO: [ app_begin ] --START--
INFO: Run Behavior\ReadHtmlCacheBehavior [ RunTime:0.000871s ]
INFO: [ app_begin ] --END-- [ RunTime:0.000921s ]
SQL: SHOW COLUMNS FROM `t_gonggao` [ RunTime:0.0088s ]
SQL: SELECT * FROM `t_gonggao` WHERE `gonggao_del` = 'no'  [ RunTime:0.0030s ]
SQL: SELECT * FROM `t_gonggao` WHERE `gonggao_del` = 'no' LIMIT 0,10   [ RunTime:0.0006s ]
INFO: [ app_end ] --START--
INFO: Run Behavior\ShowPageTraceBehavior [ RunTime:0.001018s ]
INFO: [ app_end ] --END-- [ RunTime:0.001065s ]

[ 2019-03-13T18:00:17+08:00 ] 127.0.0.1 /api/admin.php/good/list?page=1&limit=10
INFO: [ app_init ] --START--
INFO: Run Behavior\BuildLiteBehavior [ RunTime:0.000017s ]
INFO: [ app_init ] --END-- [ RunTime:0.000638s ]
INFO: [ app_begin ] --START--
INFO: Run Behavior\ReadHtmlCacheBehavior [ RunTime:0.001124s ]
INFO: [ app_begin ] --END-- [ RunTime:0.001175s ]
SQL: SHOW COLUMNS FROM `t_goods` [ RunTime:0.0070s ]
SQL: SHOW COLUMNS FROM `t_catelog` [ RunTime:0.0110s ]
SQL: SELECT * FROM `t_catelog`  [ RunTime:0.0032s ]
SQL: SELECT * FROM `t_goods`  [ RunTime:0.0007s ]
SQL: SELECT * FROM `t_goods` LIMIT 0,10   [ RunTime:0.0007s ]
INFO: [ app_end ] --START--
INFO: Run Behavior\ShowPageTraceBehavior [ RunTime:0.005802s ]
INFO: [ app_end ] --END-- [ RunTime:0.005994s ]

[ 2019-03-13T18:00:18+08:00 ] 127.0.0.1 /api/admin.php/good/sort
INFO: [ app_init ] --START--
INFO: Run Behavior\BuildLiteBehavior [ RunTime:0.000019s ]
INFO: [ app_init ] --END-- [ RunTime:0.000738s ]
INFO: [ app_begin ] --START--
INFO: Run Behavior\ReadHtmlCacheBehavior [ RunTime:0.001028s ]
INFO: [ app_begin ] --END-- [ RunTime:0.001089s ]
SQL: SHOW COLUMNS FROM `t_catelog` [ RunTime:0.0059s ]
SQL: SELECT * FROM `t_catelog` WHERE `catelog_del` = 'no'  [ RunTime:0.0037s ]

[ 2019-03-13T18:00:21+08:00 ] 127.0.0.1 /api/admin.php/user/list?page=1&limit=5
INFO: [ app_init ] --START--
INFO: Run Behavior\BuildLiteBehavior [ RunTime:0.000015s ]
INFO: [ app_init ] --END-- [ RunTime:0.000728s ]
INFO: [ app_begin ] --START--
INFO: Run Behavior\ReadHtmlCacheBehavior [ RunTime:0.000900s ]
INFO: [ app_begin ] --END-- [ RunTime:0.000953s ]
SQL: SHOW COLUMNS FROM `t_user` [ RunTime:0.0096s ]
SQL: SELECT * FROM `t_user` WHERE `user_del` = 'no'  [ RunTime:0.0038s ]
SQL: SELECT * FROM `t_user` WHERE `user_del` = 'no' LIMIT 0,5   [ RunTime:0.0006s ]
INFO: [ app_end ] --START--
INFO: Run Behavior\ShowPageTraceBehavior [ RunTime:0.001024s ]
INFO: [ app_end ] --END-- [ RunTime:0.001077s ]

