[ 2019-02-28T14:29:11+08:00 ] 127.0.0.1 /tp3/admin.php/index
INFO: [ app_init ] --START--
INFO: Run Behavior\BuildLiteBehavior [ RunTime:0.000014s ]
INFO: [ app_init ] --END-- [ RunTime:0.001507s ]
ERR: 无法加载控制器:Index

[ 2019-02-28T14:29:41+08:00 ] 127.0.0.1 /tp3/admin.php/index
INFO: [ app_init ] --START--
INFO: Run Behavior\BuildLiteBehavior [ RunTime:0.000016s ]
INFO: [ app_init ] --END-- [ RunTime:0.001042s ]
ERR: 非法操作:login

[ 2019-02-28T14:30:02+08:00 ] 127.0.0.1 /tp3/admin.php/index
INFO: [ app_init ] --START--
INFO: Run Behavior\BuildLiteBehavior [ RunTime:0.000016s ]
INFO: [ app_init ] --END-- [ RunTime:0.001713s ]

[ 2019-02-28T15:24:42+08:00 ] 127.0.0.1 /tp3/admin.php/index
INFO: [ app_init ] --START--
INFO: Run Behavior\BuildLiteBehavior [ RunTime:0.000699s ]
INFO: [ app_init ] --END-- [ RunTime:0.004543s ]

[ 2019-02-28T19:24:48+08:00 ] 127.0.0.1 /tp3/admin.php/hello
INFO: [ app_init ] --START--
INFO: Run Behavior\BuildLiteBehavior [ RunTime:0.000029s ]
INFO: [ app_init ] --END-- [ RunTime:0.003964s ]

[ 2019-02-28T19:24:54+08:00 ] 127.0.0.1 /tp3/admin.php/
INFO: [ app_init ] --START--
INFO: Run Behavior\BuildLiteBehavior [ RunTime:0.000018s ]
INFO: [ app_init ] --END-- [ RunTime:0.000891s ]

[ 2019-02-28T19:24:58+08:00 ] 127.0.0.1 /tp3/admin.php/hello
INFO: [ app_init ] --START--
INFO: Run Behavior\BuildLiteBehavior [ RunTime:0.000014s ]
INFO: [ app_init ] --END-- [ RunTime:0.000579s ]

[ 2019-02-28T19:25:28+08:00 ] 127.0.0.1 /tp3/admin.php/hello
INFO: [ app_init ] --START--
INFO: Run Behavior\BuildLiteBehavior [ RunTime:0.000016s ]
INFO: [ app_init ] --END-- [ RunTime:0.000720s ]

[ 2019-02-28T19:26:16+08:00 ] 127.0.0.1 /tp3/admin.php/hello
INFO: [ app_init ] --START--
INFO: Run Behavior\BuildLiteBehavior [ RunTime:0.000017s ]
INFO: [ app_init ] --END-- [ RunTime:0.000936s ]
ERR: 无法加载控制器:Hello

[ 2019-02-28T19:26:21+08:00 ] 127.0.0.1 /tp3/admin.php/hello/sue
INFO: [ app_init ] --START--
INFO: Run Behavior\BuildLiteBehavior [ RunTime:0.000017s ]
INFO: [ app_init ] --END-- [ RunTime:0.000656s ]

[ 2019-02-28T19:36:46+08:00 ] 127.0.0.1 /tp3/admin.php/
INFO: [ app_init ] --START--
INFO: Run Behavior\BuildLiteBehavior [ RunTime:0.000018s ]
INFO: [ app_init ] --END-- [ RunTime:0.000637s ]
ERR: 参数错误或者未定义:name

[ 2019-02-28T19:39:50+08:00 ] 127.0.0.1 /tp3/admin.php/
INFO: [ app_init ] --START--
INFO: Run Behavior\BuildLiteBehavior [ RunTime:0.000012s ]
INFO: [ app_init ] --END-- [ RunTime:0.000695s ]

[ 2019-02-28T19:40:01+08:00 ] 127.0.0.1 /tp3/admin.php/index
INFO: [ app_init ] --START--
INFO: Run Behavior\BuildLiteBehavior [ RunTime:0.000017s ]
INFO: [ app_init ] --END-- [ RunTime:0.000510s ]

[ 2019-02-28T19:40:26+08:00 ] 127.0.0.1 /tp3/admin.php/index
INFO: [ app_init ] --START--
INFO: Run Behavior\BuildLiteBehavior [ RunTime:0.000015s ]
INFO: [ app_init ] --END-- [ RunTime:0.000628s ]

[ 2019-02-28T19:41:16+08:00 ] 127.0.0.1 /tp3/admin.php/index
INFO: [ app_init ] --START--
INFO: Run Behavior\BuildLiteBehavior [ RunTime:0.000016s ]
INFO: [ app_init ] --END-- [ RunTime:0.000843s ]

[ 2019-02-28T19:41:18+08:00 ] 127.0.0.1 /tp3/admin.php/test1.html
INFO: [ app_init ] --START--
INFO: Run Behavior\BuildLiteBehavior [ RunTime:0.000016s ]
INFO: [ app_init ] --END-- [ RunTime:0.000761s ]

[ 2019-02-28T19:41:21+08:00 ] 127.0.0.1 /tp3/admin.php/test2.html;
INFO: [ app_init ] --START--
INFO: Run Behavior\BuildLiteBehavior [ RunTime:0.000015s ]
INFO: [ app_init ] --END-- [ RunTime:0.000680s ]

[ 2019-02-28T19:41:51+08:00 ] 127.0.0.1 /tp3/admin.php/test2.html;
INFO: [ app_init ] --START--
INFO: Run Behavior\BuildLiteBehavior [ RunTime:0.000030s ]
INFO: [ app_init ] --END-- [ RunTime:0.000731s ]

[ 2019-02-28T19:41:57+08:00 ] 127.0.0.1 /tp3/admin.php/test2.html;
INFO: [ app_init ] --START--
INFO: Run Behavior\BuildLiteBehavior [ RunTime:0.000013s ]
INFO: [ app_init ] --END-- [ RunTime:0.000604s ]

[ 2019-02-28T19:42:01+08:00 ] 127.0.0.1 /tp3/admin.php/test1.html
INFO: [ app_init ] --START--
INFO: Run Behavior\BuildLiteBehavior [ RunTime:0.000007s ]
INFO: [ app_init ] --END-- [ RunTime:0.000323s ]

[ 2019-02-28T20:14:26+08:00 ] 127.0.0.1 /tp3/admin.php/index
INFO: [ app_init ] --START--
INFO: Run Behavior\BuildLiteBehavior [ RunTime:0.000020s ]
INFO: [ app_init ] --END-- [ RunTime:0.001969s ]

[ 2019-02-28T20:14:28+08:00 ] 127.0.0.1 /tp3/admin.php/welcome.html
INFO: [ app_init ] --START--
INFO: Run Behavior\BuildLiteBehavior [ RunTime:0.000016s ]
INFO: [ app_init ] --END-- [ RunTime:0.000814s ]
ERR: 无法加载控制器:Welcome

[ 2019-02-28T20:14:33+08:00 ] 127.0.0.1 /tp3/admin.php/member-list.html
INFO: [ app_init ] --START--
INFO: Run Behavior\BuildLiteBehavior [ RunTime:0.000016s ]
INFO: [ app_init ] --END-- [ RunTime:0.000722s ]
ERR: 无法加载控制器:Member-list

[ 2019-02-28T20:14:33+08:00 ] 127.0.0.1 /tp3/admin.php/member-list1.html
INFO: [ app_init ] --START--
INFO: Run Behavior\BuildLiteBehavior [ RunTime:0.000014s ]
INFO: [ app_init ] --END-- [ RunTime:0.000787s ]
ERR: 无法加载控制器:Member-list1

[ 2019-02-28T20:14:34+08:00 ] 127.0.0.1 /tp3/admin.php/member-del.html
INFO: [ app_init ] --START--
INFO: Run Behavior\BuildLiteBehavior [ RunTime:0.000022s ]
INFO: [ app_init ] --END-- [ RunTime:0.000595s ]
ERR: 无法加载控制器:Member-del

[ 2019-02-28T20:15:19+08:00 ] 127.0.0.1 /tp3/admin.php/echarts1.html
INFO: [ app_init ] --START--
INFO: Run Behavior\BuildLiteBehavior [ RunTime:0.000010s ]
INFO: [ app_init ] --END-- [ RunTime:0.000502s ]
ERR: 无法加载控制器:Echarts1

[ 2019-02-28T20:15:20+08:00 ] 127.0.0.1 /tp3/admin.php/echarts2.html
INFO: [ app_init ] --START--
INFO: Run Behavior\BuildLiteBehavior [ RunTime:0.000014s ]
INFO: [ app_init ] --END-- [ RunTime:0.000680s ]
ERR: 无法加载控制器:Echarts2

[ 2019-02-28T20:17:07+08:00 ] 127.0.0.1 /tp3/admin.php/member-list.html
INFO: [ app_init ] --START--
INFO: Run Behavior\BuildLiteBehavior [ RunTime:0.000350s ]
INFO: [ app_init ] --END-- [ RunTime:0.001168s ]
ERR: 无法加载控制器:Member-list

[ 2019-02-28T20:17:08+08:00 ] 127.0.0.1 /tp3/admin.php/member-list.html
INFO: [ app_init ] --START--
INFO: Run Behavior\BuildLiteBehavior [ RunTime:0.000009s ]
INFO: [ app_init ] --END-- [ RunTime:0.000447s ]
ERR: 无法加载控制器:Member-list

[ 2019-02-28T20:17:08+08:00 ] 127.0.0.1 /tp3/admin.php/member-list.html
INFO: [ app_init ] --START--
INFO: Run Behavior\BuildLiteBehavior [ RunTime:0.000009s ]
INFO: [ app_init ] --END-- [ RunTime:0.000596s ]
ERR: 无法加载控制器:Member-list

[ 2019-02-28T20:18:23+08:00 ] 127.0.0.1 /tp3/admin.php/index
INFO: [ app_init ] --START--
INFO: Run Behavior\BuildLiteBehavior [ RunTime:0.000016s ]
INFO: [ app_init ] --END-- [ RunTime:0.001124s ]

[ 2019-02-28T20:18:24+08:00 ] 127.0.0.1 /tp3/admin.php/welcome.html
INFO: [ app_init ] --START--
INFO: Run Behavior\BuildLiteBehavior [ RunTime:0.000010s ]
INFO: [ app_init ] --END-- [ RunTime:0.000535s ]
ERR: 无法加载控制器:Welcome

[ 2019-02-28T20:18:25+08:00 ] 127.0.0.1 /tp3/admin.php/Index/test1.html
INFO: [ app_init ] --START--
INFO: Run Behavior\BuildLiteBehavior [ RunTime:0.000010s ]
INFO: [ app_init ] --END-- [ RunTime:0.000615s ]

[ 2019-02-28T20:18:25+08:00 ] 127.0.0.1 /tp3/admin.php/Index/welcome.html
INFO: [ app_init ] --START--
INFO: Run Behavior\BuildLiteBehavior [ RunTime:0.000012s ]
INFO: [ app_init ] --END-- [ RunTime:0.000518s ]

[ 2019-02-28T20:18:25+08:00 ] 127.0.0.1 /tp3/admin.php/Index/test1.html
INFO: [ app_init ] --START--
INFO: Run Behavior\BuildLiteBehavior [ RunTime:0.000013s ]
INFO: [ app_init ] --END-- [ RunTime:0.000584s ]

[ 2019-02-28T20:18:26+08:00 ] 127.0.0.1 /tp3/admin.php/Index/welcome.html
INFO: [ app_init ] --START--
INFO: Run Behavior\BuildLiteBehavior [ RunTime:0.000014s ]
INFO: [ app_init ] --END-- [ RunTime:0.001042s ]

[ 2019-02-28T20:18:26+08:00 ] 127.0.0.1 /tp3/admin.php/Index/test1.html
INFO: [ app_init ] --START--
INFO: Run Behavior\BuildLiteBehavior [ RunTime:0.000014s ]
INFO: [ app_init ] --END-- [ RunTime:0.000985s ]

[ 2019-02-28T20:18:26+08:00 ] 127.0.0.1 /tp3/admin.php/Index/welcome.html
INFO: [ app_init ] --START--
INFO: Run Behavior\BuildLiteBehavior [ RunTime:0.000013s ]
INFO: [ app_init ] --END-- [ RunTime:0.000546s ]

[ 2019-02-28T20:18:27+08:00 ] 127.0.0.1 /tp3/admin.php/Index/test1.html
INFO: [ app_init ] --START--
INFO: Run Behavior\BuildLiteBehavior [ RunTime:0.000014s ]
INFO: [ app_init ] --END-- [ RunTime:0.000657s ]

[ 2019-02-28T20:18:27+08:00 ] 127.0.0.1 /tp3/admin.php/Index/welcome.html
INFO: [ app_init ] --START--
INFO: Run Behavior\BuildLiteBehavior [ RunTime:0.000015s ]
INFO: [ app_init ] --END-- [ RunTime:0.000722s ]

[ 2019-02-28T20:18:27+08:00 ] 127.0.0.1 /tp3/admin.php/Index/test1.html
INFO: [ app_init ] --START--
INFO: Run Behavior\BuildLiteBehavior [ RunTime:0.000009s ]
INFO: [ app_init ] --END-- [ RunTime:0.000430s ]

[ 2019-02-28T20:18:27+08:00 ] 127.0.0.1 /tp3/admin.php/Index/welcome.html
INFO: [ app_init ] --START--
INFO: Run Behavior\BuildLiteBehavior [ RunTime:0.000013s ]
INFO: [ app_init ] --END-- [ RunTime:0.000620s ]

[ 2019-02-28T20:18:28+08:00 ] 127.0.0.1 /tp3/admin.php/Index/welcome.html
INFO: [ app_init ] --START--
INFO: Run Behavior\BuildLiteBehavior [ RunTime:0.000011s ]
INFO: [ app_init ] --END-- [ RunTime:0.000556s ]

[ 2019-02-28T20:18:28+08:00 ] 127.0.0.1 /tp3/admin.php/Index/welcome.html
INFO: [ app_init ] --START--
INFO: Run Behavior\BuildLiteBehavior [ RunTime:0.000014s ]
INFO: [ app_init ] --END-- [ RunTime:0.000468s ]

[ 2019-02-28T20:18:28+08:00 ] 127.0.0.1 /tp3/admin.php/Index/test1.html
INFO: [ app_init ] --START--
INFO: Run Behavior\BuildLiteBehavior [ RunTime:0.000012s ]
INFO: [ app_init ] --END-- [ RunTime:0.000631s ]

[ 2019-02-28T20:18:53+08:00 ] 127.0.0.1 /tp3/admin.php/index
INFO: [ app_init ] --START--
INFO: Run Behavior\BuildLiteBehavior [ RunTime:0.000035s ]
INFO: [ app_init ] --END-- [ RunTime:0.000816s ]

[ 2019-02-28T20:18:53+08:00 ] 127.0.0.1 /tp3/admin.php/welcome.html
INFO: [ app_init ] --START--
INFO: Run Behavior\BuildLiteBehavior [ RunTime:0.000017s ]
INFO: [ app_init ] --END-- [ RunTime:0.000907s ]
ERR: 无法加载控制器:Welcome

[ 2019-02-28T20:18:54+08:00 ] 127.0.0.1 /tp3/admin.php/member-list.html
INFO: [ app_init ] --START--
INFO: Run Behavior\BuildLiteBehavior [ RunTime:0.000012s ]
INFO: [ app_init ] --END-- [ RunTime:0.000558s ]
ERR: 无法加载控制器:Member-list

[ 2019-02-28T20:19:07+08:00 ] 127.0.0.1 /tp3/admin.php/index
INFO: [ app_init ] --START--
INFO: Run Behavior\BuildLiteBehavior [ RunTime:0.000015s ]
INFO: [ app_init ] --END-- [ RunTime:0.000671s ]

[ 2019-02-28T20:19:08+08:00 ] 127.0.0.1 /tp3/admin.php/welcome.html
INFO: [ app_init ] --START--
INFO: Run Behavior\BuildLiteBehavior [ RunTime:0.000014s ]
INFO: [ app_init ] --END-- [ RunTime:0.000642s ]
ERR: 无法加载控制器:Welcome

[ 2019-02-28T20:19:08+08:00 ] 127.0.0.1 /tp3/admin.php/member-list.html
INFO: [ app_init ] --START--
INFO: Run Behavior\BuildLiteBehavior [ RunTime:0.000014s ]
INFO: [ app_init ] --END-- [ RunTime:0.000665s ]
ERR: 无法加载控制器:Member-list

[ 2019-02-28T20:23:29+08:00 ] 127.0.0.1 /tp3/admin.php/login.html
INFO: [ app_init ] --START--
INFO: Run Behavior\BuildLiteBehavior [ RunTime:0.000012s ]
INFO: [ app_init ] --END-- [ RunTime:0.001763s ]
ERR: 无法加载控制器:Login

[ 2019-02-28T20:23:40+08:00 ] 127.0.0.1 /tp3/admin.php/welcome.html
INFO: [ app_init ] --START--
INFO: Run Behavior\BuildLiteBehavior [ RunTime:0.000011s ]
INFO: [ app_init ] --END-- [ RunTime:0.000528s ]
ERR: 无法加载控制器:Welcome

[ 2019-02-28T20:24:28+08:00 ] 127.0.0.1 /tp3/admin.php/index
INFO: [ app_init ] --START--
INFO: Run Behavior\BuildLiteBehavior [ RunTime:0.000015s ]
INFO: [ app_init ] --END-- [ RunTime:0.001026s ]

[ 2019-02-28T20:24:29+08:00 ] 127.0.0.1 /tp3/admin.php/welcome.html
INFO: [ app_init ] --START--
INFO: Run Behavior\BuildLiteBehavior [ RunTime:0.000015s ]
INFO: [ app_init ] --END-- [ RunTime:0.000744s ]
ERR: 无法加载控制器:Welcome

[ 2019-02-28T20:24:56+08:00 ] 127.0.0.1 /tp3/admin.php/index
INFO: [ app_init ] --START--
INFO: Run Behavior\BuildLiteBehavior [ RunTime:0.000019s ]
INFO: [ app_init ] --END-- [ RunTime:0.000856s ]

[ 2019-02-28T20:24:57+08:00 ] 127.0.0.1 /tp3/admin.php/welcome.html
INFO: [ app_init ] --START--
INFO: Run Behavior\BuildLiteBehavior [ RunTime:0.000016s ]
INFO: [ app_init ] --END-- [ RunTime:0.000644s ]
ERR: 无法加载控制器:Welcome

[ 2019-02-28T20:25:03+08:00 ] 127.0.0.1 /tp3/admin.php/index.html
INFO: [ app_init ] --START--
INFO: Run Behavior\BuildLiteBehavior [ RunTime:0.000011s ]
INFO: [ app_init ] --END-- [ RunTime:0.000730s ]

[ 2019-02-28T20:25:04+08:00 ] 127.0.0.1 /tp3/admin.php/welcome.html
INFO: [ app_init ] --START--
INFO: Run Behavior\BuildLiteBehavior [ RunTime:0.000013s ]
INFO: [ app_init ] --END-- [ RunTime:0.000646s ]
ERR: 无法加载控制器:Welcome

[ 2019-02-28T20:26:01+08:00 ] 127.0.0.1 /tp3/admin.php/index.html
INFO: [ app_init ] --START--
INFO: Run Behavior\BuildLiteBehavior [ RunTime:0.000017s ]
INFO: [ app_init ] --END-- [ RunTime:0.000647s ]

[ 2019-02-28T20:26:02+08:00 ] 127.0.0.1 /tp3/admin.php/welcome.html
INFO: [ app_init ] --START--
INFO: Run Behavior\BuildLiteBehavior [ RunTime:0.000015s ]
INFO: [ app_init ] --END-- [ RunTime:0.000789s ]
ERR: 无法加载控制器:Welcome

[ 2019-02-28T20:26:41+08:00 ] 127.0.0.1 /tp3/admin.php/index.html
INFO: [ app_init ] --START--
INFO: Run Behavior\BuildLiteBehavior [ RunTime:0.000018s ]
INFO: [ app_init ] --END-- [ RunTime:0.000670s ]

[ 2019-02-28T20:26:42+08:00 ] 127.0.0.1 /tp3/admin.php/welcome.html
INFO: [ app_init ] --START--
INFO: Run Behavior\BuildLiteBehavior [ RunTime:0.000017s ]
INFO: [ app_init ] --END-- [ RunTime:0.001181s ]
ERR: 无法加载控制器:Welcome

[ 2019-02-28T20:26:45+08:00 ] 127.0.0.1 /tp3/admin.php/undefined
INFO: [ app_init ] --START--
INFO: Run Behavior\BuildLiteBehavior [ RunTime:0.000017s ]
INFO: [ app_init ] --END-- [ RunTime:0.000897s ]
ERR: 无法加载控制器:Undefined

[ 2019-02-28T20:26:45+08:00 ] 127.0.0.1 /tp3/admin.php/Index/test1.html
INFO: [ app_init ] --START--
INFO: Run Behavior\BuildLiteBehavior [ RunTime:0.000014s ]
INFO: [ app_init ] --END-- [ RunTime:0.000907s ]

[ 2019-02-28T20:26:46+08:00 ] 127.0.0.1 /tp3/admin.php/Index/welcome.html
INFO: [ app_init ] --START--
INFO: Run Behavior\BuildLiteBehavior [ RunTime:0.000012s ]
INFO: [ app_init ] --END-- [ RunTime:0.000616s ]

[ 2019-02-28T20:26:46+08:00 ] 127.0.0.1 /tp3/admin.php/Index/welcome.html
INFO: [ app_init ] --START--
INFO: Run Behavior\BuildLiteBehavior [ RunTime:0.000012s ]
INFO: [ app_init ] --END-- [ RunTime:0.000504s ]

[ 2019-02-28T20:26:47+08:00 ] 127.0.0.1 /tp3/admin.php/Index/undefined
INFO: [ app_init ] --START--
INFO: Run Behavior\BuildLiteBehavior [ RunTime:0.000011s ]
INFO: [ app_init ] --END-- [ RunTime:0.000592s ]

[ 2019-02-28T20:26:47+08:00 ] 127.0.0.1 /tp3/admin.php/Index/undefined
INFO: [ app_init ] --START--
INFO: Run Behavior\BuildLiteBehavior [ RunTime:0.000018s ]
INFO: [ app_init ] --END-- [ RunTime:0.001087s ]

[ 2019-02-28T20:26:48+08:00 ] 127.0.0.1 /tp3/admin.php/Index/welcome.html
INFO: [ app_init ] --START--
INFO: Run Behavior\BuildLiteBehavior [ RunTime:0.000016s ]
INFO: [ app_init ] --END-- [ RunTime:0.000868s ]

[ 2019-02-28T20:26:48+08:00 ] 127.0.0.1 /tp3/admin.php/Index/undefined
INFO: [ app_init ] --START--
INFO: Run Behavior\BuildLiteBehavior [ RunTime:0.000013s ]
INFO: [ app_init ] --END-- [ RunTime:0.000555s ]

[ 2019-02-28T20:26:49+08:00 ] 127.0.0.1 /tp3/admin.php/Index/welcome.html
INFO: [ app_init ] --START--
INFO: Run Behavior\BuildLiteBehavior [ RunTime:0.000009s ]
INFO: [ app_init ] --END-- [ RunTime:0.000356s ]

[ 2019-02-28T20:26:49+08:00 ] 127.0.0.1 /tp3/admin.php/Index/welcome.html
INFO: [ app_init ] --START--
INFO: Run Behavior\BuildLiteBehavior [ RunTime:0.000013s ]
INFO: [ app_init ] --END-- [ RunTime:0.002009s ]

[ 2019-02-28T20:26:50+08:00 ] 127.0.0.1 /tp3/admin.php/Index/undefined
INFO: [ app_init ] --START--
INFO: Run Behavior\BuildLiteBehavior [ RunTime:0.000012s ]
INFO: [ app_init ] --END-- [ RunTime:0.000558s ]

[ 2019-02-28T20:26:51+08:00 ] 127.0.0.1 /tp3/admin.php/Index/undefined
INFO: [ app_init ] --START--
INFO: Run Behavior\BuildLiteBehavior [ RunTime:0.000016s ]
INFO: [ app_init ] --END-- [ RunTime:0.000584s ]

[ 2019-02-28T20:26:51+08:00 ] 127.0.0.1 /tp3/admin.php/Index/undefined
INFO: [ app_init ] --START--
INFO: Run Behavior\BuildLiteBehavior [ RunTime:0.000016s ]
INFO: [ app_init ] --END-- [ RunTime:0.000799s ]

[ 2019-02-28T20:26:52+08:00 ] 127.0.0.1 /tp3/admin.php/Index/welcome.html
INFO: [ app_init ] --START--
INFO: Run Behavior\BuildLiteBehavior [ RunTime:0.000033s ]
INFO: [ app_init ] --END-- [ RunTime:0.000743s ]

[ 2019-02-28T20:26:52+08:00 ] 127.0.0.1 /tp3/admin.php/Index/undefined
INFO: [ app_init ] --START--
INFO: Run Behavior\BuildLiteBehavior [ RunTime:0.000011s ]
INFO: [ app_init ] --END-- [ RunTime:0.000527s ]

[ 2019-02-28T20:26:53+08:00 ] 127.0.0.1 /tp3/admin.php/Index/undefined
INFO: [ app_init ] --START--
INFO: Run Behavior\BuildLiteBehavior [ RunTime:0.000011s ]
INFO: [ app_init ] --END-- [ RunTime:0.000583s ]

[ 2019-02-28T20:26:54+08:00 ] 127.0.0.1 /tp3/admin.php/Index/welcome.html
INFO: [ app_init ] --START--
INFO: Run Behavior\BuildLiteBehavior [ RunTime:0.000376s ]
INFO: [ app_init ] --END-- [ RunTime:0.001308s ]

[ 2019-02-28T20:26:54+08:00 ] 127.0.0.1 /tp3/admin.php/Index/undefined
INFO: [ app_init ] --START--
INFO: Run Behavior\BuildLiteBehavior [ RunTime:0.000041s ]
INFO: [ app_init ] --END-- [ RunTime:0.001115s ]

[ 2019-02-28T20:26:54+08:00 ] 127.0.0.1 /tp3/admin.php/Index/welcome.html
INFO: [ app_init ] --START--
INFO: Run Behavior\BuildLiteBehavior [ RunTime:0.000011s ]
INFO: [ app_init ] --END-- [ RunTime:0.000562s ]

[ 2019-02-28T20:26:55+08:00 ] 127.0.0.1 /tp3/admin.php/Index/welcome.html
INFO: [ app_init ] --START--
INFO: Run Behavior\BuildLiteBehavior [ RunTime:0.000013s ]
INFO: [ app_init ] --END-- [ RunTime:0.000583s ]

[ 2019-02-28T20:27:46+08:00 ] 127.0.0.1 /tp3/admin.php/Index/test1.html
INFO: [ app_init ] --START--
INFO: Run Behavior\BuildLiteBehavior [ RunTime:0.000013s ]
INFO: [ app_init ] --END-- [ RunTime:0.000947s ]

[ 2019-02-28T20:27:46+08:00 ] 127.0.0.1 /tp3/admin.php/Index/welcome.html
INFO: [ app_init ] --START--
INFO: Run Behavior\BuildLiteBehavior [ RunTime:0.000042s ]
INFO: [ app_init ] --END-- [ RunTime:0.000463s ]

[ 2019-02-28T20:27:46+08:00 ] 127.0.0.1 /tp3/admin.php/Index/welcome.html
INFO: [ app_init ] --START--
INFO: Run Behavior\BuildLiteBehavior [ RunTime:0.000013s ]
INFO: [ app_init ] --END-- [ RunTime:0.000586s ]

[ 2019-02-28T20:27:53+08:00 ] 127.0.0.1 /tp3/admin.php/Index/test1.html
INFO: [ app_init ] --START--
INFO: Run Behavior\BuildLiteBehavior [ RunTime:0.000017s ]
INFO: [ app_init ] --END-- [ RunTime:0.000855s ]

[ 2019-02-28T20:27:54+08:00 ] 127.0.0.1 /tp3/admin.php/Index/welcome.html
INFO: [ app_init ] --START--
INFO: Run Behavior\BuildLiteBehavior [ RunTime:0.000014s ]
INFO: [ app_init ] --END-- [ RunTime:0.000672s ]

[ 2019-02-28T20:27:54+08:00 ] 127.0.0.1 /tp3/admin.php/Index/welcome.html
INFO: [ app_init ] --START--
INFO: Run Behavior\BuildLiteBehavior [ RunTime:0.000011s ]
INFO: [ app_init ] --END-- [ RunTime:0.000423s ]

[ 2019-02-28T20:28:06+08:00 ] 127.0.0.1 /tp3/admin.php/index
INFO: [ app_init ] --START--
INFO: Run Behavior\BuildLiteBehavior [ RunTime:0.000018s ]
INFO: [ app_init ] --END-- [ RunTime:0.000751s ]

[ 2019-02-28T20:28:06+08:00 ] 127.0.0.1 /tp3/admin.php/welcome.html
INFO: [ app_init ] --START--
INFO: Run Behavior\BuildLiteBehavior [ RunTime:0.000018s ]
INFO: [ app_init ] --END-- [ RunTime:0.000646s ]
ERR: 无法加载控制器:Welcome

[ 2019-02-28T20:28:07+08:00 ] 127.0.0.1 /tp3/admin.php/member-list.html
INFO: [ app_init ] --START--
INFO: Run Behavior\BuildLiteBehavior [ RunTime:0.000016s ]
INFO: [ app_init ] --END-- [ RunTime:0.000771s ]
ERR: 无法加载控制器:Member-list

[ 2019-02-28T20:28:30+08:00 ] 127.0.0.1 /tp3/admin.php/member-list.html
INFO: [ app_init ] --START--
INFO: Run Behavior\BuildLiteBehavior [ RunTime:0.000029s ]
INFO: [ app_init ] --END-- [ RunTime:0.000937s ]
ERR: 无法加载控制器:Member-list

[ 2019-02-28T20:28:30+08:00 ] 127.0.0.1 /tp3/admin.php/member-list.html
INFO: [ app_init ] --START--
INFO: Run Behavior\BuildLiteBehavior [ RunTime:0.000008s ]
INFO: [ app_init ] --END-- [ RunTime:0.000340s ]
ERR: 无法加载控制器:Member-list

[ 2019-02-28T20:28:31+08:00 ] 127.0.0.1 /tp3/admin.php/member-list.html
INFO: [ app_init ] --START--
INFO: Run Behavior\BuildLiteBehavior [ RunTime:0.000009s ]
INFO: [ app_init ] --END-- [ RunTime:0.000384s ]
ERR: 无法加载控制器:Member-list

[ 2019-02-28T20:32:35+08:00 ] 127.0.0.1 /tp3/admin.php/index
INFO: [ app_init ] --START--
INFO: Run Behavior\BuildLiteBehavior [ RunTime:0.000013s ]
INFO: [ app_init ] --END-- [ RunTime:0.000985s ]

[ 2019-02-28T20:32:36+08:00 ] 127.0.0.1 /tp3/admin.php/welcome.html
INFO: [ app_init ] --START--
INFO: Run Behavior\BuildLiteBehavior [ RunTime:0.000017s ]
INFO: [ app_init ] --END-- [ RunTime:0.001152s ]
ERR: 无法加载控制器:Welcome

[ 2019-02-28T20:32:37+08:00 ] 127.0.0.1 /tp3/admin.php/member-list.html
INFO: [ app_init ] --START--
INFO: Run Behavior\BuildLiteBehavior [ RunTime:0.000010s ]
INFO: [ app_init ] --END-- [ RunTime:0.000387s ]
ERR: 无法加载控制器:Member-list

[ 2019-02-28T20:32:37+08:00 ] 127.0.0.1 /tp3/admin.php/member-list.html
INFO: [ app_init ] --START--
INFO: Run Behavior\BuildLiteBehavior [ RunTime:0.000010s ]
INFO: [ app_init ] --END-- [ RunTime:0.000622s ]
ERR: 无法加载控制器:Member-list

[ 2019-02-28T20:32:38+08:00 ] 127.0.0.1 /tp3/admin.php/member-list.html
INFO: [ app_init ] --START--
INFO: Run Behavior\BuildLiteBehavior [ RunTime:0.000009s ]
INFO: [ app_init ] --END-- [ RunTime:0.000443s ]
ERR: 无法加载控制器:Member-list

[ 2019-02-28T20:32:39+08:00 ] 127.0.0.1 /tp3/admin.php/member-list1.html
INFO: [ app_init ] --START--
INFO: Run Behavior\BuildLiteBehavior [ RunTime:0.000015s ]
INFO: [ app_init ] --END-- [ RunTime:0.000621s ]
ERR: 无法加载控制器:Member-list1

[ 2019-02-28T20:32:39+08:00 ] 127.0.0.1 /tp3/admin.php/member-list.html
INFO: [ app_init ] --START--
INFO: Run Behavior\BuildLiteBehavior [ RunTime:0.000012s ]
INFO: [ app_init ] --END-- [ RunTime:0.000567s ]
ERR: 无法加载控制器:Member-list

[ 2019-02-28T20:32:41+08:00 ] 127.0.0.1 /tp3/admin.php/member-list.html
INFO: [ app_init ] --START--
INFO: Run Behavior\BuildLiteBehavior [ RunTime:0.000011s ]
INFO: [ app_init ] --END-- [ RunTime:0.000375s ]
ERR: 无法加载控制器:Member-list

[ 2019-02-28T20:32:43+08:00 ] 127.0.0.1 /tp3/admin.php/member-list.html
INFO: [ app_init ] --START--
INFO: Run Behavior\BuildLiteBehavior [ RunTime:0.000008s ]
INFO: [ app_init ] --END-- [ RunTime:0.000411s ]
ERR: 无法加载控制器:Member-list

[ 2019-02-28T20:32:44+08:00 ] 127.0.0.1 /tp3/admin.php/member-list.html
INFO: [ app_init ] --START--
INFO: Run Behavior\BuildLiteBehavior [ RunTime:0.000008s ]
INFO: [ app_init ] --END-- [ RunTime:0.000455s ]
ERR: 无法加载控制器:Member-list

[ 2019-02-28T20:32:48+08:00 ] 127.0.0.1 /tp3/admin.php/login.html
INFO: [ app_init ] --START--
INFO: Run Behavior\BuildLiteBehavior [ RunTime:0.000009s ]
INFO: [ app_init ] --END-- [ RunTime:0.000384s ]
ERR: 无法加载控制器:Login

[ 2019-02-28T20:32:51+08:00 ] 127.0.0.1 /tp3/admin.php/welcome.html
INFO: [ app_init ] --START--
INFO: Run Behavior\BuildLiteBehavior [ RunTime:0.000015s ]
INFO: [ app_init ] --END-- [ RunTime:0.000841s ]
ERR: 无法加载控制器:Welcome

[ 2019-02-28T20:32:52+08:00 ] 127.0.0.1 /tp3/admin.php/member-list.html
INFO: [ app_init ] --START--
INFO: Run Behavior\BuildLiteBehavior [ RunTime:0.000013s ]
INFO: [ app_init ] --END-- [ RunTime:0.000609s ]
ERR: 无法加载控制器:Member-list

[ 2019-02-28T20:32:52+08:00 ] 127.0.0.1 /tp3/admin.php/member-list1.html
INFO: [ app_init ] --START--
INFO: Run Behavior\BuildLiteBehavior [ RunTime:0.000011s ]
INFO: [ app_init ] --END-- [ RunTime:0.000550s ]
ERR: 无法加载控制器:Member-list1

[ 2019-02-28T20:32:52+08:00 ] 127.0.0.1 /tp3/admin.php/member-list.html
INFO: [ app_init ] --START--
INFO: Run Behavior\BuildLiteBehavior [ RunTime:0.000012s ]
INFO: [ app_init ] --END-- [ RunTime:0.000573s ]
ERR: 无法加载控制器:Member-list

[ 2019-02-28T20:34:48+08:00 ] 127.0.0.1 /tp3/admin.php/index
INFO: [ app_init ] --START--
INFO: Run Behavior\BuildLiteBehavior [ RunTime:0.000048s ]
INFO: [ app_init ] --END-- [ RunTime:0.001393s ]

[ 2019-02-28T20:34:49+08:00 ] 127.0.0.1 /tp3/admin.php/welcome.html
INFO: [ app_init ] --START--
INFO: Run Behavior\BuildLiteBehavior [ RunTime:0.000010s ]
INFO: [ app_init ] --END-- [ RunTime:0.000565s ]
ERR: 无法加载控制器:Welcome

[ 2019-02-28T20:34:50+08:00 ] 127.0.0.1 /tp3/admin.php/member-list.html
INFO: [ app_init ] --START--
INFO: Run Behavior\BuildLiteBehavior [ RunTime:0.000015s ]
INFO: [ app_init ] --END-- [ RunTime:0.000595s ]
ERR: 无法加载控制器:Member-list

[ 2019-02-28T20:34:50+08:00 ] 127.0.0.1 /tp3/admin.php/member-list1.html
INFO: [ app_init ] --START--
INFO: Run Behavior\BuildLiteBehavior [ RunTime:0.000016s ]
INFO: [ app_init ] --END-- [ RunTime:0.000592s ]
ERR: 无法加载控制器:Member-list1

[ 2019-02-28T20:36:02+08:00 ] 127.0.0.1 /tp3/admin.php/index
INFO: [ app_init ] --START--
INFO: Run Behavior\BuildLiteBehavior [ RunTime:0.000017s ]
INFO: [ app_init ] --END-- [ RunTime:0.005771s ]

[ 2019-02-28T20:36:02+08:00 ] 127.0.0.1 /tp3/admin.php/welcome.html
INFO: [ app_init ] --START--
INFO: Run Behavior\BuildLiteBehavior [ RunTime:0.000014s ]
INFO: [ app_init ] --END-- [ RunTime:0.000617s ]
ERR: 无法加载控制器:Welcome

[ 2019-02-28T20:36:03+08:00 ] 127.0.0.1 /tp3/admin.php/undefined
INFO: [ app_init ] --START--
INFO: Run Behavior\BuildLiteBehavior [ RunTime:0.000011s ]
INFO: [ app_init ] --END-- [ RunTime:0.000530s ]
ERR: 无法加载控制器:Undefined

[ 2019-02-28T20:36:07+08:00 ] 127.0.0.1 /tp3/admin.php/undefined
INFO: [ app_init ] --START--
INFO: Run Behavior\BuildLiteBehavior [ RunTime:0.000009s ]
INFO: [ app_init ] --END-- [ RunTime:0.000332s ]
ERR: 无法加载控制器:Undefined

[ 2019-02-28T20:36:08+08:00 ] 127.0.0.1 /tp3/admin.php/member-list1.html
INFO: [ app_init ] --START--
INFO: Run Behavior\BuildLiteBehavior [ RunTime:0.000014s ]
INFO: [ app_init ] --END-- [ RunTime:0.000858s ]
ERR: 无法加载控制器:Member-list1

[ 2019-02-28T20:36:09+08:00 ] 127.0.0.1 /tp3/admin.php/undefined
INFO: [ app_init ] --START--
INFO: Run Behavior\BuildLiteBehavior [ RunTime:0.000030s ]
INFO: [ app_init ] --END-- [ RunTime:0.000865s ]
ERR: 无法加载控制器:Undefined

[ 2019-02-28T20:36:10+08:00 ] 127.0.0.1 /tp3/admin.php/undefined
INFO: [ app_init ] --START--
INFO: Run Behavior\BuildLiteBehavior [ RunTime:0.000008s ]
INFO: [ app_init ] --END-- [ RunTime:0.000397s ]
ERR: 无法加载控制器:Undefined

[ 2019-02-28T20:36:17+08:00 ] 127.0.0.1 /tp3/admin.php/index
INFO: [ app_init ] --START--
INFO: Run Behavior\BuildLiteBehavior [ RunTime:0.000068s ]
INFO: [ app_init ] --END-- [ RunTime:0.001873s ]

[ 2019-02-28T20:36:18+08:00 ] 127.0.0.1 /tp3/admin.php/welcome.html
INFO: [ app_init ] --START--
INFO: Run Behavior\BuildLiteBehavior [ RunTime:0.000013s ]
INFO: [ app_init ] --END-- [ RunTime:0.000586s ]
ERR: 无法加载控制器:Welcome

[ 2019-02-28T20:36:18+08:00 ] 127.0.0.1 /tp3/admin.php/undefined
INFO: [ app_init ] --START--
INFO: Run Behavior\BuildLiteBehavior [ RunTime:0.000016s ]
INFO: [ app_init ] --END-- [ RunTime:0.002291s ]
ERR: 无法加载控制器:Undefined

[ 2019-02-28T20:36:18+08:00 ] 127.0.0.1 /tp3/admin.php/member-list1.html
INFO: [ app_init ] --START--
INFO: Run Behavior\BuildLiteBehavior [ RunTime:0.000021s ]
INFO: [ app_init ] --END-- [ RunTime:0.000687s ]
ERR: 无法加载控制器:Member-list1

[ 2019-02-28T20:36:25+08:00 ] 127.0.0.1 /tp3/admin.php/undefined
INFO: [ app_init ] --START--
INFO: Run Behavior\BuildLiteBehavior [ RunTime:0.000015s ]
INFO: [ app_init ] --END-- [ RunTime:0.000587s ]
ERR: 无法加载控制器:Undefined

[ 2019-02-28T20:40:35+08:00 ] 127.0.0.1 /tp3/admin.php/index
INFO: [ app_init ] --START--
INFO: Run Behavior\BuildLiteBehavior [ RunTime:0.000014s ]
INFO: [ app_init ] --END-- [ RunTime:0.000785s ]

[ 2019-02-28T20:41:37+08:00 ] 127.0.0.1 /tp3/admin.php/index
INFO: [ app_init ] --START--
INFO: Run Behavior\BuildLiteBehavior [ RunTime:0.000018s ]
INFO: [ app_init ] --END-- [ RunTime:0.002682s ]

[ 2019-02-28T20:42:22+08:00 ] 127.0.0.1 /tp3/admin.php/index
INFO: [ app_init ] --START--
INFO: Run Behavior\BuildLiteBehavior [ RunTime:0.000009s ]
INFO: [ app_init ] --END-- [ RunTime:0.000644s ]

[ 2019-02-28T20:42:24+08:00 ] 127.0.0.1 /tp3/admin.php/Index/test1.html
INFO: [ app_init ] --START--
INFO: Run Behavior\BuildLiteBehavior [ RunTime:0.000014s ]
INFO: [ app_init ] --END-- [ RunTime:0.000556s ]

[ 2019-02-28T20:42:27+08:00 ] 127.0.0.1 /tp3/admin.php/Index/test1.html
INFO: [ app_init ] --START--
INFO: Run Behavior\BuildLiteBehavior [ RunTime:0.000020s ]
INFO: [ app_init ] --END-- [ RunTime:0.000889s ]

[ 2019-02-28T20:43:13+08:00 ] 127.0.0.1 /tp3/admin.php/
INFO: [ app_init ] --START--
INFO: Run Behavior\BuildLiteBehavior [ RunTime:0.000059s ]
INFO: [ app_init ] --END-- [ RunTime:0.001183s ]

[ 2019-02-28T20:43:13+08:00 ] 127.0.0.1 /tp3/admin.php/welcome.html
INFO: [ app_init ] --START--
INFO: Run Behavior\BuildLiteBehavior [ RunTime:0.000013s ]
INFO: [ app_init ] --END-- [ RunTime:0.000627s ]
ERR: 无法加载控制器:Welcome

[ 2019-02-28T20:43:15+08:00 ] 127.0.0.1 /tp3/admin.php/member-list.html
INFO: [ app_init ] --START--
INFO: Run Behavior\BuildLiteBehavior [ RunTime:0.000012s ]
INFO: [ app_init ] --END-- [ RunTime:0.000528s ]
ERR: 无法加载控制器:Member-list

[ 2019-02-28T20:43:15+08:00 ] 127.0.0.1 /tp3/admin.php/member-list1.html
INFO: [ app_init ] --START--
INFO: Run Behavior\BuildLiteBehavior [ RunTime:0.000033s ]
INFO: [ app_init ] --END-- [ RunTime:0.000626s ]
ERR: 无法加载控制器:Member-list1

[ 2019-02-28T20:43:15+08:00 ] 127.0.0.1 /tp3/admin.php/member-del.html
INFO: [ app_init ] --START--
INFO: Run Behavior\BuildLiteBehavior [ RunTime:0.000011s ]
INFO: [ app_init ] --END-- [ RunTime:0.000573s ]
ERR: 无法加载控制器:Member-del

[ 2019-02-28T20:43:24+08:00 ] 127.0.0.1 /tp3/admin.php/member-list1.html
INFO: [ app_init ] --START--
INFO: Run Behavior\BuildLiteBehavior [ RunTime:0.000008s ]
INFO: [ app_init ] --END-- [ RunTime:0.000311s ]
ERR: 无法加载控制器:Member-list1

[ 2019-02-28T20:43:27+08:00 ] 127.0.0.1 /tp3/admin.php/cate.html
INFO: [ app_init ] --START--
INFO: Run Behavior\BuildLiteBehavior [ RunTime:0.000008s ]
INFO: [ app_init ] --END-- [ RunTime:0.000372s ]
ERR: 无法加载控制器:Cate

[ 2019-02-28T20:43:29+08:00 ] 127.0.0.1 /tp3/admin.php/city.html
INFO: [ app_init ] --START--
INFO: Run Behavior\BuildLiteBehavior [ RunTime:0.000008s ]
INFO: [ app_init ] --END-- [ RunTime:0.000343s ]
ERR: 无法加载控制器:City

[ 2019-02-28T20:51:37+08:00 ] 127.0.0.1 /tp3/admin.php/
INFO: [ app_init ] --START--
INFO: Run Behavior\BuildLiteBehavior [ RunTime:0.000010s ]
INFO: [ app_init ] --END-- [ RunTime:0.000952s ]

[ 2019-02-28T20:51:38+08:00 ] 127.0.0.1 /tp3/admin.php/welcome.html
INFO: [ app_init ] --START--
INFO: Run Behavior\BuildLiteBehavior [ RunTime:0.000058s ]
INFO: [ app_init ] --END-- [ RunTime:0.002486s ]
ERR: 无法加载控制器:Welcome

[ 2019-02-28T20:51:41+08:00 ] 127.0.0.1 /tp3/admin.php/member-list.html
INFO: [ app_init ] --START--
INFO: Run Behavior\BuildLiteBehavior [ RunTime:0.000011s ]
INFO: [ app_init ] --END-- [ RunTime:0.000529s ]
ERR: 无法加载控制器:Member-list

[ 2019-02-28T20:51:43+08:00 ] 127.0.0.1 /tp3/admin.php/member-list.html
INFO: [ app_init ] --START--
INFO: Run Behavior\BuildLiteBehavior [ RunTime:0.000013s ]
INFO: [ app_init ] --END-- [ RunTime:0.000483s ]
ERR: 无法加载控制器:Member-list

[ 2019-02-28T20:51:44+08:00 ] 127.0.0.1 /tp3/admin.php/member-list.html
INFO: [ app_init ] --START--
INFO: Run Behavior\BuildLiteBehavior [ RunTime:0.000010s ]
INFO: [ app_init ] --END-- [ RunTime:0.000409s ]
ERR: 无法加载控制器:Member-list

[ 2019-02-28T20:51:44+08:00 ] 127.0.0.1 /tp3/admin.php/member-list.html
INFO: [ app_init ] --START--
INFO: Run Behavior\BuildLiteBehavior [ RunTime:0.000017s ]
INFO: [ app_init ] --END-- [ RunTime:0.001297s ]
ERR: 无法加载控制器:Member-list

[ 2019-02-28T20:51:44+08:00 ] 127.0.0.1 /tp3/admin.php/member-list.html
INFO: [ app_init ] --START--
INFO: Run Behavior\BuildLiteBehavior [ RunTime:0.000010s ]
INFO: [ app_init ] --END-- [ RunTime:0.000510s ]
ERR: 无法加载控制器:Member-list

[ 2019-02-28T20:51:45+08:00 ] 127.0.0.1 /tp3/admin.php/member-list.html
INFO: [ app_init ] --START--
INFO: Run Behavior\BuildLiteBehavior [ RunTime:0.000012s ]
INFO: [ app_init ] --END-- [ RunTime:0.000525s ]
ERR: 无法加载控制器:Member-list

[ 2019-02-28T20:51:46+08:00 ] 127.0.0.1 /tp3/admin.php/member-list.html
INFO: [ app_init ] --START--
INFO: Run Behavior\BuildLiteBehavior [ RunTime:0.000016s ]
INFO: [ app_init ] --END-- [ RunTime:0.000600s ]
ERR: 无法加载控制器:Member-list

[ 2019-02-28T20:51:48+08:00 ] 127.0.0.1 /tp3/admin.php
INFO: [ app_init ] --START--
INFO: Run Behavior\BuildLiteBehavior [ RunTime:0.000011s ]
INFO: [ app_init ] --END-- [ RunTime:0.000480s ]

[ 2019-02-28T20:52:42+08:00 ] 127.0.0.1 /tp3/admin.php
INFO: [ app_init ] --START--
INFO: Run Behavior\BuildLiteBehavior [ RunTime:0.000034s ]
INFO: [ app_init ] --END-- [ RunTime:0.001364s ]

[ 2019-02-28T20:52:43+08:00 ] 127.0.0.1 /tp3/admin.php/Index/test1.html
INFO: [ app_init ] --START--
INFO: Run Behavior\BuildLiteBehavior [ RunTime:0.000015s ]
INFO: [ app_init ] --END-- [ RunTime:0.001557s ]

[ 2019-02-28T20:52:44+08:00 ] 127.0.0.1 /tp3/admin.php/Index/welcome.html
INFO: [ app_init ] --START--
INFO: Run Behavior\BuildLiteBehavior [ RunTime:0.000013s ]
INFO: [ app_init ] --END-- [ RunTime:0.001155s ]

[ 2019-02-28T20:52:44+08:00 ] 127.0.0.1 /tp3/admin.php/Index/welcome.html
INFO: [ app_init ] --START--
INFO: Run Behavior\BuildLiteBehavior [ RunTime:0.000257s ]
INFO: [ app_init ] --END-- [ RunTime:0.001108s ]

[ 2019-02-28T20:52:44+08:00 ] 127.0.0.1 /tp3/admin.php/Index/test1.html
INFO: [ app_init ] --START--
INFO: Run Behavior\BuildLiteBehavior [ RunTime:0.000013s ]
INFO: [ app_init ] --END-- [ RunTime:0.000617s ]

[ 2019-02-28T20:52:45+08:00 ] 127.0.0.1 /tp3/admin.php/Index/welcome.html
INFO: [ app_init ] --START--
INFO: Run Behavior\BuildLiteBehavior [ RunTime:0.000013s ]
INFO: [ app_init ] --END-- [ RunTime:0.000567s ]

[ 2019-02-28T20:52:46+08:00 ] 127.0.0.1 /tp3/admin.php/Index/test1.html
INFO: [ app_init ] --START--
INFO: Run Behavior\BuildLiteBehavior [ RunTime:0.000012s ]
INFO: [ app_init ] --END-- [ RunTime:0.000610s ]

[ 2019-02-28T20:52:46+08:00 ] 127.0.0.1 /tp3/admin.php/Index/welcome.html
INFO: [ app_init ] --START--
INFO: Run Behavior\BuildLiteBehavior [ RunTime:0.000019s ]
INFO: [ app_init ] --END-- [ RunTime:0.000759s ]

[ 2019-02-28T20:52:47+08:00 ] 127.0.0.1 /tp3/admin.php/Index/welcome.html
INFO: [ app_init ] --START--
INFO: Run Behavior\BuildLiteBehavior [ RunTime:0.000016s ]
INFO: [ app_init ] --END-- [ RunTime:0.000763s ]

[ 2019-02-28T20:52:47+08:00 ] 127.0.0.1 /tp3/admin.php/Index/test1.html
INFO: [ app_init ] --START--
INFO: Run Behavior\BuildLiteBehavior [ RunTime:0.000011s ]
INFO: [ app_init ] --END-- [ RunTime:0.000538s ]

[ 2019-02-28T20:52:59+08:00 ] 127.0.0.1 /tp3/admin.php
INFO: [ app_init ] --START--
INFO: Run Behavior\BuildLiteBehavior [ RunTime:0.000018s ]
INFO: [ app_init ] --END-- [ RunTime:0.001877s ]

[ 2019-02-28T21:10:59+08:00 ] 127.0.0.1 /tp3/admin.php
INFO: [ app_init ] --START--
INFO: Run Behavior\BuildLiteBehavior [ RunTime:0.000036s ]
INFO: [ app_init ] --END-- [ RunTime:0.000963s ]

[ 2019-02-28T21:13:59+08:00 ] 127.0.0.1 /tp3/admin.php
INFO: [ app_init ] --START--
INFO: Run Behavior\BuildLiteBehavior [ RunTime:0.000017s ]
INFO: [ app_init ] --END-- [ RunTime:0.001719s ]

[ 2019-02-28T21:14:06+08:00 ] 127.0.0.1 /tp3/admin.php
INFO: [ app_init ] --START--
INFO: Run Behavior\BuildLiteBehavior [ RunTime:0.000016s ]
INFO: [ app_init ] --END-- [ RunTime:0.000704s ]

