[ 2019-03-08T11:22:12+08:00 ] ::1 /api/
INFO: [ app_init ] --START--
INFO: Run Behavior\BuildLiteBehavior [ RunTime:0.000022s ]
INFO: [ app_init ] --END-- [ RunTime:0.001357s ]

[ 2019-03-08T11:22:16+08:00 ] ::1 /api/index.php/commodity.html
INFO: [ app_init ] --START--
INFO: Run Behavior\BuildLiteBehavior [ RunTime:0.000008s ]
INFO: [ app_init ] --END-- [ RunTime:0.000464s ]

[ 2019-03-08T11:22:18+08:00 ] ::1 /api/index.php/details/goods_id/2.html
INFO: [ app_init ] --START--
INFO: Run Behavior\BuildLiteBehavior [ RunTime:0.000008s ]
INFO: [ app_init ] --END-- [ RunTime:0.000419s ]

[ 2019-03-08T11:22:28+08:00 ] ::1 /api/index.php/information.html
INFO: [ app_init ] --START--
INFO: Run Behavior\BuildLiteBehavior [ RunTime:0.000012s ]
INFO: [ app_init ] --END-- [ RunTime:0.000912s ]

[ 2019-03-08T11:22:29+08:00 ] ::1 /api/index.php/about.html
INFO: [ app_init ] --START--
INFO: Run Behavior\BuildLiteBehavior [ RunTime:0.000010s ]
INFO: [ app_init ] --END-- [ RunTime:0.000379s ]

[ 2019-03-08T11:22:31+08:00 ] ::1 /api/index.php/login.html
INFO: [ app_init ] --START--
INFO: Run Behavior\BuildLiteBehavior [ RunTime:0.000020s ]
INFO: [ app_init ] --END-- [ RunTime:0.000556s ]

[ 2019-03-08T11:22:34+08:00 ] ::1 /api/index.php/shopcart.html
INFO: [ app_init ] --START--
INFO: Run Behavior\BuildLiteBehavior [ RunTime:0.000032s ]
INFO: [ app_init ] --END-- [ RunTime:0.001866s ]

[ 2019-03-08T14:35:50+08:00 ] ::1 /api/index.php/shopcart.html
INFO: [ app_init ] --START--
INFO: Run Behavior\BuildLiteBehavior [ RunTime:0.000019s ]
INFO: [ app_init ] --END-- [ RunTime:0.004302s ]

[ 2019-03-08T14:35:53+08:00 ] ::1 /api/index.php/buytoday.html
INFO: [ app_init ] --START--
INFO: Run Behavior\BuildLiteBehavior [ RunTime:0.000039s ]
INFO: [ app_init ] --END-- [ RunTime:0.000872s ]

[ 2019-03-08T14:35:57+08:00 ] ::1 /api/index.php/information.html
INFO: [ app_init ] --START--
INFO: Run Behavior\BuildLiteBehavior [ RunTime:0.000008s ]
INFO: [ app_init ] --END-- [ RunTime:0.000326s ]

[ 2019-03-08T14:35:58+08:00 ] ::1 /api/index.php/Index/index.html
INFO: [ app_init ] --START--
INFO: Run Behavior\BuildLiteBehavior [ RunTime:0.000012s ]
INFO: [ app_init ] --END-- [ RunTime:0.000522s ]

[ 2019-03-08T14:36:01+08:00 ] ::1 /api/index.php/buytoday.html
INFO: [ app_init ] --START--
INFO: Run Behavior\BuildLiteBehavior [ RunTime:0.000016s ]
INFO: [ app_init ] --END-- [ RunTime:0.000716s ]

[ 2019-03-08T14:36:02+08:00 ] ::1 /api/index.php/about.html
INFO: [ app_init ] --START--
INFO: Run Behavior\BuildLiteBehavior [ RunTime:0.000011s ]
INFO: [ app_init ] --END-- [ RunTime:0.000392s ]

[ 2019-03-08T14:36:02+08:00 ] ::1 /api/index.php/information.html
INFO: [ app_init ] --START--
INFO: Run Behavior\BuildLiteBehavior [ RunTime:0.000015s ]
INFO: [ app_init ] --END-- [ RunTime:0.000860s ]

[ 2019-03-08T14:36:03+08:00 ] ::1 /api/index.php/about.html
INFO: [ app_init ] --START--
INFO: Run Behavior\BuildLiteBehavior [ RunTime:0.000014s ]
INFO: [ app_init ] --END-- [ RunTime:0.000614s ]

[ 2019-03-08T14:43:21+08:00 ] ::1 /api/index.php/information.html
INFO: [ app_init ] --START--
INFO: Run Behavior\BuildLiteBehavior [ RunTime:0.000020s ]
INFO: [ app_init ] --END-- [ RunTime:0.002384s ]

[ 2019-03-08T14:46:58+08:00 ] ::1 /api/index.php/buytoday.html
INFO: [ app_init ] --START--
INFO: Run Behavior\BuildLiteBehavior [ RunTime:0.000011s ]
INFO: [ app_init ] --END-- [ RunTime:0.000774s ]

[ 2019-03-08T14:47:01+08:00 ] ::1 /api/index.php/commodity.html
INFO: [ app_init ] --START--
INFO: Run Behavior\BuildLiteBehavior [ RunTime:0.000008s ]
INFO: [ app_init ] --END-- [ RunTime:0.000377s ]

[ 2019-03-08T14:47:02+08:00 ] ::1 /api/index.php/buytoday.html
INFO: [ app_init ] --START--
INFO: Run Behavior\BuildLiteBehavior [ RunTime:0.000053s ]
INFO: [ app_init ] --END-- [ RunTime:0.001852s ]

[ 2019-03-08T14:47:03+08:00 ] ::1 /api/index.php/commodity.html
INFO: [ app_init ] --START--
INFO: Run Behavior\BuildLiteBehavior [ RunTime:0.000014s ]
INFO: [ app_init ] --END-- [ RunTime:0.000582s ]

[ 2019-03-08T14:47:06+08:00 ] ::1 /api/index.php/buytoday.html
INFO: [ app_init ] --START--
INFO: Run Behavior\BuildLiteBehavior [ RunTime:0.000013s ]
INFO: [ app_init ] --END-- [ RunTime:0.000730s ]

[ 2019-03-08T14:47:08+08:00 ] ::1 /api/index.php/commodity.html
INFO: [ app_init ] --START--
INFO: Run Behavior\BuildLiteBehavior [ RunTime:0.000010s ]
INFO: [ app_init ] --END-- [ RunTime:0.000335s ]

[ 2019-03-08T14:47:14+08:00 ] ::1 /api/index.php/
INFO: [ app_init ] --START--
INFO: Run Behavior\BuildLiteBehavior [ RunTime:0.000015s ]
INFO: [ app_init ] --END-- [ RunTime:0.000818s ]

[ 2019-03-08T14:51:45+08:00 ] ::1 /api/index.php/
INFO: [ app_init ] --START--
INFO: Run Behavior\BuildLiteBehavior [ RunTime:0.000010s ]
INFO: [ app_init ] --END-- [ RunTime:0.000640s ]

[ 2019-03-08T14:52:49+08:00 ] ::1 /api/index.php/commodity.html
INFO: [ app_init ] --START--
INFO: Run Behavior\BuildLiteBehavior [ RunTime:0.000468s ]
INFO: [ app_init ] --END-- [ RunTime:0.001287s ]

[ 2019-03-08T14:52:50+08:00 ] ::1 /api/index.php/commodity.html
INFO: [ app_init ] --START--
INFO: Run Behavior\BuildLiteBehavior [ RunTime:0.000008s ]
INFO: [ app_init ] --END-- [ RunTime:0.000473s ]

[ 2019-03-08T14:52:52+08:00 ] ::1 /api/index.php/commodity.html
INFO: [ app_init ] --START--
INFO: Run Behavior\BuildLiteBehavior [ RunTime:0.000008s ]
INFO: [ app_init ] --END-- [ RunTime:0.000389s ]

[ 2019-03-08T14:52:53+08:00 ] ::1 /api/index.php/Index/index.html
INFO: [ app_init ] --START--
INFO: Run Behavior\BuildLiteBehavior [ RunTime:0.000009s ]
INFO: [ app_init ] --END-- [ RunTime:0.001091s ]

[ 2019-03-08T15:08:32+08:00 ] ::1 /api/index.php/Index/index.html
INFO: [ app_init ] --START--
INFO: Run Behavior\BuildLiteBehavior [ RunTime:0.000015s ]
INFO: [ app_init ] --END-- [ RunTime:0.001602s ]

[ 2019-03-08T15:08:34+08:00 ] ::1 /api/index.php/cgoods/catelog_id/Arraycatelog_id.html
INFO: [ app_init ] --START--
INFO: Run Behavior\BuildLiteBehavior [ RunTime:0.000012s ]
INFO: [ app_init ] --END-- [ RunTime:0.000548s ]

[ 2019-03-08T15:08:42+08:00 ] ::1 /api/index.php/cgoods/catelog_id/Arraycatelog_id.html
INFO: [ app_init ] --START--
INFO: Run Behavior\BuildLiteBehavior [ RunTime:0.000009s ]
INFO: [ app_init ] --END-- [ RunTime:0.000517s ]

[ 2019-03-08T15:08:44+08:00 ] ::1 /api/index.php/cgoods/catelog_id/Arraycatelog_id.html
INFO: [ app_init ] --START--
INFO: Run Behavior\BuildLiteBehavior [ RunTime:0.000009s ]
INFO: [ app_init ] --END-- [ RunTime:0.000652s ]

[ 2019-03-08T15:08:47+08:00 ] ::1 /api/index.php/cgoods/catelog_id/Arraycatelog_id.html
INFO: [ app_init ] --START--
INFO: Run Behavior\BuildLiteBehavior [ RunTime:0.000009s ]
INFO: [ app_init ] --END-- [ RunTime:0.000478s ]

[ 2019-03-08T15:09:56+08:00 ] ::1 /api/index.php/cgoods/catelog_id/Arraycatelog_id.html
INFO: [ app_init ] --START--
INFO: Run Behavior\BuildLiteBehavior [ RunTime:0.000011s ]
INFO: [ app_init ] --END-- [ RunTime:0.000972s ]

[ 2019-03-08T15:10:01+08:00 ] ::1 /api/index.php/cgoods/catelog_id/Arraycatelog_id.html
INFO: [ app_init ] --START--
INFO: Run Behavior\BuildLiteBehavior [ RunTime:0.000012s ]
INFO: [ app_init ] --END-- [ RunTime:0.000685s ]

[ 2019-03-08T15:10:03+08:00 ] ::1 /api/index.php/commodity.html
INFO: [ app_init ] --START--
INFO: Run Behavior\BuildLiteBehavior [ RunTime:0.000010s ]
INFO: [ app_init ] --END-- [ RunTime:0.000400s ]

[ 2019-03-08T15:10:36+08:00 ] ::1 /api/index.php/commodity.html
INFO: [ app_init ] --START--
INFO: Run Behavior\BuildLiteBehavior [ RunTime:0.000015s ]
INFO: [ app_init ] --END-- [ RunTime:0.001074s ]

[ 2019-03-08T15:10:39+08:00 ] ::1 /api/index.php/cgoods/catelog_id/4.html
INFO: [ app_init ] --START--
INFO: Run Behavior\BuildLiteBehavior [ RunTime:0.000009s ]
INFO: [ app_init ] --END-- [ RunTime:0.000445s ]

[ 2019-03-08T15:10:47+08:00 ] ::1 /api/index.php/cgoods/catelog_id/Arraycatelog_id.html
INFO: [ app_init ] --START--
INFO: Run Behavior\BuildLiteBehavior [ RunTime:0.000013s ]
INFO: [ app_init ] --END-- [ RunTime:0.000536s ]

[ 2019-03-08T15:10:49+08:00 ] ::1 /api/index.php/cgoods/catelog_id/Arraycatelog_id.html
INFO: [ app_init ] --START--
INFO: Run Behavior\BuildLiteBehavior [ RunTime:0.000012s ]
INFO: [ app_init ] --END-- [ RunTime:0.000607s ]

[ 2019-03-08T15:10:55+08:00 ] ::1 /api/index.php/cgoods/catelog_id/Arraycatelog_id.html
INFO: [ app_init ] --START--
INFO: Run Behavior\BuildLiteBehavior [ RunTime:0.000014s ]
INFO: [ app_init ] --END-- [ RunTime:0.000618s ]

[ 2019-03-08T15:10:56+08:00 ] ::1 /api/index.php/cgoods/catelog_id/Arraycatelog_id.html
INFO: [ app_init ] --START--
INFO: Run Behavior\BuildLiteBehavior [ RunTime:0.000019s ]
INFO: [ app_init ] --END-- [ RunTime:0.000737s ]

[ 2019-03-08T15:10:59+08:00 ] ::1 /api/index.php/cgoods/catelog_id/Arraycatelog_id.html
INFO: [ app_init ] --START--
INFO: Run Behavior\BuildLiteBehavior [ RunTime:0.000010s ]
INFO: [ app_init ] --END-- [ RunTime:0.000447s ]

[ 2019-03-08T15:12:02+08:00 ] ::1 /api/index.php/cgoods/catelog_id/Arraycatelog_id.html
INFO: [ app_init ] --START--
INFO: Run Behavior\BuildLiteBehavior [ RunTime:0.000020s ]
INFO: [ app_init ] --END-- [ RunTime:0.001040s ]

[ 2019-03-08T15:12:04+08:00 ] ::1 /api/index.php/commodity.html
INFO: [ app_init ] --START--
INFO: Run Behavior\BuildLiteBehavior [ RunTime:0.000016s ]
INFO: [ app_init ] --END-- [ RunTime:0.000737s ]

[ 2019-03-08T15:12:06+08:00 ] ::1 /api/index.php/cgoods/catelog_id/4.html
INFO: [ app_init ] --START--
INFO: Run Behavior\BuildLiteBehavior [ RunTime:0.000014s ]
INFO: [ app_init ] --END-- [ RunTime:0.000791s ]

[ 2019-03-08T15:12:10+08:00 ] ::1 /api/index.php/cgoods/catelog_id/5.html
INFO: [ app_init ] --START--
INFO: Run Behavior\BuildLiteBehavior [ RunTime:0.000015s ]
INFO: [ app_init ] --END-- [ RunTime:0.000838s ]

[ 2019-03-08T15:12:14+08:00 ] ::1 /api/index.php/cgoods/catelog_id/6.html
INFO: [ app_init ] --START--
INFO: Run Behavior\BuildLiteBehavior [ RunTime:0.000015s ]
INFO: [ app_init ] --END-- [ RunTime:0.000395s ]

[ 2019-03-08T15:12:18+08:00 ] ::1 /api/index.php/cgoods/catelog_id/7.html
INFO: [ app_init ] --START--
INFO: Run Behavior\BuildLiteBehavior [ RunTime:0.000012s ]
INFO: [ app_init ] --END-- [ RunTime:0.000553s ]

[ 2019-03-08T15:12:21+08:00 ] ::1 /api/index.php/cgoods/catelog_id/9.html
INFO: [ app_init ] --START--
INFO: Run Behavior\BuildLiteBehavior [ RunTime:0.000010s ]
INFO: [ app_init ] --END-- [ RunTime:0.000408s ]

[ 2019-03-08T15:12:27+08:00 ] ::1 /api/index.php/cgoods/catelog_id/4.html
INFO: [ app_init ] --START--
INFO: Run Behavior\BuildLiteBehavior [ RunTime:0.000009s ]
INFO: [ app_init ] --END-- [ RunTime:0.000497s ]

[ 2019-03-08T15:12:30+08:00 ] ::1 /api/index.php/commodity.html
INFO: [ app_init ] --START--
INFO: Run Behavior\BuildLiteBehavior [ RunTime:0.000014s ]
INFO: [ app_init ] --END-- [ RunTime:0.000641s ]

[ 2019-03-08T15:12:32+08:00 ] ::1 /api/index.php/buytoday.html
INFO: [ app_init ] --START--
INFO: Run Behavior\BuildLiteBehavior [ RunTime:0.000016s ]
INFO: [ app_init ] --END-- [ RunTime:0.004814s ]

[ 2019-03-08T15:12:33+08:00 ] ::1 /api/index.php/Index/index.html
INFO: [ app_init ] --START--
INFO: Run Behavior\BuildLiteBehavior [ RunTime:0.000015s ]
INFO: [ app_init ] --END-- [ RunTime:0.000771s ]

[ 2019-03-08T15:12:35+08:00 ] ::1 /api/index.php/cgoods/catelog_id/4.html
INFO: [ app_init ] --START--
INFO: Run Behavior\BuildLiteBehavior [ RunTime:0.000015s ]
INFO: [ app_init ] --END-- [ RunTime:0.000737s ]

[ 2019-03-08T15:12:40+08:00 ] ::1 /api/index.php/Index/index.html
INFO: [ app_init ] --START--
INFO: Run Behavior\BuildLiteBehavior [ RunTime:0.000010s ]
INFO: [ app_init ] --END-- [ RunTime:0.000435s ]

[ 2019-03-08T15:12:50+08:00 ] ::1 /api/index.php/commodity.html
INFO: [ app_init ] --START--
INFO: Run Behavior\BuildLiteBehavior [ RunTime:0.000014s ]
INFO: [ app_init ] --END-- [ RunTime:0.000529s ]

[ 2019-03-08T15:12:54+08:00 ] ::1 /api/index.php/Good/getall/p/2.html
INFO: [ app_init ] --START--
INFO: Run Behavior\BuildLiteBehavior [ RunTime:0.000016s ]
INFO: [ app_init ] --END-- [ RunTime:0.000613s ]

[ 2019-03-08T15:12:57+08:00 ] ::1 /api/index.php/Good/getall/p/1.html
INFO: [ app_init ] --START--
INFO: Run Behavior\BuildLiteBehavior [ RunTime:0.000008s ]
INFO: [ app_init ] --END-- [ RunTime:0.000467s ]

[ 2019-03-08T15:12:59+08:00 ] ::1 /api/index.php/cgoods/catelog_id/4.html
INFO: [ app_init ] --START--
INFO: Run Behavior\BuildLiteBehavior [ RunTime:0.000010s ]
INFO: [ app_init ] --END-- [ RunTime:0.000556s ]

[ 2019-03-08T15:15:27+08:00 ] ::1 /api/index.php/details/goods_id/4.html
INFO: [ app_init ] --START--
INFO: Run Behavior\BuildLiteBehavior [ RunTime:0.000017s ]
INFO: [ app_init ] --END-- [ RunTime:0.000790s ]

[ 2019-03-08T15:15:37+08:00 ] ::1 /api/index.php/buytoday.html
INFO: [ app_init ] --START--
INFO: Run Behavior\BuildLiteBehavior [ RunTime:0.000007s ]
INFO: [ app_init ] --END-- [ RunTime:0.000407s ]

[ 2019-03-08T15:15:39+08:00 ] ::1 /api/index.php/commodity.html
INFO: [ app_init ] --START--
INFO: Run Behavior\BuildLiteBehavior [ RunTime:0.000008s ]
INFO: [ app_init ] --END-- [ RunTime:0.000352s ]

[ 2019-03-08T15:15:42+08:00 ] ::1 /api/index.php/Index/index.html
INFO: [ app_init ] --START--
INFO: Run Behavior\BuildLiteBehavior [ RunTime:0.000008s ]
INFO: [ app_init ] --END-- [ RunTime:0.000435s ]

[ 2019-03-08T15:16:27+08:00 ] ::1 /api/index.php/commodity.html
INFO: [ app_init ] --START--
INFO: Run Behavior\BuildLiteBehavior [ RunTime:0.000017s ]
INFO: [ app_init ] --END-- [ RunTime:0.000683s ]

[ 2019-03-08T15:16:30+08:00 ] ::1 /api/index.php/cgoods/catelog_id/6.html
INFO: [ app_init ] --START--
INFO: Run Behavior\BuildLiteBehavior [ RunTime:0.000007s ]
INFO: [ app_init ] --END-- [ RunTime:0.000301s ]

[ 2019-03-08T15:21:32+08:00 ] ::1 /api/index.php/commodity.html
INFO: [ app_init ] --START--
INFO: Run Behavior\BuildLiteBehavior [ RunTime:0.000010s ]
INFO: [ app_init ] --END-- [ RunTime:0.000523s ]

[ 2019-03-08T15:21:49+08:00 ] ::1 /api/index.php/commodity.html
INFO: [ app_init ] --START--
INFO: Run Behavior\BuildLiteBehavior [ RunTime:0.000011s ]
INFO: [ app_init ] --END-- [ RunTime:0.000495s ]

[ 2019-03-08T15:21:55+08:00 ] ::1 /api/index.php/Good/getall/p/2.html
INFO: [ app_init ] --START--
INFO: Run Behavior\BuildLiteBehavior [ RunTime:0.000012s ]
INFO: [ app_init ] --END-- [ RunTime:0.000615s ]

[ 2019-03-08T15:22:40+08:00 ] ::1 /api/index.php/commodity.html
INFO: [ app_init ] --START--
INFO: Run Behavior\BuildLiteBehavior [ RunTime:0.000011s ]
INFO: [ app_init ] --END-- [ RunTime:0.000865s ]

[ 2019-03-08T15:23:17+08:00 ] ::1 /api/index.php/commodity.html
INFO: [ app_init ] --START--
INFO: Run Behavior\BuildLiteBehavior [ RunTime:0.000016s ]
INFO: [ app_init ] --END-- [ RunTime:0.000693s ]

[ 2019-03-08T15:24:07+08:00 ] ::1 /api/index.php/commodity.html
INFO: [ app_init ] --START--
INFO: Run Behavior\BuildLiteBehavior [ RunTime:0.000018s ]
INFO: [ app_init ] --END-- [ RunTime:0.000810s ]

[ 2019-03-08T15:24:14+08:00 ] ::1 /api/index.php/commodity.html
INFO: [ app_init ] --START--
INFO: Run Behavior\BuildLiteBehavior [ RunTime:0.000015s ]
INFO: [ app_init ] --END-- [ RunTime:0.000575s ]

[ 2019-03-08T15:24:21+08:00 ] ::1 /api/index.php/Good/getall/p/2.html
INFO: [ app_init ] --START--
INFO: Run Behavior\BuildLiteBehavior [ RunTime:0.000016s ]
INFO: [ app_init ] --END-- [ RunTime:0.000629s ]

[ 2019-03-08T15:24:51+08:00 ] ::1 /api/index.php/commodity.html
INFO: [ app_init ] --START--
INFO: Run Behavior\BuildLiteBehavior [ RunTime:0.000017s ]
INFO: [ app_init ] --END-- [ RunTime:0.000883s ]

[ 2019-03-08T15:24:59+08:00 ] ::1 /api/index.php/Good/getall/p/2.html
INFO: [ app_init ] --START--
INFO: Run Behavior\BuildLiteBehavior [ RunTime:0.000009s ]
INFO: [ app_init ] --END-- [ RunTime:0.000463s ]

[ 2019-03-08T15:25:05+08:00 ] ::1 /api/index.php/details/goods_id/13.html
INFO: [ app_init ] --START--
INFO: Run Behavior\BuildLiteBehavior [ RunTime:0.000019s ]
INFO: [ app_init ] --END-- [ RunTime:0.000848s ]

[ 2019-03-08T15:25:17+08:00 ] ::1 /api/index.php/cgoods/catelog_id/5.html
INFO: [ app_init ] --START--
INFO: Run Behavior\BuildLiteBehavior [ RunTime:0.000022s ]
INFO: [ app_init ] --END-- [ RunTime:0.000428s ]

[ 2019-03-08T15:26:33+08:00 ] ::1 /api/index.php/cgoods/catelog_id/5.html
INFO: [ app_init ] --START--
INFO: Run Behavior\BuildLiteBehavior [ RunTime:0.000013s ]
INFO: [ app_init ] --END-- [ RunTime:0.000551s ]

[ 2019-03-08T15:29:10+08:00 ] ::1 /api/index.php/buytoday.html
INFO: [ app_init ] --START--
INFO: Run Behavior\BuildLiteBehavior [ RunTime:0.000010s ]
INFO: [ app_init ] --END-- [ RunTime:0.000483s ]

[ 2019-03-08T15:32:11+08:00 ] ::1 /api/index.php/commodity.html
INFO: [ app_init ] --START--
INFO: Run Behavior\BuildLiteBehavior [ RunTime:0.000018s ]
INFO: [ app_init ] --END-- [ RunTime:0.001654s ]

[ 2019-03-08T15:32:28+08:00 ] ::1 /api/index.php/information.html
INFO: [ app_init ] --START--
INFO: Run Behavior\BuildLiteBehavior [ RunTime:0.000009s ]
INFO: [ app_init ] --END-- [ RunTime:0.000475s ]

[ 2019-03-08T15:32:29+08:00 ] ::1 /api/index.php/buytoday.html
INFO: [ app_init ] --START--
INFO: Run Behavior\BuildLiteBehavior [ RunTime:0.000009s ]
INFO: [ app_init ] --END-- [ RunTime:0.000340s ]

[ 2019-03-08T15:32:33+08:00 ] ::1 /api/index.php/commodity.html
INFO: [ app_init ] --START--
INFO: Run Behavior\BuildLiteBehavior [ RunTime:0.000009s ]
INFO: [ app_init ] --END-- [ RunTime:0.000373s ]

[ 2019-03-08T15:32:50+08:00 ] ::1 /api/index.php/buytoday.html
INFO: [ app_init ] --START--
INFO: Run Behavior\BuildLiteBehavior [ RunTime:0.000017s ]
INFO: [ app_init ] --END-- [ RunTime:0.000820s ]

[ 2019-03-08T15:34:15+08:00 ] ::1 /api/index.php/buytoday.html
INFO: [ app_init ] --START--
INFO: Run Behavior\BuildLiteBehavior [ RunTime:0.000015s ]
INFO: [ app_init ] --END-- [ RunTime:0.000695s ]

[ 2019-03-08T15:34:58+08:00 ] ::1 /api/index.php/buytoday.html
INFO: [ app_init ] --START--
INFO: Run Behavior\BuildLiteBehavior [ RunTime:0.000017s ]
INFO: [ app_init ] --END-- [ RunTime:0.000631s ]

[ 2019-03-08T15:35:13+08:00 ] ::1 /api/index.php/commodity.html
INFO: [ app_init ] --START--
INFO: Run Behavior\BuildLiteBehavior [ RunTime:0.000015s ]
INFO: [ app_init ] --END-- [ RunTime:0.002337s ]

[ 2019-03-08T15:35:17+08:00 ] ::1 /api/index.php/details/goods_id/7.html
INFO: [ app_init ] --START--
INFO: Run Behavior\BuildLiteBehavior [ RunTime:0.000009s ]
INFO: [ app_init ] --END-- [ RunTime:0.000453s ]

[ 2019-03-08T15:35:22+08:00 ] ::1 /api/index.php/cgoods/catelog_id/7.html
INFO: [ app_init ] --START--
INFO: Run Behavior\BuildLiteBehavior [ RunTime:0.000008s ]
INFO: [ app_init ] --END-- [ RunTime:0.000431s ]

[ 2019-03-08T15:35:23+08:00 ] ::1 /api/index.php/details/goods_id/14.html
INFO: [ app_init ] --START--
INFO: Run Behavior\BuildLiteBehavior [ RunTime:0.000024s ]
INFO: [ app_init ] --END-- [ RunTime:0.000435s ]

[ 2019-03-08T15:36:31+08:00 ] ::1 /api/index.php/buytoday.html
INFO: [ app_init ] --START--
INFO: Run Behavior\BuildLiteBehavior [ RunTime:0.000015s ]
INFO: [ app_init ] --END-- [ RunTime:0.000540s ]

[ 2019-03-08T15:37:41+08:00 ] ::1 /api/index.php/buytoday.html
INFO: [ app_init ] --START--
INFO: Run Behavior\BuildLiteBehavior [ RunTime:0.000010s ]
INFO: [ app_init ] --END-- [ RunTime:0.000408s ]

[ 2019-03-08T15:37:59+08:00 ] ::1 /api/index.php/buytoday.html
INFO: [ app_init ] --START--
INFO: Run Behavior\BuildLiteBehavior [ RunTime:0.000015s ]
INFO: [ app_init ] --END-- [ RunTime:0.000632s ]

[ 2019-03-08T15:38:19+08:00 ] ::1 /api/index.php/buytoday.html
INFO: [ app_init ] --START--
INFO: Run Behavior\BuildLiteBehavior [ RunTime:0.000049s ]
INFO: [ app_init ] --END-- [ RunTime:0.001530s ]

[ 2019-03-08T15:41:03+08:00 ] ::1 /api/index.php/commodity.html
INFO: [ app_init ] --START--
INFO: Run Behavior\BuildLiteBehavior [ RunTime:0.000011s ]
INFO: [ app_init ] --END-- [ RunTime:0.000466s ]

[ 2019-03-08T15:41:42+08:00 ] ::1 /api/index.php/details/goods_id/6.html
INFO: [ app_init ] --START--
INFO: Run Behavior\BuildLiteBehavior [ RunTime:0.000021s ]
INFO: [ app_init ] --END-- [ RunTime:0.001174s ]

[ 2019-03-08T15:41:46+08:00 ] ::1 /api/index.php/commodity.html
INFO: [ app_init ] --START--
INFO: Run Behavior\BuildLiteBehavior [ RunTime:0.000008s ]
INFO: [ app_init ] --END-- [ RunTime:0.000332s ]

[ 2019-03-08T15:41:46+08:00 ] ::1 /api/index.php/buytoday.html
INFO: [ app_init ] --START--
INFO: Run Behavior\BuildLiteBehavior [ RunTime:0.000037s ]
INFO: [ app_init ] --END-- [ RunTime:0.001693s ]

[ 2019-03-08T15:41:47+08:00 ] ::1 /api/index.php/commodity.html
INFO: [ app_init ] --START--
INFO: Run Behavior\BuildLiteBehavior [ RunTime:0.000011s ]
INFO: [ app_init ] --END-- [ RunTime:0.000450s ]

[ 2019-03-08T15:41:53+08:00 ] ::1 /api/index.php/
INFO: [ app_init ] --START--
INFO: Run Behavior\BuildLiteBehavior [ RunTime:0.000011s ]
INFO: [ app_init ] --END-- [ RunTime:0.000441s ]

[ 2019-03-08T15:42:36+08:00 ] ::1 /api/index.php/cgoods/catelog_id/9.html
INFO: [ app_init ] --START--
INFO: Run Behavior\BuildLiteBehavior [ RunTime:0.000015s ]
INFO: [ app_init ] --END-- [ RunTime:0.001130s ]

[ 2019-03-08T15:42:39+08:00 ] ::1 /api/index.php/commodity.html
INFO: [ app_init ] --START--
INFO: Run Behavior\BuildLiteBehavior [ RunTime:0.000027s ]
INFO: [ app_init ] --END-- [ RunTime:0.002100s ]

[ 2019-03-08T15:42:42+08:00 ] ::1 /api/index.php/cgoods/catelog_id/5.html
INFO: [ app_init ] --START--
INFO: Run Behavior\BuildLiteBehavior [ RunTime:0.000015s ]
INFO: [ app_init ] --END-- [ RunTime:0.000633s ]

[ 2019-03-08T15:42:45+08:00 ] ::1 /api/index.php/cgoods/catelog_id/6.html
INFO: [ app_init ] --START--
INFO: Run Behavior\BuildLiteBehavior [ RunTime:0.000008s ]
INFO: [ app_init ] --END-- [ RunTime:0.000318s ]

[ 2019-03-08T15:42:52+08:00 ] ::1 /api/index.php/cgoods/catelog_id/7.html
INFO: [ app_init ] --START--
INFO: Run Behavior\BuildLiteBehavior [ RunTime:0.000020s ]
INFO: [ app_init ] --END-- [ RunTime:0.001356s ]

[ 2019-03-08T15:42:53+08:00 ] ::1 /api/index.php/cgoods/catelog_id/9.html
INFO: [ app_init ] --START--
INFO: Run Behavior\BuildLiteBehavior [ RunTime:0.000008s ]
INFO: [ app_init ] --END-- [ RunTime:0.000348s ]

[ 2019-03-08T15:42:55+08:00 ] ::1 /api/index.php/cgoods/catelog_id/7.html
INFO: [ app_init ] --START--
INFO: Run Behavior\BuildLiteBehavior [ RunTime:0.000007s ]
INFO: [ app_init ] --END-- [ RunTime:0.000364s ]

[ 2019-03-08T15:42:56+08:00 ] ::1 /api/index.php/commodity.html
INFO: [ app_init ] --START--
INFO: Run Behavior\BuildLiteBehavior [ RunTime:0.000007s ]
INFO: [ app_init ] --END-- [ RunTime:0.000318s ]

[ 2019-03-08T15:42:59+08:00 ] ::1 /api/index.php/Good/getall/p/2.html
INFO: [ app_init ] --START--
INFO: Run Behavior\BuildLiteBehavior [ RunTime:0.000013s ]
INFO: [ app_init ] --END-- [ RunTime:0.000472s ]

[ 2019-03-08T15:43:01+08:00 ] ::1 /api/index.php/Good/getall/p/1.html
INFO: [ app_init ] --START--
INFO: Run Behavior\BuildLiteBehavior [ RunTime:0.000016s ]
INFO: [ app_init ] --END-- [ RunTime:0.000758s ]

[ 2019-03-08T15:47:02+08:00 ] ::1 /api/index.php/buytoday.html
INFO: [ app_init ] --START--
INFO: Run Behavior\BuildLiteBehavior [ RunTime:0.001074s ]
INFO: [ app_init ] --END-- [ RunTime:0.014222s ]

[ 2019-03-08T15:47:03+08:00 ] ::1 /api/index.php/information.html
INFO: [ app_init ] --START--
INFO: Run Behavior\BuildLiteBehavior [ RunTime:0.000017s ]
INFO: [ app_init ] --END-- [ RunTime:0.001095s ]

[ 2019-03-08T15:47:04+08:00 ] ::1 /api/index.php/buytoday.html
INFO: [ app_init ] --START--
INFO: Run Behavior\BuildLiteBehavior [ RunTime:0.000012s ]
INFO: [ app_init ] --END-- [ RunTime:0.000557s ]

[ 2019-03-08T15:47:11+08:00 ] ::1 /api/index.php/commodity.html
INFO: [ app_init ] --START--
INFO: Run Behavior\BuildLiteBehavior [ RunTime:0.000018s ]
INFO: [ app_init ] --END-- [ RunTime:0.001455s ]

[ 2019-03-08T15:47:17+08:00 ] ::1 /api/index.php/Index/index.html
INFO: [ app_init ] --START--
INFO: Run Behavior\BuildLiteBehavior [ RunTime:0.000018s ]
INFO: [ app_init ] --END-- [ RunTime:0.000880s ]

[ 2019-03-08T15:47:55+08:00 ] ::1 /api/index.php/Index/index.html
INFO: [ app_init ] --START--
INFO: Run Behavior\BuildLiteBehavior [ RunTime:0.000018s ]
INFO: [ app_init ] --END-- [ RunTime:0.001052s ]

[ 2019-03-08T15:48:12+08:00 ] ::1 /api/index.php/Index/index.html
INFO: [ app_init ] --START--
INFO: Run Behavior\BuildLiteBehavior [ RunTime:0.000100s ]
INFO: [ app_init ] --END-- [ RunTime:0.000987s ]

[ 2019-03-08T16:07:19+08:00 ] ::1 /api/index.php/Index/index.html
INFO: [ app_init ] --START--
INFO: Run Behavior\BuildLiteBehavior [ RunTime:0.000012s ]
INFO: [ app_init ] --END-- [ RunTime:0.001087s ]

[ 2019-03-08T16:27:59+08:00 ] ::1 /api/index.php/Index/index.html
INFO: [ app_init ] --START--
INFO: Run Behavior\BuildLiteBehavior [ RunTime:0.000333s ]
INFO: [ app_init ] --END-- [ RunTime:0.002354s ]

[ 2019-03-08T16:28:02+08:00 ] ::1 /api/index.php/Index/index.html
INFO: [ app_init ] --START--
INFO: Run Behavior\BuildLiteBehavior [ RunTime:0.000024s ]
INFO: [ app_init ] --END-- [ RunTime:0.001152s ]

[ 2019-03-08T16:28:03+08:00 ] ::1 /api/index.php/Index/index.html
INFO: [ app_init ] --START--
INFO: Run Behavior\BuildLiteBehavior [ RunTime:0.000010s ]
INFO: [ app_init ] --END-- [ RunTime:0.000532s ]

[ 2019-03-08T16:29:09+08:00 ] ::1 /api/index.php/Index/index.html
INFO: [ app_init ] --START--
INFO: Run Behavior\BuildLiteBehavior [ RunTime:0.000016s ]
INFO: [ app_init ] --END-- [ RunTime:0.000547s ]
ERR: Call to undefined function Home\Controller\array_sort()

[ 2019-03-08T16:30:36+08:00 ] ::1 /api/index.php/Index/index.html
INFO: [ app_init ] --START--
INFO: Run Behavior\BuildLiteBehavior [ RunTime:0.000010s ]
INFO: [ app_init ] --END-- [ RunTime:0.000689s ]

[ 2019-03-08T16:31:53+08:00 ] ::1 /api/index.php/Index/index.html
INFO: [ app_init ] --START--
INFO: Run Behavior\BuildLiteBehavior [ RunTime:0.000011s ]
INFO: [ app_init ] --END-- [ RunTime:0.000747s ]

[ 2019-03-08T16:33:02+08:00 ] ::1 /api/index.php/Index/index.html
INFO: [ app_init ] --START--
INFO: Run Behavior\BuildLiteBehavior [ RunTime:0.000018s ]
INFO: [ app_init ] --END-- [ RunTime:0.001313s ]

[ 2019-03-08T16:33:06+08:00 ] ::1 /api/index.php/Index/index.html
INFO: [ app_init ] --START--
INFO: Run Behavior\BuildLiteBehavior [ RunTime:0.000008s ]
INFO: [ app_init ] --END-- [ RunTime:0.000315s ]

[ 2019-03-08T16:33:07+08:00 ] ::1 /api/index.php/Index/index.html
INFO: [ app_init ] --START--
INFO: Run Behavior\BuildLiteBehavior [ RunTime:0.000014s ]
INFO: [ app_init ] --END-- [ RunTime:0.000636s ]

[ 2019-03-08T16:33:21+08:00 ] ::1 /api/index.php/Index/index.html
INFO: [ app_init ] --START--
INFO: Run Behavior\BuildLiteBehavior [ RunTime:0.000012s ]
INFO: [ app_init ] --END-- [ RunTime:0.000426s ]

[ 2019-03-08T16:41:36+08:00 ] ::1 /api/index.php/Index/index.html
INFO: [ app_init ] --START--
INFO: Run Behavior\BuildLiteBehavior [ RunTime:0.000511s ]
INFO: [ app_init ] --END-- [ RunTime:0.003099s ]

[ 2019-03-08T16:41:46+08:00 ] ::1 /api/index.php/details/goods_id/3.html
INFO: [ app_init ] --START--
INFO: Run Behavior\BuildLiteBehavior [ RunTime:0.000009s ]
INFO: [ app_init ] --END-- [ RunTime:0.000549s ]

[ 2019-03-08T16:41:51+08:00 ] ::1 /api/index.php/details/goods_id/3.html
INFO: [ app_init ] --START--
INFO: Run Behavior\BuildLiteBehavior [ RunTime:0.000010s ]
INFO: [ app_init ] --END-- [ RunTime:0.000376s ]

[ 2019-03-08T16:41:59+08:00 ] ::1 /api/index.php/details/goods_id/3.html
INFO: [ app_init ] --START--
INFO: Run Behavior\BuildLiteBehavior [ RunTime:0.000008s ]
INFO: [ app_init ] --END-- [ RunTime:0.000402s ]

[ 2019-03-08T16:42:38+08:00 ] ::1 /api/index.php/details/goods_id/11.html
INFO: [ app_init ] --START--
INFO: Run Behavior\BuildLiteBehavior [ RunTime:0.000016s ]
INFO: [ app_init ] --END-- [ RunTime:0.000691s ]

[ 2019-03-08T16:42:46+08:00 ] ::1 /api/index.php/buytoday.html
INFO: [ app_init ] --START--
INFO: Run Behavior\BuildLiteBehavior [ RunTime:0.000008s ]
INFO: [ app_init ] --END-- [ RunTime:0.000345s ]

[ 2019-03-08T16:42:47+08:00 ] ::1 /api/index.php/commodity.html
INFO: [ app_init ] --START--
INFO: Run Behavior\BuildLiteBehavior [ RunTime:0.000007s ]
INFO: [ app_init ] --END-- [ RunTime:0.000368s ]

[ 2019-03-08T16:43:07+08:00 ] ::1 /api/index.php/Index/index.html
INFO: [ app_init ] --START--
INFO: Run Behavior\BuildLiteBehavior [ RunTime:0.000013s ]
INFO: [ app_init ] --END-- [ RunTime:0.000368s ]

[ 2019-03-08T16:43:25+08:00 ] ::1 /api/index.php/Index/index.html
INFO: [ app_init ] --START--
INFO: Run Behavior\BuildLiteBehavior [ RunTime:0.000009s ]
INFO: [ app_init ] --END-- [ RunTime:0.000432s ]

[ 2019-03-08T16:43:31+08:00 ] ::1 /api/index.php/commodity.html
INFO: [ app_init ] --START--
INFO: Run Behavior\BuildLiteBehavior [ RunTime:0.000007s ]
INFO: [ app_init ] --END-- [ RunTime:0.000314s ]

[ 2019-03-08T16:43:34+08:00 ] ::1 /api/index.php/Good/getall/p/2.html
INFO: [ app_init ] --START--
INFO: Run Behavior\BuildLiteBehavior [ RunTime:0.000009s ]
INFO: [ app_init ] --END-- [ RunTime:0.000344s ]

[ 2019-03-08T16:43:40+08:00 ] ::1 /api/index.php/cgoods/catelog_id/4.html
INFO: [ app_init ] --START--
INFO: Run Behavior\BuildLiteBehavior [ RunTime:0.000070s ]
INFO: [ app_init ] --END-- [ RunTime:0.000472s ]

[ 2019-03-08T16:44:10+08:00 ] ::1 /api/index.php/cgoods/catelog_id/4.html
INFO: [ app_init ] --START--
INFO: Run Behavior\BuildLiteBehavior [ RunTime:0.000018s ]
INFO: [ app_init ] --END-- [ RunTime:0.000336s ]

[ 2019-03-08T16:44:20+08:00 ] ::1 /api/index.php/commodity.html
INFO: [ app_init ] --START--
INFO: Run Behavior\BuildLiteBehavior [ RunTime:0.000009s ]
INFO: [ app_init ] --END-- [ RunTime:0.000481s ]

[ 2019-03-08T16:44:22+08:00 ] ::1 /api/index.php/Good/getall/p/2.html
INFO: [ app_init ] --START--
INFO: Run Behavior\BuildLiteBehavior [ RunTime:0.000012s ]
INFO: [ app_init ] --END-- [ RunTime:0.000574s ]

[ 2019-03-08T16:44:26+08:00 ] ::1 /api/index.php/Index/index.html
INFO: [ app_init ] --START--
INFO: Run Behavior\BuildLiteBehavior [ RunTime:0.000007s ]
INFO: [ app_init ] --END-- [ RunTime:0.000393s ]

[ 2019-03-08T16:47:29+08:00 ] ::1 /api/index.php/Index/index.html
INFO: [ app_init ] --START--
INFO: Run Behavior\BuildLiteBehavior [ RunTime:0.000012s ]
INFO: [ app_init ] --END-- [ RunTime:0.000759s ]

[ 2019-03-08T16:48:09+08:00 ] ::1 /api/index.php/Index/index.html
INFO: [ app_init ] --START--
INFO: Run Behavior\BuildLiteBehavior [ RunTime:0.000013s ]
INFO: [ app_init ] --END-- [ RunTime:0.000538s ]

[ 2019-03-08T16:49:22+08:00 ] ::1 /api/index.php/Index/index.html
INFO: [ app_init ] --START--
INFO: Run Behavior\BuildLiteBehavior [ RunTime:0.000017s ]
INFO: [ app_init ] --END-- [ RunTime:0.000607s ]

[ 2019-03-08T16:50:11+08:00 ] ::1 /api/index.php/Index/index.html
INFO: [ app_init ] --START--
INFO: Run Behavior\BuildLiteBehavior [ RunTime:0.000019s ]
INFO: [ app_init ] --END-- [ RunTime:0.002316s ]

[ 2019-03-08T16:50:30+08:00 ] ::1 /api/index.php/Index/index.html
INFO: [ app_init ] --START--
INFO: Run Behavior\BuildLiteBehavior [ RunTime:0.000016s ]
INFO: [ app_init ] --END-- [ RunTime:0.001111s ]

[ 2019-03-08T16:50:42+08:00 ] ::1 /api/index.php/Index/index.html
INFO: [ app_init ] --START--
INFO: Run Behavior\BuildLiteBehavior [ RunTime:0.000016s ]
INFO: [ app_init ] --END-- [ RunTime:0.000587s ]

[ 2019-03-08T16:51:46+08:00 ] ::1 /api/index.php/cgoods/catelog_id/4.html
INFO: [ app_init ] --START--
INFO: Run Behavior\BuildLiteBehavior [ RunTime:0.000014s ]
INFO: [ app_init ] --END-- [ RunTime:0.001004s ]

[ 2019-03-08T16:51:51+08:00 ] ::1 /api/index.php/cgoods/catelog_id/7.html
INFO: [ app_init ] --START--
INFO: Run Behavior\BuildLiteBehavior [ RunTime:0.000010s ]
INFO: [ app_init ] --END-- [ RunTime:0.000472s ]

[ 2019-03-08T16:52:09+08:00 ] ::1 /api/index.php/cgoods/catelog_id/7.html
INFO: [ app_init ] --START--
INFO: Run Behavior\BuildLiteBehavior [ RunTime:0.000012s ]
INFO: [ app_init ] --END-- [ RunTime:0.000618s ]

[ 2019-03-08T16:52:14+08:00 ] ::1 /api/index.php/commodity.html
INFO: [ app_init ] --START--
INFO: Run Behavior\BuildLiteBehavior [ RunTime:0.000023s ]
INFO: [ app_init ] --END-- [ RunTime:0.002248s ]

[ 2019-03-08T16:52:18+08:00 ] ::1 /api/index.php/Good/getall/p/2.html
INFO: [ app_init ] --START--
INFO: Run Behavior\BuildLiteBehavior [ RunTime:0.000026s ]
INFO: [ app_init ] --END-- [ RunTime:0.001411s ]

[ 2019-03-08T16:52:21+08:00 ] ::1 /api/index.php/Good/getall/p/2.html
INFO: [ app_init ] --START--
INFO: Run Behavior\BuildLiteBehavior [ RunTime:0.000015s ]
INFO: [ app_init ] --END-- [ RunTime:0.000720s ]

[ 2019-03-08T16:52:22+08:00 ] ::1 /api/index.php/Index/index.html
INFO: [ app_init ] --START--
INFO: Run Behavior\BuildLiteBehavior [ RunTime:0.000018s ]
INFO: [ app_init ] --END-- [ RunTime:0.000789s ]

[ 2019-03-08T16:54:35+08:00 ] ::1 /api/index.php/details/goods_id/16.html
INFO: [ app_init ] --START--
INFO: Run Behavior\BuildLiteBehavior [ RunTime:0.000012s ]
INFO: [ app_init ] --END-- [ RunTime:0.000972s ]

[ 2019-03-08T16:55:15+08:00 ] ::1 /api/index.php/Index/index.html
INFO: [ app_init ] --START--
INFO: Run Behavior\BuildLiteBehavior [ RunTime:0.000016s ]
INFO: [ app_init ] --END-- [ RunTime:0.000567s ]

[ 2019-03-08T16:55:25+08:00 ] ::1 /api/index.php/Index/index.html
INFO: [ app_init ] --START--
INFO: Run Behavior\BuildLiteBehavior [ RunTime:0.000013s ]
INFO: [ app_init ] --END-- [ RunTime:0.000661s ]

[ 2019-03-08T16:55:33+08:00 ] ::1 /api/index.php/buytoday.html
INFO: [ app_init ] --START--
INFO: Run Behavior\BuildLiteBehavior [ RunTime:0.000045s ]
INFO: [ app_init ] --END-- [ RunTime:0.001483s ]

[ 2019-03-08T16:55:34+08:00 ] ::1 /api/index.php/buytoday.html
INFO: [ app_init ] --START--
INFO: Run Behavior\BuildLiteBehavior [ RunTime:0.000009s ]
INFO: [ app_init ] --END-- [ RunTime:0.000659s ]

[ 2019-03-08T16:55:35+08:00 ] ::1 /api/index.php/commodity.html
INFO: [ app_init ] --START--
INFO: Run Behavior\BuildLiteBehavior [ RunTime:0.000007s ]
INFO: [ app_init ] --END-- [ RunTime:0.000348s ]

[ 2019-03-08T16:55:47+08:00 ] ::1 /api/index.php/buytoday.html
INFO: [ app_init ] --START--
INFO: Run Behavior\BuildLiteBehavior [ RunTime:0.000014s ]
INFO: [ app_init ] --END-- [ RunTime:0.000737s ]

[ 2019-03-08T16:55:57+08:00 ] ::1 /api/index.php/commodity.html
INFO: [ app_init ] --START--
INFO: Run Behavior\BuildLiteBehavior [ RunTime:0.000007s ]
INFO: [ app_init ] --END-- [ RunTime:0.000300s ]

[ 2019-03-08T16:56:00+08:00 ] ::1 /api/index.php/Index/index.html
INFO: [ app_init ] --START--
INFO: Run Behavior\BuildLiteBehavior [ RunTime:0.000007s ]
INFO: [ app_init ] --END-- [ RunTime:0.000373s ]

[ 2019-03-08T16:56:59+08:00 ] ::1 /api/index.php/commodity.html
INFO: [ app_init ] --START--
INFO: Run Behavior\BuildLiteBehavior [ RunTime:0.000015s ]
INFO: [ app_init ] --END-- [ RunTime:0.000846s ]
ERR: syntax error, unexpected '}'

[ 2019-03-08T17:00:52+08:00 ] ::1 /api/index.php/buytoday.html
INFO: [ app_init ] --START--
INFO: Run Behavior\BuildLiteBehavior [ RunTime:0.000076s ]
INFO: [ app_init ] --END-- [ RunTime:0.002265s ]

[ 2019-03-08T17:05:58+08:00 ] ::1 /api/index.php/buytoday.html
INFO: [ app_init ] --START--
INFO: Run Behavior\BuildLiteBehavior [ RunTime:0.000009s ]
INFO: [ app_init ] --END-- [ RunTime:0.000512s ]

[ 2019-03-08T17:06:40+08:00 ] ::1 /api/index.php/buytoday.html
INFO: [ app_init ] --START--
INFO: Run Behavior\BuildLiteBehavior [ RunTime:0.000010s ]
INFO: [ app_init ] --END-- [ RunTime:0.000731s ]

[ 2019-03-08T17:07:36+08:00 ] ::1 /api/index.php/buytoday.html
INFO: [ app_init ] --START--
INFO: Run Behavior\BuildLiteBehavior [ RunTime:0.000024s ]
INFO: [ app_init ] --END-- [ RunTime:0.001371s ]

[ 2019-03-08T17:08:01+08:00 ] ::1 /api/index.php/buytoday.html
INFO: [ app_init ] --START--
INFO: Run Behavior\BuildLiteBehavior [ RunTime:0.000017s ]
INFO: [ app_init ] --END-- [ RunTime:0.001097s ]

[ 2019-03-08T17:08:14+08:00 ] ::1 /api/index.php/buytoday.html
INFO: [ app_init ] --START--
INFO: Run Behavior\BuildLiteBehavior [ RunTime:0.000010s ]
INFO: [ app_init ] --END-- [ RunTime:0.000537s ]

[ 2019-03-08T17:08:18+08:00 ] ::1 /api/index.php/details/goods_id/6.html
INFO: [ app_init ] --START--
INFO: Run Behavior\BuildLiteBehavior [ RunTime:0.000009s ]
INFO: [ app_init ] --END-- [ RunTime:0.000414s ]

[ 2019-03-08T17:08:32+08:00 ] ::1 /api/index.php/buytoday.html
INFO: [ app_init ] --START--
INFO: Run Behavior\BuildLiteBehavior [ RunTime:0.000009s ]
INFO: [ app_init ] --END-- [ RunTime:0.000318s ]

[ 2019-03-08T17:08:36+08:00 ] ::1 /api/index.php/information.html
INFO: [ app_init ] --START--
INFO: Run Behavior\BuildLiteBehavior [ RunTime:0.000014s ]
INFO: [ app_init ] --END-- [ RunTime:0.000571s ]

[ 2019-03-08T17:08:36+08:00 ] ::1 /api/index.php/buytoday.html
INFO: [ app_init ] --START--
INFO: Run Behavior\BuildLiteBehavior [ RunTime:0.000012s ]
INFO: [ app_init ] --END-- [ RunTime:0.000543s ]

[ 2019-03-08T17:08:38+08:00 ] ::1 /api/index.php/commodity.html
INFO: [ app_init ] --START--
INFO: Run Behavior\BuildLiteBehavior [ RunTime:0.000013s ]
INFO: [ app_init ] --END-- [ RunTime:0.000566s ]

[ 2019-03-08T17:08:42+08:00 ] ::1 /api/index.php/Index/index.html
INFO: [ app_init ] --START--
INFO: Run Behavior\BuildLiteBehavior [ RunTime:0.000007s ]
INFO: [ app_init ] --END-- [ RunTime:0.000424s ]

[ 2019-03-08T17:09:36+08:00 ] ::1 /api/index.php/details/goods_id/2.html
INFO: [ app_init ] --START--
INFO: Run Behavior\BuildLiteBehavior [ RunTime:0.000016s ]
INFO: [ app_init ] --END-- [ RunTime:0.000634s ]

[ 2019-03-08T17:16:19+08:00 ] ::1 /api/index.php/buytoday.html
INFO: [ app_init ] --START--
INFO: Run Behavior\BuildLiteBehavior [ RunTime:0.000016s ]
INFO: [ app_init ] --END-- [ RunTime:0.001313s ]

[ 2019-03-08T17:42:33+08:00 ] ::1 /api/index.php/buytoday.html
INFO: [ app_init ] --START--
INFO: Run Behavior\BuildLiteBehavior [ RunTime:0.000012s ]
INFO: [ app_init ] --END-- [ RunTime:0.002808s ]

[ 2019-03-08T17:49:11+08:00 ] ::1 /api/index.php/commodity.html
INFO: [ app_init ] --START--
INFO: Run Behavior\BuildLiteBehavior [ RunTime:0.000016s ]
INFO: [ app_init ] --END-- [ RunTime:0.001195s ]

[ 2019-03-08T17:49:15+08:00 ] ::1 /api/index.php/Index/index.html
INFO: [ app_init ] --START--
INFO: Run Behavior\BuildLiteBehavior [ RunTime:0.000036s ]
INFO: [ app_init ] --END-- [ RunTime:0.001994s ]

[ 2019-03-08T17:50:02+08:00 ] ::1 /api/index.php/cgoods/catelog_id/4.html
INFO: [ app_init ] --START--
INFO: Run Behavior\BuildLiteBehavior [ RunTime:0.000016s ]
INFO: [ app_init ] --END-- [ RunTime:0.001054s ]

[ 2019-03-08T17:50:07+08:00 ] ::1 /api/index.php/cgoods/catelog_id/6.html
INFO: [ app_init ] --START--
INFO: Run Behavior\BuildLiteBehavior [ RunTime:0.000015s ]
INFO: [ app_init ] --END-- [ RunTime:0.000775s ]

[ 2019-03-08T17:50:12+08:00 ] ::1 /api/index.php/cgoods/catelog_id/9.html
INFO: [ app_init ] --START--
INFO: Run Behavior\BuildLiteBehavior [ RunTime:0.000014s ]
INFO: [ app_init ] --END-- [ RunTime:0.000538s ]

[ 2019-03-08T17:50:14+08:00 ] ::1 /api/index.php/cgoods/catelog_id/7.html
INFO: [ app_init ] --START--
INFO: Run Behavior\BuildLiteBehavior [ RunTime:0.000010s ]
INFO: [ app_init ] --END-- [ RunTime:0.000477s ]

[ 2019-03-08T17:50:19+08:00 ] ::1 /api/index.php/details/goods_id/14.html
INFO: [ app_init ] --START--
INFO: Run Behavior\BuildLiteBehavior [ RunTime:0.000007s ]
INFO: [ app_init ] --END-- [ RunTime:0.000310s ]

