[ 2019-03-06T12:16:15+08:00 ] 127.0.0.1 /api/index.php
INFO: [ app_init ] --START--
INFO: Run Behavior\BuildLiteBehavior [ RunTime:0.000015s ]
INFO: [ app_init ] --END-- [ RunTime:0.000666s ]

[ 2019-03-06T12:16:57+08:00 ] 127.0.0.1 /api/commodity.html
INFO: [ app_init ] --START--
INFO: Run Behavior\BuildLiteBehavior [ RunTime:0.000012s ]
INFO: [ app_init ] --END-- [ RunTime:0.000534s ]
ERR: 无法加载控制器:Commodity

[ 2019-03-06T12:17:03+08:00 ] 127.0.0.1 /api/login.html
INFO: [ app_init ] --START--
INFO: Run Behavior\BuildLiteBehavior [ RunTime:0.000008s ]
INFO: [ app_init ] --END-- [ RunTime:0.000397s ]
ERR: 无法加载控制器:Login

[ 2019-03-06T12:26:05+08:00 ] 127.0.0.1 /api/index.php
INFO: [ app_init ] --START--
INFO: Run Behavior\BuildLiteBehavior [ RunTime:0.000017s ]
INFO: [ app_init ] --END-- [ RunTime:0.000809s ]

[ 2019-03-06T12:26:20+08:00 ] 127.0.0.1 /api/index.php
INFO: [ app_init ] --START--
INFO: Run Behavior\BuildLiteBehavior [ RunTime:0.000015s ]
INFO: [ app_init ] --END-- [ RunTime:0.000672s ]

[ 2019-03-06T12:26:49+08:00 ] 127.0.0.1 /api/index.php
INFO: [ app_init ] --START--
INFO: Run Behavior\BuildLiteBehavior [ RunTime:0.000014s ]
INFO: [ app_init ] --END-- [ RunTime:0.001173s ]

[ 2019-03-06T12:26:57+08:00 ] 127.0.0.1 /api/index.php
INFO: [ app_init ] --START--
INFO: Run Behavior\BuildLiteBehavior [ RunTime:0.000016s ]
INFO: [ app_init ] --END-- [ RunTime:0.000874s ]

[ 2019-03-06T14:05:21+08:00 ] 127.0.0.1 /api/index.php
INFO: [ app_init ] --START--
INFO: Run Behavior\BuildLiteBehavior [ RunTime:0.000015s ]
INFO: [ app_init ] --END-- [ RunTime:0.001251s ]

[ 2019-03-06T14:05:30+08:00 ] 127.0.0.1 /api/index.php
INFO: [ app_init ] --START--
INFO: Run Behavior\BuildLiteBehavior [ RunTime:0.000020s ]
INFO: [ app_init ] --END-- [ RunTime:0.000952s ]

[ 2019-03-06T14:05:33+08:00 ] 127.0.0.1 /api/index.php
INFO: [ app_init ] --START--
INFO: Run Behavior\BuildLiteBehavior [ RunTime:0.000026s ]
INFO: [ app_init ] --END-- [ RunTime:0.000544s ]

[ 2019-03-06T14:05:34+08:00 ] 127.0.0.1 /api/login.html
INFO: [ app_init ] --START--
INFO: Run Behavior\BuildLiteBehavior [ RunTime:0.000012s ]
INFO: [ app_init ] --END-- [ RunTime:0.000478s ]
ERR: 无法加载控制器:Login

[ 2019-03-06T14:07:24+08:00 ] 127.0.0.1 /api/index.php
INFO: [ app_init ] --START--
INFO: Run Behavior\BuildLiteBehavior [ RunTime:0.000014s ]
INFO: [ app_init ] --END-- [ RunTime:0.001029s ]

[ 2019-03-06T14:07:44+08:00 ] 127.0.0.1 /api/index.php
INFO: [ app_init ] --START--
INFO: Run Behavior\BuildLiteBehavior [ RunTime:0.000009s ]
INFO: [ app_init ] --END-- [ RunTime:0.000479s ]

[ 2019-03-06T14:28:55+08:00 ] 127.0.0.1 /api/index.php
INFO: [ app_init ] --START--
INFO: Run Behavior\BuildLiteBehavior [ RunTime:0.000011s ]
INFO: [ app_init ] --END-- [ RunTime:0.000735s ]

[ 2019-03-06T14:28:57+08:00 ] 127.0.0.1 /api/index.php
INFO: [ app_init ] --START--
INFO: Run Behavior\BuildLiteBehavior [ RunTime:0.000011s ]
INFO: [ app_init ] --END-- [ RunTime:0.000447s ]

[ 2019-03-06T14:29:00+08:00 ] 127.0.0.1 /api/index.php
INFO: [ app_init ] --START--
INFO: Run Behavior\BuildLiteBehavior [ RunTime:0.000014s ]
INFO: [ app_init ] --END-- [ RunTime:0.000565s ]

[ 2019-03-06T14:41:48+08:00 ] 127.0.0.1 /api/index.php
INFO: [ app_init ] --START--
INFO: Run Behavior\BuildLiteBehavior [ RunTime:0.000508s ]
INFO: [ app_init ] --END-- [ RunTime:0.001795s ]

[ 2019-03-06T14:41:56+08:00 ] 127.0.0.1 /api/index.php
INFO: [ app_init ] --START--
INFO: Run Behavior\BuildLiteBehavior [ RunTime:0.000009s ]
INFO: [ app_init ] --END-- [ RunTime:0.000694s ]

[ 2019-03-06T14:42:06+08:00 ] 127.0.0.1 /api/index.php
INFO: [ app_init ] --START--
INFO: Run Behavior\BuildLiteBehavior [ RunTime:0.000014s ]
INFO: [ app_init ] --END-- [ RunTime:0.001020s ]

[ 2019-03-06T14:42:06+08:00 ] 127.0.0.1 /api/Public/res/static/img/3.jpg
INFO: [ app_init ] --START--
INFO: Run Behavior\BuildLiteBehavior [ RunTime:0.000014s ]
INFO: [ app_init ] --END-- [ RunTime:0.000539s ]

[ 2019-03-06T14:42:15+08:00 ] 127.0.0.1 /api/index.php
INFO: [ app_init ] --START--
INFO: Run Behavior\BuildLiteBehavior [ RunTime:0.000020s ]
INFO: [ app_init ] --END-- [ RunTime:0.000849s ]

[ 2019-03-06T14:43:27+08:00 ] 127.0.0.1 /api/buytoday.html
INFO: [ app_init ] --START--
INFO: Run Behavior\BuildLiteBehavior [ RunTime:0.000014s ]
INFO: [ app_init ] --END-- [ RunTime:0.000614s ]
ERR: 无法加载控制器:Buytoday

[ 2019-03-06T14:47:10+08:00 ] 127.0.0.1 /api/index.php
INFO: [ app_init ] --START--
INFO: Run Behavior\BuildLiteBehavior [ RunTime:0.000010s ]
INFO: [ app_init ] --END-- [ RunTime:0.000553s ]

[ 2019-03-06T14:53:09+08:00 ] 127.0.0.1 /api/index.php
INFO: [ app_init ] --START--
INFO: Run Behavior\BuildLiteBehavior [ RunTime:0.000010s ]
INFO: [ app_init ] --END-- [ RunTime:0.000685s ]

[ 2019-03-06T14:53:09+08:00 ] 127.0.0.1 /api/Public/res/static/img/6.png
INFO: [ app_init ] --START--
INFO: Run Behavior\BuildLiteBehavior [ RunTime:0.000016s ]
INFO: [ app_init ] --END-- [ RunTime:0.000651s ]

[ 2019-03-06T14:53:19+08:00 ] 127.0.0.1 /api/index.php
INFO: [ app_init ] --START--
INFO: Run Behavior\BuildLiteBehavior [ RunTime:0.000018s ]
INFO: [ app_init ] --END-- [ RunTime:0.000883s ]

[ 2019-03-06T14:53:31+08:00 ] 127.0.0.1 /api/index.php
INFO: [ app_init ] --START--
INFO: Run Behavior\BuildLiteBehavior [ RunTime:0.000041s ]
INFO: [ app_init ] --END-- [ RunTime:0.001163s ]

[ 2019-03-06T14:53:42+08:00 ] 127.0.0.1 /api/index.php
INFO: [ app_init ] --START--
INFO: Run Behavior\BuildLiteBehavior [ RunTime:0.000017s ]
INFO: [ app_init ] --END-- [ RunTime:0.000805s ]

[ 2019-03-06T14:55:35+08:00 ] 127.0.0.1 /api/index.php
INFO: [ app_init ] --START--
INFO: Run Behavior\BuildLiteBehavior [ RunTime:0.000017s ]
INFO: [ app_init ] --END-- [ RunTime:0.001139s ]

[ 2019-03-06T20:29:40+08:00 ] 127.0.0.1 /api/index.php
INFO: [ app_init ] --START--
INFO: Run Behavior\BuildLiteBehavior [ RunTime:0.000030s ]
INFO: [ app_init ] --END-- [ RunTime:0.001556s ]

[ 2019-03-06T20:30:51+08:00 ] 127.0.0.1 /api/index.php
INFO: [ app_init ] --START--
INFO: Run Behavior\BuildLiteBehavior [ RunTime:0.000016s ]
INFO: [ app_init ] --END-- [ RunTime:0.004056s ]

[ 2019-03-06T20:31:12+08:00 ] 127.0.0.1 /api/index.php
INFO: [ app_init ] --START--
INFO: Run Behavior\BuildLiteBehavior [ RunTime:0.000044s ]
INFO: [ app_init ] --END-- [ RunTime:0.001155s ]

[ 2019-03-06T21:20:15+08:00 ] 127.0.0.1 /api/index.php
INFO: [ app_init ] --START--
INFO: Run Behavior\BuildLiteBehavior [ RunTime:0.000021s ]
INFO: [ app_init ] --END-- [ RunTime:0.001982s ]

[ 2019-03-06T22:17:26+08:00 ] 127.0.0.1 /api/index.php
INFO: [ app_init ] --START--
INFO: Run Behavior\BuildLiteBehavior [ RunTime:0.000019s ]
INFO: [ app_init ] --END-- [ RunTime:0.001605s ]

[ 2019-03-06T22:18:36+08:00 ] 127.0.0.1 /api/index.php
INFO: [ app_init ] --START--
INFO: Run Behavior\BuildLiteBehavior [ RunTime:0.000016s ]
INFO: [ app_init ] --END-- [ RunTime:0.000881s ]

[ 2019-03-06T22:22:37+08:00 ] 127.0.0.1 /api/index.php
INFO: [ app_init ] --START--
INFO: Run Behavior\BuildLiteBehavior [ RunTime:0.000017s ]
INFO: [ app_init ] --END-- [ RunTime:0.000711s ]

[ 2019-03-06T22:40:46+08:00 ] 127.0.0.1 /api/Public/res/static/img/logo2.jpg
INFO: [ app_init ] --START--
INFO: Run Behavior\BuildLiteBehavior [ RunTime:0.000030s ]
INFO: [ app_init ] --END-- [ RunTime:0.001337s ]

[ 2019-03-06T22:42:33+08:00 ] 127.0.0.1 /api/index.php
INFO: [ app_init ] --START--
INFO: Run Behavior\BuildLiteBehavior [ RunTime:0.000019s ]
INFO: [ app_init ] --END-- [ RunTime:0.001261s ]

[ 2019-03-06T22:54:04+08:00 ] 127.0.0.1 /api/index.php
INFO: [ app_init ] --START--
INFO: Run Behavior\BuildLiteBehavior [ RunTime:0.000021s ]
INFO: [ app_init ] --END-- [ RunTime:0.000976s ]

[ 2019-03-06T23:14:15+08:00 ] 127.0.0.1 /api/index.php
INFO: [ app_init ] --START--
INFO: Run Behavior\BuildLiteBehavior [ RunTime:0.000027s ]
INFO: [ app_init ] --END-- [ RunTime:0.009898s ]

[ 2019-03-06T23:14:17+08:00 ] 127.0.0.1 /api/index.php/test
INFO: [ app_init ] --START--
INFO: Run Behavior\BuildLiteBehavior [ RunTime:0.000009s ]
INFO: [ app_init ] --END-- [ RunTime:0.000350s ]

[ 2019-03-06T23:14:22+08:00 ] 127.0.0.1 /api/index.php/test1
INFO: [ app_init ] --START--
INFO: Run Behavior\BuildLiteBehavior [ RunTime:0.000036s ]
INFO: [ app_init ] --END-- [ RunTime:0.001233s ]
ERR: Too few arguments to function Think\Controller::show(), 0 passed in D:\xampp\htdocs\api\Application\Home\Controller\IndexController.class.php on line 9 and at least 1 expected

[ 2019-03-06T23:14:56+08:00 ] 127.0.0.1 /api/index.php/test1
INFO: [ app_init ] --START--
INFO: Run Behavior\BuildLiteBehavior [ RunTime:0.000014s ]
INFO: [ app_init ] --END-- [ RunTime:0.000590s ]

[ 2019-03-06T23:15:13+08:00 ] 127.0.0.1 /api/index.php/shopcart.html
INFO: [ app_init ] --START--
INFO: Run Behavior\BuildLiteBehavior [ RunTime:0.000008s ]
INFO: [ app_init ] --END-- [ RunTime:0.000391s ]
ERR: 无法加载控制器:Shopcart

[ 2019-03-06T23:19:56+08:00 ] 127.0.0.1 /api/index.php/index
INFO: [ app_init ] --START--
INFO: Run Behavior\BuildLiteBehavior [ RunTime:0.000017s ]
INFO: [ app_init ] --END-- [ RunTime:0.000824s ]

[ 2019-03-06T23:20:03+08:00 ] 127.0.0.1 /api/index.php/shopcart
INFO: [ app_init ] --START--
INFO: Run Behavior\BuildLiteBehavior [ RunTime:0.000013s ]
INFO: [ app_init ] --END-- [ RunTime:0.000466s ]

[ 2019-03-06T23:20:25+08:00 ] 127.0.0.1 /api/index.php/commity
INFO: [ app_init ] --START--
INFO: Run Behavior\BuildLiteBehavior [ RunTime:0.000011s ]
INFO: [ app_init ] --END-- [ RunTime:0.000575s ]
ERR: 无法加载控制器:Commity

[ 2019-03-06T23:20:33+08:00 ] 127.0.0.1 /api/index.php/comodity
INFO: [ app_init ] --START--
INFO: Run Behavior\BuildLiteBehavior [ RunTime:0.000009s ]
INFO: [ app_init ] --END-- [ RunTime:0.000386s ]
ERR: 无法加载控制器:Comodity

[ 2019-03-06T23:20:55+08:00 ] 127.0.0.1 /api/index.php/comodity
INFO: [ app_init ] --START--
INFO: Run Behavior\BuildLiteBehavior [ RunTime:0.000021s ]
INFO: [ app_init ] --END-- [ RunTime:0.000993s ]
ERR: 模板不存在:./Application/Home/View/Index/comodity.html

[ 2019-03-06T23:21:17+08:00 ] 127.0.0.1 /api/index.php/commodity
INFO: [ app_init ] --START--
INFO: Run Behavior\BuildLiteBehavior [ RunTime:0.000017s ]
INFO: [ app_init ] --END-- [ RunTime:0.000676s ]

[ 2019-03-06T23:21:31+08:00 ] 127.0.0.1 /api/index.php/buytoday
INFO: [ app_init ] --START--
INFO: Run Behavior\BuildLiteBehavior [ RunTime:0.000015s ]
INFO: [ app_init ] --END-- [ RunTime:0.000732s ]

[ 2019-03-06T23:22:00+08:00 ] 127.0.0.1 /api/index.php/buytoday
INFO: [ app_init ] --START--
INFO: Run Behavior\BuildLiteBehavior [ RunTime:0.000013s ]
INFO: [ app_init ] --END-- [ RunTime:0.000626s ]

[ 2019-03-06T23:22:04+08:00 ] 127.0.0.1 /api/index.php/index
INFO: [ app_init ] --START--
INFO: Run Behavior\BuildLiteBehavior [ RunTime:0.000079s ]
INFO: [ app_init ] --END-- [ RunTime:0.002021s ]

[ 2019-03-06T23:23:03+08:00 ] 127.0.0.1 /api/index.php/index
INFO: [ app_init ] --START--
INFO: Run Behavior\BuildLiteBehavior [ RunTime:0.000028s ]
INFO: [ app_init ] --END-- [ RunTime:0.002511s ]

[ 2019-03-06T23:23:05+08:00 ] 127.0.0.1 /api/index.php/Index/commodity.html
INFO: [ app_init ] --START--
INFO: Run Behavior\BuildLiteBehavior [ RunTime:0.000015s ]
INFO: [ app_init ] --END-- [ RunTime:0.000931s ]

[ 2019-03-06T23:23:16+08:00 ] 127.0.0.1 /api/index.php/Index/commodity.html
INFO: [ app_init ] --START--
INFO: Run Behavior\BuildLiteBehavior [ RunTime:0.000009s ]
INFO: [ app_init ] --END-- [ RunTime:0.000376s ]

[ 2019-03-06T23:23:17+08:00 ] 127.0.0.1 /api/index.php/commodity.html
INFO: [ app_init ] --START--
INFO: Run Behavior\BuildLiteBehavior [ RunTime:0.000019s ]
INFO: [ app_init ] --END-- [ RunTime:0.002630s ]

[ 2019-03-06T23:29:00+08:00 ] 127.0.0.1 /api/index.php/commodity.html
INFO: [ app_init ] --START--
INFO: Run Behavior\BuildLiteBehavior [ RunTime:0.000094s ]
INFO: [ app_init ] --END-- [ RunTime:0.002299s ]

[ 2019-03-06T23:29:02+08:00 ] 127.0.0.1 /api/index.php/buytoday.html
INFO: [ app_init ] --START--
INFO: Run Behavior\BuildLiteBehavior [ RunTime:0.000009s ]
INFO: [ app_init ] --END-- [ RunTime:0.000341s ]

[ 2019-03-06T23:29:04+08:00 ] 127.0.0.1 /api/index.php/information.html
INFO: [ app_init ] --START--
INFO: Run Behavior\BuildLiteBehavior [ RunTime:0.000047s ]
INFO: [ app_init ] --END-- [ RunTime:0.001311s ]

[ 2019-03-06T23:29:05+08:00 ] 127.0.0.1 /api/index.php/about.html%22
INFO: [ app_init ] --START--
INFO: Run Behavior\BuildLiteBehavior [ RunTime:0.000057s ]
INFO: [ app_init ] --END-- [ RunTime:0.001683s ]

[ 2019-03-06T23:29:08+08:00 ] 127.0.0.1 /api/index.php/login.html
INFO: [ app_init ] --START--
INFO: Run Behavior\BuildLiteBehavior [ RunTime:0.000013s ]
INFO: [ app_init ] --END-- [ RunTime:0.000495s ]

[ 2019-03-06T23:29:12+08:00 ] 127.0.0.1 /api/index.php/shopcart.html
INFO: [ app_init ] --START--
INFO: Run Behavior\BuildLiteBehavior [ RunTime:0.000091s ]
INFO: [ app_init ] --END-- [ RunTime:0.001444s ]

[ 2019-03-06T23:29:17+08:00 ] 127.0.0.1 /api/index.php/buytoday.html
INFO: [ app_init ] --START--
INFO: Run Behavior\BuildLiteBehavior [ RunTime:0.000009s ]
INFO: [ app_init ] --END-- [ RunTime:0.000382s ]

[ 2019-03-06T23:29:19+08:00 ] 127.0.0.1 /api/index.php/information.html
INFO: [ app_init ] --START--
INFO: Run Behavior\BuildLiteBehavior [ RunTime:0.000023s ]
INFO: [ app_init ] --END-- [ RunTime:0.000859s ]

[ 2019-03-06T23:29:21+08:00 ] 127.0.0.1 /api/index.php/commodity.html
INFO: [ app_init ] --START--
INFO: Run Behavior\BuildLiteBehavior [ RunTime:0.000011s ]
INFO: [ app_init ] --END-- [ RunTime:0.000575s ]

[ 2019-03-06T23:29:22+08:00 ] 127.0.0.1 /api/index.php/buytoday.html
INFO: [ app_init ] --START--
INFO: Run Behavior\BuildLiteBehavior [ RunTime:0.000052s ]
INFO: [ app_init ] --END-- [ RunTime:0.000405s ]

[ 2019-03-06T23:29:23+08:00 ] 127.0.0.1 /api/index.php/commodity.html
INFO: [ app_init ] --START--
INFO: Run Behavior\BuildLiteBehavior [ RunTime:0.000014s ]
INFO: [ app_init ] --END-- [ RunTime:0.000553s ]

[ 2019-03-06T23:29:26+08:00 ] 127.0.0.1 /api/index.php/commodity.html
INFO: [ app_init ] --START--
INFO: Run Behavior\BuildLiteBehavior [ RunTime:0.000008s ]
INFO: [ app_init ] --END-- [ RunTime:0.000310s ]

[ 2019-03-06T23:31:11+08:00 ] 127.0.0.1 /api/index.php/information.html
INFO: [ app_init ] --START--
INFO: Run Behavior\BuildLiteBehavior [ RunTime:0.000170s ]
INFO: [ app_init ] --END-- [ RunTime:0.002554s ]

[ 2019-03-06T23:31:11+08:00 ] 127.0.0.1 /api/index.php/buytoday.html
INFO: [ app_init ] --START--
INFO: Run Behavior\BuildLiteBehavior [ RunTime:0.000017s ]
INFO: [ app_init ] --END-- [ RunTime:0.000893s ]

[ 2019-03-06T23:31:53+08:00 ] 127.0.0.1 /api/index.php/buytoday.html
INFO: [ app_init ] --START--
INFO: Run Behavior\BuildLiteBehavior [ RunTime:0.000009s ]
INFO: [ app_init ] --END-- [ RunTime:0.000375s ]

[ 2019-03-06T23:31:54+08:00 ] 127.0.0.1 /api/index.php/commodity.html
INFO: [ app_init ] --START--
INFO: Run Behavior\BuildLiteBehavior [ RunTime:0.000010s ]
INFO: [ app_init ] --END-- [ RunTime:0.000403s ]

[ 2019-03-06T23:32:02+08:00 ] 127.0.0.1 /api/index.php/buytoday.html
INFO: [ app_init ] --START--
INFO: Run Behavior\BuildLiteBehavior [ RunTime:0.000027s ]
INFO: [ app_init ] --END-- [ RunTime:0.000587s ]

[ 2019-03-06T23:32:08+08:00 ] 127.0.0.1 /api/index.php/index
INFO: [ app_init ] --START--
INFO: Run Behavior\BuildLiteBehavior [ RunTime:0.000020s ]
INFO: [ app_init ] --END-- [ RunTime:0.000925s ]

[ 2019-03-06T23:32:14+08:00 ] 127.0.0.1 /api/index.php/buytoday.html
INFO: [ app_init ] --START--
INFO: Run Behavior\BuildLiteBehavior [ RunTime:0.000037s ]
INFO: [ app_init ] --END-- [ RunTime:0.004427s ]

[ 2019-03-06T23:32:16+08:00 ] 127.0.0.1 /api/index.php/commodity.html
INFO: [ app_init ] --START--
INFO: Run Behavior\BuildLiteBehavior [ RunTime:0.000010s ]
INFO: [ app_init ] --END-- [ RunTime:0.000371s ]

[ 2019-03-06T23:40:28+08:00 ] 127.0.0.1 /api/index.php/commodity.html
INFO: [ app_init ] --START--
INFO: Run Behavior\BuildLiteBehavior [ RunTime:0.000021s ]
INFO: [ app_init ] --END-- [ RunTime:0.001534s ]

