[ 2019-03-14T13:55:32+08:00 ] 127.0.0.1 /api/index.php/addcart
INFO: [ app_init ] --START--
INFO: Run Behavior\BuildLiteBehavior [ RunTime:0.000007s ]
INFO: [ app_init ] --END-- [ RunTime:0.000344s ]
INFO: [ app_begin ] --START--
INFO: Run Behavior\ReadHtmlCacheBehavior [ RunTime:0.000645s ]
INFO: [ app_begin ] --END-- [ RunTime:0.000673s ]
NOTIC: [8] session_start(): A session had already been started - ignoring D:\xampp\htdocs\api\Application\Home\Controller\CarController.class.php 第 18 行.
SQL: SHOW COLUMNS FROM `t_goods` [ RunTime:0.0048s ]
SQL: SELECT * FROM `t_goods` WHERE `goods_id` = 20 LIMIT 1   [ RunTime:0.0024s ]
NOTIC: [8] Array to string conversion D:\xampp\htdocs\api\Application\Home\Controller\CarController.class.php 第 33 行.

[ 2019-03-14T13:56:22+08:00 ] 127.0.0.1 /api/index.php/addcart
INFO: [ app_init ] --START--
INFO: Run Behavior\BuildLiteBehavior [ RunTime:0.000018s ]
INFO: [ app_init ] --END-- [ RunTime:0.000591s ]
INFO: [ app_begin ] --START--
INFO: Run Behavior\ReadHtmlCacheBehavior [ RunTime:0.000790s ]
INFO: [ app_begin ] --END-- [ RunTime:0.000843s ]
NOTIC: [8] session_start(): A session had already been started - ignoring D:\xampp\htdocs\api\Application\Home\Controller\CarController.class.php 第 18 行.
SQL: SHOW COLUMNS FROM `t_goods` [ RunTime:0.0052s ]
SQL: SELECT * FROM `t_goods` WHERE `goods_id` = 16 LIMIT 1   [ RunTime:0.0023s ]
NOTIC: [8] Array to string conversion D:\xampp\htdocs\api\Application\Home\Controller\CarController.class.php 第 49 行.

[ 2019-03-14T13:58:15+08:00 ] 127.0.0.1 /api/index.php/clear
INFO: [ app_init ] --START--
INFO: Run Behavior\BuildLiteBehavior [ RunTime:0.000017s ]
INFO: [ app_init ] --END-- [ RunTime:0.001140s ]
INFO: [ app_begin ] --START--
INFO: Run Behavior\ReadHtmlCacheBehavior [ RunTime:0.001088s ]
INFO: [ app_begin ] --END-- [ RunTime:0.001135s ]
NOTIC: [8] session_start(): A session had already been started - ignoring D:\xampp\htdocs\api\Application\Home\Controller\CarController.class.php 第 135 行.

[ 2019-03-14T13:58:32+08:00 ] 127.0.0.1 /api/index.php/clear
INFO: [ app_init ] --START--
INFO: Run Behavior\BuildLiteBehavior [ RunTime:0.000008s ]
INFO: [ app_init ] --END-- [ RunTime:0.000424s ]
INFO: [ app_begin ] --START--
INFO: Run Behavior\ReadHtmlCacheBehavior [ RunTime:0.000676s ]
INFO: [ app_begin ] --END-- [ RunTime:0.000716s ]
NOTIC: [8] session_start(): A session had already been started - ignoring D:\xampp\htdocs\api\Application\Home\Controller\CarController.class.php 第 135 行.

[ 2019-03-14T14:00:27+08:00 ] 127.0.0.1 /api/index.php/goodsminus.do
INFO: [ app_init ] --START--
INFO: Run Behavior\BuildLiteBehavior [ RunTime:0.000011s ]
INFO: [ app_init ] --END-- [ RunTime:0.000560s ]
INFO: [ app_begin ] --START--
INFO: Run Behavior\ReadHtmlCacheBehavior [ RunTime:0.000974s ]
INFO: [ app_begin ] --END-- [ RunTime:0.001020s ]
NOTIC: [8] session_start(): A session had already been started - ignoring D:\xampp\htdocs\api\Application\Home\Controller\CarController.class.php 第 88 行.

[ 2019-03-14T14:04:00+08:00 ] 127.0.0.1 /api/index.php/goodsplus.do
INFO: [ app_init ] --START--
INFO: Run Behavior\BuildLiteBehavior [ RunTime:0.000011s ]
INFO: [ app_init ] --END-- [ RunTime:0.000971s ]
INFO: [ app_begin ] --START--
INFO: Run Behavior\ReadHtmlCacheBehavior [ RunTime:0.000926s ]
INFO: [ app_begin ] --END-- [ RunTime:0.000955s ]
NOTIC: [8] session_start(): A session had already been started - ignoring D:\xampp\htdocs\api\Application\Home\Controller\CarController.class.php 第 65 行.

[ 2019-03-14T14:04:01+08:00 ] 127.0.0.1 /api/index.php/goodsplus.do
INFO: [ app_init ] --START--
INFO: Run Behavior\BuildLiteBehavior [ RunTime:0.000007s ]
INFO: [ app_init ] --END-- [ RunTime:0.000348s ]
INFO: [ app_begin ] --START--
INFO: Run Behavior\ReadHtmlCacheBehavior [ RunTime:0.000651s ]
INFO: [ app_begin ] --END-- [ RunTime:0.000688s ]
NOTIC: [8] session_start(): A session had already been started - ignoring D:\xampp\htdocs\api\Application\Home\Controller\CarController.class.php 第 65 行.

[ 2019-03-14T14:04:02+08:00 ] 127.0.0.1 /api/index.php/clear
INFO: [ app_init ] --START--
INFO: Run Behavior\BuildLiteBehavior [ RunTime:0.000007s ]
INFO: [ app_init ] --END-- [ RunTime:0.000296s ]
INFO: [ app_begin ] --START--
INFO: Run Behavior\ReadHtmlCacheBehavior [ RunTime:0.000401s ]
INFO: [ app_begin ] --END-- [ RunTime:0.000420s ]
NOTIC: [8] session_start(): A session had already been started - ignoring D:\xampp\htdocs\api\Application\Home\Controller\CarController.class.php 第 135 行.

[ 2019-03-14T19:07:32+08:00 ] 127.0.0.1 /api/amdin.php/banner1/del
INFO: [ app_init ] --START--
INFO: Run Behavior\BuildLiteBehavior [ RunTime:0.000015s ]
INFO: [ app_init ] --END-- [ RunTime:0.000514s ]
INFO: [ app_begin ] --START--
INFO: Run Behavior\ReadHtmlCacheBehavior [ RunTime:0.000649s ]
INFO: [ app_begin ] --END-- [ RunTime:0.000685s ]
ERR: 无法加载控制器:Amdin.php

[ 2019-03-14T19:08:05+08:00 ] 127.0.0.1 /api/amdin.php/banner1/del
INFO: [ app_init ] --START--
INFO: Run Behavior\BuildLiteBehavior [ RunTime:0.000007s ]
INFO: [ app_init ] --END-- [ RunTime:0.000354s ]
INFO: [ app_begin ] --START--
INFO: Run Behavior\ReadHtmlCacheBehavior [ RunTime:0.000512s ]
INFO: [ app_begin ] --END-- [ RunTime:0.000537s ]
ERR: 无法加载控制器:Amdin.php

[ 2019-03-14T19:08:09+08:00 ] 127.0.0.1 /api/amdin.php/banner1/del
INFO: [ app_init ] --START--
INFO: Run Behavior\BuildLiteBehavior [ RunTime:0.000008s ]
INFO: [ app_init ] --END-- [ RunTime:0.000385s ]
INFO: [ app_begin ] --START--
INFO: Run Behavior\ReadHtmlCacheBehavior [ RunTime:0.000708s ]
INFO: [ app_begin ] --END-- [ RunTime:0.000748s ]
ERR: 无法加载控制器:Amdin.php

[ 2019-03-14T19:08:09+08:00 ] 127.0.0.1 /api/amdin.php/banner1/del
INFO: [ app_init ] --START--
INFO: Run Behavior\BuildLiteBehavior [ RunTime:0.000012s ]
INFO: [ app_init ] --END-- [ RunTime:0.000502s ]
INFO: [ app_begin ] --START--
INFO: Run Behavior\ReadHtmlCacheBehavior [ RunTime:0.000761s ]
INFO: [ app_begin ] --END-- [ RunTime:0.000794s ]
ERR: 无法加载控制器:Amdin.php

[ 2019-03-14T19:08:26+08:00 ] 127.0.0.1 /api/amdin.php/banner1/del
INFO: [ app_init ] --START--
INFO: Run Behavior\BuildLiteBehavior [ RunTime:0.000011s ]
INFO: [ app_init ] --END-- [ RunTime:0.000434s ]
INFO: [ app_begin ] --START--
INFO: Run Behavior\ReadHtmlCacheBehavior [ RunTime:0.000464s ]
INFO: [ app_begin ] --END-- [ RunTime:0.000494s ]
ERR: 无法加载控制器:Amdin.php

[ 2019-03-14T21:27:20+08:00 ] 127.0.0.1 /api/Publicres/static/css/main.css
INFO: [ app_init ] --START--
INFO: Run Behavior\BuildLiteBehavior [ RunTime:0.000016s ]
INFO: [ app_init ] --END-- [ RunTime:0.001559s ]
ERR: 无法加载控制器:Publicres

[ 2019-03-14T21:27:20+08:00 ] 127.0.0.1 /api/Publicres/layui/css/layui.css
INFO: [ app_init ] --START--
INFO: Run Behavior\BuildLiteBehavior [ RunTime:0.000015s ]
INFO: [ app_init ] --END-- [ RunTime:0.000649s ]
ERR: 无法加载控制器:Publicres

[ 2019-03-14T21:27:20+08:00 ] 127.0.0.1 /api/Publicres/layui/layui.js
INFO: [ app_init ] --START--
INFO: Run Behavior\BuildLiteBehavior [ RunTime:0.000014s ]
INFO: [ app_init ] --END-- [ RunTime:0.000929s ]
ERR: 无法加载控制器:Publicres

[ 2019-03-14T21:27:20+08:00 ] 127.0.0.1 /api/Publicres/static/img/logo2.jpg
INFO: [ app_init ] --START--
INFO: Run Behavior\BuildLiteBehavior [ RunTime:0.000021s ]
INFO: [ app_init ] --END-- [ RunTime:0.032326s ]

